-- Found ament_cmake: 1.3.14 (/opt/ros/humble/share/ament_cmake/cmake)
-- Override CMake install command with custom implementation using symlinks instead of copying resources
-- Configuring done
-- Generating done
-- Build files have been written to: /home/pretil/catkin_ws/src/limo_ros2/build/limo_bringup
-- Install configuration: ""
-- Execute custom install script
-- Up-to-date symlink: /home/pretil/catkin_ws/src/limo_ros2/install/limo_bringup/share/limo_bringup//launch/limo_start.launch.py
-- Up-to-date symlink: /home/pretil/catkin_ws/src/limo_ros2/install/limo_bringup/share/limo_bringup//launch/limo_start.launch.py
-- Up-to-date symlink: /home/pretil/catkin_ws/src/limo_ros2/install/limo_bringup/share/ament_index/resource_index/package_run_dependencies/limo_bringup
-- Up-to-date symlink: /home/pretil/catkin_ws/src/limo_ros2/install/limo_bringup/share/ament_index/resource_index/parent_prefix_path/limo_bringup
-- Up-to-date symlink: /home/pretil/catkin_ws/src/limo_ros2/install/limo_bringup/share/limo_bringup/environment/ament_prefix_path.sh
-- Up-to-date symlink: /home/pretil/catkin_ws/src/limo_ros2/install/limo_bringup/share/limo_bringup/environment/ament_prefix_path.dsv
-- Up-to-date symlink: /home/pretil/catkin_ws/src/limo_ros2/install/limo_bringup/share/limo_bringup/environment/path.sh
-- Up-to-date symlink: /home/pretil/catkin_ws/src/limo_ros2/install/limo_bringup/share/limo_bringup/environment/path.dsv
-- Up-to-date symlink: /home/pretil/catkin_ws/src/limo_ros2/install/limo_bringup/share/limo_bringup/local_setup.bash
-- Up-to-date symlink: /home/pretil/catkin_ws/src/limo_ros2/install/limo_bringup/share/limo_bringup/local_setup.sh
-- Up-to-date symlink: /home/pretil/catkin_ws/src/limo_ros2/install/limo_bringup/share/limo_bringup/local_setup.zsh
-- Up-to-date symlink: /home/pretil/catkin_ws/src/limo_ros2/install/limo_bringup/share/limo_bringup/local_setup.dsv
-- Symlinking: /home/pretil/catkin_ws/src/limo_ros2/install/limo_bringup/share/limo_bringup/package.dsv
-- Up-to-date symlink: /home/pretil/catkin_ws/src/limo_ros2/install/limo_bringup/share/ament_index/resource_index/packages/limo_bringup
-- Up-to-date symlink: /home/pretil/catkin_ws/src/limo_ros2/install/limo_bringup/share/limo_bringup/cmake/limo_bringupConfig.cmake
-- Up-to-date symlink: /home/pretil/catkin_ws/src/limo_ros2/install/limo_bringup/share/limo_bringup/cmake/limo_bringupConfig-version.cmake
-- Up-to-date symlink: /home/pretil/catkin_ws/src/limo_ros2/install/limo_bringup/share/limo_bringup/package.xml
