[0.010s] Invoking command in '/home/pretil/catkin_ws/src/limo_ros2/build/limo_bringup': CMAKE_PREFIX_PATH=/home/pretil/catkin_ws/src/limo_ros2/install/limo_msgs:/home/pretil/catkin_ws/src/limo_ros2/install/ydlidar_ros2_driver:/home/pretil/catkin_ws/src/limo_ros2/install/limo_navigation:/home/pretil/catkin_ws/src/limo_ros2/install/limo_bringup:/home/pretil/catkin_ws/src/limo_ros2/install/limo_base:/home/pretil/catkin_ws/src/limo_ros2/install/limo_gazebosim:/home/pretil/catkin_ws/src/limo_ros2/install/limo_description:/home/pretil/catkin_ws/src/limo_ros2/install/limo_car:/opt/ros/humble LD_LIBRARY_PATH=/home/pretil/catkin_ws/src/limo_ros2/install/limo_msgs/lib:/usr/lib/x86_64-linux-gnu/gazebo-11/plugins:/opt/ros/humble/opt/rviz_ogre_vendor/lib:/opt/ros/humble/lib/x86_64-linux-gnu:/opt/ros/humble/lib:/usr/lib/x86_64-linux-gnu/gazebo-11/plugins /usr/bin/cmake /home/pretil/catkin_ws/src/limo_ros2/limo_bringup -DCMAKE_INSTALL_PREFIX=/home/pretil/catkin_ws/src/limo_ros2/install/limo_bringup
[0.020s] -- Found ament_cmake: 1.3.14 (/opt/ros/humble/share/ament_cmake/cmake)
[0.137s] -- Override CMake install command with custom implementation using symlinks instead of copying resources
[0.208s] -- Configuring done
[0.211s] -- Generating done
[0.213s] -- Build files have been written to: /home/pretil/catkin_ws/src/limo_ros2/build/limo_bringup
[0.215s] Invoked command in '/home/pretil/catkin_ws/src/limo_ros2/build/limo_bringup' returned '0': CMAKE_PREFIX_PATH=/home/pretil/catkin_ws/src/limo_ros2/install/limo_msgs:/home/pretil/catkin_ws/src/limo_ros2/install/ydlidar_ros2_driver:/home/pretil/catkin_ws/src/limo_ros2/install/limo_navigation:/home/pretil/catkin_ws/src/limo_ros2/install/limo_bringup:/home/pretil/catkin_ws/src/limo_ros2/install/limo_base:/home/pretil/catkin_ws/src/limo_ros2/install/limo_gazebosim:/home/pretil/catkin_ws/src/limo_ros2/install/limo_description:/home/pretil/catkin_ws/src/limo_ros2/install/limo_car:/opt/ros/humble LD_LIBRARY_PATH=/home/pretil/catkin_ws/src/limo_ros2/install/limo_msgs/lib:/usr/lib/x86_64-linux-gnu/gazebo-11/plugins:/opt/ros/humble/opt/rviz_ogre_vendor/lib:/opt/ros/humble/lib/x86_64-linux-gnu:/opt/ros/humble/lib:/usr/lib/x86_64-linux-gnu/gazebo-11/plugins /usr/bin/cmake /home/pretil/catkin_ws/src/limo_ros2/limo_bringup -DCMAKE_INSTALL_PREFIX=/home/pretil/catkin_ws/src/limo_ros2/install/limo_bringup
[0.216s] Invoking command in '/home/pretil/catkin_ws/src/limo_ros2/build/limo_bringup': CMAKE_PREFIX_PATH=/home/pretil/catkin_ws/src/limo_ros2/install/limo_msgs:/home/pretil/catkin_ws/src/limo_ros2/install/ydlidar_ros2_driver:/home/pretil/catkin_ws/src/limo_ros2/install/limo_navigation:/home/pretil/catkin_ws/src/limo_ros2/install/limo_bringup:/home/pretil/catkin_ws/src/limo_ros2/install/limo_base:/home/pretil/catkin_ws/src/limo_ros2/install/limo_gazebosim:/home/pretil/catkin_ws/src/limo_ros2/install/limo_description:/home/pretil/catkin_ws/src/limo_ros2/install/limo_car:/opt/ros/humble LD_LIBRARY_PATH=/home/pretil/catkin_ws/src/limo_ros2/install/limo_msgs/lib:/usr/lib/x86_64-linux-gnu/gazebo-11/plugins:/opt/ros/humble/opt/rviz_ogre_vendor/lib:/opt/ros/humble/lib/x86_64-linux-gnu:/opt/ros/humble/lib:/usr/lib/x86_64-linux-gnu/gazebo-11/plugins /usr/bin/cmake --build /home/pretil/catkin_ws/src/limo_ros2/build/limo_bringup -- -j12 -l12
[0.245s] Invoked command in '/home/pretil/catkin_ws/src/limo_ros2/build/limo_bringup' returned '0': CMAKE_PREFIX_PATH=/home/pretil/catkin_ws/src/limo_ros2/install/limo_msgs:/home/pretil/catkin_ws/src/limo_ros2/install/ydlidar_ros2_driver:/home/pretil/catkin_ws/src/limo_ros2/install/limo_navigation:/home/pretil/catkin_ws/src/limo_ros2/install/limo_bringup:/home/pretil/catkin_ws/src/limo_ros2/install/limo_base:/home/pretil/catkin_ws/src/limo_ros2/install/limo_gazebosim:/home/pretil/catkin_ws/src/limo_ros2/install/limo_description:/home/pretil/catkin_ws/src/limo_ros2/install/limo_car:/opt/ros/humble LD_LIBRARY_PATH=/home/pretil/catkin_ws/src/limo_ros2/install/limo_msgs/lib:/usr/lib/x86_64-linux-gnu/gazebo-11/plugins:/opt/ros/humble/opt/rviz_ogre_vendor/lib:/opt/ros/humble/lib/x86_64-linux-gnu:/opt/ros/humble/lib:/usr/lib/x86_64-linux-gnu/gazebo-11/plugins /usr/bin/cmake --build /home/pretil/catkin_ws/src/limo_ros2/build/limo_bringup -- -j12 -l12
[0.246s] Invoking command in '/home/pretil/catkin_ws/src/limo_ros2/build/limo_bringup': CMAKE_PREFIX_PATH=/home/pretil/catkin_ws/src/limo_ros2/install/limo_msgs:/home/pretil/catkin_ws/src/limo_ros2/install/ydlidar_ros2_driver:/home/pretil/catkin_ws/src/limo_ros2/install/limo_navigation:/home/pretil/catkin_ws/src/limo_ros2/install/limo_bringup:/home/pretil/catkin_ws/src/limo_ros2/install/limo_base:/home/pretil/catkin_ws/src/limo_ros2/install/limo_gazebosim:/home/pretil/catkin_ws/src/limo_ros2/install/limo_description:/home/pretil/catkin_ws/src/limo_ros2/install/limo_car:/opt/ros/humble LD_LIBRARY_PATH=/home/pretil/catkin_ws/src/limo_ros2/install/limo_msgs/lib:/usr/lib/x86_64-linux-gnu/gazebo-11/plugins:/opt/ros/humble/opt/rviz_ogre_vendor/lib:/opt/ros/humble/lib/x86_64-linux-gnu:/opt/ros/humble/lib:/usr/lib/x86_64-linux-gnu/gazebo-11/plugins /usr/bin/cmake --install /home/pretil/catkin_ws/src/limo_ros2/build/limo_bringup
[0.252s] -- Install configuration: ""
[0.252s] -- Execute custom install script
[0.253s] -- Up-to-date symlink: /home/pretil/catkin_ws/src/limo_ros2/install/limo_bringup/share/limo_bringup//launch/limo_start.launch.py
[0.253s] -- Up-to-date symlink: /home/pretil/catkin_ws/src/limo_ros2/install/limo_bringup/share/limo_bringup//launch/limo_start.launch.py
[0.253s] -- Up-to-date symlink: /home/pretil/catkin_ws/src/limo_ros2/install/limo_bringup/share/ament_index/resource_index/package_run_dependencies/limo_bringup
[0.253s] -- Up-to-date symlink: /home/pretil/catkin_ws/src/limo_ros2/install/limo_bringup/share/ament_index/resource_index/parent_prefix_path/limo_bringup
[0.253s] -- Up-to-date symlink: /home/pretil/catkin_ws/src/limo_ros2/install/limo_bringup/share/limo_bringup/environment/ament_prefix_path.sh
[0.254s] -- Up-to-date symlink: /home/pretil/catkin_ws/src/limo_ros2/install/limo_bringup/share/limo_bringup/environment/ament_prefix_path.dsv
[0.254s] -- Up-to-date symlink: /home/pretil/catkin_ws/src/limo_ros2/install/limo_bringup/share/limo_bringup/environment/path.sh
[0.254s] -- Up-to-date symlink: /home/pretil/catkin_ws/src/limo_ros2/install/limo_bringup/share/limo_bringup/environment/path.dsv
[0.254s] -- Up-to-date symlink: /home/pretil/catkin_ws/src/limo_ros2/install/limo_bringup/share/limo_bringup/local_setup.bash
[0.254s] -- Up-to-date symlink: /home/pretil/catkin_ws/src/limo_ros2/install/limo_bringup/share/limo_bringup/local_setup.sh
[0.255s] -- Up-to-date symlink: /home/pretil/catkin_ws/src/limo_ros2/install/limo_bringup/share/limo_bringup/local_setup.zsh
[0.255s] -- Up-to-date symlink: /home/pretil/catkin_ws/src/limo_ros2/install/limo_bringup/share/limo_bringup/local_setup.dsv
[0.255s] -- Symlinking: /home/pretil/catkin_ws/src/limo_ros2/install/limo_bringup/share/limo_bringup/package.dsv
[0.262s] -- Up-to-date symlink: /home/pretil/catkin_ws/src/limo_ros2/install/limo_bringup/share/ament_index/resource_index/packages/limo_bringup
[0.262s] -- Up-to-date symlink: /home/pretil/catkin_ws/src/limo_ros2/install/limo_bringup/share/limo_bringup/cmake/limo_bringupConfig.cmake
[0.262s] -- Up-to-date symlink: /home/pretil/catkin_ws/src/limo_ros2/install/limo_bringup/share/limo_bringup/cmake/limo_bringupConfig-version.cmake
[0.262s] -- Up-to-date symlink: /home/pretil/catkin_ws/src/limo_ros2/install/limo_bringup/share/limo_bringup/package.xml
[0.264s] Invoked command in '/home/pretil/catkin_ws/src/limo_ros2/build/limo_bringup' returned '0': CMAKE_PREFIX_PATH=/home/pretil/catkin_ws/src/limo_ros2/install/limo_msgs:/home/pretil/catkin_ws/src/limo_ros2/install/ydlidar_ros2_driver:/home/pretil/catkin_ws/src/limo_ros2/install/limo_navigation:/home/pretil/catkin_ws/src/limo_ros2/install/limo_bringup:/home/pretil/catkin_ws/src/limo_ros2/install/limo_base:/home/pretil/catkin_ws/src/limo_ros2/install/limo_gazebosim:/home/pretil/catkin_ws/src/limo_ros2/install/limo_description:/home/pretil/catkin_ws/src/limo_ros2/install/limo_car:/opt/ros/humble LD_LIBRARY_PATH=/home/pretil/catkin_ws/src/limo_ros2/install/limo_msgs/lib:/usr/lib/x86_64-linux-gnu/gazebo-11/plugins:/opt/ros/humble/opt/rviz_ogre_vendor/lib:/opt/ros/humble/lib/x86_64-linux-gnu:/opt/ros/humble/lib:/usr/lib/x86_64-linux-gnu/gazebo-11/plugins /usr/bin/cmake --install /home/pretil/catkin_ws/src/limo_ros2/build/limo_bringup
