[0.032s] Invoking command in '/home/pretil/catkin_ws/build/limo_car': CMAKE_PREFIX_PATH=${CMAKE_PREFIX_PATH}:/opt/ros/humble /usr/bin/cmake --build /home/pretil/catkin_ws/build/limo_car -- -j12 -l12
[0.084s] Invoked command in '/home/pretil/catkin_ws/build/limo_car' returned '0': CMAKE_PREFIX_PATH=${CMAKE_PREFIX_PATH}:/opt/ros/humble /usr/bin/cmake --build /home/pretil/catkin_ws/build/limo_car -- -j12 -l12
[0.086s] Invoking command in '/home/pretil/catkin_ws/build/limo_car': CMAKE_PREFIX_PATH=${CMAKE_PREFIX_PATH}:/opt/ros/humble /usr/bin/cmake --install /home/pretil/catkin_ws/build/limo_car
[0.102s] -- Install configuration: ""
[0.102s] -- Up-to-date: /home/pretil/catkin_ws/install/limo_car/share/limo_car/launch
[0.102s] -- Up-to-date: /home/pretil/catkin_ws/install/limo_car/share/limo_car/launch/ackermann.launch.py
[0.102s] -- Up-to-date: /home/pretil/catkin_ws/install/limo_car/share/limo_car/launch/display_ackermann.launch.py
[0.103s] -- Up-to-date: /home/pretil/catkin_ws/install/limo_car/share/limo_car/launch/ackermann_gazebo.launch.py
[0.103s] -- Up-to-date: /home/pretil/catkin_ws/install/limo_car/share/limo_car/gazebo
[0.104s] -- Up-to-date: /home/pretil/catkin_ws/install/limo_car/share/limo_car/gazebo/sensor.xacro
[0.104s] -- Up-to-date: /home/pretil/catkin_ws/install/limo_car/share/limo_car/gazebo/ackermann.xacro
[0.104s] -- Up-to-date: /home/pretil/catkin_ws/install/limo_car/share/limo_car/gazebo/ackermann_with_sensor.xacro
[0.105s] -- Up-to-date: /home/pretil/catkin_ws/install/limo_car/share/limo_car/log
[0.105s] -- Up-to-date: /home/pretil/catkin_ws/install/limo_car/share/limo_car/meshes
[0.105s] -- Up-to-date: /home/pretil/catkin_ws/install/limo_car/share/limo_car/meshes/limo_wheel.dae
[0.105s] -- Up-to-date: /home/pretil/catkin_ws/install/limo_car/share/limo_car/meshes/limo_base.dae
[0.106s] -- Up-to-date: /home/pretil/catkin_ws/install/limo_car/share/limo_car/meshes/limo_base.stl
[0.106s] -- Up-to-date: /home/pretil/catkin_ws/install/limo_car/share/limo_car/meshes/limo_wheel.stl
[0.106s] -- Up-to-date: /home/pretil/catkin_ws/install/limo_car/share/limo_car/rviz
[0.106s] -- Up-to-date: /home/pretil/catkin_ws/install/limo_car/share/limo_car/rviz/gazebo.rviz
[0.107s] -- Up-to-date: /home/pretil/catkin_ws/install/limo_car/share/limo_car/rviz/urdf.rviz
[0.107s] -- Up-to-date: /home/pretil/catkin_ws/install/limo_car/share/limo_car/src
[0.107s] -- Up-to-date: /home/pretil/catkin_ws/install/limo_car/share/limo_car/urdf
[0.107s] -- Up-to-date: /home/pretil/catkin_ws/install/limo_car/share/limo_car/urdf/limo_ackerman_base.xacro
[0.107s] -- Up-to-date: /home/pretil/catkin_ws/install/limo_car/share/limo_car/urdf/limo_steering_hinge.xacro
[0.107s] -- Up-to-date: /home/pretil/catkin_ws/install/limo_car/share/limo_car/urdf/limo_anteil.xacro
[0.107s] -- Up-to-date: /home/pretil/catkin_ws/install/limo_car/share/limo_car/worlds
[0.109s] -- Up-to-date: /home/pretil/catkin_ws/install/limo_car/share/limo_car/worlds/empty_world.world
[0.109s] -- Installing: /home/pretil/catkin_ws/install/limo_car/share/limo_car/worlds/limo_world
[0.110s] -- Up-to-date: /home/pretil/catkin_ws/install/limo_car/share/limo_car/worlds/turtlebot3_world.world
[0.110s] -- Up-to-date: /home/pretil/catkin_ws/install/limo_car/share/ament_index/resource_index/package_run_dependencies/limo_car
[0.110s] -- Up-to-date: /home/pretil/catkin_ws/install/limo_car/share/ament_index/resource_index/parent_prefix_path/limo_car
[0.110s] -- Up-to-date: /home/pretil/catkin_ws/install/limo_car/share/limo_car/environment/ament_prefix_path.sh
[0.110s] -- Up-to-date: /home/pretil/catkin_ws/install/limo_car/share/limo_car/environment/ament_prefix_path.dsv
[0.110s] -- Up-to-date: /home/pretil/catkin_ws/install/limo_car/share/limo_car/environment/path.sh
[0.110s] -- Up-to-date: /home/pretil/catkin_ws/install/limo_car/share/limo_car/environment/path.dsv
[0.110s] -- Up-to-date: /home/pretil/catkin_ws/install/limo_car/share/limo_car/local_setup.bash
[0.110s] -- Up-to-date: /home/pretil/catkin_ws/install/limo_car/share/limo_car/local_setup.sh
[0.111s] -- Up-to-date: /home/pretil/catkin_ws/install/limo_car/share/limo_car/local_setup.zsh
[0.111s] -- Up-to-date: /home/pretil/catkin_ws/install/limo_car/share/limo_car/local_setup.dsv
[0.111s] -- Installing: /home/pretil/catkin_ws/install/limo_car/share/limo_car/package.dsv
[0.111s] -- Up-to-date: /home/pretil/catkin_ws/install/limo_car/share/ament_index/resource_index/packages/limo_car
[0.111s] -- Up-to-date: /home/pretil/catkin_ws/install/limo_car/share/limo_car/cmake/limo_carConfig.cmake
[0.111s] -- Up-to-date: /home/pretil/catkin_ws/install/limo_car/share/limo_car/cmake/limo_carConfig-version.cmake
[0.111s] -- Up-to-date: /home/pretil/catkin_ws/install/limo_car/share/limo_car/package.xml
[0.144s] Invoked command in '/home/pretil/catkin_ws/build/limo_car' returned '0': CMAKE_PREFIX_PATH=${CMAKE_PREFIX_PATH}:/opt/ros/humble /usr/bin/cmake --install /home/pretil/catkin_ws/build/limo_car
