[0.026s] Invoking command in '/home/pretil/catkin_ws/src/limo_ros2/build/limo_gazebosim': CMAKE_PREFIX_PATH=${CMAKE_PREFIX_PATH}:/opt/ros/humble /usr/bin/cmake /home/pretil/catkin_ws/src/limo_ros2/limo_gazebosim -DCMAKE_INSTALL_PREFIX=/home/pretil/catkin_ws/src/limo_ros2/install/limo_gazebosim
[0.038s] -- Found ament_cmake: 1.3.14 (/opt/ros/humble/share/ament_cmake/cmake)
[0.180s] -- Override CMake install command with custom implementation using symlinks instead of copying resources
[0.197s] -- Found ament_lint_auto: 0.12.15 (/opt/ros/humble/share/ament_lint_auto/cmake)
[0.281s] -- Added test 'flake8' to check Python code syntax and style conventions
[0.281s] -- Added test 'lint_cmake' to check CMake code style
[0.282s] -- Added test 'pep257' to check Python code against some of the docstring style conventions in PEP 257
[0.284s] -- Added test 'xmllint' to check XML markup files
[0.285s] -- Configuring done
[0.291s] -- Generating done
[0.293s] -- Build files have been written to: /home/pretil/catkin_ws/src/limo_ros2/build/limo_gazebosim
[0.297s] Invoked command in '/home/pretil/catkin_ws/src/limo_ros2/build/limo_gazebosim' returned '0': CMAKE_PREFIX_PATH=${CMAKE_PREFIX_PATH}:/opt/ros/humble /usr/bin/cmake /home/pretil/catkin_ws/src/limo_ros2/limo_gazebosim -DCMAKE_INSTALL_PREFIX=/home/pretil/catkin_ws/src/limo_ros2/install/limo_gazebosim
[0.298s] Invoking command in '/home/pretil/catkin_ws/src/limo_ros2/build/limo_gazebosim': CMAKE_PREFIX_PATH=${CMAKE_PREFIX_PATH}:/opt/ros/humble /usr/bin/cmake --build /home/pretil/catkin_ws/src/limo_ros2/build/limo_gazebosim -- -j12 -l12
[0.330s] Invoked command in '/home/pretil/catkin_ws/src/limo_ros2/build/limo_gazebosim' returned '0': CMAKE_PREFIX_PATH=${CMAKE_PREFIX_PATH}:/opt/ros/humble /usr/bin/cmake --build /home/pretil/catkin_ws/src/limo_ros2/build/limo_gazebosim -- -j12 -l12
[0.339s] Invoking command in '/home/pretil/catkin_ws/src/limo_ros2/build/limo_gazebosim': CMAKE_PREFIX_PATH=${CMAKE_PREFIX_PATH}:/opt/ros/humble /usr/bin/cmake --install /home/pretil/catkin_ws/src/limo_ros2/build/limo_gazebosim
[0.345s] -- Install configuration: ""
[0.345s] -- Execute custom install script
[0.346s] -- Up-to-date symlink: /home/pretil/catkin_ws/src/limo_ros2/install/limo_gazebosim/share/limo_gazebosim/launch/limo_gazebo_diff.launch.py
[0.347s] -- Up-to-date symlink: /home/pretil/catkin_ws/src/limo_ros2/install/limo_gazebosim/share/limo_gazebosim/rviz/urdf.rviz
[0.348s] -- Up-to-date symlink: /home/pretil/catkin_ws/src/limo_ros2/install/limo_gazebosim/share/limo_gazebosim/worlds/simple.world
[0.348s] -- Up-to-date symlink: /home/pretil/catkin_ws/src/limo_ros2/install/limo_gazebosim/share/limo_gazebosim/models/simple.stl
[0.349s] -- Up-to-date symlink: /home/pretil/catkin_ws/src/limo_ros2/install/limo_gazebosim/share/ament_index/resource_index/package_run_dependencies/limo_gazebosim
[0.350s] -- Up-to-date symlink: /home/pretil/catkin_ws/src/limo_ros2/install/limo_gazebosim/share/ament_index/resource_index/parent_prefix_path/limo_gazebosim
[0.350s] -- Up-to-date symlink: /home/pretil/catkin_ws/src/limo_ros2/install/limo_gazebosim/share/limo_gazebosim/environment/ament_prefix_path.sh
[0.351s] -- Up-to-date symlink: /home/pretil/catkin_ws/src/limo_ros2/install/limo_gazebosim/share/limo_gazebosim/environment/ament_prefix_path.dsv
[0.352s] -- Up-to-date symlink: /home/pretil/catkin_ws/src/limo_ros2/install/limo_gazebosim/share/limo_gazebosim/environment/path.sh
[0.353s] -- Up-to-date symlink: /home/pretil/catkin_ws/src/limo_ros2/install/limo_gazebosim/share/limo_gazebosim/environment/path.dsv
[0.354s] -- Up-to-date symlink: /home/pretil/catkin_ws/src/limo_ros2/install/limo_gazebosim/share/limo_gazebosim/local_setup.bash
[0.355s] -- Up-to-date symlink: /home/pretil/catkin_ws/src/limo_ros2/install/limo_gazebosim/share/limo_gazebosim/local_setup.sh
[0.355s] -- Up-to-date symlink: /home/pretil/catkin_ws/src/limo_ros2/install/limo_gazebosim/share/limo_gazebosim/local_setup.zsh
[0.355s] -- Up-to-date symlink: /home/pretil/catkin_ws/src/limo_ros2/install/limo_gazebosim/share/limo_gazebosim/local_setup.dsv
[0.355s] -- Symlinking: /home/pretil/catkin_ws/src/limo_ros2/install/limo_gazebosim/share/limo_gazebosim/package.dsv
[0.361s] -- Up-to-date symlink: /home/pretil/catkin_ws/src/limo_ros2/install/limo_gazebosim/share/ament_index/resource_index/packages/limo_gazebosim
[0.361s] -- Up-to-date symlink: /home/pretil/catkin_ws/src/limo_ros2/install/limo_gazebosim/share/limo_gazebosim/cmake/limo_gazebosimConfig.cmake
[0.361s] -- Up-to-date symlink: /home/pretil/catkin_ws/src/limo_ros2/install/limo_gazebosim/share/limo_gazebosim/cmake/limo_gazebosimConfig-version.cmake
[0.362s] -- Up-to-date symlink: /home/pretil/catkin_ws/src/limo_ros2/install/limo_gazebosim/share/limo_gazebosim/package.xml
[0.365s] Invoked command in '/home/pretil/catkin_ws/src/limo_ros2/build/limo_gazebosim' returned '0': CMAKE_PREFIX_PATH=${CMAKE_PREFIX_PATH}:/opt/ros/humble /usr/bin/cmake --install /home/pretil/catkin_ws/src/limo_ros2/build/limo_gazebosim
