[0.023s] Invoking command in '/home/pretil/catkin_ws/build/ydlidar_ros2_driver': CMAKE_PREFIX_PATH=${CMAKE_PREFIX_PATH}:/opt/ros/humble /usr/bin/cmake /home/pretil/catkin_ws/src/limo_ros2/ydlidar_ros2 -DCMAKE_INSTALL_PREFIX=/home/pretil/catkin_ws/install/ydlidar_ros2_driver
[0.034s] -- Found ament_cmake: 1.3.14 (/opt/ros/humble/share/ament_cmake/cmake)
[0.183s] -- Found rclcpp: 16.0.19 (/opt/ros/humble/share/rclcpp/cmake)
[0.213s] -- Found rosidl_generator_c: 3.1.8 (/opt/ros/humble/share/rosidl_generator_c/cmake)
[0.215s] -- Found rosidl_adapter: 3.1.8 (/opt/ros/humble/share/rosidl_adapter/cmake)
[0.221s] -- Found rosidl_generator_cpp: 3.1.8 (/opt/ros/humble/share/rosidl_generator_cpp/cmake)
[0.231s] -- Using all available rosidl_typesupport_c: rosidl_typesupport_fastrtps_c;rosidl_typesupport_introspection_c
[0.243s] -- Using all available rosidl_typesupport_cpp: rosidl_typesupport_fastrtps_cpp;rosidl_typesupport_introspection_cpp
[0.276s] -- Found rmw_implementation_cmake: 6.1.2 (/opt/ros/humble/share/rmw_implementation_cmake/cmake)
[0.278s] -- Found rmw_cyclonedds_cpp: 1.3.4 (/opt/ros/humble/share/rmw_cyclonedds_cpp/cmake)
[0.296s] -- Using RMW implementation 'rmw_cyclonedds_cpp' as default
[0.347s] -- Found sensor_msgs: 4.9.1 (/opt/ros/humble/share/sensor_msgs/cmake)
[0.381s] -- Found visualization_msgs: 4.9.1 (/opt/ros/humble/share/visualization_msgs/cmake)
[0.404s] -- Found std_srvs: 4.9.1 (/opt/ros/humble/share/std_srvs/cmake)
[0.431s] [31mCMake Error at CMakeLists.txt:25 (find_package):
[0.431s]   By not providing "Findydlidar_sdk.cmake" in CMAKE_MODULE_PATH this project
[0.431s]   has asked CMake to find a package configuration file provided by
[0.432s]   "ydlidar_sdk", but CMake did not find one.
[0.432s] 
[0.432s]   Could not find a package configuration file provided by "ydlidar_sdk" with
[0.432s]   any of the following names:
[0.432s] 
[0.432s]     ydlidar_sdkConfig.cmake
[0.433s]     ydlidar_sdk-config.cmake
[0.434s] 
[0.434s]   Add the installation prefix of "ydlidar_sdk" to CMAKE_PREFIX_PATH or set
[0.434s]   "ydlidar_sdk_DIR" to a directory containing one of the above files.  If
[0.434s]   "ydlidar_sdk" provides a separate development package or SDK, be sure it
[0.435s]   has been installed.
[0.435s] 
[0.435s] [0m
[0.435s] -- Configuring incomplete, errors occurred!
[0.435s] See also "/home/pretil/catkin_ws/build/ydlidar_ros2_driver/CMakeFiles/CMakeOutput.log".
[0.439s] Invoked command in '/home/pretil/catkin_ws/build/ydlidar_ros2_driver' returned '1': CMAKE_PREFIX_PATH=${CMAKE_PREFIX_PATH}:/opt/ros/humble /usr/bin/cmake /home/pretil/catkin_ws/src/limo_ros2/ydlidar_ros2 -DCMAKE_INSTALL_PREFIX=/home/pretil/catkin_ws/install/ydlidar_ros2_driver
