[0.103s] DEBUG:colcon:Command line arguments: ['/usr/bin/colcon', 'build']
[0.104s] DEBUG:colcon:Parsed command line arguments: Namespace(log_base=None, log_level=None, verb_name='build', build_base='build', install_base='install', merge_install=False, symlink_install=False, test_result_base=None, continue_on_error=False, executor='parallel', parallel_workers=12, event_handlers=None, ignore_user_meta=False, metas=['./colcon.meta'], base_paths=['.'], packages_ignore=None, packages_ignore_regex=None, paths=None, packages_up_to=None, packages_up_to_regex=None, packages_above=None, packages_above_and_dependencies=None, packages_above_depth=None, packages_select_by_dep=None, packages_skip_by_dep=None, packages_skip_up_to=None, packages_select_build_failed=False, packages_skip_build_finished=False, packages_select_test_failures=False, packages_skip_test_passed=False, packages_select=None, packages_skip=None, packages_select_regex=None, packages_skip_regex=None, packages_start=None, packages_end=None, cmake_args=None, cmake_target=None, cmake_target_skip_unavailable=False, cmake_clean_cache=False, cmake_clean_first=False, cmake_force_configure=False, ament_cmake_args=None, catkin_cmake_args=None, catkin_skip_building_tests=False, mixin_files=None, mixin=None, verb_parser=<colcon_mixin.mixin.mixin_argument.MixinArgumentDecorator object at 0x7f746c1b8e20>, verb_extension=<colcon_core.verb.build.BuildVerb object at 0x7f746c1b8970>, main=<bound method BuildVerb.main of <colcon_core.verb.build.BuildVerb object at 0x7f746c1b8970>>, mixin_verb=('build',))
[0.258s] Level 1:colcon.colcon_core.package_discovery:discover_packages(colcon_meta) check parameters
[0.258s] Level 1:colcon.colcon_core.package_discovery:discover_packages(recursive) check parameters
[0.258s] Level 1:colcon.colcon_core.package_discovery:discover_packages(ignore) check parameters
[0.258s] Level 1:colcon.colcon_core.package_discovery:discover_packages(path) check parameters
[0.258s] Level 1:colcon.colcon_core.package_discovery:discover_packages(colcon_meta) discover
[0.258s] Level 1:colcon.colcon_core.package_discovery:discover_packages(recursive) discover
[0.258s] INFO:colcon.colcon_core.package_discovery:Crawling recursively for packages in '/home/pretil/catkin_ws'
[0.258s] Level 1:colcon.colcon_core.package_identification:_identify(.) by extensions ['ignore', 'ignore_ament_install']
[0.258s] Level 1:colcon.colcon_core.package_identification:_identify(.) by extension 'ignore'
[0.258s] Level 1:colcon.colcon_core.package_identification:_identify(.) by extension 'ignore_ament_install'
[0.259s] Level 1:colcon.colcon_core.package_identification:_identify(.) by extensions ['colcon_pkg']
[0.259s] Level 1:colcon.colcon_core.package_identification:_identify(.) by extension 'colcon_pkg'
[0.259s] Level 1:colcon.colcon_core.package_identification:_identify(.) by extensions ['colcon_meta']
[0.259s] Level 1:colcon.colcon_core.package_identification:_identify(.) by extension 'colcon_meta'
[0.259s] Level 1:colcon.colcon_core.package_identification:_identify(.) by extensions ['ros']
[0.259s] Level 1:colcon.colcon_core.package_identification:_identify(.) by extension 'ros'
[0.269s] Level 1:colcon.colcon_core.package_identification:_identify(.) by extensions ['cmake', 'python']
[0.269s] Level 1:colcon.colcon_core.package_identification:_identify(.) by extension 'cmake'
[0.269s] Level 1:colcon.colcon_core.package_identification:_identify(.) by extension 'python'
[0.269s] Level 1:colcon.colcon_core.package_identification:_identify(.) by extensions ['python_setup_py']
[0.269s] Level 1:colcon.colcon_core.package_identification:_identify(.) by extension 'python_setup_py'
[0.269s] Level 1:colcon.colcon_core.package_identification:_identify(build) by extensions ['ignore', 'ignore_ament_install']
[0.269s] Level 1:colcon.colcon_core.package_identification:_identify(build) by extension 'ignore'
[0.269s] Level 1:colcon.colcon_core.package_identification:_identify(build) ignored
[0.269s] Level 1:colcon.colcon_core.package_identification:_identify(install) by extensions ['ignore', 'ignore_ament_install']
[0.269s] Level 1:colcon.colcon_core.package_identification:_identify(install) by extension 'ignore'
[0.269s] Level 1:colcon.colcon_core.package_identification:_identify(install) ignored
[0.269s] Level 1:colcon.colcon_core.package_identification:_identify(log) by extensions ['ignore', 'ignore_ament_install']
[0.270s] Level 1:colcon.colcon_core.package_identification:_identify(log) by extension 'ignore'
[0.270s] Level 1:colcon.colcon_core.package_identification:_identify(log) ignored
[0.270s] Level 1:colcon.colcon_core.package_identification:_identify(src) by extensions ['ignore', 'ignore_ament_install']
[0.270s] Level 1:colcon.colcon_core.package_identification:_identify(src) by extension 'ignore'
[0.270s] Level 1:colcon.colcon_core.package_identification:_identify(src) by extension 'ignore_ament_install'
[0.270s] Level 1:colcon.colcon_core.package_identification:_identify(src) by extensions ['colcon_pkg']
[0.270s] Level 1:colcon.colcon_core.package_identification:_identify(src) by extension 'colcon_pkg'
[0.270s] Level 1:colcon.colcon_core.package_identification:_identify(src) by extensions ['colcon_meta']
[0.270s] Level 1:colcon.colcon_core.package_identification:_identify(src) by extension 'colcon_meta'
[0.270s] Level 1:colcon.colcon_core.package_identification:_identify(src) by extensions ['ros']
[0.270s] Level 1:colcon.colcon_core.package_identification:_identify(src) by extension 'ros'
[0.270s] Level 1:colcon.colcon_core.package_identification:_identify(src) by extensions ['cmake', 'python']
[0.270s] Level 1:colcon.colcon_core.package_identification:_identify(src) by extension 'cmake'
[0.270s] Level 1:colcon.colcon_core.package_identification:_identify(src) by extension 'python'
[0.270s] Level 1:colcon.colcon_core.package_identification:_identify(src) by extensions ['python_setup_py']
[0.270s] Level 1:colcon.colcon_core.package_identification:_identify(src) by extension 'python_setup_py'
[0.271s] Level 1:colcon.colcon_core.package_identification:_identify(src/limo_ros2) by extensions ['ignore', 'ignore_ament_install']
[0.271s] Level 1:colcon.colcon_core.package_identification:_identify(src/limo_ros2) by extension 'ignore'
[0.271s] Level 1:colcon.colcon_core.package_identification:_identify(src/limo_ros2) by extension 'ignore_ament_install'
[0.271s] Level 1:colcon.colcon_core.package_identification:_identify(src/limo_ros2) by extensions ['colcon_pkg']
[0.271s] Level 1:colcon.colcon_core.package_identification:_identify(src/limo_ros2) by extension 'colcon_pkg'
[0.271s] Level 1:colcon.colcon_core.package_identification:_identify(src/limo_ros2) by extensions ['colcon_meta']
[0.271s] Level 1:colcon.colcon_core.package_identification:_identify(src/limo_ros2) by extension 'colcon_meta'
[0.271s] Level 1:colcon.colcon_core.package_identification:_identify(src/limo_ros2) by extensions ['ros']
[0.271s] Level 1:colcon.colcon_core.package_identification:_identify(src/limo_ros2) by extension 'ros'
[0.271s] Level 1:colcon.colcon_core.package_identification:_identify(src/limo_ros2) by extensions ['cmake', 'python']
[0.271s] Level 1:colcon.colcon_core.package_identification:_identify(src/limo_ros2) by extension 'cmake'
[0.271s] Level 1:colcon.colcon_core.package_identification:_identify(src/limo_ros2) by extension 'python'
[0.271s] Level 1:colcon.colcon_core.package_identification:_identify(src/limo_ros2) by extensions ['python_setup_py']
[0.271s] Level 1:colcon.colcon_core.package_identification:_identify(src/limo_ros2) by extension 'python_setup_py'
[0.271s] Level 1:colcon.colcon_core.package_identification:_identify(src/limo_ros2/build) by extensions ['ignore', 'ignore_ament_install']
[0.271s] Level 1:colcon.colcon_core.package_identification:_identify(src/limo_ros2/build) by extension 'ignore'
[0.271s] Level 1:colcon.colcon_core.package_identification:_identify(src/limo_ros2/build) ignored
[0.271s] Level 1:colcon.colcon_core.package_identification:_identify(src/limo_ros2/install) by extensions ['ignore', 'ignore_ament_install']
[0.272s] Level 1:colcon.colcon_core.package_identification:_identify(src/limo_ros2/install) by extension 'ignore'
[0.272s] Level 1:colcon.colcon_core.package_identification:_identify(src/limo_ros2/install) ignored
[0.272s] Level 1:colcon.colcon_core.package_identification:_identify(src/limo_ros2/limo_base) by extensions ['ignore', 'ignore_ament_install']
[0.272s] Level 1:colcon.colcon_core.package_identification:_identify(src/limo_ros2/limo_base) by extension 'ignore'
[0.272s] Level 1:colcon.colcon_core.package_identification:_identify(src/limo_ros2/limo_base) by extension 'ignore_ament_install'
[0.272s] Level 1:colcon.colcon_core.package_identification:_identify(src/limo_ros2/limo_base) by extensions ['colcon_pkg']
[0.272s] Level 1:colcon.colcon_core.package_identification:_identify(src/limo_ros2/limo_base) by extension 'colcon_pkg'
[0.272s] Level 1:colcon.colcon_core.package_identification:_identify(src/limo_ros2/limo_base) by extensions ['colcon_meta']
[0.272s] Level 1:colcon.colcon_core.package_identification:_identify(src/limo_ros2/limo_base) by extension 'colcon_meta'
[0.272s] Level 1:colcon.colcon_core.package_identification:_identify(src/limo_ros2/limo_base) by extensions ['ros']
[0.272s] Level 1:colcon.colcon_core.package_identification:_identify(src/limo_ros2/limo_base) by extension 'ros'
[0.275s] DEBUG:colcon.colcon_core.package_identification:Package 'src/limo_ros2/limo_base' with type 'ros.ament_cmake' and name 'limo_base'
[0.275s] Level 1:colcon.colcon_core.package_identification:_identify(src/limo_ros2/limo_bringup) by extensions ['ignore', 'ignore_ament_install']
[0.275s] Level 1:colcon.colcon_core.package_identification:_identify(src/limo_ros2/limo_bringup) by extension 'ignore'
[0.275s] Level 1:colcon.colcon_core.package_identification:_identify(src/limo_ros2/limo_bringup) by extension 'ignore_ament_install'
[0.275s] Level 1:colcon.colcon_core.package_identification:_identify(src/limo_ros2/limo_bringup) by extensions ['colcon_pkg']
[0.275s] Level 1:colcon.colcon_core.package_identification:_identify(src/limo_ros2/limo_bringup) by extension 'colcon_pkg'
[0.275s] Level 1:colcon.colcon_core.package_identification:_identify(src/limo_ros2/limo_bringup) by extensions ['colcon_meta']
[0.275s] Level 1:colcon.colcon_core.package_identification:_identify(src/limo_ros2/limo_bringup) by extension 'colcon_meta'
[0.275s] Level 1:colcon.colcon_core.package_identification:_identify(src/limo_ros2/limo_bringup) by extensions ['ros']
[0.275s] Level 1:colcon.colcon_core.package_identification:_identify(src/limo_ros2/limo_bringup) by extension 'ros'
[0.276s] DEBUG:colcon.colcon_core.package_identification:Package 'src/limo_ros2/limo_bringup' with type 'ros.ament_cmake' and name 'limo_bringup'
[0.276s] Level 1:colcon.colcon_core.package_identification:_identify(src/limo_ros2/limo_car) by extensions ['ignore', 'ignore_ament_install']
[0.277s] Level 1:colcon.colcon_core.package_identification:_identify(src/limo_ros2/limo_car) by extension 'ignore'
[0.277s] Level 1:colcon.colcon_core.package_identification:_identify(src/limo_ros2/limo_car) by extension 'ignore_ament_install'
[0.277s] Level 1:colcon.colcon_core.package_identification:_identify(src/limo_ros2/limo_car) by extensions ['colcon_pkg']
[0.277s] Level 1:colcon.colcon_core.package_identification:_identify(src/limo_ros2/limo_car) by extension 'colcon_pkg'
[0.277s] Level 1:colcon.colcon_core.package_identification:_identify(src/limo_ros2/limo_car) by extensions ['colcon_meta']
[0.277s] Level 1:colcon.colcon_core.package_identification:_identify(src/limo_ros2/limo_car) by extension 'colcon_meta'
[0.277s] Level 1:colcon.colcon_core.package_identification:_identify(src/limo_ros2/limo_car) by extensions ['ros']
[0.277s] Level 1:colcon.colcon_core.package_identification:_identify(src/limo_ros2/limo_car) by extension 'ros'
[0.278s] DEBUG:colcon.colcon_core.package_identification:Package 'src/limo_ros2/limo_car' with type 'ros.ament_cmake' and name 'limo_car'
[0.278s] Level 1:colcon.colcon_core.package_identification:_identify(src/limo_ros2/limo_description) by extensions ['ignore', 'ignore_ament_install']
[0.278s] Level 1:colcon.colcon_core.package_identification:_identify(src/limo_ros2/limo_description) by extension 'ignore'
[0.278s] Level 1:colcon.colcon_core.package_identification:_identify(src/limo_ros2/limo_description) by extension 'ignore_ament_install'
[0.278s] Level 1:colcon.colcon_core.package_identification:_identify(src/limo_ros2/limo_description) by extensions ['colcon_pkg']
[0.278s] Level 1:colcon.colcon_core.package_identification:_identify(src/limo_ros2/limo_description) by extension 'colcon_pkg'
[0.278s] Level 1:colcon.colcon_core.package_identification:_identify(src/limo_ros2/limo_description) by extensions ['colcon_meta']
[0.278s] Level 1:colcon.colcon_core.package_identification:_identify(src/limo_ros2/limo_description) by extension 'colcon_meta'
[0.278s] Level 1:colcon.colcon_core.package_identification:_identify(src/limo_ros2/limo_description) by extensions ['ros']
[0.278s] Level 1:colcon.colcon_core.package_identification:_identify(src/limo_ros2/limo_description) by extension 'ros'
[0.279s] DEBUG:colcon.colcon_core.package_identification:Package 'src/limo_ros2/limo_description' with type 'ros.ament_cmake' and name 'limo_description'
[0.279s] Level 1:colcon.colcon_core.package_identification:_identify(src/limo_ros2/limo_gazebosim) by extensions ['ignore', 'ignore_ament_install']
[0.279s] Level 1:colcon.colcon_core.package_identification:_identify(src/limo_ros2/limo_gazebosim) by extension 'ignore'
[0.279s] Level 1:colcon.colcon_core.package_identification:_identify(src/limo_ros2/limo_gazebosim) by extension 'ignore_ament_install'
[0.279s] Level 1:colcon.colcon_core.package_identification:_identify(src/limo_ros2/limo_gazebosim) by extensions ['colcon_pkg']
[0.279s] Level 1:colcon.colcon_core.package_identification:_identify(src/limo_ros2/limo_gazebosim) by extension 'colcon_pkg'
[0.279s] Level 1:colcon.colcon_core.package_identification:_identify(src/limo_ros2/limo_gazebosim) by extensions ['colcon_meta']
[0.279s] Level 1:colcon.colcon_core.package_identification:_identify(src/limo_ros2/limo_gazebosim) by extension 'colcon_meta'
[0.279s] Level 1:colcon.colcon_core.package_identification:_identify(src/limo_ros2/limo_gazebosim) by extensions ['ros']
[0.279s] Level 1:colcon.colcon_core.package_identification:_identify(src/limo_ros2/limo_gazebosim) by extension 'ros'
[0.280s] DEBUG:colcon.colcon_core.package_identification:Package 'src/limo_ros2/limo_gazebosim' with type 'ros.ament_cmake' and name 'limo_gazebosim'
[0.280s] Level 1:colcon.colcon_core.package_identification:_identify(src/limo_ros2/limo_msgs) by extensions ['ignore', 'ignore_ament_install']
[0.280s] Level 1:colcon.colcon_core.package_identification:_identify(src/limo_ros2/limo_msgs) by extension 'ignore'
[0.280s] Level 1:colcon.colcon_core.package_identification:_identify(src/limo_ros2/limo_msgs) by extension 'ignore_ament_install'
[0.280s] Level 1:colcon.colcon_core.package_identification:_identify(src/limo_ros2/limo_msgs) by extensions ['colcon_pkg']
[0.280s] Level 1:colcon.colcon_core.package_identification:_identify(src/limo_ros2/limo_msgs) by extension 'colcon_pkg'
[0.280s] Level 1:colcon.colcon_core.package_identification:_identify(src/limo_ros2/limo_msgs) by extensions ['colcon_meta']
[0.280s] Level 1:colcon.colcon_core.package_identification:_identify(src/limo_ros2/limo_msgs) by extension 'colcon_meta'
[0.280s] Level 1:colcon.colcon_core.package_identification:_identify(src/limo_ros2/limo_msgs) by extensions ['ros']
[0.280s] Level 1:colcon.colcon_core.package_identification:_identify(src/limo_ros2/limo_msgs) by extension 'ros'
[0.281s] DEBUG:colcon.colcon_core.package_identification:Package 'src/limo_ros2/limo_msgs' with type 'ros.ament_cmake' and name 'limo_msgs'
[0.281s] Level 1:colcon.colcon_core.package_identification:_identify(src/limo_ros2/limo_navigation) by extensions ['ignore', 'ignore_ament_install']
[0.281s] Level 1:colcon.colcon_core.package_identification:_identify(src/limo_ros2/limo_navigation) by extension 'ignore'
[0.281s] Level 1:colcon.colcon_core.package_identification:_identify(src/limo_ros2/limo_navigation) by extension 'ignore_ament_install'
[0.281s] Level 1:colcon.colcon_core.package_identification:_identify(src/limo_ros2/limo_navigation) by extensions ['colcon_pkg']
[0.281s] Level 1:colcon.colcon_core.package_identification:_identify(src/limo_ros2/limo_navigation) by extension 'colcon_pkg'
[0.281s] Level 1:colcon.colcon_core.package_identification:_identify(src/limo_ros2/limo_navigation) by extensions ['colcon_meta']
[0.281s] Level 1:colcon.colcon_core.package_identification:_identify(src/limo_ros2/limo_navigation) by extension 'colcon_meta'
[0.281s] Level 1:colcon.colcon_core.package_identification:_identify(src/limo_ros2/limo_navigation) by extensions ['ros']
[0.281s] Level 1:colcon.colcon_core.package_identification:_identify(src/limo_ros2/limo_navigation) by extension 'ros'
[0.282s] DEBUG:colcon.colcon_core.package_identification:Package 'src/limo_ros2/limo_navigation' with type 'ros.ament_cmake' and name 'limo_navigation'
[0.282s] Level 1:colcon.colcon_core.package_identification:_identify(src/limo_ros2/log) by extensions ['ignore', 'ignore_ament_install']
[0.282s] Level 1:colcon.colcon_core.package_identification:_identify(src/limo_ros2/log) by extension 'ignore'
[0.282s] Level 1:colcon.colcon_core.package_identification:_identify(src/limo_ros2/log) ignored
[0.282s] Level 1:colcon.colcon_core.package_identification:_identify(src/limo_ros2/ydlidar_ros2) by extensions ['ignore', 'ignore_ament_install']
[0.282s] Level 1:colcon.colcon_core.package_identification:_identify(src/limo_ros2/ydlidar_ros2) by extension 'ignore'
[0.282s] Level 1:colcon.colcon_core.package_identification:_identify(src/limo_ros2/ydlidar_ros2) by extension 'ignore_ament_install'
[0.282s] Level 1:colcon.colcon_core.package_identification:_identify(src/limo_ros2/ydlidar_ros2) by extensions ['colcon_pkg']
[0.282s] Level 1:colcon.colcon_core.package_identification:_identify(src/limo_ros2/ydlidar_ros2) by extension 'colcon_pkg'
[0.282s] Level 1:colcon.colcon_core.package_identification:_identify(src/limo_ros2/ydlidar_ros2) by extensions ['colcon_meta']
[0.282s] Level 1:colcon.colcon_core.package_identification:_identify(src/limo_ros2/ydlidar_ros2) by extension 'colcon_meta'
[0.282s] Level 1:colcon.colcon_core.package_identification:_identify(src/limo_ros2/ydlidar_ros2) by extensions ['ros']
[0.282s] Level 1:colcon.colcon_core.package_identification:_identify(src/limo_ros2/ydlidar_ros2) by extension 'ros'
[0.283s] DEBUG:colcon.colcon_core.package_identification:Package 'src/limo_ros2/ydlidar_ros2' with type 'ros.ament_cmake' and name 'ydlidar_ros2_driver'
[0.283s] Level 1:colcon.colcon_core.package_discovery:discover_packages(recursive) using defaults
[0.283s] Level 1:colcon.colcon_core.package_discovery:discover_packages(ignore) discover
[0.283s] Level 1:colcon.colcon_core.package_discovery:discover_packages(ignore) using defaults
[0.283s] Level 1:colcon.colcon_core.package_discovery:discover_packages(path) discover
[0.283s] Level 1:colcon.colcon_core.package_discovery:discover_packages(path) using defaults
[0.310s] Level 5:colcon.colcon_core.verb:set package 'limo_car' build argument 'cmake_args' from command line to 'None'
[0.310s] Level 5:colcon.colcon_core.verb:set package 'limo_car' build argument 'cmake_target' from command line to 'None'
[0.310s] Level 5:colcon.colcon_core.verb:set package 'limo_car' build argument 'cmake_target_skip_unavailable' from command line to 'False'
[0.310s] Level 5:colcon.colcon_core.verb:set package 'limo_car' build argument 'cmake_clean_cache' from command line to 'False'
[0.310s] Level 5:colcon.colcon_core.verb:set package 'limo_car' build argument 'cmake_clean_first' from command line to 'False'
[0.310s] Level 5:colcon.colcon_core.verb:set package 'limo_car' build argument 'cmake_force_configure' from command line to 'False'
[0.310s] Level 5:colcon.colcon_core.verb:set package 'limo_car' build argument 'ament_cmake_args' from command line to 'None'
[0.310s] Level 5:colcon.colcon_core.verb:set package 'limo_car' build argument 'catkin_cmake_args' from command line to 'None'
[0.310s] Level 5:colcon.colcon_core.verb:set package 'limo_car' build argument 'catkin_skip_building_tests' from command line to 'False'
[0.310s] DEBUG:colcon.colcon_core.verb:Building package 'limo_car' with the following arguments: {'ament_cmake_args': None, 'build_base': '/home/pretil/catkin_ws/build/limo_car', 'catkin_cmake_args': None, 'catkin_skip_building_tests': False, 'cmake_args': None, 'cmake_clean_cache': False, 'cmake_clean_first': False, 'cmake_force_configure': False, 'cmake_target': None, 'cmake_target_skip_unavailable': False, 'install_base': '/home/pretil/catkin_ws/install/limo_car', 'merge_install': False, 'path': '/home/pretil/catkin_ws/src/limo_ros2/limo_car', 'symlink_install': False, 'test_result_base': None}
[0.311s] Level 5:colcon.colcon_core.verb:set package 'limo_description' build argument 'cmake_args' from command line to 'None'
[0.311s] Level 5:colcon.colcon_core.verb:set package 'limo_description' build argument 'cmake_target' from command line to 'None'
[0.311s] Level 5:colcon.colcon_core.verb:set package 'limo_description' build argument 'cmake_target_skip_unavailable' from command line to 'False'
[0.311s] Level 5:colcon.colcon_core.verb:set package 'limo_description' build argument 'cmake_clean_cache' from command line to 'False'
[0.311s] Level 5:colcon.colcon_core.verb:set package 'limo_description' build argument 'cmake_clean_first' from command line to 'False'
[0.311s] Level 5:colcon.colcon_core.verb:set package 'limo_description' build argument 'cmake_force_configure' from command line to 'False'
[0.311s] Level 5:colcon.colcon_core.verb:set package 'limo_description' build argument 'ament_cmake_args' from command line to 'None'
[0.311s] Level 5:colcon.colcon_core.verb:set package 'limo_description' build argument 'catkin_cmake_args' from command line to 'None'
[0.311s] Level 5:colcon.colcon_core.verb:set package 'limo_description' build argument 'catkin_skip_building_tests' from command line to 'False'
[0.311s] DEBUG:colcon.colcon_core.verb:Building package 'limo_description' with the following arguments: {'ament_cmake_args': None, 'build_base': '/home/pretil/catkin_ws/build/limo_description', 'catkin_cmake_args': None, 'catkin_skip_building_tests': False, 'cmake_args': None, 'cmake_clean_cache': False, 'cmake_clean_first': False, 'cmake_force_configure': False, 'cmake_target': None, 'cmake_target_skip_unavailable': False, 'install_base': '/home/pretil/catkin_ws/install/limo_description', 'merge_install': False, 'path': '/home/pretil/catkin_ws/src/limo_ros2/limo_description', 'symlink_install': False, 'test_result_base': None}
[0.311s] Level 5:colcon.colcon_core.verb:set package 'limo_gazebosim' build argument 'cmake_args' from command line to 'None'
[0.311s] Level 5:colcon.colcon_core.verb:set package 'limo_gazebosim' build argument 'cmake_target' from command line to 'None'
[0.311s] Level 5:colcon.colcon_core.verb:set package 'limo_gazebosim' build argument 'cmake_target_skip_unavailable' from command line to 'False'
[0.311s] Level 5:colcon.colcon_core.verb:set package 'limo_gazebosim' build argument 'cmake_clean_cache' from command line to 'False'
[0.311s] Level 5:colcon.colcon_core.verb:set package 'limo_gazebosim' build argument 'cmake_clean_first' from command line to 'False'
[0.311s] Level 5:colcon.colcon_core.verb:set package 'limo_gazebosim' build argument 'cmake_force_configure' from command line to 'False'
[0.311s] Level 5:colcon.colcon_core.verb:set package 'limo_gazebosim' build argument 'ament_cmake_args' from command line to 'None'
[0.311s] Level 5:colcon.colcon_core.verb:set package 'limo_gazebosim' build argument 'catkin_cmake_args' from command line to 'None'
[0.311s] Level 5:colcon.colcon_core.verb:set package 'limo_gazebosim' build argument 'catkin_skip_building_tests' from command line to 'False'
[0.311s] DEBUG:colcon.colcon_core.verb:Building package 'limo_gazebosim' with the following arguments: {'ament_cmake_args': None, 'build_base': '/home/pretil/catkin_ws/build/limo_gazebosim', 'catkin_cmake_args': None, 'catkin_skip_building_tests': False, 'cmake_args': None, 'cmake_clean_cache': False, 'cmake_clean_first': False, 'cmake_force_configure': False, 'cmake_target': None, 'cmake_target_skip_unavailable': False, 'install_base': '/home/pretil/catkin_ws/install/limo_gazebosim', 'merge_install': False, 'path': '/home/pretil/catkin_ws/src/limo_ros2/limo_gazebosim', 'symlink_install': False, 'test_result_base': None}
[0.312s] Level 5:colcon.colcon_core.verb:set package 'limo_msgs' build argument 'cmake_args' from command line to 'None'
[0.312s] Level 5:colcon.colcon_core.verb:set package 'limo_msgs' build argument 'cmake_target' from command line to 'None'
[0.312s] Level 5:colcon.colcon_core.verb:set package 'limo_msgs' build argument 'cmake_target_skip_unavailable' from command line to 'False'
[0.312s] Level 5:colcon.colcon_core.verb:set package 'limo_msgs' build argument 'cmake_clean_cache' from command line to 'False'
[0.312s] Level 5:colcon.colcon_core.verb:set package 'limo_msgs' build argument 'cmake_clean_first' from command line to 'False'
[0.312s] Level 5:colcon.colcon_core.verb:set package 'limo_msgs' build argument 'cmake_force_configure' from command line to 'False'
[0.312s] Level 5:colcon.colcon_core.verb:set package 'limo_msgs' build argument 'ament_cmake_args' from command line to 'None'
[0.312s] Level 5:colcon.colcon_core.verb:set package 'limo_msgs' build argument 'catkin_cmake_args' from command line to 'None'
[0.312s] Level 5:colcon.colcon_core.verb:set package 'limo_msgs' build argument 'catkin_skip_building_tests' from command line to 'False'
[0.312s] DEBUG:colcon.colcon_core.verb:Building package 'limo_msgs' with the following arguments: {'ament_cmake_args': None, 'build_base': '/home/pretil/catkin_ws/build/limo_msgs', 'catkin_cmake_args': None, 'catkin_skip_building_tests': False, 'cmake_args': None, 'cmake_clean_cache': False, 'cmake_clean_first': False, 'cmake_force_configure': False, 'cmake_target': None, 'cmake_target_skip_unavailable': False, 'install_base': '/home/pretil/catkin_ws/install/limo_msgs', 'merge_install': False, 'path': '/home/pretil/catkin_ws/src/limo_ros2/limo_msgs', 'symlink_install': False, 'test_result_base': None}
[0.312s] Level 5:colcon.colcon_core.verb:set package 'limo_navigation' build argument 'cmake_args' from command line to 'None'
[0.312s] Level 5:colcon.colcon_core.verb:set package 'limo_navigation' build argument 'cmake_target' from command line to 'None'
[0.312s] Level 5:colcon.colcon_core.verb:set package 'limo_navigation' build argument 'cmake_target_skip_unavailable' from command line to 'False'
[0.312s] Level 5:colcon.colcon_core.verb:set package 'limo_navigation' build argument 'cmake_clean_cache' from command line to 'False'
[0.312s] Level 5:colcon.colcon_core.verb:set package 'limo_navigation' build argument 'cmake_clean_first' from command line to 'False'
[0.312s] Level 5:colcon.colcon_core.verb:set package 'limo_navigation' build argument 'cmake_force_configure' from command line to 'False'
[0.312s] Level 5:colcon.colcon_core.verb:set package 'limo_navigation' build argument 'ament_cmake_args' from command line to 'None'
[0.312s] Level 5:colcon.colcon_core.verb:set package 'limo_navigation' build argument 'catkin_cmake_args' from command line to 'None'
[0.312s] Level 5:colcon.colcon_core.verb:set package 'limo_navigation' build argument 'catkin_skip_building_tests' from command line to 'False'
[0.312s] DEBUG:colcon.colcon_core.verb:Building package 'limo_navigation' with the following arguments: {'ament_cmake_args': None, 'build_base': '/home/pretil/catkin_ws/build/limo_navigation', 'catkin_cmake_args': None, 'catkin_skip_building_tests': False, 'cmake_args': None, 'cmake_clean_cache': False, 'cmake_clean_first': False, 'cmake_force_configure': False, 'cmake_target': None, 'cmake_target_skip_unavailable': False, 'install_base': '/home/pretil/catkin_ws/install/limo_navigation', 'merge_install': False, 'path': '/home/pretil/catkin_ws/src/limo_ros2/limo_navigation', 'symlink_install': False, 'test_result_base': None}
[0.313s] Level 5:colcon.colcon_core.verb:set package 'ydlidar_ros2_driver' build argument 'cmake_args' from command line to 'None'
[0.313s] Level 5:colcon.colcon_core.verb:set package 'ydlidar_ros2_driver' build argument 'cmake_target' from command line to 'None'
[0.313s] Level 5:colcon.colcon_core.verb:set package 'ydlidar_ros2_driver' build argument 'cmake_target_skip_unavailable' from command line to 'False'
[0.313s] Level 5:colcon.colcon_core.verb:set package 'ydlidar_ros2_driver' build argument 'cmake_clean_cache' from command line to 'False'
[0.313s] Level 5:colcon.colcon_core.verb:set package 'ydlidar_ros2_driver' build argument 'cmake_clean_first' from command line to 'False'
[0.313s] Level 5:colcon.colcon_core.verb:set package 'ydlidar_ros2_driver' build argument 'cmake_force_configure' from command line to 'False'
[0.313s] Level 5:colcon.colcon_core.verb:set package 'ydlidar_ros2_driver' build argument 'ament_cmake_args' from command line to 'None'
[0.313s] Level 5:colcon.colcon_core.verb:set package 'ydlidar_ros2_driver' build argument 'catkin_cmake_args' from command line to 'None'
[0.313s] Level 5:colcon.colcon_core.verb:set package 'ydlidar_ros2_driver' build argument 'catkin_skip_building_tests' from command line to 'False'
[0.313s] DEBUG:colcon.colcon_core.verb:Building package 'ydlidar_ros2_driver' with the following arguments: {'ament_cmake_args': None, 'build_base': '/home/pretil/catkin_ws/build/ydlidar_ros2_driver', 'catkin_cmake_args': None, 'catkin_skip_building_tests': False, 'cmake_args': None, 'cmake_clean_cache': False, 'cmake_clean_first': False, 'cmake_force_configure': False, 'cmake_target': None, 'cmake_target_skip_unavailable': False, 'install_base': '/home/pretil/catkin_ws/install/ydlidar_ros2_driver', 'merge_install': False, 'path': '/home/pretil/catkin_ws/src/limo_ros2/ydlidar_ros2', 'symlink_install': False, 'test_result_base': None}
[0.313s] Level 5:colcon.colcon_core.verb:set package 'limo_base' build argument 'cmake_args' from command line to 'None'
[0.313s] Level 5:colcon.colcon_core.verb:set package 'limo_base' build argument 'cmake_target' from command line to 'None'
[0.313s] Level 5:colcon.colcon_core.verb:set package 'limo_base' build argument 'cmake_target_skip_unavailable' from command line to 'False'
[0.313s] Level 5:colcon.colcon_core.verb:set package 'limo_base' build argument 'cmake_clean_cache' from command line to 'False'
[0.314s] Level 5:colcon.colcon_core.verb:set package 'limo_base' build argument 'cmake_clean_first' from command line to 'False'
[0.314s] Level 5:colcon.colcon_core.verb:set package 'limo_base' build argument 'cmake_force_configure' from command line to 'False'
[0.314s] Level 5:colcon.colcon_core.verb:set package 'limo_base' build argument 'ament_cmake_args' from command line to 'None'
[0.314s] Level 5:colcon.colcon_core.verb:set package 'limo_base' build argument 'catkin_cmake_args' from command line to 'None'
[0.314s] Level 5:colcon.colcon_core.verb:set package 'limo_base' build argument 'catkin_skip_building_tests' from command line to 'False'
[0.314s] DEBUG:colcon.colcon_core.verb:Building package 'limo_base' with the following arguments: {'ament_cmake_args': None, 'build_base': '/home/pretil/catkin_ws/build/limo_base', 'catkin_cmake_args': None, 'catkin_skip_building_tests': False, 'cmake_args': None, 'cmake_clean_cache': False, 'cmake_clean_first': False, 'cmake_force_configure': False, 'cmake_target': None, 'cmake_target_skip_unavailable': False, 'install_base': '/home/pretil/catkin_ws/install/limo_base', 'merge_install': False, 'path': '/home/pretil/catkin_ws/src/limo_ros2/limo_base', 'symlink_install': False, 'test_result_base': None}
[0.314s] Level 5:colcon.colcon_core.verb:set package 'limo_bringup' build argument 'cmake_args' from command line to 'None'
[0.314s] Level 5:colcon.colcon_core.verb:set package 'limo_bringup' build argument 'cmake_target' from command line to 'None'
[0.314s] Level 5:colcon.colcon_core.verb:set package 'limo_bringup' build argument 'cmake_target_skip_unavailable' from command line to 'False'
[0.314s] Level 5:colcon.colcon_core.verb:set package 'limo_bringup' build argument 'cmake_clean_cache' from command line to 'False'
[0.314s] Level 5:colcon.colcon_core.verb:set package 'limo_bringup' build argument 'cmake_clean_first' from command line to 'False'
[0.314s] Level 5:colcon.colcon_core.verb:set package 'limo_bringup' build argument 'cmake_force_configure' from command line to 'False'
[0.314s] Level 5:colcon.colcon_core.verb:set package 'limo_bringup' build argument 'ament_cmake_args' from command line to 'None'
[0.314s] Level 5:colcon.colcon_core.verb:set package 'limo_bringup' build argument 'catkin_cmake_args' from command line to 'None'
[0.314s] Level 5:colcon.colcon_core.verb:set package 'limo_bringup' build argument 'catkin_skip_building_tests' from command line to 'False'
[0.314s] DEBUG:colcon.colcon_core.verb:Building package 'limo_bringup' with the following arguments: {'ament_cmake_args': None, 'build_base': '/home/pretil/catkin_ws/build/limo_bringup', 'catkin_cmake_args': None, 'catkin_skip_building_tests': False, 'cmake_args': None, 'cmake_clean_cache': False, 'cmake_clean_first': False, 'cmake_force_configure': False, 'cmake_target': None, 'cmake_target_skip_unavailable': False, 'install_base': '/home/pretil/catkin_ws/install/limo_bringup', 'merge_install': False, 'path': '/home/pretil/catkin_ws/src/limo_ros2/limo_bringup', 'symlink_install': False, 'test_result_base': None}
[0.314s] INFO:colcon.colcon_core.executor:Executing jobs using 'parallel' executor
[0.315s] DEBUG:colcon.colcon_parallel_executor.executor.parallel:run_until_complete
[0.315s] INFO:colcon.colcon_ros.task.ament_cmake.build:Building ROS package in '/home/pretil/catkin_ws/src/limo_ros2/limo_msgs' with build type 'ament_cmake'
[0.315s] INFO:colcon.colcon_cmake.task.cmake.build:Building CMake package in '/home/pretil/catkin_ws/src/limo_ros2/limo_msgs'
[0.318s] INFO:colcon.colcon_core.plugin_system:Skipping extension 'colcon_core.shell.bat': Not used on non-Windows systems
[0.318s] INFO:colcon.colcon_core.shell:Skip shell extension 'powershell' for command environment: Not usable outside of PowerShell
[0.318s] DEBUG:colcon.colcon_core.shell:Skip shell extension 'dsv' for command environment
[0.324s] INFO:colcon.colcon_ros.task.ament_cmake.build:Building ROS package in '/home/pretil/catkin_ws/src/limo_ros2/limo_car' with build type 'ament_cmake'
[0.324s] INFO:colcon.colcon_cmake.task.cmake.build:Building CMake package in '/home/pretil/catkin_ws/src/limo_ros2/limo_car'
[0.324s] INFO:colcon.colcon_core.shell:Skip shell extension 'powershell' for command environment: Not usable outside of PowerShell
[0.324s] DEBUG:colcon.colcon_core.shell:Skip shell extension 'dsv' for command environment
[0.328s] INFO:colcon.colcon_ros.task.ament_cmake.build:Building ROS package in '/home/pretil/catkin_ws/src/limo_ros2/limo_description' with build type 'ament_cmake'
[0.328s] INFO:colcon.colcon_cmake.task.cmake.build:Building CMake package in '/home/pretil/catkin_ws/src/limo_ros2/limo_description'
[0.328s] INFO:colcon.colcon_core.shell:Skip shell extension 'powershell' for command environment: Not usable outside of PowerShell
[0.328s] DEBUG:colcon.colcon_core.shell:Skip shell extension 'dsv' for command environment
[0.332s] INFO:colcon.colcon_ros.task.ament_cmake.build:Building ROS package in '/home/pretil/catkin_ws/src/limo_ros2/limo_gazebosim' with build type 'ament_cmake'
[0.332s] INFO:colcon.colcon_cmake.task.cmake.build:Building CMake package in '/home/pretil/catkin_ws/src/limo_ros2/limo_gazebosim'
[0.333s] INFO:colcon.colcon_core.shell:Skip shell extension 'powershell' for command environment: Not usable outside of PowerShell
[0.333s] DEBUG:colcon.colcon_core.shell:Skip shell extension 'dsv' for command environment
[0.336s] INFO:colcon.colcon_ros.task.ament_cmake.build:Building ROS package in '/home/pretil/catkin_ws/src/limo_ros2/limo_navigation' with build type 'ament_cmake'
[0.336s] INFO:colcon.colcon_cmake.task.cmake.build:Building CMake package in '/home/pretil/catkin_ws/src/limo_ros2/limo_navigation'
[0.337s] INFO:colcon.colcon_core.shell:Skip shell extension 'powershell' for command environment: Not usable outside of PowerShell
[0.337s] DEBUG:colcon.colcon_core.shell:Skip shell extension 'dsv' for command environment
[0.341s] INFO:colcon.colcon_ros.task.ament_cmake.build:Building ROS package in '/home/pretil/catkin_ws/src/limo_ros2/ydlidar_ros2' with build type 'ament_cmake'
[0.341s] INFO:colcon.colcon_cmake.task.cmake.build:Building CMake package in '/home/pretil/catkin_ws/src/limo_ros2/ydlidar_ros2'
[0.342s] INFO:colcon.colcon_core.shell:Skip shell extension 'powershell' for command environment: Not usable outside of PowerShell
[0.342s] DEBUG:colcon.colcon_core.shell:Skip shell extension 'dsv' for command environment
[0.349s] DEBUG:colcon.colcon_core.event_handler.log_command:Invoking command in '/home/pretil/catkin_ws/build/limo_msgs': CMAKE_PREFIX_PATH=${CMAKE_PREFIX_PATH}:/opt/ros/humble /usr/bin/cmake /home/pretil/catkin_ws/src/limo_ros2/limo_msgs -DCMAKE_INSTALL_PREFIX=/home/pretil/catkin_ws/install/limo_msgs
[0.351s] DEBUG:colcon.colcon_core.event_handler.log_command:Invoking command in '/home/pretil/catkin_ws/build/limo_car': CMAKE_PREFIX_PATH=${CMAKE_PREFIX_PATH}:/opt/ros/humble /usr/bin/cmake /home/pretil/catkin_ws/src/limo_ros2/limo_car -DCMAKE_INSTALL_PREFIX=/home/pretil/catkin_ws/install/limo_car
[0.352s] DEBUG:colcon.colcon_core.event_handler.log_command:Invoking command in '/home/pretil/catkin_ws/build/limo_description': CMAKE_PREFIX_PATH=${CMAKE_PREFIX_PATH}:/opt/ros/humble /usr/bin/cmake /home/pretil/catkin_ws/src/limo_ros2/limo_description -DCMAKE_INSTALL_PREFIX=/home/pretil/catkin_ws/install/limo_description
[0.354s] DEBUG:colcon.colcon_core.event_handler.log_command:Invoking command in '/home/pretil/catkin_ws/build/limo_gazebosim': CMAKE_PREFIX_PATH=${CMAKE_PREFIX_PATH}:/opt/ros/humble /usr/bin/cmake /home/pretil/catkin_ws/src/limo_ros2/limo_gazebosim -DCMAKE_INSTALL_PREFIX=/home/pretil/catkin_ws/install/limo_gazebosim
[0.358s] DEBUG:colcon.colcon_core.event_handler.log_command:Invoking command in '/home/pretil/catkin_ws/build/limo_navigation': CMAKE_PREFIX_PATH=${CMAKE_PREFIX_PATH}:/opt/ros/humble /usr/bin/cmake /home/pretil/catkin_ws/src/limo_ros2/limo_navigation -DCMAKE_INSTALL_PREFIX=/home/pretil/catkin_ws/install/limo_navigation
[0.360s] DEBUG:colcon.colcon_core.event_handler.log_command:Invoking command in '/home/pretil/catkin_ws/build/ydlidar_ros2_driver': CMAKE_PREFIX_PATH=${CMAKE_PREFIX_PATH}:/opt/ros/humble /usr/bin/cmake /home/pretil/catkin_ws/src/limo_ros2/ydlidar_ros2 -DCMAKE_INSTALL_PREFIX=/home/pretil/catkin_ws/install/ydlidar_ros2_driver
[1.032s] DEBUG:colcon.colcon_core.event_handler.log_command:Invoked command in '/home/pretil/catkin_ws/build/limo_navigation' returned '0': CMAKE_PREFIX_PATH=${CMAKE_PREFIX_PATH}:/opt/ros/humble /usr/bin/cmake /home/pretil/catkin_ws/src/limo_ros2/limo_navigation -DCMAKE_INSTALL_PREFIX=/home/pretil/catkin_ws/install/limo_navigation
[1.034s] DEBUG:colcon.colcon_core.event_handler.log_command:Invoking command in '/home/pretil/catkin_ws/build/limo_navigation': CMAKE_PREFIX_PATH=${CMAKE_PREFIX_PATH}:/opt/ros/humble /usr/bin/cmake --build /home/pretil/catkin_ws/build/limo_navigation -- -j12 -l12
[1.035s] DEBUG:colcon.colcon_core.event_handler.log_command:Invoked command in '/home/pretil/catkin_ws/build/limo_description' returned '0': CMAKE_PREFIX_PATH=${CMAKE_PREFIX_PATH}:/opt/ros/humble /usr/bin/cmake /home/pretil/catkin_ws/src/limo_ros2/limo_description -DCMAKE_INSTALL_PREFIX=/home/pretil/catkin_ws/install/limo_description
[1.036s] DEBUG:colcon.colcon_core.event_handler.log_command:Invoking command in '/home/pretil/catkin_ws/build/limo_description': CMAKE_PREFIX_PATH=${CMAKE_PREFIX_PATH}:/opt/ros/humble /usr/bin/cmake --build /home/pretil/catkin_ws/build/limo_description -- -j12 -l12
[1.062s] DEBUG:colcon.colcon_core.event_handler.log_command:Invoked command in '/home/pretil/catkin_ws/build/limo_car' returned '0': CMAKE_PREFIX_PATH=${CMAKE_PREFIX_PATH}:/opt/ros/humble /usr/bin/cmake /home/pretil/catkin_ws/src/limo_ros2/limo_car -DCMAKE_INSTALL_PREFIX=/home/pretil/catkin_ws/install/limo_car
[1.063s] DEBUG:colcon.colcon_core.event_handler.log_command:Invoking command in '/home/pretil/catkin_ws/build/limo_car': CMAKE_PREFIX_PATH=${CMAKE_PREFIX_PATH}:/opt/ros/humble /usr/bin/cmake --build /home/pretil/catkin_ws/build/limo_car -- -j12 -l12
[1.064s] DEBUG:colcon.colcon_core.event_handler.log_command:Invoked command in '/home/pretil/catkin_ws/build/limo_gazebosim' returned '0': CMAKE_PREFIX_PATH=${CMAKE_PREFIX_PATH}:/opt/ros/humble /usr/bin/cmake /home/pretil/catkin_ws/src/limo_ros2/limo_gazebosim -DCMAKE_INSTALL_PREFIX=/home/pretil/catkin_ws/install/limo_gazebosim
[1.066s] DEBUG:colcon.colcon_core.event_handler.log_command:Invoking command in '/home/pretil/catkin_ws/build/limo_gazebosim': CMAKE_PREFIX_PATH=${CMAKE_PREFIX_PATH}:/opt/ros/humble /usr/bin/cmake --build /home/pretil/catkin_ws/build/limo_gazebosim -- -j12 -l12
[1.068s] DEBUG:colcon.colcon_core.event_handler.log_command:Invoked command in '/home/pretil/catkin_ws/build/limo_navigation' returned '0': CMAKE_PREFIX_PATH=${CMAKE_PREFIX_PATH}:/opt/ros/humble /usr/bin/cmake --build /home/pretil/catkin_ws/build/limo_navigation -- -j12 -l12
[1.076s] DEBUG:colcon.colcon_core.event_handler.log_command:Invoking command in '/home/pretil/catkin_ws/build/limo_navigation': CMAKE_PREFIX_PATH=${CMAKE_PREFIX_PATH}:/opt/ros/humble /usr/bin/cmake --install /home/pretil/catkin_ws/build/limo_navigation
[1.077s] DEBUG:colcon.colcon_core.event_handler.log_command:Invoked command in '/home/pretil/catkin_ws/build/limo_description' returned '0': CMAKE_PREFIX_PATH=${CMAKE_PREFIX_PATH}:/opt/ros/humble /usr/bin/cmake --build /home/pretil/catkin_ws/build/limo_description -- -j12 -l12
[1.079s] DEBUG:colcon.colcon_core.event_handler.log_command:Invoking command in '/home/pretil/catkin_ws/build/limo_description': CMAKE_PREFIX_PATH=${CMAKE_PREFIX_PATH}:/opt/ros/humble /usr/bin/cmake --install /home/pretil/catkin_ws/build/limo_description
[1.090s] Level 1:colcon.colcon_core.environment:create_environment_scripts_only(limo_navigation)
[1.090s] DEBUG:colcon.colcon_core.event_handler.log_command:Invoked command in '/home/pretil/catkin_ws/build/limo_navigation' returned '0': CMAKE_PREFIX_PATH=${CMAKE_PREFIX_PATH}:/opt/ros/humble /usr/bin/cmake --install /home/pretil/catkin_ws/build/limo_navigation
[1.093s] Level 1:colcon.colcon_core.environment:checking '/home/pretil/catkin_ws/install/limo_navigation' for CMake module files
[1.093s] Level 1:colcon.colcon_core.environment:checking '/home/pretil/catkin_ws/install/limo_navigation' for CMake config files
[1.094s] Level 1:colcon.colcon_core.shell:create_environment_hook('limo_navigation', 'cmake_prefix_path')
[1.094s] INFO:colcon.colcon_core.shell:Creating environment hook '/home/pretil/catkin_ws/install/limo_navigation/share/limo_navigation/hook/cmake_prefix_path.ps1'
[1.094s] INFO:colcon.colcon_core.shell:Creating environment descriptor '/home/pretil/catkin_ws/install/limo_navigation/share/limo_navigation/hook/cmake_prefix_path.dsv'
[1.095s] INFO:colcon.colcon_core.shell:Creating environment hook '/home/pretil/catkin_ws/install/limo_navigation/share/limo_navigation/hook/cmake_prefix_path.sh'
[1.096s] Level 1:colcon.colcon_core.environment:checking '/home/pretil/catkin_ws/install/limo_navigation/bin'
[1.096s] Level 1:colcon.colcon_core.environment:checking '/home/pretil/catkin_ws/install/limo_navigation/lib/pkgconfig/limo_navigation.pc'
[1.097s] Level 1:colcon.colcon_core.environment:checking '/home/pretil/catkin_ws/install/limo_navigation/lib/python3.10/site-packages'
[1.098s] Level 1:colcon.colcon_core.environment:checking '/home/pretil/catkin_ws/install/limo_navigation/bin'
[1.098s] INFO:colcon.colcon_core.shell:Creating package script '/home/pretil/catkin_ws/install/limo_navigation/share/limo_navigation/package.ps1'
[1.099s] INFO:colcon.colcon_core.shell:Creating package descriptor '/home/pretil/catkin_ws/install/limo_navigation/share/limo_navigation/package.dsv'
[1.100s] INFO:colcon.colcon_core.shell:Creating package script '/home/pretil/catkin_ws/install/limo_navigation/share/limo_navigation/package.sh'
[1.100s] INFO:colcon.colcon_core.shell:Creating package script '/home/pretil/catkin_ws/install/limo_navigation/share/limo_navigation/package.bash'
[1.102s] INFO:colcon.colcon_core.shell:Creating package script '/home/pretil/catkin_ws/install/limo_navigation/share/limo_navigation/package.zsh'
[1.102s] Level 1:colcon.colcon_core.environment:create_file_with_runtime_dependencies(/home/pretil/catkin_ws/install/limo_navigation/share/colcon-core/packages/limo_navigation)
[1.103s] Level 1:colcon.colcon_core.environment:create_environment_scripts_only(limo_navigation)
[1.103s] Level 1:colcon.colcon_core.environment:checking '/home/pretil/catkin_ws/install/limo_navigation' for CMake module files
[1.104s] Level 1:colcon.colcon_core.environment:checking '/home/pretil/catkin_ws/install/limo_navigation' for CMake config files
[1.104s] Level 1:colcon.colcon_core.shell:create_environment_hook('limo_navigation', 'cmake_prefix_path')
[1.104s] INFO:colcon.colcon_core.shell:Creating environment hook '/home/pretil/catkin_ws/install/limo_navigation/share/limo_navigation/hook/cmake_prefix_path.ps1'
[1.104s] INFO:colcon.colcon_core.shell:Creating environment descriptor '/home/pretil/catkin_ws/install/limo_navigation/share/limo_navigation/hook/cmake_prefix_path.dsv'
[1.105s] INFO:colcon.colcon_core.shell:Creating environment hook '/home/pretil/catkin_ws/install/limo_navigation/share/limo_navigation/hook/cmake_prefix_path.sh'
[1.105s] Level 1:colcon.colcon_core.environment:checking '/home/pretil/catkin_ws/install/limo_navigation/bin'
[1.106s] Level 1:colcon.colcon_core.environment:checking '/home/pretil/catkin_ws/install/limo_navigation/lib/pkgconfig/limo_navigation.pc'
[1.106s] Level 1:colcon.colcon_core.environment:checking '/home/pretil/catkin_ws/install/limo_navigation/lib/python3.10/site-packages'
[1.106s] Level 1:colcon.colcon_core.environment:checking '/home/pretil/catkin_ws/install/limo_navigation/bin'
[1.106s] INFO:colcon.colcon_core.shell:Creating package script '/home/pretil/catkin_ws/install/limo_navigation/share/limo_navigation/package.ps1'
[1.107s] INFO:colcon.colcon_core.shell:Creating package descriptor '/home/pretil/catkin_ws/install/limo_navigation/share/limo_navigation/package.dsv'
[1.108s] INFO:colcon.colcon_core.shell:Creating package script '/home/pretil/catkin_ws/install/limo_navigation/share/limo_navigation/package.sh'
[1.108s] INFO:colcon.colcon_core.shell:Creating package script '/home/pretil/catkin_ws/install/limo_navigation/share/limo_navigation/package.bash'
[1.108s] INFO:colcon.colcon_core.shell:Creating package script '/home/pretil/catkin_ws/install/limo_navigation/share/limo_navigation/package.zsh'
[1.109s] Level 1:colcon.colcon_core.environment:create_file_with_runtime_dependencies(/home/pretil/catkin_ws/install/limo_navigation/share/colcon-core/packages/limo_navigation)
[1.110s] DEBUG:colcon.colcon_core.event_handler.log_command:Invoked command in '/home/pretil/catkin_ws/build/limo_car' returned '0': CMAKE_PREFIX_PATH=${CMAKE_PREFIX_PATH}:/opt/ros/humble /usr/bin/cmake --build /home/pretil/catkin_ws/build/limo_car -- -j12 -l12
[1.112s] DEBUG:colcon.colcon_core.event_handler.log_command:Invoking command in '/home/pretil/catkin_ws/build/limo_car': CMAKE_PREFIX_PATH=${CMAKE_PREFIX_PATH}:/opt/ros/humble /usr/bin/cmake --install /home/pretil/catkin_ws/build/limo_car
[1.112s] DEBUG:colcon.colcon_core.event_handler.log_command:Invoked command in '/home/pretil/catkin_ws/build/limo_gazebosim' returned '0': CMAKE_PREFIX_PATH=${CMAKE_PREFIX_PATH}:/opt/ros/humble /usr/bin/cmake --build /home/pretil/catkin_ws/build/limo_gazebosim -- -j12 -l12
[1.113s] DEBUG:colcon.colcon_core.event_handler.log_command:Invoking command in '/home/pretil/catkin_ws/build/limo_gazebosim': CMAKE_PREFIX_PATH=${CMAKE_PREFIX_PATH}:/opt/ros/humble /usr/bin/cmake --install /home/pretil/catkin_ws/build/limo_gazebosim
[1.126s] Level 1:colcon.colcon_core.environment:create_environment_scripts_only(limo_gazebosim)
[1.126s] Level 1:colcon.colcon_core.environment:checking '/home/pretil/catkin_ws/install/limo_gazebosim' for CMake module files
[1.126s] DEBUG:colcon.colcon_core.event_handler.log_command:Invoked command in '/home/pretil/catkin_ws/build/limo_gazebosim' returned '0': CMAKE_PREFIX_PATH=${CMAKE_PREFIX_PATH}:/opt/ros/humble /usr/bin/cmake --install /home/pretil/catkin_ws/build/limo_gazebosim
[1.127s] Level 1:colcon.colcon_core.environment:checking '/home/pretil/catkin_ws/install/limo_gazebosim' for CMake config files
[1.127s] Level 1:colcon.colcon_core.shell:create_environment_hook('limo_gazebosim', 'cmake_prefix_path')
[1.127s] INFO:colcon.colcon_core.shell:Creating environment hook '/home/pretil/catkin_ws/install/limo_gazebosim/share/limo_gazebosim/hook/cmake_prefix_path.ps1'
[1.128s] INFO:colcon.colcon_core.shell:Creating environment descriptor '/home/pretil/catkin_ws/install/limo_gazebosim/share/limo_gazebosim/hook/cmake_prefix_path.dsv'
[1.128s] INFO:colcon.colcon_core.shell:Creating environment hook '/home/pretil/catkin_ws/install/limo_gazebosim/share/limo_gazebosim/hook/cmake_prefix_path.sh'
[1.129s] Level 1:colcon.colcon_core.environment:checking '/home/pretil/catkin_ws/install/limo_gazebosim/bin'
[1.129s] Level 1:colcon.colcon_core.environment:checking '/home/pretil/catkin_ws/install/limo_gazebosim/lib/pkgconfig/limo_gazebosim.pc'
[1.129s] Level 1:colcon.colcon_core.environment:checking '/home/pretil/catkin_ws/install/limo_gazebosim/lib/python3.10/site-packages'
[1.129s] Level 1:colcon.colcon_core.environment:checking '/home/pretil/catkin_ws/install/limo_gazebosim/bin'
[1.130s] INFO:colcon.colcon_core.shell:Creating package script '/home/pretil/catkin_ws/install/limo_gazebosim/share/limo_gazebosim/package.ps1'
[1.130s] INFO:colcon.colcon_core.shell:Creating package descriptor '/home/pretil/catkin_ws/install/limo_gazebosim/share/limo_gazebosim/package.dsv'
[1.131s] INFO:colcon.colcon_core.shell:Creating package script '/home/pretil/catkin_ws/install/limo_gazebosim/share/limo_gazebosim/package.sh'
[1.131s] INFO:colcon.colcon_core.shell:Creating package script '/home/pretil/catkin_ws/install/limo_gazebosim/share/limo_gazebosim/package.bash'
[1.132s] INFO:colcon.colcon_core.shell:Creating package script '/home/pretil/catkin_ws/install/limo_gazebosim/share/limo_gazebosim/package.zsh'
[1.132s] Level 1:colcon.colcon_core.environment:create_file_with_runtime_dependencies(/home/pretil/catkin_ws/install/limo_gazebosim/share/colcon-core/packages/limo_gazebosim)
[1.132s] Level 1:colcon.colcon_core.environment:create_environment_scripts_only(limo_gazebosim)
[1.133s] Level 1:colcon.colcon_core.environment:checking '/home/pretil/catkin_ws/install/limo_gazebosim' for CMake module files
[1.133s] Level 1:colcon.colcon_core.environment:checking '/home/pretil/catkin_ws/install/limo_gazebosim' for CMake config files
[1.133s] Level 1:colcon.colcon_core.shell:create_environment_hook('limo_gazebosim', 'cmake_prefix_path')
[1.134s] INFO:colcon.colcon_core.shell:Creating environment hook '/home/pretil/catkin_ws/install/limo_gazebosim/share/limo_gazebosim/hook/cmake_prefix_path.ps1'
[1.134s] INFO:colcon.colcon_core.shell:Creating environment descriptor '/home/pretil/catkin_ws/install/limo_gazebosim/share/limo_gazebosim/hook/cmake_prefix_path.dsv'
[1.135s] INFO:colcon.colcon_core.shell:Creating environment hook '/home/pretil/catkin_ws/install/limo_gazebosim/share/limo_gazebosim/hook/cmake_prefix_path.sh'
[1.135s] Level 1:colcon.colcon_core.environment:checking '/home/pretil/catkin_ws/install/limo_gazebosim/bin'
[1.136s] Level 1:colcon.colcon_core.environment:checking '/home/pretil/catkin_ws/install/limo_gazebosim/lib/pkgconfig/limo_gazebosim.pc'
[1.136s] Level 1:colcon.colcon_core.environment:checking '/home/pretil/catkin_ws/install/limo_gazebosim/lib/python3.10/site-packages'
[1.136s] Level 1:colcon.colcon_core.environment:checking '/home/pretil/catkin_ws/install/limo_gazebosim/bin'
[1.137s] INFO:colcon.colcon_core.shell:Creating package script '/home/pretil/catkin_ws/install/limo_gazebosim/share/limo_gazebosim/package.ps1'
[1.138s] INFO:colcon.colcon_core.shell:Creating package descriptor '/home/pretil/catkin_ws/install/limo_gazebosim/share/limo_gazebosim/package.dsv'
[1.139s] INFO:colcon.colcon_core.shell:Creating package script '/home/pretil/catkin_ws/install/limo_gazebosim/share/limo_gazebosim/package.sh'
[1.139s] INFO:colcon.colcon_core.shell:Creating package script '/home/pretil/catkin_ws/install/limo_gazebosim/share/limo_gazebosim/package.bash'
[1.140s] INFO:colcon.colcon_core.shell:Creating package script '/home/pretil/catkin_ws/install/limo_gazebosim/share/limo_gazebosim/package.zsh'
[1.140s] Level 1:colcon.colcon_core.environment:create_file_with_runtime_dependencies(/home/pretil/catkin_ws/install/limo_gazebosim/share/colcon-core/packages/limo_gazebosim)
[1.431s] Level 1:colcon.colcon_core.environment:create_environment_scripts_only(limo_car)
[1.431s] Level 1:colcon.colcon_core.environment:checking '/home/pretil/catkin_ws/install/limo_car' for CMake module files
[1.432s] DEBUG:colcon.colcon_core.event_handler.log_command:Invoked command in '/home/pretil/catkin_ws/build/limo_car' returned '0': CMAKE_PREFIX_PATH=${CMAKE_PREFIX_PATH}:/opt/ros/humble /usr/bin/cmake --install /home/pretil/catkin_ws/build/limo_car
[1.432s] Level 1:colcon.colcon_core.environment:checking '/home/pretil/catkin_ws/install/limo_car' for CMake config files
[1.433s] Level 1:colcon.colcon_core.shell:create_environment_hook('limo_car', 'cmake_prefix_path')
[1.433s] INFO:colcon.colcon_core.shell:Creating environment hook '/home/pretil/catkin_ws/install/limo_car/share/limo_car/hook/cmake_prefix_path.ps1'
[1.434s] INFO:colcon.colcon_core.shell:Creating environment descriptor '/home/pretil/catkin_ws/install/limo_car/share/limo_car/hook/cmake_prefix_path.dsv'
[1.434s] INFO:colcon.colcon_core.shell:Creating environment hook '/home/pretil/catkin_ws/install/limo_car/share/limo_car/hook/cmake_prefix_path.sh'
[1.435s] Level 1:colcon.colcon_core.environment:checking '/home/pretil/catkin_ws/install/limo_car/bin'
[1.435s] Level 1:colcon.colcon_core.environment:checking '/home/pretil/catkin_ws/install/limo_car/lib/pkgconfig/limo_car.pc'
[1.435s] Level 1:colcon.colcon_core.environment:checking '/home/pretil/catkin_ws/install/limo_car/lib/python3.10/site-packages'
[1.435s] Level 1:colcon.colcon_core.environment:checking '/home/pretil/catkin_ws/install/limo_car/bin'
[1.436s] INFO:colcon.colcon_core.shell:Creating package script '/home/pretil/catkin_ws/install/limo_car/share/limo_car/package.ps1'
[1.436s] INFO:colcon.colcon_core.shell:Creating package descriptor '/home/pretil/catkin_ws/install/limo_car/share/limo_car/package.dsv'
[1.437s] INFO:colcon.colcon_core.shell:Creating package script '/home/pretil/catkin_ws/install/limo_car/share/limo_car/package.sh'
[1.437s] INFO:colcon.colcon_core.shell:Creating package script '/home/pretil/catkin_ws/install/limo_car/share/limo_car/package.bash'
[1.438s] INFO:colcon.colcon_core.shell:Creating package script '/home/pretil/catkin_ws/install/limo_car/share/limo_car/package.zsh'
[1.438s] Level 1:colcon.colcon_core.environment:create_file_with_runtime_dependencies(/home/pretil/catkin_ws/install/limo_car/share/colcon-core/packages/limo_car)
[1.439s] Level 1:colcon.colcon_core.environment:create_environment_scripts_only(limo_car)
[1.439s] Level 1:colcon.colcon_core.environment:checking '/home/pretil/catkin_ws/install/limo_car' for CMake module files
[1.440s] Level 1:colcon.colcon_core.environment:checking '/home/pretil/catkin_ws/install/limo_car' for CMake config files
[1.440s] Level 1:colcon.colcon_core.shell:create_environment_hook('limo_car', 'cmake_prefix_path')
[1.440s] INFO:colcon.colcon_core.shell:Creating environment hook '/home/pretil/catkin_ws/install/limo_car/share/limo_car/hook/cmake_prefix_path.ps1'
[1.441s] INFO:colcon.colcon_core.shell:Creating environment descriptor '/home/pretil/catkin_ws/install/limo_car/share/limo_car/hook/cmake_prefix_path.dsv'
[1.441s] INFO:colcon.colcon_core.shell:Creating environment hook '/home/pretil/catkin_ws/install/limo_car/share/limo_car/hook/cmake_prefix_path.sh'
[1.442s] Level 1:colcon.colcon_core.environment:checking '/home/pretil/catkin_ws/install/limo_car/bin'
[1.442s] Level 1:colcon.colcon_core.environment:checking '/home/pretil/catkin_ws/install/limo_car/lib/pkgconfig/limo_car.pc'
[1.442s] Level 1:colcon.colcon_core.environment:checking '/home/pretil/catkin_ws/install/limo_car/lib/python3.10/site-packages'
[1.442s] Level 1:colcon.colcon_core.environment:checking '/home/pretil/catkin_ws/install/limo_car/bin'
[1.443s] INFO:colcon.colcon_core.shell:Creating package script '/home/pretil/catkin_ws/install/limo_car/share/limo_car/package.ps1'
[1.443s] INFO:colcon.colcon_core.shell:Creating package descriptor '/home/pretil/catkin_ws/install/limo_car/share/limo_car/package.dsv'
[1.444s] INFO:colcon.colcon_core.shell:Creating package script '/home/pretil/catkin_ws/install/limo_car/share/limo_car/package.sh'
[1.445s] INFO:colcon.colcon_core.shell:Creating package script '/home/pretil/catkin_ws/install/limo_car/share/limo_car/package.bash'
[1.446s] INFO:colcon.colcon_core.shell:Creating package script '/home/pretil/catkin_ws/install/limo_car/share/limo_car/package.zsh'
[1.446s] Level 1:colcon.colcon_core.environment:create_file_with_runtime_dependencies(/home/pretil/catkin_ws/install/limo_car/share/colcon-core/packages/limo_car)
[1.451s] Level 1:colcon.colcon_core.environment:create_environment_scripts_only(limo_description)
[1.451s] Level 1:colcon.colcon_core.environment:checking '/home/pretil/catkin_ws/install/limo_description' for CMake module files
[1.452s] DEBUG:colcon.colcon_core.event_handler.log_command:Invoked command in '/home/pretil/catkin_ws/build/limo_description' returned '0': CMAKE_PREFIX_PATH=${CMAKE_PREFIX_PATH}:/opt/ros/humble /usr/bin/cmake --install /home/pretil/catkin_ws/build/limo_description
[1.452s] Level 1:colcon.colcon_core.environment:checking '/home/pretil/catkin_ws/install/limo_description' for CMake config files
[1.452s] Level 1:colcon.colcon_core.shell:create_environment_hook('limo_description', 'cmake_prefix_path')
[1.452s] INFO:colcon.colcon_core.shell:Creating environment hook '/home/pretil/catkin_ws/install/limo_description/share/limo_description/hook/cmake_prefix_path.ps1'
[1.453s] INFO:colcon.colcon_core.shell:Creating environment descriptor '/home/pretil/catkin_ws/install/limo_description/share/limo_description/hook/cmake_prefix_path.dsv'
[1.453s] INFO:colcon.colcon_core.shell:Creating environment hook '/home/pretil/catkin_ws/install/limo_description/share/limo_description/hook/cmake_prefix_path.sh'
[1.454s] Level 1:colcon.colcon_core.environment:checking '/home/pretil/catkin_ws/install/limo_description/bin'
[1.454s] Level 1:colcon.colcon_core.environment:checking '/home/pretil/catkin_ws/install/limo_description/lib/pkgconfig/limo_description.pc'
[1.454s] Level 1:colcon.colcon_core.environment:checking '/home/pretil/catkin_ws/install/limo_description/lib/python3.10/site-packages'
[1.454s] Level 1:colcon.colcon_core.environment:checking '/home/pretil/catkin_ws/install/limo_description/bin'
[1.455s] INFO:colcon.colcon_core.shell:Creating package script '/home/pretil/catkin_ws/install/limo_description/share/limo_description/package.ps1'
[1.455s] INFO:colcon.colcon_core.shell:Creating package descriptor '/home/pretil/catkin_ws/install/limo_description/share/limo_description/package.dsv'
[1.455s] INFO:colcon.colcon_core.shell:Creating package script '/home/pretil/catkin_ws/install/limo_description/share/limo_description/package.sh'
[1.456s] INFO:colcon.colcon_core.shell:Creating package script '/home/pretil/catkin_ws/install/limo_description/share/limo_description/package.bash'
[1.456s] INFO:colcon.colcon_core.shell:Creating package script '/home/pretil/catkin_ws/install/limo_description/share/limo_description/package.zsh'
[1.457s] Level 1:colcon.colcon_core.environment:create_file_with_runtime_dependencies(/home/pretil/catkin_ws/install/limo_description/share/colcon-core/packages/limo_description)
[1.457s] Level 1:colcon.colcon_core.environment:create_environment_scripts_only(limo_description)
[1.458s] Level 1:colcon.colcon_core.environment:checking '/home/pretil/catkin_ws/install/limo_description' for CMake module files
[1.458s] Level 1:colcon.colcon_core.environment:checking '/home/pretil/catkin_ws/install/limo_description' for CMake config files
[1.458s] Level 1:colcon.colcon_core.shell:create_environment_hook('limo_description', 'cmake_prefix_path')
[1.458s] INFO:colcon.colcon_core.shell:Creating environment hook '/home/pretil/catkin_ws/install/limo_description/share/limo_description/hook/cmake_prefix_path.ps1'
[1.459s] INFO:colcon.colcon_core.shell:Creating environment descriptor '/home/pretil/catkin_ws/install/limo_description/share/limo_description/hook/cmake_prefix_path.dsv'
[1.459s] INFO:colcon.colcon_core.shell:Creating environment hook '/home/pretil/catkin_ws/install/limo_description/share/limo_description/hook/cmake_prefix_path.sh'
[1.460s] Level 1:colcon.colcon_core.environment:checking '/home/pretil/catkin_ws/install/limo_description/bin'
[1.460s] Level 1:colcon.colcon_core.environment:checking '/home/pretil/catkin_ws/install/limo_description/lib/pkgconfig/limo_description.pc'
[1.460s] Level 1:colcon.colcon_core.environment:checking '/home/pretil/catkin_ws/install/limo_description/lib/python3.10/site-packages'
[1.460s] Level 1:colcon.colcon_core.environment:checking '/home/pretil/catkin_ws/install/limo_description/bin'
[1.461s] INFO:colcon.colcon_core.shell:Creating package script '/home/pretil/catkin_ws/install/limo_description/share/limo_description/package.ps1'
[1.461s] INFO:colcon.colcon_core.shell:Creating package descriptor '/home/pretil/catkin_ws/install/limo_description/share/limo_description/package.dsv'
[1.462s] INFO:colcon.colcon_core.shell:Creating package script '/home/pretil/catkin_ws/install/limo_description/share/limo_description/package.sh'
[1.462s] INFO:colcon.colcon_core.shell:Creating package script '/home/pretil/catkin_ws/install/limo_description/share/limo_description/package.bash'
[1.462s] INFO:colcon.colcon_core.shell:Creating package script '/home/pretil/catkin_ws/install/limo_description/share/limo_description/package.zsh'
[1.463s] Level 1:colcon.colcon_core.environment:create_file_with_runtime_dependencies(/home/pretil/catkin_ws/install/limo_description/share/colcon-core/packages/limo_description)
[1.580s] DEBUG:colcon.colcon_core.event_handler.log_command:Invoked command in '/home/pretil/catkin_ws/build/ydlidar_ros2_driver' returned '1': CMAKE_PREFIX_PATH=${CMAKE_PREFIX_PATH}:/opt/ros/humble /usr/bin/cmake /home/pretil/catkin_ws/src/limo_ros2/ydlidar_ros2 -DCMAKE_INSTALL_PREFIX=/home/pretil/catkin_ws/install/ydlidar_ros2_driver
[1.589s] Level 1:colcon.colcon_core.environment:create_environment_scripts_only(ydlidar_ros2_driver)
[1.589s] Level 1:colcon.colcon_core.environment:checking '/home/pretil/catkin_ws/install/ydlidar_ros2_driver' for CMake module files
[1.589s] Level 1:colcon.colcon_core.environment:checking '/home/pretil/catkin_ws/install/ydlidar_ros2_driver' for CMake config files
[1.590s] Level 1:colcon.colcon_core.environment:checking '/home/pretil/catkin_ws/install/ydlidar_ros2_driver/bin'
[1.590s] Level 1:colcon.colcon_core.environment:checking '/home/pretil/catkin_ws/install/ydlidar_ros2_driver/lib/pkgconfig/ydlidar_ros2_driver.pc'
[1.590s] Level 1:colcon.colcon_core.environment:checking '/home/pretil/catkin_ws/install/ydlidar_ros2_driver/lib/python3.10/site-packages'
[1.590s] Level 1:colcon.colcon_core.environment:checking '/home/pretil/catkin_ws/install/ydlidar_ros2_driver/bin'
[1.590s] INFO:colcon.colcon_core.shell:Creating package script '/home/pretil/catkin_ws/install/ydlidar_ros2_driver/share/ydlidar_ros2_driver/package.ps1'
[1.591s] INFO:colcon.colcon_core.shell:Creating package descriptor '/home/pretil/catkin_ws/install/ydlidar_ros2_driver/share/ydlidar_ros2_driver/package.dsv'
[1.591s] INFO:colcon.colcon_core.shell:Creating package script '/home/pretil/catkin_ws/install/ydlidar_ros2_driver/share/ydlidar_ros2_driver/package.sh'
[1.591s] INFO:colcon.colcon_core.shell:Creating package script '/home/pretil/catkin_ws/install/ydlidar_ros2_driver/share/ydlidar_ros2_driver/package.bash'
[1.592s] INFO:colcon.colcon_core.shell:Creating package script '/home/pretil/catkin_ws/install/ydlidar_ros2_driver/share/ydlidar_ros2_driver/package.zsh'
[1.592s] Level 1:colcon.colcon_core.environment:create_file_with_runtime_dependencies(/home/pretil/catkin_ws/install/ydlidar_ros2_driver/share/colcon-core/packages/ydlidar_ros2_driver)
[2.106s] DEBUG:colcon.colcon_parallel_executor.executor.parallel:closing loop
[2.106s] DEBUG:colcon.colcon_parallel_executor.executor.parallel:loop closed
[2.107s] DEBUG:colcon.colcon_parallel_executor.executor.parallel:run_until_complete finished with '1'
[2.107s] DEBUG:colcon.colcon_core.event_reactor:joining thread
[2.112s] INFO:colcon.colcon_core.plugin_system:Skipping extension 'colcon_notification.desktop_notification.notify_send': Could not find 'notify-send'
[2.112s] INFO:colcon.colcon_core.plugin_system:Skipping extension 'colcon_notification.desktop_notification.terminal_notifier': Not used on non-Darwin systems
[2.112s] INFO:colcon.colcon_core.plugin_system:Skipping extension 'colcon_notification.desktop_notification.win32': Not used on non-Windows systems
[2.113s] INFO:colcon.colcon_notification.desktop_notification:Sending desktop notification using 'notify2'
[2.114s] DEBUG:colcon.colcon_notification.desktop_notification.notify2:Failed to initialize notify2: org.freedesktop.DBus.Error.Spawn.ExecFailed: /usr/bin/dbus-launch terminated abnormally without any error message
[2.114s] DEBUG:colcon.colcon_core.event_reactor:joined thread
[2.115s] INFO:colcon.colcon_core.shell:Creating prefix script '/home/pretil/catkin_ws/install/local_setup.ps1'
[2.116s] INFO:colcon.colcon_core.shell:Creating prefix util module '/home/pretil/catkin_ws/install/_local_setup_util_ps1.py'
[2.117s] INFO:colcon.colcon_core.shell:Creating prefix chain script '/home/pretil/catkin_ws/install/setup.ps1'
[2.119s] INFO:colcon.colcon_core.shell:Creating prefix script '/home/pretil/catkin_ws/install/local_setup.sh'
[2.119s] INFO:colcon.colcon_core.shell:Creating prefix util module '/home/pretil/catkin_ws/install/_local_setup_util_sh.py'
[2.120s] INFO:colcon.colcon_core.shell:Creating prefix chain script '/home/pretil/catkin_ws/install/setup.sh'
[2.121s] INFO:colcon.colcon_core.shell:Creating prefix script '/home/pretil/catkin_ws/install/local_setup.bash'
[2.121s] INFO:colcon.colcon_core.shell:Creating prefix chain script '/home/pretil/catkin_ws/install/setup.bash'
[2.122s] INFO:colcon.colcon_core.shell:Creating prefix script '/home/pretil/catkin_ws/install/local_setup.zsh'
[2.123s] INFO:colcon.colcon_core.shell:Creating prefix chain script '/home/pretil/catkin_ws/install/setup.zsh'
