[  3%] [34m[1mGenerating C code for ROS interfaces[0m
[  9%] [34m[1mGenerating Rust code for ROS interfaces[0m
[  9%] [34m[1mGenerating C++ code for ROS interfaces[0m
[  9%] Built target ament_cmake_python_copy_limo_msgs
[  9%] Built target limo_msgs__rs
[  9%] Built target limo_msgs__cpp
[ 18%] [34m[1mGenerating C++ type support dispatch for ROS interfaces[0m
[ 18%] [34m[1mGenerating C++ type support for eProsima Fast-RTPS[0m
[ 18%] [34m[1mGenerating C++ introspection for ROS interfaces[0m
[ 21%] [32mBuilding C object CMakeFiles/limo_msgs__rosidl_generator_c.dir/rosidl_generator_c/limo_msgs/msg/detail/limo_status__functions.c.o[0m
running egg_info
creating limo_msgs.egg-info
writing limo_msgs.egg-info/PKG-INFO
writing dependency_links to limo_msgs.egg-info/dependency_links.txt
writing top-level names to limo_msgs.egg-info/top_level.txt
writing manifest file 'limo_msgs.egg-info/SOURCES.txt'
reading manifest file 'limo_msgs.egg-info/SOURCES.txt'
writing manifest file 'limo_msgs.egg-info/SOURCES.txt'
[ 21%] Built target ament_cmake_python_build_limo_msgs_egg
[ 25%] [32m[1mLinking C shared library liblimo_msgs__rosidl_generator_c.so[0m
[ 25%] Built target limo_msgs__rosidl_generator_c
[ 34%] [34m[1mGenerating C type support for eProsima Fast-RTPS[0m
[ 34%] [34m[1mGenerating C introspection for ROS interfaces[0m
[ 34%] [34m[1mGenerating C type support dispatch for ROS interfaces[0m
[ 37%] [32mBuilding CXX object CMakeFiles/limo_msgs__rosidl_typesupport_cpp.dir/rosidl_typesupport_cpp/limo_msgs/msg/limo_status__type_support.cpp.o[0m
[ 40%] [32mBuilding CXX object CMakeFiles/limo_msgs__rosidl_typesupport_introspection_cpp.dir/rosidl_typesupport_introspection_cpp/limo_msgs/msg/detail/limo_status__type_support.cpp.o[0m
[ 43%] [32mBuilding CXX object CMakeFiles/limo_msgs__rosidl_typesupport_fastrtps_cpp.dir/rosidl_typesupport_fastrtps_cpp/limo_msgs/msg/detail/dds_fastrtps/limo_status__type_support.cpp.o[0m
[ 46%] [32mBuilding CXX object CMakeFiles/limo_msgs__rosidl_typesupport_c.dir/rosidl_typesupport_c/limo_msgs/msg/limo_status__type_support.cpp.o[0m
[ 50%] [32m[1mLinking CXX shared library liblimo_msgs__rosidl_typesupport_c.so[0m
[ 56%] [32mBuilding CXX object CMakeFiles/limo_msgs__rosidl_typesupport_fastrtps_c.dir/rosidl_typesupport_fastrtps_c/limo_msgs/msg/detail/limo_status__type_support_c.cpp.o[0m
[ 56%] [32mBuilding C object CMakeFiles/limo_msgs__rosidl_typesupport_introspection_c.dir/rosidl_typesupport_introspection_c/limo_msgs/msg/detail/limo_status__type_support.c.o[0m
[ 56%] Built target limo_msgs__rosidl_typesupport_c
[ 59%] [32m[1mLinking C shared library liblimo_msgs__rosidl_typesupport_introspection_c.so[0m
[ 59%] Built target limo_msgs__rosidl_typesupport_introspection_c
[ 62%] [32m[1mLinking CXX shared library liblimo_msgs__rosidl_typesupport_cpp.so[0m
[ 62%] Built target limo_msgs__rosidl_typesupport_cpp
[ 65%] [32m[1mLinking CXX shared library liblimo_msgs__rosidl_typesupport_introspection_cpp.so[0m
[ 68%] [32m[1mLinking CXX shared library liblimo_msgs__rosidl_typesupport_fastrtps_cpp.so[0m
[ 71%] [32m[1mLinking CXX shared library liblimo_msgs__rosidl_typesupport_fastrtps_c.so[0m
[ 71%] Built target limo_msgs__rosidl_typesupport_introspection_cpp
[ 71%] Built target limo_msgs__rosidl_typesupport_fastrtps_cpp
[ 71%] Built target limo_msgs__rosidl_typesupport_fastrtps_c
[ 71%] Built target limo_msgs
[ 75%] [34m[1mGenerating Python code for ROS interfaces[0m
[ 75%] Built target limo_msgs__py
[ 78%] [32mBuilding C object CMakeFiles/limo_msgs__rosidl_generator_py.dir/rosidl_generator_py/limo_msgs/msg/_limo_status_s.c.o[0m
[ 81%] [32m[1mLinking C shared library rosidl_generator_py/limo_msgs/liblimo_msgs__rosidl_generator_py.so[0m
[ 81%] Built target limo_msgs__rosidl_generator_py
[ 90%] [32mBuilding C object CMakeFiles/limo_msgs__rosidl_typesupport_fastrtps_c__pyext.dir/rosidl_generator_py/limo_msgs/_limo_msgs_s.ep.rosidl_typesupport_fastrtps_c.c.o[0m
[ 90%] [32mBuilding C object CMakeFiles/limo_msgs__rosidl_typesupport_introspection_c__pyext.dir/rosidl_generator_py/limo_msgs/_limo_msgs_s.ep.rosidl_typesupport_introspection_c.c.o[0m
[ 90%] [32mBuilding C object CMakeFiles/limo_msgs__rosidl_typesupport_c__pyext.dir/rosidl_generator_py/limo_msgs/_limo_msgs_s.ep.rosidl_typesupport_c.c.o[0m
[ 96%] [32m[1mLinking C shared library rosidl_generator_py/limo_msgs/limo_msgs_s__rosidl_typesupport_fastrtps_c.cpython-310-x86_64-linux-gnu.so[0m
[ 96%] [32m[1mLinking C shared library rosidl_generator_py/limo_msgs/limo_msgs_s__rosidl_typesupport_introspection_c.cpython-310-x86_64-linux-gnu.so[0m
[100%] [32m[1mLinking C shared library rosidl_generator_py/limo_msgs/limo_msgs_s__rosidl_typesupport_c.cpython-310-x86_64-linux-gnu.so[0m
[100%] Built target limo_msgs__rosidl_typesupport_introspection_c__pyext
[100%] Built target limo_msgs__rosidl_typesupport_fastrtps_c__pyext
[100%] Built target limo_msgs__rosidl_typesupport_c__pyext
-- Install configuration: ""
-- Installing: /home/pretil/catkin_ws/install/limo_msgs/share/ament_index/resource_index/rosidl_interfaces/limo_msgs
-- Installing: /home/pretil/catkin_ws/install/limo_msgs/include/limo_msgs/limo_msgs
-- Installing: /home/pretil/catkin_ws/install/limo_msgs/include/limo_msgs/limo_msgs/msg
-- Installing: /home/pretil/catkin_ws/install/limo_msgs/include/limo_msgs/limo_msgs/msg/limo_status.h
-- Installing: /home/pretil/catkin_ws/install/limo_msgs/include/limo_msgs/limo_msgs/msg/rosidl_generator_c__visibility_control.h
-- Installing: /home/pretil/catkin_ws/install/limo_msgs/include/limo_msgs/limo_msgs/msg/detail
-- Installing: /home/pretil/catkin_ws/install/limo_msgs/include/limo_msgs/limo_msgs/msg/detail/limo_status__type_support.h
-- Installing: /home/pretil/catkin_ws/install/limo_msgs/include/limo_msgs/limo_msgs/msg/detail/limo_status__struct.h
-- Installing: /home/pretil/catkin_ws/install/limo_msgs/include/limo_msgs/limo_msgs/msg/detail/limo_status__functions.c
-- Installing: /home/pretil/catkin_ws/install/limo_msgs/include/limo_msgs/limo_msgs/msg/detail/limo_status__functions.h
-- Installing: /home/pretil/catkin_ws/install/limo_msgs/share/limo_msgs/environment/library_path.sh
-- Installing: /home/pretil/catkin_ws/install/limo_msgs/share/limo_msgs/environment/library_path.dsv
-- Installing: /home/pretil/catkin_ws/install/limo_msgs/lib/liblimo_msgs__rosidl_generator_c.so
-- Set runtime path of "/home/pretil/catkin_ws/install/limo_msgs/lib/liblimo_msgs__rosidl_generator_c.so" to ""
-- Up-to-date: /home/pretil/catkin_ws/install/limo_msgs/include/limo_msgs/limo_msgs
-- Up-to-date: /home/pretil/catkin_ws/install/limo_msgs/include/limo_msgs/limo_msgs/msg
-- Installing: /home/pretil/catkin_ws/install/limo_msgs/include/limo_msgs/limo_msgs/msg/rosidl_typesupport_fastrtps_c__visibility_control.h
-- Up-to-date: /home/pretil/catkin_ws/install/limo_msgs/include/limo_msgs/limo_msgs/msg/detail
-- Installing: /home/pretil/catkin_ws/install/limo_msgs/include/limo_msgs/limo_msgs/msg/detail/limo_status__rosidl_typesupport_fastrtps_c.h
-- Installing: /home/pretil/catkin_ws/install/limo_msgs/lib/liblimo_msgs__rosidl_typesupport_fastrtps_c.so
-- Set runtime path of "/home/pretil/catkin_ws/install/limo_msgs/lib/liblimo_msgs__rosidl_typesupport_fastrtps_c.so" to ""
-- Up-to-date: /home/pretil/catkin_ws/install/limo_msgs/include/limo_msgs/limo_msgs
-- Up-to-date: /home/pretil/catkin_ws/install/limo_msgs/include/limo_msgs/limo_msgs/msg
-- Installing: /home/pretil/catkin_ws/install/limo_msgs/include/limo_msgs/limo_msgs/msg/limo_status.hpp
-- Up-to-date: /home/pretil/catkin_ws/install/limo_msgs/include/limo_msgs/limo_msgs/msg/detail
-- Installing: /home/pretil/catkin_ws/install/limo_msgs/include/limo_msgs/limo_msgs/msg/detail/limo_status__struct.hpp
-- Installing: /home/pretil/catkin_ws/install/limo_msgs/include/limo_msgs/limo_msgs/msg/detail/limo_status__type_support.hpp
-- Installing: /home/pretil/catkin_ws/install/limo_msgs/include/limo_msgs/limo_msgs/msg/detail/limo_status__builder.hpp
-- Installing: /home/pretil/catkin_ws/install/limo_msgs/include/limo_msgs/limo_msgs/msg/detail/limo_status__traits.hpp
-- Installing: /home/pretil/catkin_ws/install/limo_msgs/include/limo_msgs/limo_msgs/msg/rosidl_generator_cpp__visibility_control.hpp
-- Up-to-date: /home/pretil/catkin_ws/install/limo_msgs/include/limo_msgs/limo_msgs
-- Up-to-date: /home/pretil/catkin_ws/install/limo_msgs/include/limo_msgs/limo_msgs/msg
-- Installing: /home/pretil/catkin_ws/install/limo_msgs/include/limo_msgs/limo_msgs/msg/rosidl_typesupport_fastrtps_cpp__visibility_control.h
-- Up-to-date: /home/pretil/catkin_ws/install/limo_msgs/include/limo_msgs/limo_msgs/msg/detail
-- Installing: /home/pretil/catkin_ws/install/limo_msgs/include/limo_msgs/limo_msgs/msg/detail/dds_fastrtps
-- Installing: /home/pretil/catkin_ws/install/limo_msgs/include/limo_msgs/limo_msgs/msg/detail/limo_status__rosidl_typesupport_fastrtps_cpp.hpp
-- Installing: /home/pretil/catkin_ws/install/limo_msgs/lib/liblimo_msgs__rosidl_typesupport_fastrtps_cpp.so
-- Set runtime path of "/home/pretil/catkin_ws/install/limo_msgs/lib/liblimo_msgs__rosidl_typesupport_fastrtps_cpp.so" to ""
-- Up-to-date: /home/pretil/catkin_ws/install/limo_msgs/include/limo_msgs/limo_msgs
-- Up-to-date: /home/pretil/catkin_ws/install/limo_msgs/include/limo_msgs/limo_msgs/msg
-- Up-to-date: /home/pretil/catkin_ws/install/limo_msgs/include/limo_msgs/limo_msgs/msg/detail
-- Installing: /home/pretil/catkin_ws/install/limo_msgs/include/limo_msgs/limo_msgs/msg/detail/limo_status__rosidl_typesupport_introspection_c.h
-- Installing: /home/pretil/catkin_ws/install/limo_msgs/include/limo_msgs/limo_msgs/msg/detail/limo_status__type_support.c
-- Installing: /home/pretil/catkin_ws/install/limo_msgs/include/limo_msgs/limo_msgs/msg/rosidl_typesupport_introspection_c__visibility_control.h
-- Installing: /home/pretil/catkin_ws/install/limo_msgs/lib/liblimo_msgs__rosidl_typesupport_introspection_c.so
-- Set runtime path of "/home/pretil/catkin_ws/install/limo_msgs/lib/liblimo_msgs__rosidl_typesupport_introspection_c.so" to ""
-- Installing: /home/pretil/catkin_ws/install/limo_msgs/lib/liblimo_msgs__rosidl_typesupport_c.so
-- Set runtime path of "/home/pretil/catkin_ws/install/limo_msgs/lib/liblimo_msgs__rosidl_typesupport_c.so" to ""
-- Up-to-date: /home/pretil/catkin_ws/install/limo_msgs/include/limo_msgs/limo_msgs
-- Up-to-date: /home/pretil/catkin_ws/install/limo_msgs/include/limo_msgs/limo_msgs/msg
-- Up-to-date: /home/pretil/catkin_ws/install/limo_msgs/include/limo_msgs/limo_msgs/msg/detail
-- Installing: /home/pretil/catkin_ws/install/limo_msgs/include/limo_msgs/limo_msgs/msg/detail/limo_status__rosidl_typesupport_introspection_cpp.hpp
-- Installing: /home/pretil/catkin_ws/install/limo_msgs/include/limo_msgs/limo_msgs/msg/detail/limo_status__type_support.cpp
-- Installing: /home/pretil/catkin_ws/install/limo_msgs/lib/liblimo_msgs__rosidl_typesupport_introspection_cpp.so
-- Set runtime path of "/home/pretil/catkin_ws/install/limo_msgs/lib/liblimo_msgs__rosidl_typesupport_introspection_cpp.so" to ""
-- Installing: /home/pretil/catkin_ws/install/limo_msgs/lib/liblimo_msgs__rosidl_typesupport_cpp.so
-- Set runtime path of "/home/pretil/catkin_ws/install/limo_msgs/lib/liblimo_msgs__rosidl_typesupport_cpp.so" to ""
-- Installing: /home/pretil/catkin_ws/install/limo_msgs/share/limo_msgs/environment/pythonpath.sh
-- Installing: /home/pretil/catkin_ws/install/limo_msgs/share/limo_msgs/environment/pythonpath.dsv
-- Installing: /home/pretil/catkin_ws/install/limo_msgs/local/lib/python3.10/dist-packages/limo_msgs-0.0.0-py3.10.egg-info
-- Installing: /home/pretil/catkin_ws/install/limo_msgs/local/lib/python3.10/dist-packages/limo_msgs-0.0.0-py3.10.egg-info/PKG-INFO
-- Installing: /home/pretil/catkin_ws/install/limo_msgs/local/lib/python3.10/dist-packages/limo_msgs-0.0.0-py3.10.egg-info/top_level.txt
-- Installing: /home/pretil/catkin_ws/install/limo_msgs/local/lib/python3.10/dist-packages/limo_msgs-0.0.0-py3.10.egg-info/SOURCES.txt
-- Installing: /home/pretil/catkin_ws/install/limo_msgs/local/lib/python3.10/dist-packages/limo_msgs-0.0.0-py3.10.egg-info/dependency_links.txt
-- Installing: /home/pretil/catkin_ws/install/limo_msgs/local/lib/python3.10/dist-packages/limo_msgs
-- Installing: /home/pretil/catkin_ws/install/limo_msgs/local/lib/python3.10/dist-packages/limo_msgs/limo_msgs_s__rosidl_typesupport_c.cpython-310-x86_64-linux-gnu.so
-- Installing: /home/pretil/catkin_ws/install/limo_msgs/local/lib/python3.10/dist-packages/limo_msgs/_limo_msgs_s.ep.rosidl_typesupport_introspection_c.c
-- Installing: /home/pretil/catkin_ws/install/limo_msgs/local/lib/python3.10/dist-packages/limo_msgs/_limo_msgs_s.ep.rosidl_typesupport_fastrtps_c.c
-- Installing: /home/pretil/catkin_ws/install/limo_msgs/local/lib/python3.10/dist-packages/limo_msgs/__init__.py
-- Installing: /home/pretil/catkin_ws/install/limo_msgs/local/lib/python3.10/dist-packages/limo_msgs/limo_msgs_s__rosidl_typesupport_fastrtps_c.cpython-310-x86_64-linux-gnu.so
-- Installing: /home/pretil/catkin_ws/install/limo_msgs/local/lib/python3.10/dist-packages/limo_msgs/limo_msgs_s__rosidl_typesupport_introspection_c.cpython-310-x86_64-linux-gnu.so
-- Installing: /home/pretil/catkin_ws/install/limo_msgs/local/lib/python3.10/dist-packages/limo_msgs/msg
-- Installing: /home/pretil/catkin_ws/install/limo_msgs/local/lib/python3.10/dist-packages/limo_msgs/msg/_limo_status.py
-- Installing: /home/pretil/catkin_ws/install/limo_msgs/local/lib/python3.10/dist-packages/limo_msgs/msg/__init__.py
-- Installing: /home/pretil/catkin_ws/install/limo_msgs/local/lib/python3.10/dist-packages/limo_msgs/msg/_limo_status_s.c
-- Installing: /home/pretil/catkin_ws/install/limo_msgs/local/lib/python3.10/dist-packages/limo_msgs/_limo_msgs_s.ep.rosidl_typesupport_c.c
-- Installing: /home/pretil/catkin_ws/install/limo_msgs/local/lib/python3.10/dist-packages/limo_msgs/liblimo_msgs__rosidl_generator_py.so
Listing '/home/pretil/catkin_ws/install/limo_msgs/local/lib/python3.10/dist-packages/limo_msgs'...
Compiling '/home/pretil/catkin_ws/install/limo_msgs/local/lib/python3.10/dist-packages/limo_msgs/__init__.py'...
Listing '/home/pretil/catkin_ws/install/limo_msgs/local/lib/python3.10/dist-packages/limo_msgs/msg'...
Compiling '/home/pretil/catkin_ws/install/limo_msgs/local/lib/python3.10/dist-packages/limo_msgs/msg/__init__.py'...
Compiling '/home/pretil/catkin_ws/install/limo_msgs/local/lib/python3.10/dist-packages/limo_msgs/msg/_limo_status.py'...
-- Installing: /home/pretil/catkin_ws/install/limo_msgs/local/lib/python3.10/dist-packages/limo_msgs/limo_msgs_s__rosidl_typesupport_fastrtps_c.cpython-310-x86_64-linux-gnu.so
-- Set runtime path of "/home/pretil/catkin_ws/install/limo_msgs/local/lib/python3.10/dist-packages/limo_msgs/limo_msgs_s__rosidl_typesupport_fastrtps_c.cpython-310-x86_64-linux-gnu.so" to ""
-- Installing: /home/pretil/catkin_ws/install/limo_msgs/local/lib/python3.10/dist-packages/limo_msgs/limo_msgs_s__rosidl_typesupport_introspection_c.cpython-310-x86_64-linux-gnu.so
-- Set runtime path of "/home/pretil/catkin_ws/install/limo_msgs/local/lib/python3.10/dist-packages/limo_msgs/limo_msgs_s__rosidl_typesupport_introspection_c.cpython-310-x86_64-linux-gnu.so" to ""
-- Installing: /home/pretil/catkin_ws/install/limo_msgs/local/lib/python3.10/dist-packages/limo_msgs/limo_msgs_s__rosidl_typesupport_c.cpython-310-x86_64-linux-gnu.so
-- Set runtime path of "/home/pretil/catkin_ws/install/limo_msgs/local/lib/python3.10/dist-packages/limo_msgs/limo_msgs_s__rosidl_typesupport_c.cpython-310-x86_64-linux-gnu.so" to ""
-- Installing: /home/pretil/catkin_ws/install/limo_msgs/lib/liblimo_msgs__rosidl_generator_py.so
-- Set runtime path of "/home/pretil/catkin_ws/install/limo_msgs/lib/liblimo_msgs__rosidl_generator_py.so" to ""
-- Installing: /home/pretil/catkin_ws/install/limo_msgs/share/ament_index/resource_index/rust_packages/limo_msgs
-- Installing: /home/pretil/catkin_ws/install/limo_msgs/share/limo_msgs/rust
-- Installing: /home/pretil/catkin_ws/install/limo_msgs/share/limo_msgs/rust/Cargo.toml
-- Installing: /home/pretil/catkin_ws/install/limo_msgs/share/limo_msgs/rust/build.rs
-- Installing: /home/pretil/catkin_ws/install/limo_msgs/share/limo_msgs/rust/src
-- Installing: /home/pretil/catkin_ws/install/limo_msgs/share/limo_msgs/rust/src/msg.rs
-- Installing: /home/pretil/catkin_ws/install/limo_msgs/share/limo_msgs/rust/src/msg
-- Installing: /home/pretil/catkin_ws/install/limo_msgs/share/limo_msgs/rust/src/msg/rmw.rs
-- Installing: /home/pretil/catkin_ws/install/limo_msgs/share/limo_msgs/rust/src/lib.rs
-- Installing: /home/pretil/catkin_ws/install/limo_msgs/share/limo_msgs/msg/LimoStatus.idl
-- Installing: /home/pretil/catkin_ws/install/limo_msgs/share/limo_msgs/msg/LimoStatus.msg
-- Installing: /home/pretil/catkin_ws/install/limo_msgs/share/ament_index/resource_index/package_run_dependencies/limo_msgs
-- Installing: /home/pretil/catkin_ws/install/limo_msgs/share/ament_index/resource_index/parent_prefix_path/limo_msgs
-- Installing: /home/pretil/catkin_ws/install/limo_msgs/share/limo_msgs/environment/ament_prefix_path.sh
-- Installing: /home/pretil/catkin_ws/install/limo_msgs/share/limo_msgs/environment/ament_prefix_path.dsv
-- Installing: /home/pretil/catkin_ws/install/limo_msgs/share/limo_msgs/environment/path.sh
-- Installing: /home/pretil/catkin_ws/install/limo_msgs/share/limo_msgs/environment/path.dsv
-- Installing: /home/pretil/catkin_ws/install/limo_msgs/share/limo_msgs/local_setup.bash
-- Installing: /home/pretil/catkin_ws/install/limo_msgs/share/limo_msgs/local_setup.sh
-- Installing: /home/pretil/catkin_ws/install/limo_msgs/share/limo_msgs/local_setup.zsh
-- Installing: /home/pretil/catkin_ws/install/limo_msgs/share/limo_msgs/local_setup.dsv
-- Installing: /home/pretil/catkin_ws/install/limo_msgs/share/limo_msgs/package.dsv
-- Installing: /home/pretil/catkin_ws/install/limo_msgs/share/ament_index/resource_index/packages/limo_msgs
-- Installing: /home/pretil/catkin_ws/install/limo_msgs/share/limo_msgs/cmake/export_limo_msgs__rosidl_generator_cExport.cmake
-- Installing: /home/pretil/catkin_ws/install/limo_msgs/share/limo_msgs/cmake/export_limo_msgs__rosidl_generator_cExport-noconfig.cmake
-- Installing: /home/pretil/catkin_ws/install/limo_msgs/share/limo_msgs/cmake/export_limo_msgs__rosidl_typesupport_fastrtps_cExport.cmake
-- Installing: /home/pretil/catkin_ws/install/limo_msgs/share/limo_msgs/cmake/export_limo_msgs__rosidl_typesupport_fastrtps_cExport-noconfig.cmake
-- Installing: /home/pretil/catkin_ws/install/limo_msgs/share/limo_msgs/cmake/export_limo_msgs__rosidl_generator_cppExport.cmake
-- Installing: /home/pretil/catkin_ws/install/limo_msgs/share/limo_msgs/cmake/export_limo_msgs__rosidl_typesupport_fastrtps_cppExport.cmake
-- Installing: /home/pretil/catkin_ws/install/limo_msgs/share/limo_msgs/cmake/export_limo_msgs__rosidl_typesupport_fastrtps_cppExport-noconfig.cmake
-- Installing: /home/pretil/catkin_ws/install/limo_msgs/share/limo_msgs/cmake/limo_msgs__rosidl_typesupport_introspection_cExport.cmake
-- Installing: /home/pretil/catkin_ws/install/limo_msgs/share/limo_msgs/cmake/limo_msgs__rosidl_typesupport_introspection_cExport-noconfig.cmake
-- Installing: /home/pretil/catkin_ws/install/limo_msgs/share/limo_msgs/cmake/limo_msgs__rosidl_typesupport_cExport.cmake
-- Installing: /home/pretil/catkin_ws/install/limo_msgs/share/limo_msgs/cmake/limo_msgs__rosidl_typesupport_cExport-noconfig.cmake
-- Installing: /home/pretil/catkin_ws/install/limo_msgs/share/limo_msgs/cmake/limo_msgs__rosidl_typesupport_introspection_cppExport.cmake
-- Installing: /home/pretil/catkin_ws/install/limo_msgs/share/limo_msgs/cmake/limo_msgs__rosidl_typesupport_introspection_cppExport-noconfig.cmake
-- Installing: /home/pretil/catkin_ws/install/limo_msgs/share/limo_msgs/cmake/limo_msgs__rosidl_typesupport_cppExport.cmake
-- Installing: /home/pretil/catkin_ws/install/limo_msgs/share/limo_msgs/cmake/limo_msgs__rosidl_typesupport_cppExport-noconfig.cmake
-- Installing: /home/pretil/catkin_ws/install/limo_msgs/share/limo_msgs/cmake/export_limo_msgs__rosidl_generator_pyExport.cmake
-- Installing: /home/pretil/catkin_ws/install/limo_msgs/share/limo_msgs/cmake/export_limo_msgs__rosidl_generator_pyExport-noconfig.cmake
-- Installing: /home/pretil/catkin_ws/install/limo_msgs/share/limo_msgs/cmake/rosidl_cmake-extras.cmake
-- Installing: /home/pretil/catkin_ws/install/limo_msgs/share/limo_msgs/cmake/ament_cmake_export_dependencies-extras.cmake
-- Installing: /home/pretil/catkin_ws/install/limo_msgs/share/limo_msgs/cmake/ament_cmake_export_include_directories-extras.cmake
-- Installing: /home/pretil/catkin_ws/install/limo_msgs/share/limo_msgs/cmake/ament_cmake_export_libraries-extras.cmake
-- Installing: /home/pretil/catkin_ws/install/limo_msgs/share/limo_msgs/cmake/ament_cmake_export_targets-extras.cmake
-- Installing: /home/pretil/catkin_ws/install/limo_msgs/share/limo_msgs/cmake/rosidl_cmake_export_typesupport_targets-extras.cmake
-- Installing: /home/pretil/catkin_ws/install/limo_msgs/share/limo_msgs/cmake/rosidl_cmake_export_typesupport_libraries-extras.cmake
-- Installing: /home/pretil/catkin_ws/install/limo_msgs/share/limo_msgs/cmake/limo_msgsConfig.cmake
-- Installing: /home/pretil/catkin_ws/install/limo_msgs/share/limo_msgs/cmake/limo_msgsConfig-version.cmake
-- Installing: /home/pretil/catkin_ws/install/limo_msgs/share/limo_msgs/package.xml
