[0.029s] Invoking command in '/home/pretil/catkin_ws/build/limo_msgs': CMAKE_PREFIX_PATH=${CMAKE_PREFIX_PATH}:/opt/ros/humble /usr/bin/cmake --build /home/pretil/catkin_ws/build/limo_msgs -- -j12 -l12
[0.066s] [  3%] [34m[1mGenerating C code for ROS interfaces[0m
[0.077s] [  9%] [34m[1mGenerating Rust code for ROS interfaces[0m
[0.077s] [  9%] [34m[1mGenerating C++ code for ROS interfaces[0m
[0.090s] [  9%] Built target ament_cmake_python_copy_limo_msgs
[0.308s] [  9%] Built target limo_msgs__rs
[0.332s] [  9%] Built target limo_msgs__cpp
[0.341s] [ 18%] [34m[1mGenerating C++ type support dispatch for ROS interfaces[0m
[0.341s] [ 18%] [34m[1mGenerating C++ type support for eProsima Fast-RTPS[0m
[0.341s] [ 18%] [34m[1mGenerating C++ introspection for ROS interfaces[0m
[0.341s] [ 21%] [32mBuilding C object CMakeFiles/limo_msgs__rosidl_generator_c.dir/rosidl_generator_c/limo_msgs/msg/detail/limo_status__functions.c.o[0m
[0.349s] running egg_info
[0.349s] creating limo_msgs.egg-info
[0.349s] writing limo_msgs.egg-info/PKG-INFO
[0.350s] writing dependency_links to limo_msgs.egg-info/dependency_links.txt
[0.350s] writing top-level names to limo_msgs.egg-info/top_level.txt
[0.350s] writing manifest file 'limo_msgs.egg-info/SOURCES.txt'
[0.352s] reading manifest file 'limo_msgs.egg-info/SOURCES.txt'
[0.352s] writing manifest file 'limo_msgs.egg-info/SOURCES.txt'
[0.378s] [ 21%] Built target ament_cmake_python_build_limo_msgs_egg
[0.387s] [ 25%] [32m[1mLinking C shared library liblimo_msgs__rosidl_generator_c.so[0m
[0.417s] [ 25%] Built target limo_msgs__rosidl_generator_c
[0.426s] [ 34%] [34m[1mGenerating C type support for eProsima Fast-RTPS[0m
[0.426s] [ 34%] [34m[1mGenerating C introspection for ROS interfaces[0m
[0.426s] [ 34%] [34m[1mGenerating C type support dispatch for ROS interfaces[0m
[0.566s] [ 37%] [32mBuilding CXX object CMakeFiles/limo_msgs__rosidl_typesupport_cpp.dir/rosidl_typesupport_cpp/limo_msgs/msg/limo_status__type_support.cpp.o[0m
[0.585s] [ 40%] [32mBuilding CXX object CMakeFiles/limo_msgs__rosidl_typesupport_introspection_cpp.dir/rosidl_typesupport_introspection_cpp/limo_msgs/msg/detail/limo_status__type_support.cpp.o[0m
[0.590s] [ 43%] [32mBuilding CXX object CMakeFiles/limo_msgs__rosidl_typesupport_fastrtps_cpp.dir/rosidl_typesupport_fastrtps_cpp/limo_msgs/msg/detail/dds_fastrtps/limo_status__type_support.cpp.o[0m
[0.650s] [ 46%] [32mBuilding CXX object CMakeFiles/limo_msgs__rosidl_typesupport_c.dir/rosidl_typesupport_c/limo_msgs/msg/limo_status__type_support.cpp.o[0m
[0.678s] [ 50%] [32m[1mLinking CXX shared library liblimo_msgs__rosidl_typesupport_c.so[0m
[0.680s] [ 56%] [32mBuilding CXX object CMakeFiles/limo_msgs__rosidl_typesupport_fastrtps_c.dir/rosidl_typesupport_fastrtps_c/limo_msgs/msg/detail/limo_status__type_support_c.cpp.o[0m
[0.680s] [ 56%] [32mBuilding C object CMakeFiles/limo_msgs__rosidl_typesupport_introspection_c.dir/rosidl_typesupport_introspection_c/limo_msgs/msg/detail/limo_status__type_support.c.o[0m
[0.715s] [ 56%] Built target limo_msgs__rosidl_typesupport_c
[0.716s] [ 59%] [32m[1mLinking C shared library liblimo_msgs__rosidl_typesupport_introspection_c.so[0m
[0.743s] [ 59%] Built target limo_msgs__rosidl_typesupport_introspection_c
[0.831s] [ 62%] [32m[1mLinking CXX shared library liblimo_msgs__rosidl_typesupport_cpp.so[0m
[0.869s] [ 62%] Built target limo_msgs__rosidl_typesupport_cpp
[0.958s] [ 65%] [32m[1mLinking CXX shared library liblimo_msgs__rosidl_typesupport_introspection_cpp.so[0m
[0.963s] [ 68%] [32m[1mLinking CXX shared library liblimo_msgs__rosidl_typesupport_fastrtps_cpp.so[0m
[1.006s] [ 71%] [32m[1mLinking CXX shared library liblimo_msgs__rosidl_typesupport_fastrtps_c.so[0m
[1.021s] [ 71%] Built target limo_msgs__rosidl_typesupport_introspection_cpp
[1.039s] [ 71%] Built target limo_msgs__rosidl_typesupport_fastrtps_cpp
[1.072s] [ 71%] Built target limo_msgs__rosidl_typesupport_fastrtps_c
[1.088s] [ 71%] Built target limo_msgs
[1.103s] [ 75%] [34m[1mGenerating Python code for ROS interfaces[0m
[1.387s] [ 75%] Built target limo_msgs__py
[1.402s] [ 78%] [32mBuilding C object CMakeFiles/limo_msgs__rosidl_generator_py.dir/rosidl_generator_py/limo_msgs/msg/_limo_status_s.c.o[0m
[1.507s] [ 81%] [32m[1mLinking C shared library rosidl_generator_py/limo_msgs/liblimo_msgs__rosidl_generator_py.so[0m
[1.540s] [ 81%] Built target limo_msgs__rosidl_generator_py
[1.557s] [ 90%] [32mBuilding C object CMakeFiles/limo_msgs__rosidl_typesupport_fastrtps_c__pyext.dir/rosidl_generator_py/limo_msgs/_limo_msgs_s.ep.rosidl_typesupport_fastrtps_c.c.o[0m
[1.557s] [ 90%] [32mBuilding C object CMakeFiles/limo_msgs__rosidl_typesupport_introspection_c__pyext.dir/rosidl_generator_py/limo_msgs/_limo_msgs_s.ep.rosidl_typesupport_introspection_c.c.o[0m
[1.557s] [ 90%] [32mBuilding C object CMakeFiles/limo_msgs__rosidl_typesupport_c__pyext.dir/rosidl_generator_py/limo_msgs/_limo_msgs_s.ep.rosidl_typesupport_c.c.o[0m
[1.647s] [ 96%] [32m[1mLinking C shared library rosidl_generator_py/limo_msgs/limo_msgs_s__rosidl_typesupport_fastrtps_c.cpython-310-x86_64-linux-gnu.so[0m
[1.647s] [ 96%] [32m[1mLinking C shared library rosidl_generator_py/limo_msgs/limo_msgs_s__rosidl_typesupport_introspection_c.cpython-310-x86_64-linux-gnu.so[0m
[1.650s] [100%] [32m[1mLinking C shared library rosidl_generator_py/limo_msgs/limo_msgs_s__rosidl_typesupport_c.cpython-310-x86_64-linux-gnu.so[0m
[1.681s] [100%] Built target limo_msgs__rosidl_typesupport_introspection_c__pyext
[1.681s] [100%] Built target limo_msgs__rosidl_typesupport_fastrtps_c__pyext
[1.681s] [100%] Built target limo_msgs__rosidl_typesupport_c__pyext
[1.691s] Invoked command in '/home/pretil/catkin_ws/build/limo_msgs' returned '0': CMAKE_PREFIX_PATH=${CMAKE_PREFIX_PATH}:/opt/ros/humble /usr/bin/cmake --build /home/pretil/catkin_ws/build/limo_msgs -- -j12 -l12
[1.692s] Invoking command in '/home/pretil/catkin_ws/build/limo_msgs': CMAKE_PREFIX_PATH=${CMAKE_PREFIX_PATH}:/opt/ros/humble /usr/bin/cmake --install /home/pretil/catkin_ws/build/limo_msgs
[1.698s] -- Install configuration: ""
[1.698s] -- Installing: /home/pretil/catkin_ws/install/limo_msgs/share/ament_index/resource_index/rosidl_interfaces/limo_msgs
[1.698s] -- Installing: /home/pretil/catkin_ws/install/limo_msgs/include/limo_msgs/limo_msgs
[1.699s] -- Installing: /home/pretil/catkin_ws/install/limo_msgs/include/limo_msgs/limo_msgs/msg
[1.699s] -- Installing: /home/pretil/catkin_ws/install/limo_msgs/include/limo_msgs/limo_msgs/msg/limo_status.h
[1.699s] -- Installing: /home/pretil/catkin_ws/install/limo_msgs/include/limo_msgs/limo_msgs/msg/rosidl_generator_c__visibility_control.h
[1.699s] -- Installing: /home/pretil/catkin_ws/install/limo_msgs/include/limo_msgs/limo_msgs/msg/detail
[1.699s] -- Installing: /home/pretil/catkin_ws/install/limo_msgs/include/limo_msgs/limo_msgs/msg/detail/limo_status__type_support.h
[1.699s] -- Installing: /home/pretil/catkin_ws/install/limo_msgs/include/limo_msgs/limo_msgs/msg/detail/limo_status__struct.h
[1.699s] -- Installing: /home/pretil/catkin_ws/install/limo_msgs/include/limo_msgs/limo_msgs/msg/detail/limo_status__functions.c
[1.699s] -- Installing: /home/pretil/catkin_ws/install/limo_msgs/include/limo_msgs/limo_msgs/msg/detail/limo_status__functions.h
[1.699s] -- Installing: /home/pretil/catkin_ws/install/limo_msgs/share/limo_msgs/environment/library_path.sh
[1.699s] -- Installing: /home/pretil/catkin_ws/install/limo_msgs/share/limo_msgs/environment/library_path.dsv
[1.700s] -- Installing: /home/pretil/catkin_ws/install/limo_msgs/lib/liblimo_msgs__rosidl_generator_c.so
[1.700s] -- Set runtime path of "/home/pretil/catkin_ws/install/limo_msgs/lib/liblimo_msgs__rosidl_generator_c.so" to ""
[1.700s] -- Up-to-date: /home/pretil/catkin_ws/install/limo_msgs/include/limo_msgs/limo_msgs
[1.700s] -- Up-to-date: /home/pretil/catkin_ws/install/limo_msgs/include/limo_msgs/limo_msgs/msg
[1.700s] -- Installing: /home/pretil/catkin_ws/install/limo_msgs/include/limo_msgs/limo_msgs/msg/rosidl_typesupport_fastrtps_c__visibility_control.h
[1.700s] -- Up-to-date: /home/pretil/catkin_ws/install/limo_msgs/include/limo_msgs/limo_msgs/msg/detail
[1.700s] -- Installing: /home/pretil/catkin_ws/install/limo_msgs/include/limo_msgs/limo_msgs/msg/detail/limo_status__rosidl_typesupport_fastrtps_c.h
[1.700s] -- Installing: /home/pretil/catkin_ws/install/limo_msgs/lib/liblimo_msgs__rosidl_typesupport_fastrtps_c.so
[1.700s] -- Set runtime path of "/home/pretil/catkin_ws/install/limo_msgs/lib/liblimo_msgs__rosidl_typesupport_fastrtps_c.so" to ""
[1.701s] -- Up-to-date: /home/pretil/catkin_ws/install/limo_msgs/include/limo_msgs/limo_msgs
[1.701s] -- Up-to-date: /home/pretil/catkin_ws/install/limo_msgs/include/limo_msgs/limo_msgs/msg
[1.701s] -- Installing: /home/pretil/catkin_ws/install/limo_msgs/include/limo_msgs/limo_msgs/msg/limo_status.hpp
[1.701s] -- Up-to-date: /home/pretil/catkin_ws/install/limo_msgs/include/limo_msgs/limo_msgs/msg/detail
[1.701s] -- Installing: /home/pretil/catkin_ws/install/limo_msgs/include/limo_msgs/limo_msgs/msg/detail/limo_status__struct.hpp
[1.701s] -- Installing: /home/pretil/catkin_ws/install/limo_msgs/include/limo_msgs/limo_msgs/msg/detail/limo_status__type_support.hpp
[1.701s] -- Installing: /home/pretil/catkin_ws/install/limo_msgs/include/limo_msgs/limo_msgs/msg/detail/limo_status__builder.hpp
[1.701s] -- Installing: /home/pretil/catkin_ws/install/limo_msgs/include/limo_msgs/limo_msgs/msg/detail/limo_status__traits.hpp
[1.701s] -- Installing: /home/pretil/catkin_ws/install/limo_msgs/include/limo_msgs/limo_msgs/msg/rosidl_generator_cpp__visibility_control.hpp
[1.701s] -- Up-to-date: /home/pretil/catkin_ws/install/limo_msgs/include/limo_msgs/limo_msgs
[1.701s] -- Up-to-date: /home/pretil/catkin_ws/install/limo_msgs/include/limo_msgs/limo_msgs/msg
[1.702s] -- Installing: /home/pretil/catkin_ws/install/limo_msgs/include/limo_msgs/limo_msgs/msg/rosidl_typesupport_fastrtps_cpp__visibility_control.h
[1.702s] -- Up-to-date: /home/pretil/catkin_ws/install/limo_msgs/include/limo_msgs/limo_msgs/msg/detail
[1.702s] -- Installing: /home/pretil/catkin_ws/install/limo_msgs/include/limo_msgs/limo_msgs/msg/detail/dds_fastrtps
[1.702s] -- Installing: /home/pretil/catkin_ws/install/limo_msgs/include/limo_msgs/limo_msgs/msg/detail/limo_status__rosidl_typesupport_fastrtps_cpp.hpp
[1.702s] -- Installing: /home/pretil/catkin_ws/install/limo_msgs/lib/liblimo_msgs__rosidl_typesupport_fastrtps_cpp.so
[1.702s] -- Set runtime path of "/home/pretil/catkin_ws/install/limo_msgs/lib/liblimo_msgs__rosidl_typesupport_fastrtps_cpp.so" to ""
[1.702s] -- Up-to-date: /home/pretil/catkin_ws/install/limo_msgs/include/limo_msgs/limo_msgs
[1.702s] -- Up-to-date: /home/pretil/catkin_ws/install/limo_msgs/include/limo_msgs/limo_msgs/msg
[1.702s] -- Up-to-date: /home/pretil/catkin_ws/install/limo_msgs/include/limo_msgs/limo_msgs/msg/detail
[1.702s] -- Installing: /home/pretil/catkin_ws/install/limo_msgs/include/limo_msgs/limo_msgs/msg/detail/limo_status__rosidl_typesupport_introspection_c.h
[1.702s] -- Installing: /home/pretil/catkin_ws/install/limo_msgs/include/limo_msgs/limo_msgs/msg/detail/limo_status__type_support.c
[1.702s] -- Installing: /home/pretil/catkin_ws/install/limo_msgs/include/limo_msgs/limo_msgs/msg/rosidl_typesupport_introspection_c__visibility_control.h
[1.702s] -- Installing: /home/pretil/catkin_ws/install/limo_msgs/lib/liblimo_msgs__rosidl_typesupport_introspection_c.so
[1.703s] -- Set runtime path of "/home/pretil/catkin_ws/install/limo_msgs/lib/liblimo_msgs__rosidl_typesupport_introspection_c.so" to ""
[1.703s] -- Installing: /home/pretil/catkin_ws/install/limo_msgs/lib/liblimo_msgs__rosidl_typesupport_c.so
[1.703s] -- Set runtime path of "/home/pretil/catkin_ws/install/limo_msgs/lib/liblimo_msgs__rosidl_typesupport_c.so" to ""
[1.703s] -- Up-to-date: /home/pretil/catkin_ws/install/limo_msgs/include/limo_msgs/limo_msgs
[1.703s] -- Up-to-date: /home/pretil/catkin_ws/install/limo_msgs/include/limo_msgs/limo_msgs/msg
[1.703s] -- Up-to-date: /home/pretil/catkin_ws/install/limo_msgs/include/limo_msgs/limo_msgs/msg/detail
[1.703s] -- Installing: /home/pretil/catkin_ws/install/limo_msgs/include/limo_msgs/limo_msgs/msg/detail/limo_status__rosidl_typesupport_introspection_cpp.hpp
[1.703s] -- Installing: /home/pretil/catkin_ws/install/limo_msgs/include/limo_msgs/limo_msgs/msg/detail/limo_status__type_support.cpp
[1.703s] -- Installing: /home/pretil/catkin_ws/install/limo_msgs/lib/liblimo_msgs__rosidl_typesupport_introspection_cpp.so
[1.704s] -- Set runtime path of "/home/pretil/catkin_ws/install/limo_msgs/lib/liblimo_msgs__rosidl_typesupport_introspection_cpp.so" to ""
[1.704s] -- Installing: /home/pretil/catkin_ws/install/limo_msgs/lib/liblimo_msgs__rosidl_typesupport_cpp.so
[1.704s] -- Set runtime path of "/home/pretil/catkin_ws/install/limo_msgs/lib/liblimo_msgs__rosidl_typesupport_cpp.so" to ""
[1.704s] -- Installing: /home/pretil/catkin_ws/install/limo_msgs/share/limo_msgs/environment/pythonpath.sh
[1.704s] -- Installing: /home/pretil/catkin_ws/install/limo_msgs/share/limo_msgs/environment/pythonpath.dsv
[1.704s] -- Installing: /home/pretil/catkin_ws/install/limo_msgs/local/lib/python3.10/dist-packages/limo_msgs-0.0.0-py3.10.egg-info
[1.704s] -- Installing: /home/pretil/catkin_ws/install/limo_msgs/local/lib/python3.10/dist-packages/limo_msgs-0.0.0-py3.10.egg-info/PKG-INFO
[1.704s] -- Installing: /home/pretil/catkin_ws/install/limo_msgs/local/lib/python3.10/dist-packages/limo_msgs-0.0.0-py3.10.egg-info/top_level.txt
[1.704s] -- Installing: /home/pretil/catkin_ws/install/limo_msgs/local/lib/python3.10/dist-packages/limo_msgs-0.0.0-py3.10.egg-info/SOURCES.txt
[1.704s] -- Installing: /home/pretil/catkin_ws/install/limo_msgs/local/lib/python3.10/dist-packages/limo_msgs-0.0.0-py3.10.egg-info/dependency_links.txt
[1.705s] -- Installing: /home/pretil/catkin_ws/install/limo_msgs/local/lib/python3.10/dist-packages/limo_msgs
[1.705s] -- Installing: /home/pretil/catkin_ws/install/limo_msgs/local/lib/python3.10/dist-packages/limo_msgs/limo_msgs_s__rosidl_typesupport_c.cpython-310-x86_64-linux-gnu.so
[1.705s] -- Installing: /home/pretil/catkin_ws/install/limo_msgs/local/lib/python3.10/dist-packages/limo_msgs/_limo_msgs_s.ep.rosidl_typesupport_introspection_c.c
[1.705s] -- Installing: /home/pretil/catkin_ws/install/limo_msgs/local/lib/python3.10/dist-packages/limo_msgs/_limo_msgs_s.ep.rosidl_typesupport_fastrtps_c.c
[1.705s] -- Installing: /home/pretil/catkin_ws/install/limo_msgs/local/lib/python3.10/dist-packages/limo_msgs/__init__.py
[1.705s] -- Installing: /home/pretil/catkin_ws/install/limo_msgs/local/lib/python3.10/dist-packages/limo_msgs/limo_msgs_s__rosidl_typesupport_fastrtps_c.cpython-310-x86_64-linux-gnu.so
[1.705s] -- Installing: /home/pretil/catkin_ws/install/limo_msgs/local/lib/python3.10/dist-packages/limo_msgs/limo_msgs_s__rosidl_typesupport_introspection_c.cpython-310-x86_64-linux-gnu.so
[1.705s] -- Installing: /home/pretil/catkin_ws/install/limo_msgs/local/lib/python3.10/dist-packages/limo_msgs/msg
[1.705s] -- Installing: /home/pretil/catkin_ws/install/limo_msgs/local/lib/python3.10/dist-packages/limo_msgs/msg/_limo_status.py
[1.705s] -- Installing: /home/pretil/catkin_ws/install/limo_msgs/local/lib/python3.10/dist-packages/limo_msgs/msg/__init__.py
[1.705s] -- Installing: /home/pretil/catkin_ws/install/limo_msgs/local/lib/python3.10/dist-packages/limo_msgs/msg/_limo_status_s.c
[1.706s] -- Installing: /home/pretil/catkin_ws/install/limo_msgs/local/lib/python3.10/dist-packages/limo_msgs/_limo_msgs_s.ep.rosidl_typesupport_c.c
[1.706s] -- Installing: /home/pretil/catkin_ws/install/limo_msgs/local/lib/python3.10/dist-packages/limo_msgs/liblimo_msgs__rosidl_generator_py.so
[1.737s] Listing '/home/pretil/catkin_ws/install/limo_msgs/local/lib/python3.10/dist-packages/limo_msgs'...
[1.737s] Compiling '/home/pretil/catkin_ws/install/limo_msgs/local/lib/python3.10/dist-packages/limo_msgs/__init__.py'...
[1.737s] Listing '/home/pretil/catkin_ws/install/limo_msgs/local/lib/python3.10/dist-packages/limo_msgs/msg'...
[1.737s] Compiling '/home/pretil/catkin_ws/install/limo_msgs/local/lib/python3.10/dist-packages/limo_msgs/msg/__init__.py'...
[1.737s] Compiling '/home/pretil/catkin_ws/install/limo_msgs/local/lib/python3.10/dist-packages/limo_msgs/msg/_limo_status.py'...
[1.741s] -- Installing: /home/pretil/catkin_ws/install/limo_msgs/local/lib/python3.10/dist-packages/limo_msgs/limo_msgs_s__rosidl_typesupport_fastrtps_c.cpython-310-x86_64-linux-gnu.so
[1.741s] -- Set runtime path of "/home/pretil/catkin_ws/install/limo_msgs/local/lib/python3.10/dist-packages/limo_msgs/limo_msgs_s__rosidl_typesupport_fastrtps_c.cpython-310-x86_64-linux-gnu.so" to ""
[1.741s] -- Installing: /home/pretil/catkin_ws/install/limo_msgs/local/lib/python3.10/dist-packages/limo_msgs/limo_msgs_s__rosidl_typesupport_introspection_c.cpython-310-x86_64-linux-gnu.so
[1.741s] -- Set runtime path of "/home/pretil/catkin_ws/install/limo_msgs/local/lib/python3.10/dist-packages/limo_msgs/limo_msgs_s__rosidl_typesupport_introspection_c.cpython-310-x86_64-linux-gnu.so" to ""
[1.741s] -- Installing: /home/pretil/catkin_ws/install/limo_msgs/local/lib/python3.10/dist-packages/limo_msgs/limo_msgs_s__rosidl_typesupport_c.cpython-310-x86_64-linux-gnu.so
[1.742s] -- Set runtime path of "/home/pretil/catkin_ws/install/limo_msgs/local/lib/python3.10/dist-packages/limo_msgs/limo_msgs_s__rosidl_typesupport_c.cpython-310-x86_64-linux-gnu.so" to ""
[1.742s] -- Installing: /home/pretil/catkin_ws/install/limo_msgs/lib/liblimo_msgs__rosidl_generator_py.so
[1.742s] -- Set runtime path of "/home/pretil/catkin_ws/install/limo_msgs/lib/liblimo_msgs__rosidl_generator_py.so" to ""
[1.742s] -- Installing: /home/pretil/catkin_ws/install/limo_msgs/share/ament_index/resource_index/rust_packages/limo_msgs
[1.742s] -- Installing: /home/pretil/catkin_ws/install/limo_msgs/share/limo_msgs/rust
[1.742s] -- Installing: /home/pretil/catkin_ws/install/limo_msgs/share/limo_msgs/rust/Cargo.toml
[1.742s] -- Installing: /home/pretil/catkin_ws/install/limo_msgs/share/limo_msgs/rust/build.rs
[1.743s] -- Installing: /home/pretil/catkin_ws/install/limo_msgs/share/limo_msgs/rust/src
[1.743s] -- Installing: /home/pretil/catkin_ws/install/limo_msgs/share/limo_msgs/rust/src/msg.rs
[1.743s] -- Installing: /home/pretil/catkin_ws/install/limo_msgs/share/limo_msgs/rust/src/msg
[1.743s] -- Installing: /home/pretil/catkin_ws/install/limo_msgs/share/limo_msgs/rust/src/msg/rmw.rs
[1.743s] -- Installing: /home/pretil/catkin_ws/install/limo_msgs/share/limo_msgs/rust/src/lib.rs
[1.743s] -- Installing: /home/pretil/catkin_ws/install/limo_msgs/share/limo_msgs/msg/LimoStatus.idl
[1.743s] -- Installing: /home/pretil/catkin_ws/install/limo_msgs/share/limo_msgs/msg/LimoStatus.msg
[1.743s] -- Installing: /home/pretil/catkin_ws/install/limo_msgs/share/ament_index/resource_index/package_run_dependencies/limo_msgs
[1.743s] -- Installing: /home/pretil/catkin_ws/install/limo_msgs/share/ament_index/resource_index/parent_prefix_path/limo_msgs
[1.743s] -- Installing: /home/pretil/catkin_ws/install/limo_msgs/share/limo_msgs/environment/ament_prefix_path.sh
[1.744s] -- Installing: /home/pretil/catkin_ws/install/limo_msgs/share/limo_msgs/environment/ament_prefix_path.dsv
[1.744s] -- Installing: /home/pretil/catkin_ws/install/limo_msgs/share/limo_msgs/environment/path.sh
[1.744s] -- Installing: /home/pretil/catkin_ws/install/limo_msgs/share/limo_msgs/environment/path.dsv
[1.744s] -- Installing: /home/pretil/catkin_ws/install/limo_msgs/share/limo_msgs/local_setup.bash
[1.744s] -- Installing: /home/pretil/catkin_ws/install/limo_msgs/share/limo_msgs/local_setup.sh
[1.744s] -- Installing: /home/pretil/catkin_ws/install/limo_msgs/share/limo_msgs/local_setup.zsh
[1.744s] -- Installing: /home/pretil/catkin_ws/install/limo_msgs/share/limo_msgs/local_setup.dsv
[1.744s] -- Installing: /home/pretil/catkin_ws/install/limo_msgs/share/limo_msgs/package.dsv
[1.744s] -- Installing: /home/pretil/catkin_ws/install/limo_msgs/share/ament_index/resource_index/packages/limo_msgs
[1.745s] -- Installing: /home/pretil/catkin_ws/install/limo_msgs/share/limo_msgs/cmake/export_limo_msgs__rosidl_generator_cExport.cmake
[1.745s] -- Installing: /home/pretil/catkin_ws/install/limo_msgs/share/limo_msgs/cmake/export_limo_msgs__rosidl_generator_cExport-noconfig.cmake
[1.745s] -- Installing: /home/pretil/catkin_ws/install/limo_msgs/share/limo_msgs/cmake/export_limo_msgs__rosidl_typesupport_fastrtps_cExport.cmake
[1.745s] -- Installing: /home/pretil/catkin_ws/install/limo_msgs/share/limo_msgs/cmake/export_limo_msgs__rosidl_typesupport_fastrtps_cExport-noconfig.cmake
[1.745s] -- Installing: /home/pretil/catkin_ws/install/limo_msgs/share/limo_msgs/cmake/export_limo_msgs__rosidl_generator_cppExport.cmake
[1.745s] -- Installing: /home/pretil/catkin_ws/install/limo_msgs/share/limo_msgs/cmake/export_limo_msgs__rosidl_typesupport_fastrtps_cppExport.cmake
[1.745s] -- Installing: /home/pretil/catkin_ws/install/limo_msgs/share/limo_msgs/cmake/export_limo_msgs__rosidl_typesupport_fastrtps_cppExport-noconfig.cmake
[1.745s] -- Installing: /home/pretil/catkin_ws/install/limo_msgs/share/limo_msgs/cmake/limo_msgs__rosidl_typesupport_introspection_cExport.cmake
[1.746s] -- Installing: /home/pretil/catkin_ws/install/limo_msgs/share/limo_msgs/cmake/limo_msgs__rosidl_typesupport_introspection_cExport-noconfig.cmake
[1.746s] -- Installing: /home/pretil/catkin_ws/install/limo_msgs/share/limo_msgs/cmake/limo_msgs__rosidl_typesupport_cExport.cmake
[1.746s] -- Installing: /home/pretil/catkin_ws/install/limo_msgs/share/limo_msgs/cmake/limo_msgs__rosidl_typesupport_cExport-noconfig.cmake
[1.746s] -- Installing: /home/pretil/catkin_ws/install/limo_msgs/share/limo_msgs/cmake/limo_msgs__rosidl_typesupport_introspection_cppExport.cmake
[1.746s] -- Installing: /home/pretil/catkin_ws/install/limo_msgs/share/limo_msgs/cmake/limo_msgs__rosidl_typesupport_introspection_cppExport-noconfig.cmake
[1.746s] -- Installing: /home/pretil/catkin_ws/install/limo_msgs/share/limo_msgs/cmake/limo_msgs__rosidl_typesupport_cppExport.cmake
[1.747s] -- Installing: /home/pretil/catkin_ws/install/limo_msgs/share/limo_msgs/cmake/limo_msgs__rosidl_typesupport_cppExport-noconfig.cmake
[1.747s] -- Installing: /home/pretil/catkin_ws/install/limo_msgs/share/limo_msgs/cmake/export_limo_msgs__rosidl_generator_pyExport.cmake
[1.747s] -- Installing: /home/pretil/catkin_ws/install/limo_msgs/share/limo_msgs/cmake/export_limo_msgs__rosidl_generator_pyExport-noconfig.cmake
[1.747s] -- Installing: /home/pretil/catkin_ws/install/limo_msgs/share/limo_msgs/cmake/rosidl_cmake-extras.cmake
[1.747s] -- Installing: /home/pretil/catkin_ws/install/limo_msgs/share/limo_msgs/cmake/ament_cmake_export_dependencies-extras.cmake
[1.747s] -- Installing: /home/pretil/catkin_ws/install/limo_msgs/share/limo_msgs/cmake/ament_cmake_export_include_directories-extras.cmake
[1.747s] -- Installing: /home/pretil/catkin_ws/install/limo_msgs/share/limo_msgs/cmake/ament_cmake_export_libraries-extras.cmake
[1.748s] -- Installing: /home/pretil/catkin_ws/install/limo_msgs/share/limo_msgs/cmake/ament_cmake_export_targets-extras.cmake
[1.748s] -- Installing: /home/pretil/catkin_ws/install/limo_msgs/share/limo_msgs/cmake/rosidl_cmake_export_typesupport_targets-extras.cmake
[1.748s] -- Installing: /home/pretil/catkin_ws/install/limo_msgs/share/limo_msgs/cmake/rosidl_cmake_export_typesupport_libraries-extras.cmake
[1.748s] -- Installing: /home/pretil/catkin_ws/install/limo_msgs/share/limo_msgs/cmake/limo_msgsConfig.cmake
[1.748s] -- Installing: /home/pretil/catkin_ws/install/limo_msgs/share/limo_msgs/cmake/limo_msgsConfig-version.cmake
[1.748s] -- Installing: /home/pretil/catkin_ws/install/limo_msgs/share/limo_msgs/package.xml
[1.751s] Invoked command in '/home/pretil/catkin_ws/build/limo_msgs' returned '0': CMAKE_PREFIX_PATH=${CMAKE_PREFIX_PATH}:/opt/ros/humble /usr/bin/cmake --install /home/pretil/catkin_ws/build/limo_msgs
