[0.031s] Invoking command in '/home/pretil/catkin_ws/src/limo_ros2/build/limo_car': CMAKE_PREFIX_PATH=${CMAKE_PREFIX_PATH}:/opt/ros/humble /usr/bin/cmake /home/pretil/catkin_ws/src/limo_ros2/limo_car -DCMAKE_INSTALL_PREFIX=/home/pretil/catkin_ws/src/limo_ros2/install/limo_car
[0.044s] -- Found ament_cmake: 1.3.14 (/opt/ros/humble/share/ament_cmake/cmake)
[0.198s] -- Override CMake install command with custom implementation using symlinks instead of copying resources
[0.208s] -- Found ament_lint_auto: 0.12.15 (/opt/ros/humble/share/ament_lint_auto/cmake)
[0.312s] -- Added test 'flake8' to check Python code syntax and style conventions
[0.313s] -- Added test 'lint_cmake' to check CMake code style
[0.314s] -- Added test 'pep257' to check Python code against some of the docstring style conventions in PEP 257
[0.316s] -- Added test 'xmllint' to check XML markup files
[0.318s] -- Configuring done
[0.322s] -- Generating done
[0.324s] -- Build files have been written to: /home/pretil/catkin_ws/src/limo_ros2/build/limo_car
[0.327s] Invoked command in '/home/pretil/catkin_ws/src/limo_ros2/build/limo_car' returned '0': CMAKE_PREFIX_PATH=${CMAKE_PREFIX_PATH}:/opt/ros/humble /usr/bin/cmake /home/pretil/catkin_ws/src/limo_ros2/limo_car -DCMAKE_INSTALL_PREFIX=/home/pretil/catkin_ws/src/limo_ros2/install/limo_car
[0.329s] Invoking command in '/home/pretil/catkin_ws/src/limo_ros2/build/limo_car': CMAKE_PREFIX_PATH=${CMAKE_PREFIX_PATH}:/opt/ros/humble /usr/bin/cmake --build /home/pretil/catkin_ws/src/limo_ros2/build/limo_car -- -j12 -l12
[0.364s] Invoked command in '/home/pretil/catkin_ws/src/limo_ros2/build/limo_car' returned '0': CMAKE_PREFIX_PATH=${CMAKE_PREFIX_PATH}:/opt/ros/humble /usr/bin/cmake --build /home/pretil/catkin_ws/src/limo_ros2/build/limo_car -- -j12 -l12
[0.365s] Invoking command in '/home/pretil/catkin_ws/src/limo_ros2/build/limo_car': CMAKE_PREFIX_PATH=${CMAKE_PREFIX_PATH}:/opt/ros/humble /usr/bin/cmake --install /home/pretil/catkin_ws/src/limo_ros2/build/limo_car
[0.370s] -- Install configuration: ""
[0.371s] -- Execute custom install script
[0.371s] -- Up-to-date symlink: /home/pretil/catkin_ws/src/limo_ros2/install/limo_car/share/limo_car/launch/ackermann.launch.py
[0.372s] -- Up-to-date symlink: /home/pretil/catkin_ws/src/limo_ros2/install/limo_car/share/limo_car/launch/ackermann_gazebo.launch.py
[0.372s] -- Up-to-date symlink: /home/pretil/catkin_ws/src/limo_ros2/install/limo_car/share/limo_car/launch/display_ackermann.launch.py
[0.372s] -- Up-to-date symlink: /home/pretil/catkin_ws/src/limo_ros2/install/limo_car/share/limo_car/gazebo/ackermann.xacro
[0.373s] -- Up-to-date symlink: /home/pretil/catkin_ws/src/limo_ros2/install/limo_car/share/limo_car/gazebo/ackermann_with_sensor.xacro
[0.373s] -- Up-to-date symlink: /home/pretil/catkin_ws/src/limo_ros2/install/limo_car/share/limo_car/gazebo/sensor.xacro
[0.374s] -- Up-to-date symlink: /home/pretil/catkin_ws/src/limo_ros2/install/limo_car/share/limo_car/meshes/limo_base.dae
[0.374s] -- Up-to-date symlink: /home/pretil/catkin_ws/src/limo_ros2/install/limo_car/share/limo_car/meshes/limo_base.stl
[0.374s] -- Up-to-date symlink: /home/pretil/catkin_ws/src/limo_ros2/install/limo_car/share/limo_car/meshes/limo_wheel.dae
[0.375s] -- Up-to-date symlink: /home/pretil/catkin_ws/src/limo_ros2/install/limo_car/share/limo_car/meshes/limo_wheel.stl
[0.375s] -- Up-to-date symlink: /home/pretil/catkin_ws/src/limo_ros2/install/limo_car/share/limo_car/rviz/gazebo.rviz
[0.375s] -- Up-to-date symlink: /home/pretil/catkin_ws/src/limo_ros2/install/limo_car/share/limo_car/rviz/urdf.rviz
[0.375s] -- Up-to-date symlink: /home/pretil/catkin_ws/src/limo_ros2/install/limo_car/share/limo_car/urdf/limo_ackerman_base.xacro
[0.375s] -- Up-to-date symlink: /home/pretil/catkin_ws/src/limo_ros2/install/limo_car/share/limo_car/urdf/limo_anteil.xacro
[0.375s] -- Up-to-date symlink: /home/pretil/catkin_ws/src/limo_ros2/install/limo_car/share/limo_car/urdf/limo_steering_hinge.xacro
[0.375s] -- Up-to-date symlink: /home/pretil/catkin_ws/src/limo_ros2/install/limo_car/share/limo_car/worlds/empty_world.world
[0.375s] -- Up-to-date symlink: /home/pretil/catkin_ws/src/limo_ros2/install/limo_car/share/limo_car/worlds/turtlebot3_world.world
[0.376s] -- Up-to-date symlink: /home/pretil/catkin_ws/src/limo_ros2/install/limo_car/share/ament_index/resource_index/package_run_dependencies/limo_car
[0.376s] -- Up-to-date symlink: /home/pretil/catkin_ws/src/limo_ros2/install/limo_car/share/ament_index/resource_index/parent_prefix_path/limo_car
[0.377s] -- Up-to-date symlink: /home/pretil/catkin_ws/src/limo_ros2/install/limo_car/share/limo_car/environment/ament_prefix_path.sh
[0.377s] -- Up-to-date symlink: /home/pretil/catkin_ws/src/limo_ros2/install/limo_car/share/limo_car/environment/ament_prefix_path.dsv
[0.377s] -- Up-to-date symlink: /home/pretil/catkin_ws/src/limo_ros2/install/limo_car/share/limo_car/environment/path.sh
[0.377s] -- Up-to-date symlink: /home/pretil/catkin_ws/src/limo_ros2/install/limo_car/share/limo_car/environment/path.dsv
[0.377s] -- Up-to-date symlink: /home/pretil/catkin_ws/src/limo_ros2/install/limo_car/share/limo_car/local_setup.bash
[0.378s] -- Up-to-date symlink: /home/pretil/catkin_ws/src/limo_ros2/install/limo_car/share/limo_car/local_setup.sh
[0.378s] -- Up-to-date symlink: /home/pretil/catkin_ws/src/limo_ros2/install/limo_car/share/limo_car/local_setup.zsh
[0.378s] -- Up-to-date symlink: /home/pretil/catkin_ws/src/limo_ros2/install/limo_car/share/limo_car/local_setup.dsv
[0.378s] -- Symlinking: /home/pretil/catkin_ws/src/limo_ros2/install/limo_car/share/limo_car/package.dsv
[0.385s] -- Up-to-date symlink: /home/pretil/catkin_ws/src/limo_ros2/install/limo_car/share/ament_index/resource_index/packages/limo_car
[0.386s] -- Up-to-date symlink: /home/pretil/catkin_ws/src/limo_ros2/install/limo_car/share/limo_car/cmake/limo_carConfig.cmake
[0.386s] -- Up-to-date symlink: /home/pretil/catkin_ws/src/limo_ros2/install/limo_car/share/limo_car/cmake/limo_carConfig-version.cmake
[0.386s] -- Up-to-date symlink: /home/pretil/catkin_ws/src/limo_ros2/install/limo_car/share/limo_car/package.xml
[0.445s] Invoked command in '/home/pretil/catkin_ws/src/limo_ros2/build/limo_car' returned '0': CMAKE_PREFIX_PATH=${CMAKE_PREFIX_PATH}:/opt/ros/humble /usr/bin/cmake --install /home/pretil/catkin_ws/src/limo_ros2/build/limo_car
