-- Install configuration: ""
-- Up-to-date: /home/pretil/catkin_ws/install/limo_gazebosim/share/limo_gazebosim/launch
-- Up-to-date: /home/pretil/catkin_ws/install/limo_gazebosim/share/limo_gazebosim/launch/limo_gazebo_diff.launch.py
-- Up-to-date: /home/pretil/catkin_ws/install/limo_gazebosim/share/limo_gazebosim/rviz
-- Up-to-date: /home/pretil/catkin_ws/install/limo_gazebosim/share/limo_gazebosim/rviz/urdf.rviz
-- Up-to-date: /home/pretil/catkin_ws/install/limo_gazebosim/share/limo_gazebosim/worlds
-- Up-to-date: /home/pretil/catkin_ws/install/limo_gazebosim/share/limo_gazebosim/worlds/simple.world
-- Up-to-date: /home/pretil/catkin_ws/install/limo_gazebosim/share/limo_gazebosim/models
-- Up-to-date: /home/pretil/catkin_ws/install/limo_gazebosim/share/limo_gazebosim/models/simple.stl
-- Up-to-date: /home/pretil/catkin_ws/install/limo_gazebosim/share/ament_index/resource_index/package_run_dependencies/limo_gazebosim
-- Up-to-date: /home/pretil/catkin_ws/install/limo_gazebosim/share/ament_index/resource_index/parent_prefix_path/limo_gazebosim
-- Up-to-date: /home/pretil/catkin_ws/install/limo_gazebosim/share/limo_gazebosim/environment/ament_prefix_path.sh
-- Up-to-date: /home/pretil/catkin_ws/install/limo_gazebosim/share/limo_gazebosim/environment/ament_prefix_path.dsv
-- Up-to-date: /home/pretil/catkin_ws/install/limo_gazebosim/share/limo_gazebosim/environment/path.sh
-- Up-to-date: /home/pretil/catkin_ws/install/limo_gazebosim/share/limo_gazebosim/environment/path.dsv
-- Up-to-date: /home/pretil/catkin_ws/install/limo_gazebosim/share/limo_gazebosim/local_setup.bash
-- Up-to-date: /home/pretil/catkin_ws/install/limo_gazebosim/share/limo_gazebosim/local_setup.sh
-- Up-to-date: /home/pretil/catkin_ws/install/limo_gazebosim/share/limo_gazebosim/local_setup.zsh
-- Up-to-date: /home/pretil/catkin_ws/install/limo_gazebosim/share/limo_gazebosim/local_setup.dsv
-- Up-to-date: /home/pretil/catkin_ws/install/limo_gazebosim/share/limo_gazebosim/package.dsv
-- Up-to-date: /home/pretil/catkin_ws/install/limo_gazebosim/share/ament_index/resource_index/packages/limo_gazebosim
-- Up-to-date: /home/pretil/catkin_ws/install/limo_gazebosim/share/limo_gazebosim/cmake/limo_gazebosimConfig.cmake
-- Up-to-date: /home/pretil/catkin_ws/install/limo_gazebosim/share/limo_gazebosim/cmake/limo_gazebosimConfig-version.cmake
-- Up-to-date: /home/pretil/catkin_ws/install/limo_gazebosim/share/limo_gazebosim/package.xml
