[0.035s] Invoking command in '/home/pretil/catkin_ws/src/limo_ros2/build/limo_msgs': CMAKE_PREFIX_PATH=${CMAKE_PREFIX_PATH}:/opt/ros/humble /usr/bin/cmake --build /home/pretil/catkin_ws/src/limo_ros2/build/limo_msgs -- -j12 -l12
[0.090s] [  9%] Built target limo_msgs__cpp
[0.090s] [ 12%] Built target limo_msgs__rosidl_generator_c
[0.093s] [ 15%] Built target limo_msgs__rs
[0.104s] [ 15%] Built target ament_cmake_python_symlink_limo_msgs
[0.125s] [ 34%] Built target limo_msgs__rosidl_typesupport_fastrtps_c
[0.125s] [ 34%] Built target limo_msgs__rosidl_typesupport_fastrtps_cpp
[0.130s] [ 43%] Built target limo_msgs__rosidl_typesupport_introspection_cpp
[0.132s] [ 59%] Built target limo_msgs__rosidl_typesupport_c
[0.133s] [ 62%] Built target limo_msgs__rosidl_typesupport_cpp
[0.141s] [ 71%] Built target limo_msgs__rosidl_typesupport_introspection_c
[0.161s] [ 71%] Built target limo_msgs
[0.181s] [ 75%] Built target limo_msgs__py
[0.201s] [ 81%] Built target limo_msgs__rosidl_generator_py
[0.222s] [ 93%] Built target limo_msgs__rosidl_typesupport_fastrtps_c__pyext
[0.223s] [ 93%] Built target limo_msgs__rosidl_typesupport_introspection_c__pyext
[0.227s] [100%] Built target limo_msgs__rosidl_typesupport_c__pyext
[0.375s] running egg_info
[0.376s] writing limo_msgs.egg-info/PKG-INFO
[0.376s] writing dependency_links to limo_msgs.egg-info/dependency_links.txt
[0.376s] writing top-level names to limo_msgs.egg-info/top_level.txt
[0.378s] reading manifest file 'limo_msgs.egg-info/SOURCES.txt'
[0.379s] writing manifest file 'limo_msgs.egg-info/SOURCES.txt'
[0.405s] [100%] Built target ament_cmake_python_build_limo_msgs_egg
[0.416s] Invoked command in '/home/pretil/catkin_ws/src/limo_ros2/build/limo_msgs' returned '0': CMAKE_PREFIX_PATH=${CMAKE_PREFIX_PATH}:/opt/ros/humble /usr/bin/cmake --build /home/pretil/catkin_ws/src/limo_ros2/build/limo_msgs -- -j12 -l12
[0.417s] Invoking command in '/home/pretil/catkin_ws/src/limo_ros2/build/limo_msgs': CMAKE_PREFIX_PATH=${CMAKE_PREFIX_PATH}:/opt/ros/humble /usr/bin/cmake --install /home/pretil/catkin_ws/src/limo_ros2/build/limo_msgs
[0.424s] -- Install configuration: ""
[0.424s] -- Execute custom install script
[0.425s] -- Up-to-date symlink: /home/pretil/catkin_ws/src/limo_ros2/install/limo_msgs/share/ament_index/resource_index/rosidl_interfaces/limo_msgs
[0.425s] -- Up-to-date symlink: /home/pretil/catkin_ws/src/limo_ros2/install/limo_msgs/include/limo_msgs/limo_msgs/msg/detail/limo_status__functions.h
[0.425s] -- Up-to-date symlink: /home/pretil/catkin_ws/src/limo_ros2/install/limo_msgs/include/limo_msgs/limo_msgs/msg/detail/limo_status__struct.h
[0.425s] -- Up-to-date symlink: /home/pretil/catkin_ws/src/limo_ros2/install/limo_msgs/include/limo_msgs/limo_msgs/msg/detail/limo_status__type_support.h
[0.426s] -- Up-to-date symlink: /home/pretil/catkin_ws/src/limo_ros2/install/limo_msgs/include/limo_msgs/limo_msgs/msg/limo_status.h
[0.426s] -- Up-to-date symlink: /home/pretil/catkin_ws/src/limo_ros2/install/limo_msgs/include/limo_msgs/limo_msgs/msg/rosidl_generator_c__visibility_control.h
[0.426s] -- Up-to-date symlink: /home/pretil/catkin_ws/src/limo_ros2/install/limo_msgs/share/limo_msgs/environment/library_path.sh
[0.426s] -- Up-to-date symlink: /home/pretil/catkin_ws/src/limo_ros2/install/limo_msgs/share/limo_msgs/environment/library_path.dsv
[0.427s] -- Up-to-date symlink: /home/pretil/catkin_ws/src/limo_ros2/install/limo_msgs/include/limo_msgs/limo_msgs/msg/detail/limo_status__rosidl_typesupport_fastrtps_c.h
[0.427s] -- Up-to-date symlink: /home/pretil/catkin_ws/src/limo_ros2/install/limo_msgs/include/limo_msgs/limo_msgs/msg/rosidl_typesupport_fastrtps_c__visibility_control.h
[0.427s] -- Up-to-date symlink: /home/pretil/catkin_ws/src/limo_ros2/install/limo_msgs/include/limo_msgs/limo_msgs/msg/detail/limo_status__builder.hpp
[0.428s] -- Up-to-date symlink: /home/pretil/catkin_ws/src/limo_ros2/install/limo_msgs/include/limo_msgs/limo_msgs/msg/detail/limo_status__struct.hpp
[0.428s] -- Up-to-date symlink: /home/pretil/catkin_ws/src/limo_ros2/install/limo_msgs/include/limo_msgs/limo_msgs/msg/detail/limo_status__traits.hpp
[0.428s] -- Up-to-date symlink: /home/pretil/catkin_ws/src/limo_ros2/install/limo_msgs/include/limo_msgs/limo_msgs/msg/detail/limo_status__type_support.hpp
[0.428s] -- Up-to-date symlink: /home/pretil/catkin_ws/src/limo_ros2/install/limo_msgs/include/limo_msgs/limo_msgs/msg/limo_status.hpp
[0.428s] -- Up-to-date symlink: /home/pretil/catkin_ws/src/limo_ros2/install/limo_msgs/include/limo_msgs/limo_msgs/msg/rosidl_generator_cpp__visibility_control.hpp
[0.429s] -- Up-to-date symlink: /home/pretil/catkin_ws/src/limo_ros2/install/limo_msgs/include/limo_msgs/limo_msgs/msg/detail/limo_status__rosidl_typesupport_fastrtps_cpp.hpp
[0.429s] -- Up-to-date symlink: /home/pretil/catkin_ws/src/limo_ros2/install/limo_msgs/include/limo_msgs/limo_msgs/msg/rosidl_typesupport_fastrtps_cpp__visibility_control.h
[0.429s] -- Up-to-date symlink: /home/pretil/catkin_ws/src/limo_ros2/install/limo_msgs/include/limo_msgs/limo_msgs/msg/detail/limo_status__rosidl_typesupport_introspection_c.h
[0.430s] -- Up-to-date symlink: /home/pretil/catkin_ws/src/limo_ros2/install/limo_msgs/include/limo_msgs/limo_msgs/msg/rosidl_typesupport_introspection_c__visibility_control.h
[0.430s] -- Up-to-date symlink: /home/pretil/catkin_ws/src/limo_ros2/install/limo_msgs/include/limo_msgs/limo_msgs/msg/detail/limo_status__rosidl_typesupport_introspection_cpp.hpp
[0.430s] -- Up-to-date symlink: /home/pretil/catkin_ws/src/limo_ros2/install/limo_msgs/share/limo_msgs/environment/pythonpath.sh
[0.430s] -- Up-to-date symlink: /home/pretil/catkin_ws/src/limo_ros2/install/limo_msgs/share/limo_msgs/environment/pythonpath.dsv
[0.431s] -- Up-to-date symlink: /home/pretil/catkin_ws/src/limo_ros2/install/limo_msgs/local/lib/python3.10/dist-packages/limo_msgs-0.0.0-py3.10.egg-info/PKG-INFO
[0.431s] -- Up-to-date symlink: /home/pretil/catkin_ws/src/limo_ros2/install/limo_msgs/local/lib/python3.10/dist-packages/limo_msgs-0.0.0-py3.10.egg-info/SOURCES.txt
[0.431s] -- Up-to-date symlink: /home/pretil/catkin_ws/src/limo_ros2/install/limo_msgs/local/lib/python3.10/dist-packages/limo_msgs-0.0.0-py3.10.egg-info/dependency_links.txt
[0.431s] -- Up-to-date symlink: /home/pretil/catkin_ws/src/limo_ros2/install/limo_msgs/local/lib/python3.10/dist-packages/limo_msgs-0.0.0-py3.10.egg-info/top_level.txt
[0.432s] -- Up-to-date symlink: /home/pretil/catkin_ws/src/limo_ros2/install/limo_msgs/local/lib/python3.10/dist-packages/limo_msgs/__init__.py
[0.432s] -- Up-to-date symlink: /home/pretil/catkin_ws/src/limo_ros2/install/limo_msgs/local/lib/python3.10/dist-packages/limo_msgs/_limo_msgs_s.ep.rosidl_typesupport_c.c
[0.432s] -- Up-to-date symlink: /home/pretil/catkin_ws/src/limo_ros2/install/limo_msgs/local/lib/python3.10/dist-packages/limo_msgs/_limo_msgs_s.ep.rosidl_typesupport_fastrtps_c.c
[0.433s] -- Up-to-date symlink: /home/pretil/catkin_ws/src/limo_ros2/install/limo_msgs/local/lib/python3.10/dist-packages/limo_msgs/_limo_msgs_s.ep.rosidl_typesupport_introspection_c.c
[0.433s] -- Up-to-date symlink: /home/pretil/catkin_ws/src/limo_ros2/install/limo_msgs/local/lib/python3.10/dist-packages/limo_msgs/liblimo_msgs__rosidl_generator_py.so
[0.433s] -- Up-to-date symlink: /home/pretil/catkin_ws/src/limo_ros2/install/limo_msgs/local/lib/python3.10/dist-packages/limo_msgs/limo_msgs_s__rosidl_typesupport_c.cpython-310-x86_64-linux-gnu.so
[0.433s] -- Up-to-date symlink: /home/pretil/catkin_ws/src/limo_ros2/install/limo_msgs/local/lib/python3.10/dist-packages/limo_msgs/limo_msgs_s__rosidl_typesupport_fastrtps_c.cpython-310-x86_64-linux-gnu.so
[0.433s] -- Up-to-date symlink: /home/pretil/catkin_ws/src/limo_ros2/install/limo_msgs/local/lib/python3.10/dist-packages/limo_msgs/limo_msgs_s__rosidl_typesupport_introspection_c.cpython-310-x86_64-linux-gnu.so
[0.434s] -- Up-to-date symlink: /home/pretil/catkin_ws/src/limo_ros2/install/limo_msgs/local/lib/python3.10/dist-packages/limo_msgs/msg/__init__.py
[0.434s] -- Up-to-date symlink: /home/pretil/catkin_ws/src/limo_ros2/install/limo_msgs/local/lib/python3.10/dist-packages/limo_msgs/msg/_limo_status.py
[0.434s] -- Up-to-date symlink: /home/pretil/catkin_ws/src/limo_ros2/install/limo_msgs/local/lib/python3.10/dist-packages/limo_msgs/msg/_limo_status_s.c
[0.434s] -- Up-to-date symlink: /home/pretil/catkin_ws/src/limo_ros2/install/limo_msgs/local/lib/python3.10/dist-packages/limo_msgs/limo_msgs_s__rosidl_typesupport_fastrtps_c.cpython-310-x86_64-linux-gnu.so
[0.435s] -- Up-to-date symlink: /home/pretil/catkin_ws/src/limo_ros2/install/limo_msgs/local/lib/python3.10/dist-packages/limo_msgs/limo_msgs_s__rosidl_typesupport_introspection_c.cpython-310-x86_64-linux-gnu.so
[0.435s] -- Up-to-date symlink: /home/pretil/catkin_ws/src/limo_ros2/install/limo_msgs/local/lib/python3.10/dist-packages/limo_msgs/limo_msgs_s__rosidl_typesupport_c.cpython-310-x86_64-linux-gnu.so
[0.435s] -- Up-to-date symlink: /home/pretil/catkin_ws/src/limo_ros2/install/limo_msgs/share/ament_index/resource_index/rust_packages/limo_msgs
[0.435s] -- Up-to-date symlink: /home/pretil/catkin_ws/src/limo_ros2/install/limo_msgs/share/limo_msgs/rust/Cargo.toml
[0.436s] -- Up-to-date symlink: /home/pretil/catkin_ws/src/limo_ros2/install/limo_msgs/share/limo_msgs/rust/build.rs
[0.436s] -- Up-to-date symlink: /home/pretil/catkin_ws/src/limo_ros2/install/limo_msgs/share/limo_msgs/rust/src/lib.rs
[0.436s] -- Up-to-date symlink: /home/pretil/catkin_ws/src/limo_ros2/install/limo_msgs/share/limo_msgs/rust/src/msg.rs
[0.436s] -- Up-to-date symlink: /home/pretil/catkin_ws/src/limo_ros2/install/limo_msgs/share/limo_msgs/rust/src/msg/rmw.rs
[0.436s] -- Up-to-date symlink: /home/pretil/catkin_ws/src/limo_ros2/install/limo_msgs/share/limo_msgs/msg/LimoStatus.idl
[0.437s] -- Up-to-date symlink: /home/pretil/catkin_ws/src/limo_ros2/install/limo_msgs/share/limo_msgs/msg/LimoStatus.msg
[0.437s] -- Up-to-date symlink: /home/pretil/catkin_ws/src/limo_ros2/install/limo_msgs/share/ament_index/resource_index/package_run_dependencies/limo_msgs
[0.437s] -- Up-to-date symlink: /home/pretil/catkin_ws/src/limo_ros2/install/limo_msgs/share/ament_index/resource_index/parent_prefix_path/limo_msgs
[0.437s] -- Up-to-date symlink: /home/pretil/catkin_ws/src/limo_ros2/install/limo_msgs/share/limo_msgs/environment/ament_prefix_path.sh
[0.438s] -- Up-to-date symlink: /home/pretil/catkin_ws/src/limo_ros2/install/limo_msgs/share/limo_msgs/environment/ament_prefix_path.dsv
[0.438s] -- Up-to-date symlink: /home/pretil/catkin_ws/src/limo_ros2/install/limo_msgs/share/limo_msgs/environment/path.sh
[0.438s] -- Up-to-date symlink: /home/pretil/catkin_ws/src/limo_ros2/install/limo_msgs/share/limo_msgs/environment/path.dsv
[0.438s] -- Up-to-date symlink: /home/pretil/catkin_ws/src/limo_ros2/install/limo_msgs/share/limo_msgs/local_setup.bash
[0.438s] -- Up-to-date symlink: /home/pretil/catkin_ws/src/limo_ros2/install/limo_msgs/share/limo_msgs/local_setup.sh
[0.439s] -- Up-to-date symlink: /home/pretil/catkin_ws/src/limo_ros2/install/limo_msgs/share/limo_msgs/local_setup.zsh
[0.439s] -- Up-to-date symlink: /home/pretil/catkin_ws/src/limo_ros2/install/limo_msgs/share/limo_msgs/local_setup.dsv
[0.439s] -- Symlinking: /home/pretil/catkin_ws/src/limo_ros2/install/limo_msgs/share/limo_msgs/package.dsv
[0.448s] -- Up-to-date symlink: /home/pretil/catkin_ws/src/limo_ros2/install/limo_msgs/share/ament_index/resource_index/packages/limo_msgs
[0.449s] -- Up-to-date symlink: /home/pretil/catkin_ws/src/limo_ros2/install/limo_msgs/share/limo_msgs/cmake/rosidl_cmake-extras.cmake
[0.449s] -- Up-to-date symlink: /home/pretil/catkin_ws/src/limo_ros2/install/limo_msgs/share/limo_msgs/cmake/ament_cmake_export_dependencies-extras.cmake
[0.449s] -- Up-to-date symlink: /home/pretil/catkin_ws/src/limo_ros2/install/limo_msgs/share/limo_msgs/cmake/ament_cmake_export_include_directories-extras.cmake
[0.449s] -- Up-to-date symlink: /home/pretil/catkin_ws/src/limo_ros2/install/limo_msgs/share/limo_msgs/cmake/ament_cmake_export_libraries-extras.cmake
[0.449s] -- Up-to-date symlink: /home/pretil/catkin_ws/src/limo_ros2/install/limo_msgs/share/limo_msgs/cmake/ament_cmake_export_targets-extras.cmake
[0.449s] -- Up-to-date symlink: /home/pretil/catkin_ws/src/limo_ros2/install/limo_msgs/share/limo_msgs/cmake/rosidl_cmake_export_typesupport_targets-extras.cmake
[0.449s] -- Up-to-date symlink: /home/pretil/catkin_ws/src/limo_ros2/install/limo_msgs/share/limo_msgs/cmake/rosidl_cmake_export_typesupport_libraries-extras.cmake
[0.450s] -- Up-to-date symlink: /home/pretil/catkin_ws/src/limo_ros2/install/limo_msgs/share/limo_msgs/cmake/limo_msgsConfig.cmake
[0.450s] -- Up-to-date symlink: /home/pretil/catkin_ws/src/limo_ros2/install/limo_msgs/share/limo_msgs/cmake/limo_msgsConfig-version.cmake
[0.450s] -- Up-to-date symlink: /home/pretil/catkin_ws/src/limo_ros2/install/limo_msgs/share/limo_msgs/package.xml
[0.450s] -- Up-to-date: /home/pretil/catkin_ws/src/limo_ros2/install/limo_msgs/lib/liblimo_msgs__rosidl_generator_c.so
[0.451s] -- Up-to-date: /home/pretil/catkin_ws/src/limo_ros2/install/limo_msgs/lib/liblimo_msgs__rosidl_typesupport_fastrtps_c.so
[0.451s] -- Up-to-date: /home/pretil/catkin_ws/src/limo_ros2/install/limo_msgs/lib/liblimo_msgs__rosidl_typesupport_fastrtps_cpp.so
[0.451s] -- Up-to-date: /home/pretil/catkin_ws/src/limo_ros2/install/limo_msgs/lib/liblimo_msgs__rosidl_typesupport_introspection_c.so
[0.452s] -- Up-to-date: /home/pretil/catkin_ws/src/limo_ros2/install/limo_msgs/lib/liblimo_msgs__rosidl_typesupport_c.so
[0.452s] -- Up-to-date: /home/pretil/catkin_ws/src/limo_ros2/install/limo_msgs/lib/liblimo_msgs__rosidl_typesupport_introspection_cpp.so
[0.452s] -- Up-to-date: /home/pretil/catkin_ws/src/limo_ros2/install/limo_msgs/lib/liblimo_msgs__rosidl_typesupport_cpp.so
[0.483s] Listing '/home/pretil/catkin_ws/src/limo_ros2/install/limo_msgs/local/lib/python3.10/dist-packages/limo_msgs'...
[0.483s] Listing '/home/pretil/catkin_ws/src/limo_ros2/install/limo_msgs/local/lib/python3.10/dist-packages/limo_msgs/msg'...
[0.487s] -- Up-to-date: /home/pretil/catkin_ws/src/limo_ros2/install/limo_msgs/lib/liblimo_msgs__rosidl_generator_py.so
[0.488s] -- Up-to-date: /home/pretil/catkin_ws/src/limo_ros2/install/limo_msgs/share/limo_msgs/cmake/export_limo_msgs__rosidl_generator_cExport.cmake
[0.488s] -- Up-to-date: /home/pretil/catkin_ws/src/limo_ros2/install/limo_msgs/share/limo_msgs/cmake/export_limo_msgs__rosidl_generator_cExport-noconfig.cmake
[0.488s] -- Up-to-date: /home/pretil/catkin_ws/src/limo_ros2/install/limo_msgs/share/limo_msgs/cmake/export_limo_msgs__rosidl_typesupport_fastrtps_cExport.cmake
[0.488s] -- Up-to-date: /home/pretil/catkin_ws/src/limo_ros2/install/limo_msgs/share/limo_msgs/cmake/export_limo_msgs__rosidl_typesupport_fastrtps_cExport-noconfig.cmake
[0.488s] -- Up-to-date: /home/pretil/catkin_ws/src/limo_ros2/install/limo_msgs/share/limo_msgs/cmake/export_limo_msgs__rosidl_generator_cppExport.cmake
[0.488s] -- Up-to-date: /home/pretil/catkin_ws/src/limo_ros2/install/limo_msgs/share/limo_msgs/cmake/export_limo_msgs__rosidl_typesupport_fastrtps_cppExport.cmake
[0.488s] -- Up-to-date: /home/pretil/catkin_ws/src/limo_ros2/install/limo_msgs/share/limo_msgs/cmake/export_limo_msgs__rosidl_typesupport_fastrtps_cppExport-noconfig.cmake
[0.488s] -- Up-to-date: /home/pretil/catkin_ws/src/limo_ros2/install/limo_msgs/share/limo_msgs/cmake/limo_msgs__rosidl_typesupport_introspection_cExport.cmake
[0.488s] -- Up-to-date: /home/pretil/catkin_ws/src/limo_ros2/install/limo_msgs/share/limo_msgs/cmake/limo_msgs__rosidl_typesupport_introspection_cExport-noconfig.cmake
[0.489s] -- Up-to-date: /home/pretil/catkin_ws/src/limo_ros2/install/limo_msgs/share/limo_msgs/cmake/limo_msgs__rosidl_typesupport_cExport.cmake
[0.489s] -- Up-to-date: /home/pretil/catkin_ws/src/limo_ros2/install/limo_msgs/share/limo_msgs/cmake/limo_msgs__rosidl_typesupport_cExport-noconfig.cmake
[0.489s] -- Up-to-date: /home/pretil/catkin_ws/src/limo_ros2/install/limo_msgs/share/limo_msgs/cmake/limo_msgs__rosidl_typesupport_introspection_cppExport.cmake
[0.489s] -- Up-to-date: /home/pretil/catkin_ws/src/limo_ros2/install/limo_msgs/share/limo_msgs/cmake/limo_msgs__rosidl_typesupport_introspection_cppExport-noconfig.cmake
[0.489s] -- Up-to-date: /home/pretil/catkin_ws/src/limo_ros2/install/limo_msgs/share/limo_msgs/cmake/limo_msgs__rosidl_typesupport_cppExport.cmake
[0.489s] -- Up-to-date: /home/pretil/catkin_ws/src/limo_ros2/install/limo_msgs/share/limo_msgs/cmake/limo_msgs__rosidl_typesupport_cppExport-noconfig.cmake
[0.489s] -- Up-to-date: /home/pretil/catkin_ws/src/limo_ros2/install/limo_msgs/share/limo_msgs/cmake/export_limo_msgs__rosidl_generator_pyExport.cmake
[0.489s] -- Up-to-date: /home/pretil/catkin_ws/src/limo_ros2/install/limo_msgs/share/limo_msgs/cmake/export_limo_msgs__rosidl_generator_pyExport-noconfig.cmake
[0.492s] Invoked command in '/home/pretil/catkin_ws/src/limo_ros2/build/limo_msgs' returned '0': CMAKE_PREFIX_PATH=${CMAKE_PREFIX_PATH}:/opt/ros/humble /usr/bin/cmake --install /home/pretil/catkin_ws/src/limo_ros2/build/limo_msgs
