[0.098s] DEBUG:colcon:Command line arguments: ['/usr/bin/colcon', 'build', '--symlink-install']
[0.098s] DEBUG:colcon:Parsed command line arguments: Namespace(log_base=None, log_level=None, verb_name='build', build_base='build', install_base='install', merge_install=False, symlink_install=True, test_result_base=None, continue_on_error=False, executor='parallel', parallel_workers=12, event_handlers=None, ignore_user_meta=False, metas=['./colcon.meta'], base_paths=['.'], packages_ignore=None, packages_ignore_regex=None, paths=None, packages_up_to=None, packages_up_to_regex=None, packages_above=None, packages_above_and_dependencies=None, packages_above_depth=None, packages_select_by_dep=None, packages_skip_by_dep=None, packages_skip_up_to=None, packages_select_build_failed=False, packages_skip_build_finished=False, packages_select_test_failures=False, packages_skip_test_passed=False, packages_select=None, packages_skip=None, packages_select_regex=None, packages_skip_regex=None, packages_start=None, packages_end=None, cmake_args=None, cmake_target=None, cmake_target_skip_unavailable=False, cmake_clean_cache=False, cmake_clean_first=False, cmake_force_configure=False, ament_cmake_args=None, catkin_cmake_args=None, catkin_skip_building_tests=False, mixin_files=None, mixin=None, verb_parser=<colcon_mixin.mixin.mixin_argument.MixinArgumentDecorator object at 0x7fba67314e20>, verb_extension=<colcon_core.verb.build.BuildVerb object at 0x7fba67314970>, main=<bound method BuildVerb.main of <colcon_core.verb.build.BuildVerb object at 0x7fba67314970>>, mixin_verb=('build',))
[0.243s] Level 1:colcon.colcon_core.package_discovery:discover_packages(colcon_meta) check parameters
[0.243s] Level 1:colcon.colcon_core.package_discovery:discover_packages(recursive) check parameters
[0.243s] Level 1:colcon.colcon_core.package_discovery:discover_packages(ignore) check parameters
[0.243s] Level 1:colcon.colcon_core.package_discovery:discover_packages(path) check parameters
[0.243s] Level 1:colcon.colcon_core.package_discovery:discover_packages(colcon_meta) discover
[0.243s] Level 1:colcon.colcon_core.package_discovery:discover_packages(recursive) discover
[0.243s] INFO:colcon.colcon_core.package_discovery:Crawling recursively for packages in '/home/pretil/catkin_ws/src/limo_ros2'
[0.244s] Level 1:colcon.colcon_core.package_identification:_identify(.) by extensions ['ignore', 'ignore_ament_install']
[0.244s] Level 1:colcon.colcon_core.package_identification:_identify(.) by extension 'ignore'
[0.244s] Level 1:colcon.colcon_core.package_identification:_identify(.) by extension 'ignore_ament_install'
[0.244s] Level 1:colcon.colcon_core.package_identification:_identify(.) by extensions ['colcon_pkg']
[0.244s] Level 1:colcon.colcon_core.package_identification:_identify(.) by extension 'colcon_pkg'
[0.244s] Level 1:colcon.colcon_core.package_identification:_identify(.) by extensions ['colcon_meta']
[0.244s] Level 1:colcon.colcon_core.package_identification:_identify(.) by extension 'colcon_meta'
[0.244s] Level 1:colcon.colcon_core.package_identification:_identify(.) by extensions ['ros']
[0.244s] Level 1:colcon.colcon_core.package_identification:_identify(.) by extension 'ros'
[0.253s] Level 1:colcon.colcon_core.package_identification:_identify(.) by extensions ['cmake', 'python']
[0.253s] Level 1:colcon.colcon_core.package_identification:_identify(.) by extension 'cmake'
[0.254s] Level 1:colcon.colcon_core.package_identification:_identify(.) by extension 'python'
[0.254s] Level 1:colcon.colcon_core.package_identification:_identify(.) by extensions ['python_setup_py']
[0.254s] Level 1:colcon.colcon_core.package_identification:_identify(.) by extension 'python_setup_py'
[0.254s] Level 1:colcon.colcon_core.package_identification:_identify(build) by extensions ['ignore', 'ignore_ament_install']
[0.254s] Level 1:colcon.colcon_core.package_identification:_identify(build) by extension 'ignore'
[0.254s] Level 1:colcon.colcon_core.package_identification:_identify(build) ignored
[0.254s] Level 1:colcon.colcon_core.package_identification:_identify(install) by extensions ['ignore', 'ignore_ament_install']
[0.254s] Level 1:colcon.colcon_core.package_identification:_identify(install) by extension 'ignore'
[0.254s] Level 1:colcon.colcon_core.package_identification:_identify(install) ignored
[0.254s] Level 1:colcon.colcon_core.package_identification:_identify(limo_base) by extensions ['ignore', 'ignore_ament_install']
[0.254s] Level 1:colcon.colcon_core.package_identification:_identify(limo_base) by extension 'ignore'
[0.254s] Level 1:colcon.colcon_core.package_identification:_identify(limo_base) by extension 'ignore_ament_install'
[0.254s] Level 1:colcon.colcon_core.package_identification:_identify(limo_base) by extensions ['colcon_pkg']
[0.254s] Level 1:colcon.colcon_core.package_identification:_identify(limo_base) by extension 'colcon_pkg'
[0.254s] Level 1:colcon.colcon_core.package_identification:_identify(limo_base) by extensions ['colcon_meta']
[0.254s] Level 1:colcon.colcon_core.package_identification:_identify(limo_base) by extension 'colcon_meta'
[0.255s] Level 1:colcon.colcon_core.package_identification:_identify(limo_base) by extensions ['ros']
[0.255s] Level 1:colcon.colcon_core.package_identification:_identify(limo_base) by extension 'ros'
[0.257s] DEBUG:colcon.colcon_core.package_identification:Package 'limo_base' with type 'ros.ament_cmake' and name 'limo_base'
[0.257s] Level 1:colcon.colcon_core.package_identification:_identify(limo_bringup) by extensions ['ignore', 'ignore_ament_install']
[0.257s] Level 1:colcon.colcon_core.package_identification:_identify(limo_bringup) by extension 'ignore'
[0.257s] Level 1:colcon.colcon_core.package_identification:_identify(limo_bringup) by extension 'ignore_ament_install'
[0.257s] Level 1:colcon.colcon_core.package_identification:_identify(limo_bringup) by extensions ['colcon_pkg']
[0.257s] Level 1:colcon.colcon_core.package_identification:_identify(limo_bringup) by extension 'colcon_pkg'
[0.257s] Level 1:colcon.colcon_core.package_identification:_identify(limo_bringup) by extensions ['colcon_meta']
[0.257s] Level 1:colcon.colcon_core.package_identification:_identify(limo_bringup) by extension 'colcon_meta'
[0.257s] Level 1:colcon.colcon_core.package_identification:_identify(limo_bringup) by extensions ['ros']
[0.257s] Level 1:colcon.colcon_core.package_identification:_identify(limo_bringup) by extension 'ros'
[0.259s] DEBUG:colcon.colcon_core.package_identification:Package 'limo_bringup' with type 'ros.ament_cmake' and name 'limo_bringup'
[0.259s] Level 1:colcon.colcon_core.package_identification:_identify(limo_car) by extensions ['ignore', 'ignore_ament_install']
[0.259s] Level 1:colcon.colcon_core.package_identification:_identify(limo_car) by extension 'ignore'
[0.259s] Level 1:colcon.colcon_core.package_identification:_identify(limo_car) by extension 'ignore_ament_install'
[0.259s] Level 1:colcon.colcon_core.package_identification:_identify(limo_car) by extensions ['colcon_pkg']
[0.259s] Level 1:colcon.colcon_core.package_identification:_identify(limo_car) by extension 'colcon_pkg'
[0.259s] Level 1:colcon.colcon_core.package_identification:_identify(limo_car) by extensions ['colcon_meta']
[0.259s] Level 1:colcon.colcon_core.package_identification:_identify(limo_car) by extension 'colcon_meta'
[0.259s] Level 1:colcon.colcon_core.package_identification:_identify(limo_car) by extensions ['ros']
[0.259s] Level 1:colcon.colcon_core.package_identification:_identify(limo_car) by extension 'ros'
[0.260s] DEBUG:colcon.colcon_core.package_identification:Package 'limo_car' with type 'ros.ament_cmake' and name 'limo_car'
[0.260s] Level 1:colcon.colcon_core.package_identification:_identify(limo_description) by extensions ['ignore', 'ignore_ament_install']
[0.260s] Level 1:colcon.colcon_core.package_identification:_identify(limo_description) by extension 'ignore'
[0.260s] Level 1:colcon.colcon_core.package_identification:_identify(limo_description) by extension 'ignore_ament_install'
[0.260s] Level 1:colcon.colcon_core.package_identification:_identify(limo_description) by extensions ['colcon_pkg']
[0.260s] Level 1:colcon.colcon_core.package_identification:_identify(limo_description) by extension 'colcon_pkg'
[0.260s] Level 1:colcon.colcon_core.package_identification:_identify(limo_description) by extensions ['colcon_meta']
[0.260s] Level 1:colcon.colcon_core.package_identification:_identify(limo_description) by extension 'colcon_meta'
[0.260s] Level 1:colcon.colcon_core.package_identification:_identify(limo_description) by extensions ['ros']
[0.260s] Level 1:colcon.colcon_core.package_identification:_identify(limo_description) by extension 'ros'
[0.261s] DEBUG:colcon.colcon_core.package_identification:Package 'limo_description' with type 'ros.ament_cmake' and name 'limo_description'
[0.261s] Level 1:colcon.colcon_core.package_identification:_identify(limo_gazebosim) by extensions ['ignore', 'ignore_ament_install']
[0.261s] Level 1:colcon.colcon_core.package_identification:_identify(limo_gazebosim) by extension 'ignore'
[0.261s] Level 1:colcon.colcon_core.package_identification:_identify(limo_gazebosim) by extension 'ignore_ament_install'
[0.261s] Level 1:colcon.colcon_core.package_identification:_identify(limo_gazebosim) by extensions ['colcon_pkg']
[0.261s] Level 1:colcon.colcon_core.package_identification:_identify(limo_gazebosim) by extension 'colcon_pkg'
[0.261s] Level 1:colcon.colcon_core.package_identification:_identify(limo_gazebosim) by extensions ['colcon_meta']
[0.261s] Level 1:colcon.colcon_core.package_identification:_identify(limo_gazebosim) by extension 'colcon_meta'
[0.261s] Level 1:colcon.colcon_core.package_identification:_identify(limo_gazebosim) by extensions ['ros']
[0.261s] Level 1:colcon.colcon_core.package_identification:_identify(limo_gazebosim) by extension 'ros'
[0.262s] DEBUG:colcon.colcon_core.package_identification:Package 'limo_gazebosim' with type 'ros.ament_cmake' and name 'limo_gazebosim'
[0.262s] Level 1:colcon.colcon_core.package_identification:_identify(limo_msgs) by extensions ['ignore', 'ignore_ament_install']
[0.262s] Level 1:colcon.colcon_core.package_identification:_identify(limo_msgs) by extension 'ignore'
[0.262s] Level 1:colcon.colcon_core.package_identification:_identify(limo_msgs) by extension 'ignore_ament_install'
[0.262s] Level 1:colcon.colcon_core.package_identification:_identify(limo_msgs) by extensions ['colcon_pkg']
[0.262s] Level 1:colcon.colcon_core.package_identification:_identify(limo_msgs) by extension 'colcon_pkg'
[0.262s] Level 1:colcon.colcon_core.package_identification:_identify(limo_msgs) by extensions ['colcon_meta']
[0.262s] Level 1:colcon.colcon_core.package_identification:_identify(limo_msgs) by extension 'colcon_meta'
[0.262s] Level 1:colcon.colcon_core.package_identification:_identify(limo_msgs) by extensions ['ros']
[0.262s] Level 1:colcon.colcon_core.package_identification:_identify(limo_msgs) by extension 'ros'
[0.263s] DEBUG:colcon.colcon_core.package_identification:Package 'limo_msgs' with type 'ros.ament_cmake' and name 'limo_msgs'
[0.263s] Level 1:colcon.colcon_core.package_identification:_identify(limo_navigation) by extensions ['ignore', 'ignore_ament_install']
[0.263s] Level 1:colcon.colcon_core.package_identification:_identify(limo_navigation) by extension 'ignore'
[0.263s] Level 1:colcon.colcon_core.package_identification:_identify(limo_navigation) by extension 'ignore_ament_install'
[0.263s] Level 1:colcon.colcon_core.package_identification:_identify(limo_navigation) by extensions ['colcon_pkg']
[0.263s] Level 1:colcon.colcon_core.package_identification:_identify(limo_navigation) by extension 'colcon_pkg'
[0.263s] Level 1:colcon.colcon_core.package_identification:_identify(limo_navigation) by extensions ['colcon_meta']
[0.263s] Level 1:colcon.colcon_core.package_identification:_identify(limo_navigation) by extension 'colcon_meta'
[0.263s] Level 1:colcon.colcon_core.package_identification:_identify(limo_navigation) by extensions ['ros']
[0.263s] Level 1:colcon.colcon_core.package_identification:_identify(limo_navigation) by extension 'ros'
[0.263s] DEBUG:colcon.colcon_core.package_identification:Package 'limo_navigation' with type 'ros.ament_cmake' and name 'limo_navigation'
[0.263s] Level 1:colcon.colcon_core.package_identification:_identify(log) by extensions ['ignore', 'ignore_ament_install']
[0.264s] Level 1:colcon.colcon_core.package_identification:_identify(log) by extension 'ignore'
[0.264s] Level 1:colcon.colcon_core.package_identification:_identify(log) ignored
[0.264s] Level 1:colcon.colcon_core.package_identification:_identify(ydlidar_ros2) by extensions ['ignore', 'ignore_ament_install']
[0.264s] Level 1:colcon.colcon_core.package_identification:_identify(ydlidar_ros2) by extension 'ignore'
[0.264s] Level 1:colcon.colcon_core.package_identification:_identify(ydlidar_ros2) by extension 'ignore_ament_install'
[0.264s] Level 1:colcon.colcon_core.package_identification:_identify(ydlidar_ros2) by extensions ['colcon_pkg']
[0.264s] Level 1:colcon.colcon_core.package_identification:_identify(ydlidar_ros2) by extension 'colcon_pkg'
[0.264s] Level 1:colcon.colcon_core.package_identification:_identify(ydlidar_ros2) by extensions ['colcon_meta']
[0.264s] Level 1:colcon.colcon_core.package_identification:_identify(ydlidar_ros2) by extension 'colcon_meta'
[0.264s] Level 1:colcon.colcon_core.package_identification:_identify(ydlidar_ros2) by extensions ['ros']
[0.264s] Level 1:colcon.colcon_core.package_identification:_identify(ydlidar_ros2) by extension 'ros'
[0.265s] DEBUG:colcon.colcon_core.package_identification:Package 'ydlidar_ros2' with type 'ros.ament_cmake' and name 'ydlidar_ros2_driver'
[0.265s] Level 1:colcon.colcon_core.package_discovery:discover_packages(recursive) using defaults
[0.265s] Level 1:colcon.colcon_core.package_discovery:discover_packages(ignore) discover
[0.265s] Level 1:colcon.colcon_core.package_discovery:discover_packages(ignore) using defaults
[0.265s] Level 1:colcon.colcon_core.package_discovery:discover_packages(path) discover
[0.265s] Level 1:colcon.colcon_core.package_discovery:discover_packages(path) using defaults
[0.290s] Level 5:colcon.colcon_core.verb:set package 'limo_car' build argument 'cmake_args' from command line to 'None'
[0.290s] Level 5:colcon.colcon_core.verb:set package 'limo_car' build argument 'cmake_target' from command line to 'None'
[0.290s] Level 5:colcon.colcon_core.verb:set package 'limo_car' build argument 'cmake_target_skip_unavailable' from command line to 'False'
[0.290s] Level 5:colcon.colcon_core.verb:set package 'limo_car' build argument 'cmake_clean_cache' from command line to 'False'
[0.290s] Level 5:colcon.colcon_core.verb:set package 'limo_car' build argument 'cmake_clean_first' from command line to 'False'
[0.290s] Level 5:colcon.colcon_core.verb:set package 'limo_car' build argument 'cmake_force_configure' from command line to 'False'
[0.290s] Level 5:colcon.colcon_core.verb:set package 'limo_car' build argument 'ament_cmake_args' from command line to 'None'
[0.290s] Level 5:colcon.colcon_core.verb:set package 'limo_car' build argument 'catkin_cmake_args' from command line to 'None'
[0.290s] Level 5:colcon.colcon_core.verb:set package 'limo_car' build argument 'catkin_skip_building_tests' from command line to 'False'
[0.290s] DEBUG:colcon.colcon_core.verb:Building package 'limo_car' with the following arguments: {'ament_cmake_args': None, 'build_base': '/home/pretil/catkin_ws/src/limo_ros2/build/limo_car', 'catkin_cmake_args': None, 'catkin_skip_building_tests': False, 'cmake_args': None, 'cmake_clean_cache': False, 'cmake_clean_first': False, 'cmake_force_configure': False, 'cmake_target': None, 'cmake_target_skip_unavailable': False, 'install_base': '/home/pretil/catkin_ws/src/limo_ros2/install/limo_car', 'merge_install': False, 'path': '/home/pretil/catkin_ws/src/limo_ros2/limo_car', 'symlink_install': True, 'test_result_base': None}
[0.290s] Level 5:colcon.colcon_core.verb:set package 'limo_description' build argument 'cmake_args' from command line to 'None'
[0.290s] Level 5:colcon.colcon_core.verb:set package 'limo_description' build argument 'cmake_target' from command line to 'None'
[0.290s] Level 5:colcon.colcon_core.verb:set package 'limo_description' build argument 'cmake_target_skip_unavailable' from command line to 'False'
[0.290s] Level 5:colcon.colcon_core.verb:set package 'limo_description' build argument 'cmake_clean_cache' from command line to 'False'
[0.290s] Level 5:colcon.colcon_core.verb:set package 'limo_description' build argument 'cmake_clean_first' from command line to 'False'
[0.290s] Level 5:colcon.colcon_core.verb:set package 'limo_description' build argument 'cmake_force_configure' from command line to 'False'
[0.290s] Level 5:colcon.colcon_core.verb:set package 'limo_description' build argument 'ament_cmake_args' from command line to 'None'
[0.291s] Level 5:colcon.colcon_core.verb:set package 'limo_description' build argument 'catkin_cmake_args' from command line to 'None'
[0.291s] Level 5:colcon.colcon_core.verb:set package 'limo_description' build argument 'catkin_skip_building_tests' from command line to 'False'
[0.291s] DEBUG:colcon.colcon_core.verb:Building package 'limo_description' with the following arguments: {'ament_cmake_args': None, 'build_base': '/home/pretil/catkin_ws/src/limo_ros2/build/limo_description', 'catkin_cmake_args': None, 'catkin_skip_building_tests': False, 'cmake_args': None, 'cmake_clean_cache': False, 'cmake_clean_first': False, 'cmake_force_configure': False, 'cmake_target': None, 'cmake_target_skip_unavailable': False, 'install_base': '/home/pretil/catkin_ws/src/limo_ros2/install/limo_description', 'merge_install': False, 'path': '/home/pretil/catkin_ws/src/limo_ros2/limo_description', 'symlink_install': True, 'test_result_base': None}
[0.291s] Level 5:colcon.colcon_core.verb:set package 'limo_gazebosim' build argument 'cmake_args' from command line to 'None'
[0.291s] Level 5:colcon.colcon_core.verb:set package 'limo_gazebosim' build argument 'cmake_target' from command line to 'None'
[0.291s] Level 5:colcon.colcon_core.verb:set package 'limo_gazebosim' build argument 'cmake_target_skip_unavailable' from command line to 'False'
[0.291s] Level 5:colcon.colcon_core.verb:set package 'limo_gazebosim' build argument 'cmake_clean_cache' from command line to 'False'
[0.291s] Level 5:colcon.colcon_core.verb:set package 'limo_gazebosim' build argument 'cmake_clean_first' from command line to 'False'
[0.291s] Level 5:colcon.colcon_core.verb:set package 'limo_gazebosim' build argument 'cmake_force_configure' from command line to 'False'
[0.291s] Level 5:colcon.colcon_core.verb:set package 'limo_gazebosim' build argument 'ament_cmake_args' from command line to 'None'
[0.291s] Level 5:colcon.colcon_core.verb:set package 'limo_gazebosim' build argument 'catkin_cmake_args' from command line to 'None'
[0.291s] Level 5:colcon.colcon_core.verb:set package 'limo_gazebosim' build argument 'catkin_skip_building_tests' from command line to 'False'
[0.291s] DEBUG:colcon.colcon_core.verb:Building package 'limo_gazebosim' with the following arguments: {'ament_cmake_args': None, 'build_base': '/home/pretil/catkin_ws/src/limo_ros2/build/limo_gazebosim', 'catkin_cmake_args': None, 'catkin_skip_building_tests': False, 'cmake_args': None, 'cmake_clean_cache': False, 'cmake_clean_first': False, 'cmake_force_configure': False, 'cmake_target': None, 'cmake_target_skip_unavailable': False, 'install_base': '/home/pretil/catkin_ws/src/limo_ros2/install/limo_gazebosim', 'merge_install': False, 'path': '/home/pretil/catkin_ws/src/limo_ros2/limo_gazebosim', 'symlink_install': True, 'test_result_base': None}
[0.291s] Level 5:colcon.colcon_core.verb:set package 'limo_msgs' build argument 'cmake_args' from command line to 'None'
[0.291s] Level 5:colcon.colcon_core.verb:set package 'limo_msgs' build argument 'cmake_target' from command line to 'None'
[0.291s] Level 5:colcon.colcon_core.verb:set package 'limo_msgs' build argument 'cmake_target_skip_unavailable' from command line to 'False'
[0.291s] Level 5:colcon.colcon_core.verb:set package 'limo_msgs' build argument 'cmake_clean_cache' from command line to 'False'
[0.292s] Level 5:colcon.colcon_core.verb:set package 'limo_msgs' build argument 'cmake_clean_first' from command line to 'False'
[0.292s] Level 5:colcon.colcon_core.verb:set package 'limo_msgs' build argument 'cmake_force_configure' from command line to 'False'
[0.292s] Level 5:colcon.colcon_core.verb:set package 'limo_msgs' build argument 'ament_cmake_args' from command line to 'None'
[0.292s] Level 5:colcon.colcon_core.verb:set package 'limo_msgs' build argument 'catkin_cmake_args' from command line to 'None'
[0.292s] Level 5:colcon.colcon_core.verb:set package 'limo_msgs' build argument 'catkin_skip_building_tests' from command line to 'False'
[0.292s] DEBUG:colcon.colcon_core.verb:Building package 'limo_msgs' with the following arguments: {'ament_cmake_args': None, 'build_base': '/home/pretil/catkin_ws/src/limo_ros2/build/limo_msgs', 'catkin_cmake_args': None, 'catkin_skip_building_tests': False, 'cmake_args': None, 'cmake_clean_cache': False, 'cmake_clean_first': False, 'cmake_force_configure': False, 'cmake_target': None, 'cmake_target_skip_unavailable': False, 'install_base': '/home/pretil/catkin_ws/src/limo_ros2/install/limo_msgs', 'merge_install': False, 'path': '/home/pretil/catkin_ws/src/limo_ros2/limo_msgs', 'symlink_install': True, 'test_result_base': None}
[0.292s] Level 5:colcon.colcon_core.verb:set package 'limo_navigation' build argument 'cmake_args' from command line to 'None'
[0.292s] Level 5:colcon.colcon_core.verb:set package 'limo_navigation' build argument 'cmake_target' from command line to 'None'
[0.292s] Level 5:colcon.colcon_core.verb:set package 'limo_navigation' build argument 'cmake_target_skip_unavailable' from command line to 'False'
[0.292s] Level 5:colcon.colcon_core.verb:set package 'limo_navigation' build argument 'cmake_clean_cache' from command line to 'False'
[0.292s] Level 5:colcon.colcon_core.verb:set package 'limo_navigation' build argument 'cmake_clean_first' from command line to 'False'
[0.292s] Level 5:colcon.colcon_core.verb:set package 'limo_navigation' build argument 'cmake_force_configure' from command line to 'False'
[0.292s] Level 5:colcon.colcon_core.verb:set package 'limo_navigation' build argument 'ament_cmake_args' from command line to 'None'
[0.292s] Level 5:colcon.colcon_core.verb:set package 'limo_navigation' build argument 'catkin_cmake_args' from command line to 'None'
[0.292s] Level 5:colcon.colcon_core.verb:set package 'limo_navigation' build argument 'catkin_skip_building_tests' from command line to 'False'
[0.292s] DEBUG:colcon.colcon_core.verb:Building package 'limo_navigation' with the following arguments: {'ament_cmake_args': None, 'build_base': '/home/pretil/catkin_ws/src/limo_ros2/build/limo_navigation', 'catkin_cmake_args': None, 'catkin_skip_building_tests': False, 'cmake_args': None, 'cmake_clean_cache': False, 'cmake_clean_first': False, 'cmake_force_configure': False, 'cmake_target': None, 'cmake_target_skip_unavailable': False, 'install_base': '/home/pretil/catkin_ws/src/limo_ros2/install/limo_navigation', 'merge_install': False, 'path': '/home/pretil/catkin_ws/src/limo_ros2/limo_navigation', 'symlink_install': True, 'test_result_base': None}
[0.292s] Level 5:colcon.colcon_core.verb:set package 'ydlidar_ros2_driver' build argument 'cmake_args' from command line to 'None'
[0.293s] Level 5:colcon.colcon_core.verb:set package 'ydlidar_ros2_driver' build argument 'cmake_target' from command line to 'None'
[0.293s] Level 5:colcon.colcon_core.verb:set package 'ydlidar_ros2_driver' build argument 'cmake_target_skip_unavailable' from command line to 'False'
[0.293s] Level 5:colcon.colcon_core.verb:set package 'ydlidar_ros2_driver' build argument 'cmake_clean_cache' from command line to 'False'
[0.293s] Level 5:colcon.colcon_core.verb:set package 'ydlidar_ros2_driver' build argument 'cmake_clean_first' from command line to 'False'
[0.293s] Level 5:colcon.colcon_core.verb:set package 'ydlidar_ros2_driver' build argument 'cmake_force_configure' from command line to 'False'
[0.293s] Level 5:colcon.colcon_core.verb:set package 'ydlidar_ros2_driver' build argument 'ament_cmake_args' from command line to 'None'
[0.293s] Level 5:colcon.colcon_core.verb:set package 'ydlidar_ros2_driver' build argument 'catkin_cmake_args' from command line to 'None'
[0.293s] Level 5:colcon.colcon_core.verb:set package 'ydlidar_ros2_driver' build argument 'catkin_skip_building_tests' from command line to 'False'
[0.293s] DEBUG:colcon.colcon_core.verb:Building package 'ydlidar_ros2_driver' with the following arguments: {'ament_cmake_args': None, 'build_base': '/home/pretil/catkin_ws/src/limo_ros2/build/ydlidar_ros2_driver', 'catkin_cmake_args': None, 'catkin_skip_building_tests': False, 'cmake_args': None, 'cmake_clean_cache': False, 'cmake_clean_first': False, 'cmake_force_configure': False, 'cmake_target': None, 'cmake_target_skip_unavailable': False, 'install_base': '/home/pretil/catkin_ws/src/limo_ros2/install/ydlidar_ros2_driver', 'merge_install': False, 'path': '/home/pretil/catkin_ws/src/limo_ros2/ydlidar_ros2', 'symlink_install': True, 'test_result_base': None}
[0.293s] Level 5:colcon.colcon_core.verb:set package 'limo_base' build argument 'cmake_args' from command line to 'None'
[0.293s] Level 5:colcon.colcon_core.verb:set package 'limo_base' build argument 'cmake_target' from command line to 'None'
[0.293s] Level 5:colcon.colcon_core.verb:set package 'limo_base' build argument 'cmake_target_skip_unavailable' from command line to 'False'
[0.293s] Level 5:colcon.colcon_core.verb:set package 'limo_base' build argument 'cmake_clean_cache' from command line to 'False'
[0.293s] Level 5:colcon.colcon_core.verb:set package 'limo_base' build argument 'cmake_clean_first' from command line to 'False'
[0.293s] Level 5:colcon.colcon_core.verb:set package 'limo_base' build argument 'cmake_force_configure' from command line to 'False'
[0.293s] Level 5:colcon.colcon_core.verb:set package 'limo_base' build argument 'ament_cmake_args' from command line to 'None'
[0.293s] Level 5:colcon.colcon_core.verb:set package 'limo_base' build argument 'catkin_cmake_args' from command line to 'None'
[0.293s] Level 5:colcon.colcon_core.verb:set package 'limo_base' build argument 'catkin_skip_building_tests' from command line to 'False'
[0.293s] DEBUG:colcon.colcon_core.verb:Building package 'limo_base' with the following arguments: {'ament_cmake_args': None, 'build_base': '/home/pretil/catkin_ws/src/limo_ros2/build/limo_base', 'catkin_cmake_args': None, 'catkin_skip_building_tests': False, 'cmake_args': None, 'cmake_clean_cache': False, 'cmake_clean_first': False, 'cmake_force_configure': False, 'cmake_target': None, 'cmake_target_skip_unavailable': False, 'install_base': '/home/pretil/catkin_ws/src/limo_ros2/install/limo_base', 'merge_install': False, 'path': '/home/pretil/catkin_ws/src/limo_ros2/limo_base', 'symlink_install': True, 'test_result_base': None}
[0.294s] Level 5:colcon.colcon_core.verb:set package 'limo_bringup' build argument 'cmake_args' from command line to 'None'
[0.294s] Level 5:colcon.colcon_core.verb:set package 'limo_bringup' build argument 'cmake_target' from command line to 'None'
[0.294s] Level 5:colcon.colcon_core.verb:set package 'limo_bringup' build argument 'cmake_target_skip_unavailable' from command line to 'False'
[0.294s] Level 5:colcon.colcon_core.verb:set package 'limo_bringup' build argument 'cmake_clean_cache' from command line to 'False'
[0.294s] Level 5:colcon.colcon_core.verb:set package 'limo_bringup' build argument 'cmake_clean_first' from command line to 'False'
[0.294s] Level 5:colcon.colcon_core.verb:set package 'limo_bringup' build argument 'cmake_force_configure' from command line to 'False'
[0.294s] Level 5:colcon.colcon_core.verb:set package 'limo_bringup' build argument 'ament_cmake_args' from command line to 'None'
[0.294s] Level 5:colcon.colcon_core.verb:set package 'limo_bringup' build argument 'catkin_cmake_args' from command line to 'None'
[0.294s] Level 5:colcon.colcon_core.verb:set package 'limo_bringup' build argument 'catkin_skip_building_tests' from command line to 'False'
[0.294s] DEBUG:colcon.colcon_core.verb:Building package 'limo_bringup' with the following arguments: {'ament_cmake_args': None, 'build_base': '/home/pretil/catkin_ws/src/limo_ros2/build/limo_bringup', 'catkin_cmake_args': None, 'catkin_skip_building_tests': False, 'cmake_args': None, 'cmake_clean_cache': False, 'cmake_clean_first': False, 'cmake_force_configure': False, 'cmake_target': None, 'cmake_target_skip_unavailable': False, 'install_base': '/home/pretil/catkin_ws/src/limo_ros2/install/limo_bringup', 'merge_install': False, 'path': '/home/pretil/catkin_ws/src/limo_ros2/limo_bringup', 'symlink_install': True, 'test_result_base': None}
[0.294s] INFO:colcon.colcon_core.executor:Executing jobs using 'parallel' executor
[0.295s] DEBUG:colcon.colcon_parallel_executor.executor.parallel:run_until_complete
[0.295s] INFO:colcon.colcon_ros.task.ament_cmake.build:Building ROS package in '/home/pretil/catkin_ws/src/limo_ros2/limo_msgs' with build type 'ament_cmake'
[0.295s] INFO:colcon.colcon_cmake.task.cmake.build:Building CMake package in '/home/pretil/catkin_ws/src/limo_ros2/limo_msgs'
[0.297s] INFO:colcon.colcon_core.plugin_system:Skipping extension 'colcon_core.shell.bat': Not used on non-Windows systems
[0.298s] INFO:colcon.colcon_core.shell:Skip shell extension 'powershell' for command environment: Not usable outside of PowerShell
[0.298s] DEBUG:colcon.colcon_core.shell:Skip shell extension 'dsv' for command environment
[0.303s] INFO:colcon.colcon_ros.task.ament_cmake.build:Building ROS package in '/home/pretil/catkin_ws/src/limo_ros2/limo_car' with build type 'ament_cmake'
[0.303s] INFO:colcon.colcon_cmake.task.cmake.build:Building CMake package in '/home/pretil/catkin_ws/src/limo_ros2/limo_car'
[0.303s] INFO:colcon.colcon_core.shell:Skip shell extension 'powershell' for command environment: Not usable outside of PowerShell
[0.303s] DEBUG:colcon.colcon_core.shell:Skip shell extension 'dsv' for command environment
[0.307s] INFO:colcon.colcon_ros.task.ament_cmake.build:Building ROS package in '/home/pretil/catkin_ws/src/limo_ros2/limo_description' with build type 'ament_cmake'
[0.307s] INFO:colcon.colcon_cmake.task.cmake.build:Building CMake package in '/home/pretil/catkin_ws/src/limo_ros2/limo_description'
[0.307s] INFO:colcon.colcon_core.shell:Skip shell extension 'powershell' for command environment: Not usable outside of PowerShell
[0.308s] DEBUG:colcon.colcon_core.shell:Skip shell extension 'dsv' for command environment
[0.311s] INFO:colcon.colcon_ros.task.ament_cmake.build:Building ROS package in '/home/pretil/catkin_ws/src/limo_ros2/limo_gazebosim' with build type 'ament_cmake'
[0.311s] INFO:colcon.colcon_cmake.task.cmake.build:Building CMake package in '/home/pretil/catkin_ws/src/limo_ros2/limo_gazebosim'
[0.312s] INFO:colcon.colcon_core.shell:Skip shell extension 'powershell' for command environment: Not usable outside of PowerShell
[0.312s] DEBUG:colcon.colcon_core.shell:Skip shell extension 'dsv' for command environment
[0.316s] INFO:colcon.colcon_ros.task.ament_cmake.build:Building ROS package in '/home/pretil/catkin_ws/src/limo_ros2/limo_navigation' with build type 'ament_cmake'
[0.316s] INFO:colcon.colcon_cmake.task.cmake.build:Building CMake package in '/home/pretil/catkin_ws/src/limo_ros2/limo_navigation'
[0.316s] INFO:colcon.colcon_core.shell:Skip shell extension 'powershell' for command environment: Not usable outside of PowerShell
[0.316s] DEBUG:colcon.colcon_core.shell:Skip shell extension 'dsv' for command environment
[0.320s] INFO:colcon.colcon_ros.task.ament_cmake.build:Building ROS package in '/home/pretil/catkin_ws/src/limo_ros2/ydlidar_ros2' with build type 'ament_cmake'
[0.320s] INFO:colcon.colcon_cmake.task.cmake.build:Building CMake package in '/home/pretil/catkin_ws/src/limo_ros2/ydlidar_ros2'
[0.320s] INFO:colcon.colcon_core.shell:Skip shell extension 'powershell' for command environment: Not usable outside of PowerShell
[0.320s] DEBUG:colcon.colcon_core.shell:Skip shell extension 'dsv' for command environment
[0.328s] DEBUG:colcon.colcon_core.event_handler.log_command:Invoking command in '/home/pretil/catkin_ws/src/limo_ros2/build/limo_msgs': CMAKE_PREFIX_PATH=${CMAKE_PREFIX_PATH}:/opt/ros/humble /usr/bin/cmake --build /home/pretil/catkin_ws/src/limo_ros2/build/limo_msgs -- -j12 -l12
[0.330s] DEBUG:colcon.colcon_core.event_handler.log_command:Invoking command in '/home/pretil/catkin_ws/src/limo_ros2/build/limo_car': CMAKE_PREFIX_PATH=${CMAKE_PREFIX_PATH}:/opt/ros/humble /usr/bin/cmake --build /home/pretil/catkin_ws/src/limo_ros2/build/limo_car -- -j12 -l12
[0.332s] DEBUG:colcon.colcon_core.event_handler.log_command:Invoking command in '/home/pretil/catkin_ws/src/limo_ros2/build/limo_description': CMAKE_PREFIX_PATH=${CMAKE_PREFIX_PATH}:/opt/ros/humble /usr/bin/cmake --build /home/pretil/catkin_ws/src/limo_ros2/build/limo_description -- -j12 -l12
[0.334s] DEBUG:colcon.colcon_core.event_handler.log_command:Invoking command in '/home/pretil/catkin_ws/src/limo_ros2/build/limo_gazebosim': CMAKE_PREFIX_PATH=${CMAKE_PREFIX_PATH}:/opt/ros/humble /usr/bin/cmake --build /home/pretil/catkin_ws/src/limo_ros2/build/limo_gazebosim -- -j12 -l12
[0.338s] DEBUG:colcon.colcon_core.event_handler.log_command:Invoking command in '/home/pretil/catkin_ws/src/limo_ros2/build/limo_navigation': CMAKE_PREFIX_PATH=${CMAKE_PREFIX_PATH}:/opt/ros/humble /usr/bin/cmake --build /home/pretil/catkin_ws/src/limo_ros2/build/limo_navigation -- -j12 -l12
[0.342s] DEBUG:colcon.colcon_core.event_handler.log_command:Invoking command in '/home/pretil/catkin_ws/src/limo_ros2/build/ydlidar_ros2_driver': CMAKE_PREFIX_PATH=${CMAKE_PREFIX_PATH}:/opt/ros/humble /usr/bin/cmake /home/pretil/catkin_ws/src/limo_ros2/ydlidar_ros2 -DAMENT_CMAKE_SYMLINK_INSTALL=1 -DCMAKE_INSTALL_PREFIX=/home/pretil/catkin_ws/src/limo_ros2/install/ydlidar_ros2_driver
[0.363s] DEBUG:colcon.colcon_core.event_handler.log_command:Invoked command in '/home/pretil/catkin_ws/src/limo_ros2/build/limo_car' returned '0': CMAKE_PREFIX_PATH=${CMAKE_PREFIX_PATH}:/opt/ros/humble /usr/bin/cmake --build /home/pretil/catkin_ws/src/limo_ros2/build/limo_car -- -j12 -l12
[0.372s] DEBUG:colcon.colcon_core.event_handler.log_command:Invoking command in '/home/pretil/catkin_ws/src/limo_ros2/build/limo_car': CMAKE_PREFIX_PATH=${CMAKE_PREFIX_PATH}:/opt/ros/humble /usr/bin/cmake --install /home/pretil/catkin_ws/src/limo_ros2/build/limo_car
[0.374s] DEBUG:colcon.colcon_core.event_handler.log_command:Invoked command in '/home/pretil/catkin_ws/src/limo_ros2/build/limo_description' returned '0': CMAKE_PREFIX_PATH=${CMAKE_PREFIX_PATH}:/opt/ros/humble /usr/bin/cmake --build /home/pretil/catkin_ws/src/limo_ros2/build/limo_description -- -j12 -l12
[0.376s] DEBUG:colcon.colcon_core.event_handler.log_command:Invoking command in '/home/pretil/catkin_ws/src/limo_ros2/build/limo_description': CMAKE_PREFIX_PATH=${CMAKE_PREFIX_PATH}:/opt/ros/humble /usr/bin/cmake --install /home/pretil/catkin_ws/src/limo_ros2/build/limo_description
[0.376s] DEBUG:colcon.colcon_core.event_handler.log_command:Invoked command in '/home/pretil/catkin_ws/src/limo_ros2/build/limo_gazebosim' returned '0': CMAKE_PREFIX_PATH=${CMAKE_PREFIX_PATH}:/opt/ros/humble /usr/bin/cmake --build /home/pretil/catkin_ws/src/limo_ros2/build/limo_gazebosim -- -j12 -l12
[0.378s] DEBUG:colcon.colcon_core.event_handler.log_command:Invoking command in '/home/pretil/catkin_ws/src/limo_ros2/build/limo_gazebosim': CMAKE_PREFIX_PATH=${CMAKE_PREFIX_PATH}:/opt/ros/humble /usr/bin/cmake --install /home/pretil/catkin_ws/src/limo_ros2/build/limo_gazebosim
[0.386s] DEBUG:colcon.colcon_core.event_handler.log_command:Invoked command in '/home/pretil/catkin_ws/src/limo_ros2/build/limo_navigation' returned '0': CMAKE_PREFIX_PATH=${CMAKE_PREFIX_PATH}:/opt/ros/humble /usr/bin/cmake --build /home/pretil/catkin_ws/src/limo_ros2/build/limo_navigation -- -j12 -l12
[0.392s] DEBUG:colcon.colcon_core.event_handler.log_command:Invoking command in '/home/pretil/catkin_ws/src/limo_ros2/build/limo_navigation': CMAKE_PREFIX_PATH=${CMAKE_PREFIX_PATH}:/opt/ros/humble /usr/bin/cmake --install /home/pretil/catkin_ws/src/limo_ros2/build/limo_navigation
[0.400s] Level 1:colcon.colcon_core.environment:create_environment_scripts_only(limo_car)
[0.404s] DEBUG:colcon.colcon_core.event_handler.log_command:Invoked command in '/home/pretil/catkin_ws/src/limo_ros2/build/limo_car' returned '0': CMAKE_PREFIX_PATH=${CMAKE_PREFIX_PATH}:/opt/ros/humble /usr/bin/cmake --install /home/pretil/catkin_ws/src/limo_ros2/build/limo_car
[0.409s] Level 1:colcon.colcon_core.environment:checking '/home/pretil/catkin_ws/src/limo_ros2/install/limo_car' for CMake module files
[0.410s] Level 1:colcon.colcon_core.environment:checking '/home/pretil/catkin_ws/src/limo_ros2/install/limo_car' for CMake config files
[0.411s] Level 1:colcon.colcon_core.shell:create_environment_hook('limo_car', 'cmake_prefix_path')
[0.411s] INFO:colcon.colcon_core.shell:Creating environment hook '/home/pretil/catkin_ws/src/limo_ros2/install/limo_car/share/limo_car/hook/cmake_prefix_path.ps1'
[0.412s] INFO:colcon.colcon_core.shell:Creating environment descriptor '/home/pretil/catkin_ws/src/limo_ros2/install/limo_car/share/limo_car/hook/cmake_prefix_path.dsv'
[0.413s] INFO:colcon.colcon_core.shell:Creating environment hook '/home/pretil/catkin_ws/src/limo_ros2/install/limo_car/share/limo_car/hook/cmake_prefix_path.sh'
[0.414s] Level 1:colcon.colcon_core.environment:checking '/home/pretil/catkin_ws/src/limo_ros2/install/limo_car/bin'
[0.415s] Level 1:colcon.colcon_core.environment:checking '/home/pretil/catkin_ws/src/limo_ros2/install/limo_car/lib/pkgconfig/limo_car.pc'
[0.416s] Level 1:colcon.colcon_core.environment:checking '/home/pretil/catkin_ws/src/limo_ros2/install/limo_car/lib/python3.10/site-packages'
[0.416s] Level 1:colcon.colcon_core.environment:checking '/home/pretil/catkin_ws/src/limo_ros2/install/limo_car/bin'
[0.417s] INFO:colcon.colcon_core.shell:Creating package script '/home/pretil/catkin_ws/src/limo_ros2/install/limo_car/share/limo_car/package.ps1'
[0.418s] INFO:colcon.colcon_core.shell:Creating package descriptor '/home/pretil/catkin_ws/src/limo_ros2/install/limo_car/share/limo_car/package.dsv'
[0.418s] INFO:colcon.colcon_core.shell:Creating package script '/home/pretil/catkin_ws/src/limo_ros2/install/limo_car/share/limo_car/package.sh'
[0.419s] INFO:colcon.colcon_core.shell:Creating package script '/home/pretil/catkin_ws/src/limo_ros2/install/limo_car/share/limo_car/package.bash'
[0.420s] INFO:colcon.colcon_core.shell:Creating package script '/home/pretil/catkin_ws/src/limo_ros2/install/limo_car/share/limo_car/package.zsh'
[0.421s] Level 1:colcon.colcon_core.environment:create_file_with_runtime_dependencies(/home/pretil/catkin_ws/src/limo_ros2/install/limo_car/share/colcon-core/packages/limo_car)
[0.421s] Level 1:colcon.colcon_core.environment:create_environment_scripts_only(limo_car)
[0.421s] Level 1:colcon.colcon_core.environment:checking '/home/pretil/catkin_ws/src/limo_ros2/install/limo_car' for CMake module files
[0.422s] Level 1:colcon.colcon_core.environment:checking '/home/pretil/catkin_ws/src/limo_ros2/install/limo_car' for CMake config files
[0.422s] Level 1:colcon.colcon_core.shell:create_environment_hook('limo_car', 'cmake_prefix_path')
[0.423s] INFO:colcon.colcon_core.shell:Creating environment hook '/home/pretil/catkin_ws/src/limo_ros2/install/limo_car/share/limo_car/hook/cmake_prefix_path.ps1'
[0.423s] INFO:colcon.colcon_core.shell:Creating environment descriptor '/home/pretil/catkin_ws/src/limo_ros2/install/limo_car/share/limo_car/hook/cmake_prefix_path.dsv'
[0.424s] INFO:colcon.colcon_core.shell:Creating environment hook '/home/pretil/catkin_ws/src/limo_ros2/install/limo_car/share/limo_car/hook/cmake_prefix_path.sh'
[0.424s] Level 1:colcon.colcon_core.environment:checking '/home/pretil/catkin_ws/src/limo_ros2/install/limo_car/bin'
[0.424s] Level 1:colcon.colcon_core.environment:checking '/home/pretil/catkin_ws/src/limo_ros2/install/limo_car/lib/pkgconfig/limo_car.pc'
[0.425s] Level 1:colcon.colcon_core.environment:checking '/home/pretil/catkin_ws/src/limo_ros2/install/limo_car/lib/python3.10/site-packages'
[0.425s] Level 1:colcon.colcon_core.environment:checking '/home/pretil/catkin_ws/src/limo_ros2/install/limo_car/bin'
[0.425s] INFO:colcon.colcon_core.shell:Creating package script '/home/pretil/catkin_ws/src/limo_ros2/install/limo_car/share/limo_car/package.ps1'
[0.426s] INFO:colcon.colcon_core.shell:Creating package descriptor '/home/pretil/catkin_ws/src/limo_ros2/install/limo_car/share/limo_car/package.dsv'
[0.426s] INFO:colcon.colcon_core.shell:Creating package script '/home/pretil/catkin_ws/src/limo_ros2/install/limo_car/share/limo_car/package.sh'
[0.427s] INFO:colcon.colcon_core.shell:Creating package script '/home/pretil/catkin_ws/src/limo_ros2/install/limo_car/share/limo_car/package.bash'
[0.427s] INFO:colcon.colcon_core.shell:Creating package script '/home/pretil/catkin_ws/src/limo_ros2/install/limo_car/share/limo_car/package.zsh'
[0.428s] Level 1:colcon.colcon_core.environment:create_file_with_runtime_dependencies(/home/pretil/catkin_ws/src/limo_ros2/install/limo_car/share/colcon-core/packages/limo_car)
[0.429s] Level 1:colcon.colcon_core.environment:create_environment_scripts_only(limo_gazebosim)
[0.429s] Level 1:colcon.colcon_core.environment:checking '/home/pretil/catkin_ws/src/limo_ros2/install/limo_gazebosim' for CMake module files
[0.430s] DEBUG:colcon.colcon_core.event_handler.log_command:Invoked command in '/home/pretil/catkin_ws/src/limo_ros2/build/limo_gazebosim' returned '0': CMAKE_PREFIX_PATH=${CMAKE_PREFIX_PATH}:/opt/ros/humble /usr/bin/cmake --install /home/pretil/catkin_ws/src/limo_ros2/build/limo_gazebosim
[0.430s] Level 1:colcon.colcon_core.environment:checking '/home/pretil/catkin_ws/src/limo_ros2/install/limo_gazebosim' for CMake config files
[0.431s] Level 1:colcon.colcon_core.shell:create_environment_hook('limo_gazebosim', 'cmake_prefix_path')
[0.431s] INFO:colcon.colcon_core.shell:Creating environment hook '/home/pretil/catkin_ws/src/limo_ros2/install/limo_gazebosim/share/limo_gazebosim/hook/cmake_prefix_path.ps1'
[0.431s] INFO:colcon.colcon_core.shell:Creating environment descriptor '/home/pretil/catkin_ws/src/limo_ros2/install/limo_gazebosim/share/limo_gazebosim/hook/cmake_prefix_path.dsv'
[0.432s] INFO:colcon.colcon_core.shell:Creating environment hook '/home/pretil/catkin_ws/src/limo_ros2/install/limo_gazebosim/share/limo_gazebosim/hook/cmake_prefix_path.sh'
[0.432s] Level 1:colcon.colcon_core.environment:checking '/home/pretil/catkin_ws/src/limo_ros2/install/limo_gazebosim/bin'
[0.432s] Level 1:colcon.colcon_core.environment:checking '/home/pretil/catkin_ws/src/limo_ros2/install/limo_gazebosim/lib/pkgconfig/limo_gazebosim.pc'
[0.433s] Level 1:colcon.colcon_core.environment:checking '/home/pretil/catkin_ws/src/limo_ros2/install/limo_gazebosim/lib/python3.10/site-packages'
[0.433s] Level 1:colcon.colcon_core.environment:checking '/home/pretil/catkin_ws/src/limo_ros2/install/limo_gazebosim/bin'
[0.433s] INFO:colcon.colcon_core.shell:Creating package script '/home/pretil/catkin_ws/src/limo_ros2/install/limo_gazebosim/share/limo_gazebosim/package.ps1'
[0.434s] INFO:colcon.colcon_core.shell:Creating package descriptor '/home/pretil/catkin_ws/src/limo_ros2/install/limo_gazebosim/share/limo_gazebosim/package.dsv'
[0.434s] INFO:colcon.colcon_core.shell:Creating package script '/home/pretil/catkin_ws/src/limo_ros2/install/limo_gazebosim/share/limo_gazebosim/package.sh'
[0.434s] INFO:colcon.colcon_core.shell:Creating package script '/home/pretil/catkin_ws/src/limo_ros2/install/limo_gazebosim/share/limo_gazebosim/package.bash'
[0.435s] INFO:colcon.colcon_core.shell:Creating package script '/home/pretil/catkin_ws/src/limo_ros2/install/limo_gazebosim/share/limo_gazebosim/package.zsh'
[0.435s] Level 1:colcon.colcon_core.environment:create_file_with_runtime_dependencies(/home/pretil/catkin_ws/src/limo_ros2/install/limo_gazebosim/share/colcon-core/packages/limo_gazebosim)
[0.436s] Level 1:colcon.colcon_core.environment:create_environment_scripts_only(limo_gazebosim)
[0.436s] Level 1:colcon.colcon_core.environment:checking '/home/pretil/catkin_ws/src/limo_ros2/install/limo_gazebosim' for CMake module files
[0.436s] Level 1:colcon.colcon_core.environment:checking '/home/pretil/catkin_ws/src/limo_ros2/install/limo_gazebosim' for CMake config files
[0.437s] Level 1:colcon.colcon_core.shell:create_environment_hook('limo_gazebosim', 'cmake_prefix_path')
[0.437s] INFO:colcon.colcon_core.shell:Creating environment hook '/home/pretil/catkin_ws/src/limo_ros2/install/limo_gazebosim/share/limo_gazebosim/hook/cmake_prefix_path.ps1'
[0.437s] INFO:colcon.colcon_core.shell:Creating environment descriptor '/home/pretil/catkin_ws/src/limo_ros2/install/limo_gazebosim/share/limo_gazebosim/hook/cmake_prefix_path.dsv'
[0.437s] INFO:colcon.colcon_core.shell:Creating environment hook '/home/pretil/catkin_ws/src/limo_ros2/install/limo_gazebosim/share/limo_gazebosim/hook/cmake_prefix_path.sh'
[0.438s] Level 1:colcon.colcon_core.environment:checking '/home/pretil/catkin_ws/src/limo_ros2/install/limo_gazebosim/bin'
[0.438s] Level 1:colcon.colcon_core.environment:checking '/home/pretil/catkin_ws/src/limo_ros2/install/limo_gazebosim/lib/pkgconfig/limo_gazebosim.pc'
[0.438s] Level 1:colcon.colcon_core.environment:checking '/home/pretil/catkin_ws/src/limo_ros2/install/limo_gazebosim/lib/python3.10/site-packages'
[0.439s] Level 1:colcon.colcon_core.environment:checking '/home/pretil/catkin_ws/src/limo_ros2/install/limo_gazebosim/bin'
[0.439s] INFO:colcon.colcon_core.shell:Creating package script '/home/pretil/catkin_ws/src/limo_ros2/install/limo_gazebosim/share/limo_gazebosim/package.ps1'
[0.439s] INFO:colcon.colcon_core.shell:Creating package descriptor '/home/pretil/catkin_ws/src/limo_ros2/install/limo_gazebosim/share/limo_gazebosim/package.dsv'
[0.440s] INFO:colcon.colcon_core.shell:Creating package script '/home/pretil/catkin_ws/src/limo_ros2/install/limo_gazebosim/share/limo_gazebosim/package.sh'
[0.440s] INFO:colcon.colcon_core.shell:Creating package script '/home/pretil/catkin_ws/src/limo_ros2/install/limo_gazebosim/share/limo_gazebosim/package.bash'
[0.441s] INFO:colcon.colcon_core.shell:Creating package script '/home/pretil/catkin_ws/src/limo_ros2/install/limo_gazebosim/share/limo_gazebosim/package.zsh'
[0.441s] Level 1:colcon.colcon_core.environment:create_file_with_runtime_dependencies(/home/pretil/catkin_ws/src/limo_ros2/install/limo_gazebosim/share/colcon-core/packages/limo_gazebosim)
[0.442s] Level 1:colcon.colcon_core.environment:create_environment_scripts_only(limo_description)
[0.442s] Level 1:colcon.colcon_core.environment:checking '/home/pretil/catkin_ws/src/limo_ros2/install/limo_description' for CMake module files
[0.443s] DEBUG:colcon.colcon_core.event_handler.log_command:Invoked command in '/home/pretil/catkin_ws/src/limo_ros2/build/limo_description' returned '0': CMAKE_PREFIX_PATH=${CMAKE_PREFIX_PATH}:/opt/ros/humble /usr/bin/cmake --install /home/pretil/catkin_ws/src/limo_ros2/build/limo_description
[0.443s] Level 1:colcon.colcon_core.environment:checking '/home/pretil/catkin_ws/src/limo_ros2/install/limo_description' for CMake config files
[0.443s] Level 1:colcon.colcon_core.shell:create_environment_hook('limo_description', 'cmake_prefix_path')
[0.443s] INFO:colcon.colcon_core.shell:Creating environment hook '/home/pretil/catkin_ws/src/limo_ros2/install/limo_description/share/limo_description/hook/cmake_prefix_path.ps1'
[0.444s] INFO:colcon.colcon_core.shell:Creating environment descriptor '/home/pretil/catkin_ws/src/limo_ros2/install/limo_description/share/limo_description/hook/cmake_prefix_path.dsv'
[0.444s] INFO:colcon.colcon_core.shell:Creating environment hook '/home/pretil/catkin_ws/src/limo_ros2/install/limo_description/share/limo_description/hook/cmake_prefix_path.sh'
[0.445s] Level 1:colcon.colcon_core.environment:checking '/home/pretil/catkin_ws/src/limo_ros2/install/limo_description/bin'
[0.445s] Level 1:colcon.colcon_core.environment:checking '/home/pretil/catkin_ws/src/limo_ros2/install/limo_description/lib/pkgconfig/limo_description.pc'
[0.445s] Level 1:colcon.colcon_core.environment:checking '/home/pretil/catkin_ws/src/limo_ros2/install/limo_description/lib/python3.10/site-packages'
[0.445s] Level 1:colcon.colcon_core.environment:checking '/home/pretil/catkin_ws/src/limo_ros2/install/limo_description/bin'
[0.446s] INFO:colcon.colcon_core.shell:Creating package script '/home/pretil/catkin_ws/src/limo_ros2/install/limo_description/share/limo_description/package.ps1'
[0.446s] INFO:colcon.colcon_core.shell:Creating package descriptor '/home/pretil/catkin_ws/src/limo_ros2/install/limo_description/share/limo_description/package.dsv'
[0.446s] INFO:colcon.colcon_core.shell:Creating package script '/home/pretil/catkin_ws/src/limo_ros2/install/limo_description/share/limo_description/package.sh'
[0.447s] INFO:colcon.colcon_core.shell:Creating package script '/home/pretil/catkin_ws/src/limo_ros2/install/limo_description/share/limo_description/package.bash'
[0.447s] INFO:colcon.colcon_core.shell:Creating package script '/home/pretil/catkin_ws/src/limo_ros2/install/limo_description/share/limo_description/package.zsh'
[0.447s] Level 1:colcon.colcon_core.environment:create_file_with_runtime_dependencies(/home/pretil/catkin_ws/src/limo_ros2/install/limo_description/share/colcon-core/packages/limo_description)
[0.448s] Level 1:colcon.colcon_core.environment:create_environment_scripts_only(limo_description)
[0.448s] Level 1:colcon.colcon_core.environment:checking '/home/pretil/catkin_ws/src/limo_ros2/install/limo_description' for CMake module files
[0.449s] Level 1:colcon.colcon_core.environment:checking '/home/pretil/catkin_ws/src/limo_ros2/install/limo_description' for CMake config files
[0.449s] Level 1:colcon.colcon_core.shell:create_environment_hook('limo_description', 'cmake_prefix_path')
[0.449s] INFO:colcon.colcon_core.shell:Creating environment hook '/home/pretil/catkin_ws/src/limo_ros2/install/limo_description/share/limo_description/hook/cmake_prefix_path.ps1'
[0.450s] INFO:colcon.colcon_core.shell:Creating environment descriptor '/home/pretil/catkin_ws/src/limo_ros2/install/limo_description/share/limo_description/hook/cmake_prefix_path.dsv'
[0.450s] INFO:colcon.colcon_core.shell:Creating environment hook '/home/pretil/catkin_ws/src/limo_ros2/install/limo_description/share/limo_description/hook/cmake_prefix_path.sh'
[0.451s] Level 1:colcon.colcon_core.environment:checking '/home/pretil/catkin_ws/src/limo_ros2/install/limo_description/bin'
[0.451s] Level 1:colcon.colcon_core.environment:checking '/home/pretil/catkin_ws/src/limo_ros2/install/limo_description/lib/pkgconfig/limo_description.pc'
[0.451s] Level 1:colcon.colcon_core.environment:checking '/home/pretil/catkin_ws/src/limo_ros2/install/limo_description/lib/python3.10/site-packages'
[0.451s] Level 1:colcon.colcon_core.environment:checking '/home/pretil/catkin_ws/src/limo_ros2/install/limo_description/bin'
[0.452s] INFO:colcon.colcon_core.shell:Creating package script '/home/pretil/catkin_ws/src/limo_ros2/install/limo_description/share/limo_description/package.ps1'
[0.452s] INFO:colcon.colcon_core.shell:Creating package descriptor '/home/pretil/catkin_ws/src/limo_ros2/install/limo_description/share/limo_description/package.dsv'
[0.453s] INFO:colcon.colcon_core.shell:Creating package script '/home/pretil/catkin_ws/src/limo_ros2/install/limo_description/share/limo_description/package.sh'
[0.453s] INFO:colcon.colcon_core.shell:Creating package script '/home/pretil/catkin_ws/src/limo_ros2/install/limo_description/share/limo_description/package.bash'
[0.454s] INFO:colcon.colcon_core.shell:Creating package script '/home/pretil/catkin_ws/src/limo_ros2/install/limo_description/share/limo_description/package.zsh'
[0.454s] Level 1:colcon.colcon_core.environment:create_file_with_runtime_dependencies(/home/pretil/catkin_ws/src/limo_ros2/install/limo_description/share/colcon-core/packages/limo_description)
[0.454s] Level 1:colcon.colcon_core.environment:create_environment_scripts_only(limo_navigation)
[0.455s] Level 1:colcon.colcon_core.environment:checking '/home/pretil/catkin_ws/src/limo_ros2/install/limo_navigation' for CMake module files
[0.455s] DEBUG:colcon.colcon_core.event_handler.log_command:Invoked command in '/home/pretil/catkin_ws/src/limo_ros2/build/limo_navigation' returned '0': CMAKE_PREFIX_PATH=${CMAKE_PREFIX_PATH}:/opt/ros/humble /usr/bin/cmake --install /home/pretil/catkin_ws/src/limo_ros2/build/limo_navigation
[0.456s] Level 1:colcon.colcon_core.environment:checking '/home/pretil/catkin_ws/src/limo_ros2/install/limo_navigation' for CMake config files
[0.456s] Level 1:colcon.colcon_core.shell:create_environment_hook('limo_navigation', 'cmake_prefix_path')
[0.456s] INFO:colcon.colcon_core.shell:Creating environment hook '/home/pretil/catkin_ws/src/limo_ros2/install/limo_navigation/share/limo_navigation/hook/cmake_prefix_path.ps1'
[0.457s] INFO:colcon.colcon_core.shell:Creating environment descriptor '/home/pretil/catkin_ws/src/limo_ros2/install/limo_navigation/share/limo_navigation/hook/cmake_prefix_path.dsv'
[0.457s] INFO:colcon.colcon_core.shell:Creating environment hook '/home/pretil/catkin_ws/src/limo_ros2/install/limo_navigation/share/limo_navigation/hook/cmake_prefix_path.sh'
[0.458s] Level 1:colcon.colcon_core.environment:checking '/home/pretil/catkin_ws/src/limo_ros2/install/limo_navigation/bin'
[0.458s] Level 1:colcon.colcon_core.environment:checking '/home/pretil/catkin_ws/src/limo_ros2/install/limo_navigation/lib/pkgconfig/limo_navigation.pc'
[0.458s] Level 1:colcon.colcon_core.environment:checking '/home/pretil/catkin_ws/src/limo_ros2/install/limo_navigation/lib/python3.10/site-packages'
[0.458s] Level 1:colcon.colcon_core.environment:checking '/home/pretil/catkin_ws/src/limo_ros2/install/limo_navigation/bin'
[0.459s] INFO:colcon.colcon_core.shell:Creating package script '/home/pretil/catkin_ws/src/limo_ros2/install/limo_navigation/share/limo_navigation/package.ps1'
[0.459s] INFO:colcon.colcon_core.shell:Creating package descriptor '/home/pretil/catkin_ws/src/limo_ros2/install/limo_navigation/share/limo_navigation/package.dsv'
[0.459s] INFO:colcon.colcon_core.shell:Creating package script '/home/pretil/catkin_ws/src/limo_ros2/install/limo_navigation/share/limo_navigation/package.sh'
[0.460s] INFO:colcon.colcon_core.shell:Creating package script '/home/pretil/catkin_ws/src/limo_ros2/install/limo_navigation/share/limo_navigation/package.bash'
[0.460s] INFO:colcon.colcon_core.shell:Creating package script '/home/pretil/catkin_ws/src/limo_ros2/install/limo_navigation/share/limo_navigation/package.zsh'
[0.460s] Level 1:colcon.colcon_core.environment:create_file_with_runtime_dependencies(/home/pretil/catkin_ws/src/limo_ros2/install/limo_navigation/share/colcon-core/packages/limo_navigation)
[0.461s] Level 1:colcon.colcon_core.environment:create_environment_scripts_only(limo_navigation)
[0.461s] Level 1:colcon.colcon_core.environment:checking '/home/pretil/catkin_ws/src/limo_ros2/install/limo_navigation' for CMake module files
[0.462s] Level 1:colcon.colcon_core.environment:checking '/home/pretil/catkin_ws/src/limo_ros2/install/limo_navigation' for CMake config files
[0.463s] Level 1:colcon.colcon_core.shell:create_environment_hook('limo_navigation', 'cmake_prefix_path')
[0.463s] INFO:colcon.colcon_core.shell:Creating environment hook '/home/pretil/catkin_ws/src/limo_ros2/install/limo_navigation/share/limo_navigation/hook/cmake_prefix_path.ps1'
[0.464s] INFO:colcon.colcon_core.shell:Creating environment descriptor '/home/pretil/catkin_ws/src/limo_ros2/install/limo_navigation/share/limo_navigation/hook/cmake_prefix_path.dsv'
[0.464s] INFO:colcon.colcon_core.shell:Creating environment hook '/home/pretil/catkin_ws/src/limo_ros2/install/limo_navigation/share/limo_navigation/hook/cmake_prefix_path.sh'
[0.465s] Level 1:colcon.colcon_core.environment:checking '/home/pretil/catkin_ws/src/limo_ros2/install/limo_navigation/bin'
[0.465s] Level 1:colcon.colcon_core.environment:checking '/home/pretil/catkin_ws/src/limo_ros2/install/limo_navigation/lib/pkgconfig/limo_navigation.pc'
[0.465s] Level 1:colcon.colcon_core.environment:checking '/home/pretil/catkin_ws/src/limo_ros2/install/limo_navigation/lib/python3.10/site-packages'
[0.465s] Level 1:colcon.colcon_core.environment:checking '/home/pretil/catkin_ws/src/limo_ros2/install/limo_navigation/bin'
[0.466s] INFO:colcon.colcon_core.shell:Creating package script '/home/pretil/catkin_ws/src/limo_ros2/install/limo_navigation/share/limo_navigation/package.ps1'
[0.466s] INFO:colcon.colcon_core.shell:Creating package descriptor '/home/pretil/catkin_ws/src/limo_ros2/install/limo_navigation/share/limo_navigation/package.dsv'
[0.467s] INFO:colcon.colcon_core.shell:Creating package script '/home/pretil/catkin_ws/src/limo_ros2/install/limo_navigation/share/limo_navigation/package.sh'
[0.468s] INFO:colcon.colcon_core.shell:Creating package script '/home/pretil/catkin_ws/src/limo_ros2/install/limo_navigation/share/limo_navigation/package.bash'
[0.468s] INFO:colcon.colcon_core.shell:Creating package script '/home/pretil/catkin_ws/src/limo_ros2/install/limo_navigation/share/limo_navigation/package.zsh'
[0.468s] Level 1:colcon.colcon_core.environment:create_file_with_runtime_dependencies(/home/pretil/catkin_ws/src/limo_ros2/install/limo_navigation/share/colcon-core/packages/limo_navigation)
[0.679s] DEBUG:colcon.colcon_core.event_handler.log_command:Invoked command in '/home/pretil/catkin_ws/src/limo_ros2/build/limo_msgs' returned '0': CMAKE_PREFIX_PATH=${CMAKE_PREFIX_PATH}:/opt/ros/humble /usr/bin/cmake --build /home/pretil/catkin_ws/src/limo_ros2/build/limo_msgs -- -j12 -l12
[0.681s] DEBUG:colcon.colcon_core.event_handler.log_command:Invoking command in '/home/pretil/catkin_ws/src/limo_ros2/build/limo_msgs': CMAKE_PREFIX_PATH=${CMAKE_PREFIX_PATH}:/opt/ros/humble /usr/bin/cmake --install /home/pretil/catkin_ws/src/limo_ros2/build/limo_msgs
[0.729s] DEBUG:colcon.colcon_core.event_handler.log_command:Invoked command in '/home/pretil/catkin_ws/src/limo_ros2/build/ydlidar_ros2_driver' returned '1': CMAKE_PREFIX_PATH=${CMAKE_PREFIX_PATH}:/opt/ros/humble /usr/bin/cmake /home/pretil/catkin_ws/src/limo_ros2/ydlidar_ros2 -DAMENT_CMAKE_SYMLINK_INSTALL=1 -DCMAKE_INSTALL_PREFIX=/home/pretil/catkin_ws/src/limo_ros2/install/ydlidar_ros2_driver
[0.729s] Level 1:colcon.colcon_core.environment:create_environment_scripts_only(ydlidar_ros2_driver)
[0.730s] Level 1:colcon.colcon_core.environment:checking '/home/pretil/catkin_ws/src/limo_ros2/install/ydlidar_ros2_driver' for CMake module files
[0.730s] Level 1:colcon.colcon_core.environment:checking '/home/pretil/catkin_ws/src/limo_ros2/install/ydlidar_ros2_driver' for CMake config files
[0.731s] Level 1:colcon.colcon_core.shell:create_environment_hook('ydlidar_ros2_driver', 'cmake_prefix_path')
[0.731s] INFO:colcon.colcon_core.shell:Creating environment hook '/home/pretil/catkin_ws/src/limo_ros2/install/ydlidar_ros2_driver/share/ydlidar_ros2_driver/hook/cmake_prefix_path.ps1'
[0.731s] INFO:colcon.colcon_core.shell:Creating environment descriptor '/home/pretil/catkin_ws/src/limo_ros2/install/ydlidar_ros2_driver/share/ydlidar_ros2_driver/hook/cmake_prefix_path.dsv'
[0.731s] INFO:colcon.colcon_core.shell:Creating environment hook '/home/pretil/catkin_ws/src/limo_ros2/install/ydlidar_ros2_driver/share/ydlidar_ros2_driver/hook/cmake_prefix_path.sh'
[0.732s] Level 1:colcon.colcon_core.environment:checking '/home/pretil/catkin_ws/src/limo_ros2/install/ydlidar_ros2_driver/lib'
[0.732s] Level 1:colcon.colcon_core.environment:checking '/home/pretil/catkin_ws/src/limo_ros2/install/ydlidar_ros2_driver/bin'
[0.732s] Level 1:colcon.colcon_core.environment:checking '/home/pretil/catkin_ws/src/limo_ros2/install/ydlidar_ros2_driver/lib/pkgconfig/ydlidar_ros2_driver.pc'
[0.732s] Level 1:colcon.colcon_core.environment:checking '/home/pretil/catkin_ws/src/limo_ros2/install/ydlidar_ros2_driver/lib/python3.10/site-packages'
[0.733s] Level 1:colcon.colcon_core.environment:checking '/home/pretil/catkin_ws/src/limo_ros2/install/ydlidar_ros2_driver/bin'
[0.733s] INFO:colcon.colcon_core.shell:Creating package script '/home/pretil/catkin_ws/src/limo_ros2/install/ydlidar_ros2_driver/share/ydlidar_ros2_driver/package.ps1'
[0.733s] INFO:colcon.colcon_core.shell:Creating package descriptor '/home/pretil/catkin_ws/src/limo_ros2/install/ydlidar_ros2_driver/share/ydlidar_ros2_driver/package.dsv'
[0.734s] INFO:colcon.colcon_core.shell:Creating package script '/home/pretil/catkin_ws/src/limo_ros2/install/ydlidar_ros2_driver/share/ydlidar_ros2_driver/package.sh'
[0.734s] INFO:colcon.colcon_core.shell:Creating package script '/home/pretil/catkin_ws/src/limo_ros2/install/ydlidar_ros2_driver/share/ydlidar_ros2_driver/package.bash'
[0.735s] INFO:colcon.colcon_core.shell:Creating package script '/home/pretil/catkin_ws/src/limo_ros2/install/ydlidar_ros2_driver/share/ydlidar_ros2_driver/package.zsh'
[0.735s] Level 1:colcon.colcon_core.environment:create_file_with_runtime_dependencies(/home/pretil/catkin_ws/src/limo_ros2/install/ydlidar_ros2_driver/share/colcon-core/packages/ydlidar_ros2_driver)
[0.762s] DEBUG:colcon.colcon_parallel_executor.executor.parallel:closing loop
[0.762s] DEBUG:colcon.colcon_parallel_executor.executor.parallel:loop closed
[0.762s] DEBUG:colcon.colcon_parallel_executor.executor.parallel:run_until_complete finished with '1'
[0.762s] DEBUG:colcon.colcon_core.event_reactor:joining thread
[0.767s] INFO:colcon.colcon_core.plugin_system:Skipping extension 'colcon_notification.desktop_notification.notify_send': Could not find 'notify-send'
[0.768s] INFO:colcon.colcon_core.plugin_system:Skipping extension 'colcon_notification.desktop_notification.terminal_notifier': Not used on non-Darwin systems
[0.768s] INFO:colcon.colcon_core.plugin_system:Skipping extension 'colcon_notification.desktop_notification.win32': Not used on non-Windows systems
[0.768s] INFO:colcon.colcon_notification.desktop_notification:Sending desktop notification using 'notify2'
[0.769s] DEBUG:colcon.colcon_notification.desktop_notification.notify2:Failed to initialize notify2: org.freedesktop.DBus.Error.Spawn.ExecFailed: /usr/bin/dbus-launch terminated abnormally without any error message
[0.769s] DEBUG:colcon.colcon_core.event_reactor:joined thread
[0.770s] INFO:colcon.colcon_core.shell:Creating prefix script '/home/pretil/catkin_ws/src/limo_ros2/install/local_setup.ps1'
[0.771s] INFO:colcon.colcon_core.shell:Creating prefix util module '/home/pretil/catkin_ws/src/limo_ros2/install/_local_setup_util_ps1.py'
[0.772s] INFO:colcon.colcon_core.shell:Creating prefix chain script '/home/pretil/catkin_ws/src/limo_ros2/install/setup.ps1'
[0.773s] INFO:colcon.colcon_core.shell:Creating prefix script '/home/pretil/catkin_ws/src/limo_ros2/install/local_setup.sh'
[0.774s] INFO:colcon.colcon_core.shell:Creating prefix util module '/home/pretil/catkin_ws/src/limo_ros2/install/_local_setup_util_sh.py'
[0.774s] INFO:colcon.colcon_core.shell:Creating prefix chain script '/home/pretil/catkin_ws/src/limo_ros2/install/setup.sh'
[0.776s] INFO:colcon.colcon_core.shell:Creating prefix script '/home/pretil/catkin_ws/src/limo_ros2/install/local_setup.bash'
[0.776s] INFO:colcon.colcon_core.shell:Creating prefix chain script '/home/pretil/catkin_ws/src/limo_ros2/install/setup.bash'
[0.777s] INFO:colcon.colcon_core.shell:Creating prefix script '/home/pretil/catkin_ws/src/limo_ros2/install/local_setup.zsh'
[0.778s] INFO:colcon.colcon_core.shell:Creating prefix chain script '/home/pretil/catkin_ws/src/limo_ros2/install/setup.zsh'
