[0.022s] Invoking command in '/home/pretil/catkin_ws/build/ydlidar_ros2_driver': CMAKE_PREFIX_PATH=${CMAKE_PREFIX_PATH}:/opt/ros/humble /usr/bin/cmake /home/pretil/catkin_ws/src/limo_ros2/ydlidar_ros2 -DCMAKE_INSTALL_PREFIX=/home/pretil/catkin_ws/install/ydlidar_ros2_driver
[0.032s] -- Found ament_cmake: 1.3.14 (/opt/ros/humble/share/ament_cmake/cmake)
[0.161s] -- Found rclcpp: 16.0.19 (/opt/ros/humble/share/rclcpp/cmake)
[0.190s] -- Found rosidl_generator_c: 3.1.8 (/opt/ros/humble/share/rosidl_generator_c/cmake)
[0.192s] -- Found rosidl_adapter: 3.1.8 (/opt/ros/humble/share/rosidl_adapter/cmake)
[0.198s] -- Found rosidl_generator_cpp: 3.1.8 (/opt/ros/humble/share/rosidl_generator_cpp/cmake)
[0.207s] -- Using all available rosidl_typesupport_c: rosidl_typesupport_fastrtps_c;rosidl_typesupport_introspection_c
[0.219s] -- Using all available rosidl_typesupport_cpp: rosidl_typesupport_fastrtps_cpp;rosidl_typesupport_introspection_cpp
[0.249s] -- Found rmw_implementation_cmake: 6.1.2 (/opt/ros/humble/share/rmw_implementation_cmake/cmake)
[0.251s] -- Found rmw_cyclonedds_cpp: 1.3.4 (/opt/ros/humble/share/rmw_cyclonedds_cpp/cmake)
[0.268s] -- Using RMW implementation 'rmw_cyclonedds_cpp' as default
[0.316s] -- Found sensor_msgs: 4.9.1 (/opt/ros/humble/share/sensor_msgs/cmake)
[0.345s] -- Found visualization_msgs: 4.9.1 (/opt/ros/humble/share/visualization_msgs/cmake)
[0.365s] -- Found std_srvs: 4.9.1 (/opt/ros/humble/share/std_srvs/cmake)
[0.389s] [31mCMake Error at CMakeLists.txt:25 (find_package):
[0.389s]   By not providing "Findydlidar_sdk.cmake" in CMAKE_MODULE_PATH this project
[0.389s]   has asked CMake to find a package configuration file provided by
[0.389s]   "ydlidar_sdk", but CMake did not find one.
[0.389s] 
[0.389s]   Could not find a package configuration file provided by "ydlidar_sdk" with
[0.389s]   any of the following names:
[0.390s] 
[0.390s]     ydlidar_sdkConfig.cmake
[0.390s]     ydlidar_sdk-config.cmake
[0.390s] 
[0.390s]   Add the installation prefix of "ydlidar_sdk" to CMAKE_PREFIX_PATH or set
[0.390s]   "ydlidar_sdk_DIR" to a directory containing one of the above files.  If
[0.390s]   "ydlidar_sdk" provides a separate development package or SDK, be sure it
[0.390s]   has been installed.
[0.390s] 
[0.390s] -- Configuring incomplete, errors occurred!
[0.390s] See also "/home/pretil/catkin_ws/build/ydlidar_ros2_driver/CMakeFiles/CMakeOutput.log".
[0.390s] [0m
[0.397s] Invoked command in '/home/pretil/catkin_ws/build/ydlidar_ros2_driver' returned '1': CMAKE_PREFIX_PATH=${CMAKE_PREFIX_PATH}:/opt/ros/humble /usr/bin/cmake /home/pretil/catkin_ws/src/limo_ros2/ydlidar_ros2 -DCMAKE_INSTALL_PREFIX=/home/pretil/catkin_ws/install/ydlidar_ros2_driver
