[0.012s] Invoking command in '/home/pretil/catkin_ws/src/limo_ros2/build/limo_description': CMAKE_PREFIX_PATH=${CMAKE_PREFIX_PATH}:/opt/ros/humble /usr/bin/cmake /home/pretil/catkin_ws/src/limo_ros2/limo_description -DAMENT_CMAKE_SYMLINK_INSTALL=1 -DCMAKE_INSTALL_PREFIX=/home/pretil/catkin_ws/src/limo_ros2/install/limo_description
[0.062s] -- The C compiler identification is GNU 11.4.0
[0.118s] -- The CXX compiler identification is GNU 11.4.0
[0.125s] -- Detecting C compiler ABI info
[0.185s] -- Detecting C compiler ABI info - done
[0.192s] -- Check for working C compiler: /usr/bin/cc - skipped
[0.193s] -- Detecting C compile features
[0.193s] -- Detecting C compile features - done
[0.196s] -- Detecting CXX compiler ABI info
[0.271s] -- Detecting CXX compiler ABI info - done
[0.281s] -- Check for working CXX compiler: /usr/bin/c++ - skipped
[0.281s] -- Detecting CXX compile features
[0.282s] -- Detecting CXX compile features - done
[0.286s] -- Found ament_cmake: 1.3.14 (/opt/ros/humble/share/ament_cmake/cmake)
[0.438s] -- Found Python3: /usr/bin/python3 (found version "3.10.12") found components: Interpreter 
[0.501s] -- Override CMake install command with custom implementation using symlinks instead of copying resources
[0.555s] -- Found ament_lint_auto: 0.12.15 (/opt/ros/humble/share/ament_lint_auto/cmake)
[0.651s] -- Added test 'copyright' to check source files copyright and LICENSE
[0.655s] -- Added test 'flake8' to check Python code syntax and style conventions
[0.656s] -- Added test 'lint_cmake' to check CMake code style
[0.657s] -- Added test 'pep257' to check Python code against some of the docstring style conventions in PEP 257
[0.658s] -- Added test 'xmllint' to check XML markup files
[0.660s] -- Configuring done
[0.663s] -- Generating done
[0.664s] -- Build files have been written to: /home/pretil/catkin_ws/src/limo_ros2/build/limo_description
[0.668s] Invoked command in '/home/pretil/catkin_ws/src/limo_ros2/build/limo_description' returned '0': CMAKE_PREFIX_PATH=${CMAKE_PREFIX_PATH}:/opt/ros/humble /usr/bin/cmake /home/pretil/catkin_ws/src/limo_ros2/limo_description -DAMENT_CMAKE_SYMLINK_INSTALL=1 -DCMAKE_INSTALL_PREFIX=/home/pretil/catkin_ws/src/limo_ros2/install/limo_description
[0.670s] Invoking command in '/home/pretil/catkin_ws/src/limo_ros2/build/limo_description': CMAKE_PREFIX_PATH=${CMAKE_PREFIX_PATH}:/opt/ros/humble /usr/bin/cmake --build /home/pretil/catkin_ws/src/limo_ros2/build/limo_description -- -j12 -l12
[0.701s] Invoked command in '/home/pretil/catkin_ws/src/limo_ros2/build/limo_description' returned '0': CMAKE_PREFIX_PATH=${CMAKE_PREFIX_PATH}:/opt/ros/humble /usr/bin/cmake --build /home/pretil/catkin_ws/src/limo_ros2/build/limo_description -- -j12 -l12
[0.712s] Invoking command in '/home/pretil/catkin_ws/src/limo_ros2/build/limo_description': CMAKE_PREFIX_PATH=${CMAKE_PREFIX_PATH}:/opt/ros/humble /usr/bin/cmake --install /home/pretil/catkin_ws/src/limo_ros2/build/limo_description
[0.719s] -- Install configuration: ""
[0.719s] -- Execute custom install script
[0.720s] -- Symlinking: /home/pretil/catkin_ws/src/limo_ros2/install/limo_description/share/limo_description/launch/display_models_diff.launch.py
[0.727s] -- Symlinking: /home/pretil/catkin_ws/src/limo_ros2/install/limo_description/share/limo_description/launch/gazebo_models_diff.launch.py
[0.734s] -- Symlinking: /home/pretil/catkin_ws/src/limo_ros2/install/limo_description/share/limo_description/meshes/limo_base.dae
[0.742s] -- Symlinking: /home/pretil/catkin_ws/src/limo_ros2/install/limo_description/share/limo_description/meshes/limo_base.stl
[0.751s] -- Symlinking: /home/pretil/catkin_ws/src/limo_ros2/install/limo_description/share/limo_description/meshes/limo_wheel.dae
[0.758s] -- Symlinking: /home/pretil/catkin_ws/src/limo_ros2/install/limo_description/share/limo_description/meshes/limo_wheel.stl
[0.765s] -- Symlinking: /home/pretil/catkin_ws/src/limo_ros2/install/limo_description/share/limo_description/rviz/model_display.rviz
[0.772s] -- Symlinking: /home/pretil/catkin_ws/src/limo_ros2/install/limo_description/share/limo_description/rviz/urdf.rviz
[0.780s] -- Symlinking: /home/pretil/catkin_ws/src/limo_ros2/install/limo_description/share/limo_description/urdf/limo_ackerman.gazebo
[0.786s] -- Symlinking: /home/pretil/catkin_ws/src/limo_ros2/install/limo_description/share/limo_description/urdf/limo_ackerman.xacro
[0.793s] -- Symlinking: /home/pretil/catkin_ws/src/limo_ros2/install/limo_description/share/limo_description/urdf/limo_four_diff.gazebo
[0.801s] -- Symlinking: /home/pretil/catkin_ws/src/limo_ros2/install/limo_description/share/limo_description/urdf/limo_four_diff.xacro
[0.808s] -- Symlinking: /home/pretil/catkin_ws/src/limo_ros2/install/limo_description/share/limo_description/urdf/limo_four_diff_2.gazebo
[0.816s] -- Symlinking: /home/pretil/catkin_ws/src/limo_ros2/install/limo_description/share/limo_description/urdf/limo_gazebo.gazebo
[0.823s] -- Symlinking: /home/pretil/catkin_ws/src/limo_ros2/install/limo_description/share/limo_description/urdf/limo_steering_hinge.xacro
[0.830s] -- Symlinking: /home/pretil/catkin_ws/src/limo_ros2/install/limo_description/share/limo_description/urdf/limo_xacro.xacro
[0.837s] -- Symlinking: /home/pretil/catkin_ws/src/limo_ros2/install/limo_description/share/ament_index/resource_index/package_run_dependencies/limo_description
[0.845s] -- Symlinking: /home/pretil/catkin_ws/src/limo_ros2/install/limo_description/share/ament_index/resource_index/parent_prefix_path/limo_description
[0.853s] -- Symlinking: /home/pretil/catkin_ws/src/limo_ros2/install/limo_description/share/limo_description/environment/ament_prefix_path.sh
[0.860s] -- Symlinking: /home/pretil/catkin_ws/src/limo_ros2/install/limo_description/share/limo_description/environment/ament_prefix_path.dsv
[0.868s] -- Symlinking: /home/pretil/catkin_ws/src/limo_ros2/install/limo_description/share/limo_description/environment/path.sh
[0.876s] -- Symlinking: /home/pretil/catkin_ws/src/limo_ros2/install/limo_description/share/limo_description/environment/path.dsv
[0.883s] -- Symlinking: /home/pretil/catkin_ws/src/limo_ros2/install/limo_description/share/limo_description/local_setup.bash
[0.891s] -- Symlinking: /home/pretil/catkin_ws/src/limo_ros2/install/limo_description/share/limo_description/local_setup.sh
[0.899s] -- Symlinking: /home/pretil/catkin_ws/src/limo_ros2/install/limo_description/share/limo_description/local_setup.zsh
[0.906s] -- Symlinking: /home/pretil/catkin_ws/src/limo_ros2/install/limo_description/share/limo_description/local_setup.dsv
[0.913s] -- Symlinking: /home/pretil/catkin_ws/src/limo_ros2/install/limo_description/share/limo_description/package.dsv
[0.921s] -- Symlinking: /home/pretil/catkin_ws/src/limo_ros2/install/limo_description/share/ament_index/resource_index/packages/limo_description
[0.928s] -- Symlinking: /home/pretil/catkin_ws/src/limo_ros2/install/limo_description/share/limo_description/cmake/limo_descriptionConfig.cmake
[0.936s] -- Symlinking: /home/pretil/catkin_ws/src/limo_ros2/install/limo_description/share/limo_description/cmake/limo_descriptionConfig-version.cmake
[0.945s] -- Symlinking: /home/pretil/catkin_ws/src/limo_ros2/install/limo_description/share/limo_description/package.xml
[0.953s] Invoked command in '/home/pretil/catkin_ws/src/limo_ros2/build/limo_description' returned '0': CMAKE_PREFIX_PATH=${CMAKE_PREFIX_PATH}:/opt/ros/humble /usr/bin/cmake --install /home/pretil/catkin_ws/src/limo_ros2/build/limo_description
