[0.099s] DEBUG:colcon:Command line arguments: ['/usr/bin/colcon', 'build']
[0.099s] DEBUG:colcon:Parsed command line arguments: Namespace(log_base=None, log_level=None, verb_name='build', build_base='build', install_base='install', merge_install=False, symlink_install=False, test_result_base=None, continue_on_error=False, executor='parallel', parallel_workers=12, event_handlers=None, ignore_user_meta=False, metas=['./colcon.meta'], base_paths=['.'], packages_ignore=None, packages_ignore_regex=None, paths=None, packages_up_to=None, packages_up_to_regex=None, packages_above=None, packages_above_and_dependencies=None, packages_above_depth=None, packages_select_by_dep=None, packages_skip_by_dep=None, packages_skip_up_to=None, packages_select_build_failed=False, packages_skip_build_finished=False, packages_select_test_failures=False, packages_skip_test_passed=False, packages_select=None, packages_skip=None, packages_select_regex=None, packages_skip_regex=None, packages_start=None, packages_end=None, cmake_args=None, cmake_target=None, cmake_target_skip_unavailable=False, cmake_clean_cache=False, cmake_clean_first=False, cmake_force_configure=False, ament_cmake_args=None, catkin_cmake_args=None, catkin_skip_building_tests=False, mixin_files=None, mixin=None, verb_parser=<colcon_mixin.mixin.mixin_argument.MixinArgumentDecorator object at 0x7fa4a0605090>, verb_extension=<colcon_core.verb.build.BuildVerb object at 0x7fa4a0604be0>, main=<bound method BuildVerb.main of <colcon_core.verb.build.BuildVerb object at 0x7fa4a0604be0>>, mixin_verb=('build',))
[0.247s] Level 1:colcon.colcon_core.package_discovery:discover_packages(colcon_meta) check parameters
[0.247s] Level 1:colcon.colcon_core.package_discovery:discover_packages(recursive) check parameters
[0.247s] Level 1:colcon.colcon_core.package_discovery:discover_packages(ignore) check parameters
[0.247s] Level 1:colcon.colcon_core.package_discovery:discover_packages(path) check parameters
[0.247s] Level 1:colcon.colcon_core.package_discovery:discover_packages(colcon_meta) discover
[0.247s] Level 1:colcon.colcon_core.package_discovery:discover_packages(recursive) discover
[0.247s] INFO:colcon.colcon_core.package_discovery:Crawling recursively for packages in '/home/pretil/catkin_ws'
[0.247s] Level 1:colcon.colcon_core.package_identification:_identify(.) by extensions ['ignore', 'ignore_ament_install']
[0.247s] Level 1:colcon.colcon_core.package_identification:_identify(.) by extension 'ignore'
[0.247s] Level 1:colcon.colcon_core.package_identification:_identify(.) by extension 'ignore_ament_install'
[0.247s] Level 1:colcon.colcon_core.package_identification:_identify(.) by extensions ['colcon_pkg']
[0.247s] Level 1:colcon.colcon_core.package_identification:_identify(.) by extension 'colcon_pkg'
[0.247s] Level 1:colcon.colcon_core.package_identification:_identify(.) by extensions ['colcon_meta']
[0.248s] Level 1:colcon.colcon_core.package_identification:_identify(.) by extension 'colcon_meta'
[0.248s] Level 1:colcon.colcon_core.package_identification:_identify(.) by extensions ['ros']
[0.248s] Level 1:colcon.colcon_core.package_identification:_identify(.) by extension 'ros'
[0.257s] Level 1:colcon.colcon_core.package_identification:_identify(.) by extensions ['cmake', 'python']
[0.257s] Level 1:colcon.colcon_core.package_identification:_identify(.) by extension 'cmake'
[0.257s] Level 1:colcon.colcon_core.package_identification:_identify(.) by extension 'python'
[0.257s] Level 1:colcon.colcon_core.package_identification:_identify(.) by extensions ['python_setup_py']
[0.257s] Level 1:colcon.colcon_core.package_identification:_identify(.) by extension 'python_setup_py'
[0.257s] Level 1:colcon.colcon_core.package_identification:_identify(build) by extensions ['ignore', 'ignore_ament_install']
[0.257s] Level 1:colcon.colcon_core.package_identification:_identify(build) by extension 'ignore'
[0.258s] Level 1:colcon.colcon_core.package_identification:_identify(build) ignored
[0.258s] Level 1:colcon.colcon_core.package_identification:_identify(install) by extensions ['ignore', 'ignore_ament_install']
[0.258s] Level 1:colcon.colcon_core.package_identification:_identify(install) by extension 'ignore'
[0.258s] Level 1:colcon.colcon_core.package_identification:_identify(install) ignored
[0.258s] Level 1:colcon.colcon_core.package_identification:_identify(log) by extensions ['ignore', 'ignore_ament_install']
[0.258s] Level 1:colcon.colcon_core.package_identification:_identify(log) by extension 'ignore'
[0.258s] Level 1:colcon.colcon_core.package_identification:_identify(log) ignored
[0.258s] Level 1:colcon.colcon_core.package_identification:_identify(src) by extensions ['ignore', 'ignore_ament_install']
[0.258s] Level 1:colcon.colcon_core.package_identification:_identify(src) by extension 'ignore'
[0.258s] Level 1:colcon.colcon_core.package_identification:_identify(src) by extension 'ignore_ament_install'
[0.258s] Level 1:colcon.colcon_core.package_identification:_identify(src) by extensions ['colcon_pkg']
[0.258s] Level 1:colcon.colcon_core.package_identification:_identify(src) by extension 'colcon_pkg'
[0.258s] Level 1:colcon.colcon_core.package_identification:_identify(src) by extensions ['colcon_meta']
[0.258s] Level 1:colcon.colcon_core.package_identification:_identify(src) by extension 'colcon_meta'
[0.258s] Level 1:colcon.colcon_core.package_identification:_identify(src) by extensions ['ros']
[0.258s] Level 1:colcon.colcon_core.package_identification:_identify(src) by extension 'ros'
[0.258s] Level 1:colcon.colcon_core.package_identification:_identify(src) by extensions ['cmake', 'python']
[0.258s] Level 1:colcon.colcon_core.package_identification:_identify(src) by extension 'cmake'
[0.258s] Level 1:colcon.colcon_core.package_identification:_identify(src) by extension 'python'
[0.259s] Level 1:colcon.colcon_core.package_identification:_identify(src) by extensions ['python_setup_py']
[0.259s] Level 1:colcon.colcon_core.package_identification:_identify(src) by extension 'python_setup_py'
[0.259s] Level 1:colcon.colcon_core.package_identification:_identify(src/limo_ros2) by extensions ['ignore', 'ignore_ament_install']
[0.259s] Level 1:colcon.colcon_core.package_identification:_identify(src/limo_ros2) by extension 'ignore'
[0.259s] Level 1:colcon.colcon_core.package_identification:_identify(src/limo_ros2) by extension 'ignore_ament_install'
[0.259s] Level 1:colcon.colcon_core.package_identification:_identify(src/limo_ros2) by extensions ['colcon_pkg']
[0.259s] Level 1:colcon.colcon_core.package_identification:_identify(src/limo_ros2) by extension 'colcon_pkg'
[0.259s] Level 1:colcon.colcon_core.package_identification:_identify(src/limo_ros2) by extensions ['colcon_meta']
[0.259s] Level 1:colcon.colcon_core.package_identification:_identify(src/limo_ros2) by extension 'colcon_meta'
[0.259s] Level 1:colcon.colcon_core.package_identification:_identify(src/limo_ros2) by extensions ['ros']
[0.259s] Level 1:colcon.colcon_core.package_identification:_identify(src/limo_ros2) by extension 'ros'
[0.259s] Level 1:colcon.colcon_core.package_identification:_identify(src/limo_ros2) by extensions ['cmake', 'python']
[0.259s] Level 1:colcon.colcon_core.package_identification:_identify(src/limo_ros2) by extension 'cmake'
[0.259s] Level 1:colcon.colcon_core.package_identification:_identify(src/limo_ros2) by extension 'python'
[0.259s] Level 1:colcon.colcon_core.package_identification:_identify(src/limo_ros2) by extensions ['python_setup_py']
[0.259s] Level 1:colcon.colcon_core.package_identification:_identify(src/limo_ros2) by extension 'python_setup_py'
[0.259s] Level 1:colcon.colcon_core.package_identification:_identify(src/limo_ros2/build) by extensions ['ignore', 'ignore_ament_install']
[0.259s] Level 1:colcon.colcon_core.package_identification:_identify(src/limo_ros2/build) by extension 'ignore'
[0.259s] Level 1:colcon.colcon_core.package_identification:_identify(src/limo_ros2/build) ignored
[0.260s] Level 1:colcon.colcon_core.package_identification:_identify(src/limo_ros2/install) by extensions ['ignore', 'ignore_ament_install']
[0.260s] Level 1:colcon.colcon_core.package_identification:_identify(src/limo_ros2/install) by extension 'ignore'
[0.260s] Level 1:colcon.colcon_core.package_identification:_identify(src/limo_ros2/install) ignored
[0.260s] Level 1:colcon.colcon_core.package_identification:_identify(src/limo_ros2/limo_base) by extensions ['ignore', 'ignore_ament_install']
[0.260s] Level 1:colcon.colcon_core.package_identification:_identify(src/limo_ros2/limo_base) by extension 'ignore'
[0.260s] Level 1:colcon.colcon_core.package_identification:_identify(src/limo_ros2/limo_base) by extension 'ignore_ament_install'
[0.260s] Level 1:colcon.colcon_core.package_identification:_identify(src/limo_ros2/limo_base) by extensions ['colcon_pkg']
[0.260s] Level 1:colcon.colcon_core.package_identification:_identify(src/limo_ros2/limo_base) by extension 'colcon_pkg'
[0.260s] Level 1:colcon.colcon_core.package_identification:_identify(src/limo_ros2/limo_base) by extensions ['colcon_meta']
[0.260s] Level 1:colcon.colcon_core.package_identification:_identify(src/limo_ros2/limo_base) by extension 'colcon_meta'
[0.260s] Level 1:colcon.colcon_core.package_identification:_identify(src/limo_ros2/limo_base) by extensions ['ros']
[0.260s] Level 1:colcon.colcon_core.package_identification:_identify(src/limo_ros2/limo_base) by extension 'ros'
[0.262s] DEBUG:colcon.colcon_core.package_identification:Package 'src/limo_ros2/limo_base' with type 'ros.ament_cmake' and name 'limo_base'
[0.263s] Level 1:colcon.colcon_core.package_identification:_identify(src/limo_ros2/limo_bringup) by extensions ['ignore', 'ignore_ament_install']
[0.263s] Level 1:colcon.colcon_core.package_identification:_identify(src/limo_ros2/limo_bringup) by extension 'ignore'
[0.263s] Level 1:colcon.colcon_core.package_identification:_identify(src/limo_ros2/limo_bringup) by extension 'ignore_ament_install'
[0.263s] Level 1:colcon.colcon_core.package_identification:_identify(src/limo_ros2/limo_bringup) by extensions ['colcon_pkg']
[0.263s] Level 1:colcon.colcon_core.package_identification:_identify(src/limo_ros2/limo_bringup) by extension 'colcon_pkg'
[0.263s] Level 1:colcon.colcon_core.package_identification:_identify(src/limo_ros2/limo_bringup) by extensions ['colcon_meta']
[0.263s] Level 1:colcon.colcon_core.package_identification:_identify(src/limo_ros2/limo_bringup) by extension 'colcon_meta'
[0.263s] Level 1:colcon.colcon_core.package_identification:_identify(src/limo_ros2/limo_bringup) by extensions ['ros']
[0.263s] Level 1:colcon.colcon_core.package_identification:_identify(src/limo_ros2/limo_bringup) by extension 'ros'
[0.264s] DEBUG:colcon.colcon_core.package_identification:Package 'src/limo_ros2/limo_bringup' with type 'ros.ament_cmake' and name 'limo_bringup'
[0.264s] Level 1:colcon.colcon_core.package_identification:_identify(src/limo_ros2/limo_car) by extensions ['ignore', 'ignore_ament_install']
[0.264s] Level 1:colcon.colcon_core.package_identification:_identify(src/limo_ros2/limo_car) by extension 'ignore'
[0.264s] Level 1:colcon.colcon_core.package_identification:_identify(src/limo_ros2/limo_car) by extension 'ignore_ament_install'
[0.264s] Level 1:colcon.colcon_core.package_identification:_identify(src/limo_ros2/limo_car) by extensions ['colcon_pkg']
[0.264s] Level 1:colcon.colcon_core.package_identification:_identify(src/limo_ros2/limo_car) by extension 'colcon_pkg'
[0.264s] Level 1:colcon.colcon_core.package_identification:_identify(src/limo_ros2/limo_car) by extensions ['colcon_meta']
[0.264s] Level 1:colcon.colcon_core.package_identification:_identify(src/limo_ros2/limo_car) by extension 'colcon_meta'
[0.264s] Level 1:colcon.colcon_core.package_identification:_identify(src/limo_ros2/limo_car) by extensions ['ros']
[0.265s] Level 1:colcon.colcon_core.package_identification:_identify(src/limo_ros2/limo_car) by extension 'ros'
[0.265s] DEBUG:colcon.colcon_core.package_identification:Package 'src/limo_ros2/limo_car' with type 'ros.ament_cmake' and name 'limo_car'
[0.265s] Level 1:colcon.colcon_core.package_identification:_identify(src/limo_ros2/limo_description) by extensions ['ignore', 'ignore_ament_install']
[0.266s] Level 1:colcon.colcon_core.package_identification:_identify(src/limo_ros2/limo_description) by extension 'ignore'
[0.266s] Level 1:colcon.colcon_core.package_identification:_identify(src/limo_ros2/limo_description) by extension 'ignore_ament_install'
[0.266s] Level 1:colcon.colcon_core.package_identification:_identify(src/limo_ros2/limo_description) by extensions ['colcon_pkg']
[0.266s] Level 1:colcon.colcon_core.package_identification:_identify(src/limo_ros2/limo_description) by extension 'colcon_pkg'
[0.266s] Level 1:colcon.colcon_core.package_identification:_identify(src/limo_ros2/limo_description) by extensions ['colcon_meta']
[0.266s] Level 1:colcon.colcon_core.package_identification:_identify(src/limo_ros2/limo_description) by extension 'colcon_meta'
[0.266s] Level 1:colcon.colcon_core.package_identification:_identify(src/limo_ros2/limo_description) by extensions ['ros']
[0.266s] Level 1:colcon.colcon_core.package_identification:_identify(src/limo_ros2/limo_description) by extension 'ros'
[0.266s] DEBUG:colcon.colcon_core.package_identification:Package 'src/limo_ros2/limo_description' with type 'ros.ament_cmake' and name 'limo_description'
[0.266s] Level 1:colcon.colcon_core.package_identification:_identify(src/limo_ros2/limo_gazebosim) by extensions ['ignore', 'ignore_ament_install']
[0.266s] Level 1:colcon.colcon_core.package_identification:_identify(src/limo_ros2/limo_gazebosim) by extension 'ignore'
[0.267s] Level 1:colcon.colcon_core.package_identification:_identify(src/limo_ros2/limo_gazebosim) by extension 'ignore_ament_install'
[0.267s] Level 1:colcon.colcon_core.package_identification:_identify(src/limo_ros2/limo_gazebosim) by extensions ['colcon_pkg']
[0.267s] Level 1:colcon.colcon_core.package_identification:_identify(src/limo_ros2/limo_gazebosim) by extension 'colcon_pkg'
[0.267s] Level 1:colcon.colcon_core.package_identification:_identify(src/limo_ros2/limo_gazebosim) by extensions ['colcon_meta']
[0.267s] Level 1:colcon.colcon_core.package_identification:_identify(src/limo_ros2/limo_gazebosim) by extension 'colcon_meta'
[0.267s] Level 1:colcon.colcon_core.package_identification:_identify(src/limo_ros2/limo_gazebosim) by extensions ['ros']
[0.267s] Level 1:colcon.colcon_core.package_identification:_identify(src/limo_ros2/limo_gazebosim) by extension 'ros'
[0.267s] DEBUG:colcon.colcon_core.package_identification:Package 'src/limo_ros2/limo_gazebosim' with type 'ros.ament_cmake' and name 'limo_gazebosim'
[0.267s] Level 1:colcon.colcon_core.package_identification:_identify(src/limo_ros2/limo_msgs) by extensions ['ignore', 'ignore_ament_install']
[0.267s] Level 1:colcon.colcon_core.package_identification:_identify(src/limo_ros2/limo_msgs) by extension 'ignore'
[0.267s] Level 1:colcon.colcon_core.package_identification:_identify(src/limo_ros2/limo_msgs) by extension 'ignore_ament_install'
[0.267s] Level 1:colcon.colcon_core.package_identification:_identify(src/limo_ros2/limo_msgs) by extensions ['colcon_pkg']
[0.268s] Level 1:colcon.colcon_core.package_identification:_identify(src/limo_ros2/limo_msgs) by extension 'colcon_pkg'
[0.268s] Level 1:colcon.colcon_core.package_identification:_identify(src/limo_ros2/limo_msgs) by extensions ['colcon_meta']
[0.268s] Level 1:colcon.colcon_core.package_identification:_identify(src/limo_ros2/limo_msgs) by extension 'colcon_meta'
[0.268s] Level 1:colcon.colcon_core.package_identification:_identify(src/limo_ros2/limo_msgs) by extensions ['ros']
[0.268s] Level 1:colcon.colcon_core.package_identification:_identify(src/limo_ros2/limo_msgs) by extension 'ros'
[0.268s] DEBUG:colcon.colcon_core.package_identification:Package 'src/limo_ros2/limo_msgs' with type 'ros.ament_cmake' and name 'limo_msgs'
[0.268s] Level 1:colcon.colcon_core.package_identification:_identify(src/limo_ros2/limo_navigation) by extensions ['ignore', 'ignore_ament_install']
[0.268s] Level 1:colcon.colcon_core.package_identification:_identify(src/limo_ros2/limo_navigation) by extension 'ignore'
[0.268s] Level 1:colcon.colcon_core.package_identification:_identify(src/limo_ros2/limo_navigation) by extension 'ignore_ament_install'
[0.268s] Level 1:colcon.colcon_core.package_identification:_identify(src/limo_ros2/limo_navigation) by extensions ['colcon_pkg']
[0.269s] Level 1:colcon.colcon_core.package_identification:_identify(src/limo_ros2/limo_navigation) by extension 'colcon_pkg'
[0.269s] Level 1:colcon.colcon_core.package_identification:_identify(src/limo_ros2/limo_navigation) by extensions ['colcon_meta']
[0.269s] Level 1:colcon.colcon_core.package_identification:_identify(src/limo_ros2/limo_navigation) by extension 'colcon_meta'
[0.269s] Level 1:colcon.colcon_core.package_identification:_identify(src/limo_ros2/limo_navigation) by extensions ['ros']
[0.269s] Level 1:colcon.colcon_core.package_identification:_identify(src/limo_ros2/limo_navigation) by extension 'ros'
[0.269s] DEBUG:colcon.colcon_core.package_identification:Package 'src/limo_ros2/limo_navigation' with type 'ros.ament_cmake' and name 'limo_navigation'
[0.269s] Level 1:colcon.colcon_core.package_identification:_identify(src/limo_ros2/log) by extensions ['ignore', 'ignore_ament_install']
[0.269s] Level 1:colcon.colcon_core.package_identification:_identify(src/limo_ros2/log) by extension 'ignore'
[0.269s] Level 1:colcon.colcon_core.package_identification:_identify(src/limo_ros2/log) ignored
[0.269s] Level 1:colcon.colcon_core.package_identification:_identify(src/limo_ros2/ydlidar_ros2) by extensions ['ignore', 'ignore_ament_install']
[0.269s] Level 1:colcon.colcon_core.package_identification:_identify(src/limo_ros2/ydlidar_ros2) by extension 'ignore'
[0.270s] Level 1:colcon.colcon_core.package_identification:_identify(src/limo_ros2/ydlidar_ros2) by extension 'ignore_ament_install'
[0.270s] Level 1:colcon.colcon_core.package_identification:_identify(src/limo_ros2/ydlidar_ros2) by extensions ['colcon_pkg']
[0.270s] Level 1:colcon.colcon_core.package_identification:_identify(src/limo_ros2/ydlidar_ros2) by extension 'colcon_pkg'
[0.270s] Level 1:colcon.colcon_core.package_identification:_identify(src/limo_ros2/ydlidar_ros2) by extensions ['colcon_meta']
[0.270s] Level 1:colcon.colcon_core.package_identification:_identify(src/limo_ros2/ydlidar_ros2) by extension 'colcon_meta'
[0.270s] Level 1:colcon.colcon_core.package_identification:_identify(src/limo_ros2/ydlidar_ros2) by extensions ['ros']
[0.270s] Level 1:colcon.colcon_core.package_identification:_identify(src/limo_ros2/ydlidar_ros2) by extension 'ros'
[0.270s] DEBUG:colcon.colcon_core.package_identification:Package 'src/limo_ros2/ydlidar_ros2' with type 'ros.ament_cmake' and name 'ydlidar_ros2_driver'
[0.270s] Level 1:colcon.colcon_core.package_discovery:discover_packages(recursive) using defaults
[0.270s] Level 1:colcon.colcon_core.package_discovery:discover_packages(ignore) discover
[0.270s] Level 1:colcon.colcon_core.package_discovery:discover_packages(ignore) using defaults
[0.270s] Level 1:colcon.colcon_core.package_discovery:discover_packages(path) discover
[0.271s] Level 1:colcon.colcon_core.package_discovery:discover_packages(path) using defaults
[0.296s] Level 5:colcon.colcon_core.verb:set package 'limo_car' build argument 'cmake_args' from command line to 'None'
[0.296s] Level 5:colcon.colcon_core.verb:set package 'limo_car' build argument 'cmake_target' from command line to 'None'
[0.296s] Level 5:colcon.colcon_core.verb:set package 'limo_car' build argument 'cmake_target_skip_unavailable' from command line to 'False'
[0.296s] Level 5:colcon.colcon_core.verb:set package 'limo_car' build argument 'cmake_clean_cache' from command line to 'False'
[0.296s] Level 5:colcon.colcon_core.verb:set package 'limo_car' build argument 'cmake_clean_first' from command line to 'False'
[0.296s] Level 5:colcon.colcon_core.verb:set package 'limo_car' build argument 'cmake_force_configure' from command line to 'False'
[0.296s] Level 5:colcon.colcon_core.verb:set package 'limo_car' build argument 'ament_cmake_args' from command line to 'None'
[0.296s] Level 5:colcon.colcon_core.verb:set package 'limo_car' build argument 'catkin_cmake_args' from command line to 'None'
[0.296s] Level 5:colcon.colcon_core.verb:set package 'limo_car' build argument 'catkin_skip_building_tests' from command line to 'False'
[0.296s] DEBUG:colcon.colcon_core.verb:Building package 'limo_car' with the following arguments: {'ament_cmake_args': None, 'build_base': '/home/pretil/catkin_ws/build/limo_car', 'catkin_cmake_args': None, 'catkin_skip_building_tests': False, 'cmake_args': None, 'cmake_clean_cache': False, 'cmake_clean_first': False, 'cmake_force_configure': False, 'cmake_target': None, 'cmake_target_skip_unavailable': False, 'install_base': '/home/pretil/catkin_ws/install/limo_car', 'merge_install': False, 'path': '/home/pretil/catkin_ws/src/limo_ros2/limo_car', 'symlink_install': False, 'test_result_base': None}
[0.297s] Level 5:colcon.colcon_core.verb:set package 'limo_description' build argument 'cmake_args' from command line to 'None'
[0.297s] Level 5:colcon.colcon_core.verb:set package 'limo_description' build argument 'cmake_target' from command line to 'None'
[0.297s] Level 5:colcon.colcon_core.verb:set package 'limo_description' build argument 'cmake_target_skip_unavailable' from command line to 'False'
[0.297s] Level 5:colcon.colcon_core.verb:set package 'limo_description' build argument 'cmake_clean_cache' from command line to 'False'
[0.297s] Level 5:colcon.colcon_core.verb:set package 'limo_description' build argument 'cmake_clean_first' from command line to 'False'
[0.297s] Level 5:colcon.colcon_core.verb:set package 'limo_description' build argument 'cmake_force_configure' from command line to 'False'
[0.297s] Level 5:colcon.colcon_core.verb:set package 'limo_description' build argument 'ament_cmake_args' from command line to 'None'
[0.297s] Level 5:colcon.colcon_core.verb:set package 'limo_description' build argument 'catkin_cmake_args' from command line to 'None'
[0.297s] Level 5:colcon.colcon_core.verb:set package 'limo_description' build argument 'catkin_skip_building_tests' from command line to 'False'
[0.297s] DEBUG:colcon.colcon_core.verb:Building package 'limo_description' with the following arguments: {'ament_cmake_args': None, 'build_base': '/home/pretil/catkin_ws/build/limo_description', 'catkin_cmake_args': None, 'catkin_skip_building_tests': False, 'cmake_args': None, 'cmake_clean_cache': False, 'cmake_clean_first': False, 'cmake_force_configure': False, 'cmake_target': None, 'cmake_target_skip_unavailable': False, 'install_base': '/home/pretil/catkin_ws/install/limo_description', 'merge_install': False, 'path': '/home/pretil/catkin_ws/src/limo_ros2/limo_description', 'symlink_install': False, 'test_result_base': None}
[0.297s] Level 5:colcon.colcon_core.verb:set package 'limo_gazebosim' build argument 'cmake_args' from command line to 'None'
[0.297s] Level 5:colcon.colcon_core.verb:set package 'limo_gazebosim' build argument 'cmake_target' from command line to 'None'
[0.297s] Level 5:colcon.colcon_core.verb:set package 'limo_gazebosim' build argument 'cmake_target_skip_unavailable' from command line to 'False'
[0.297s] Level 5:colcon.colcon_core.verb:set package 'limo_gazebosim' build argument 'cmake_clean_cache' from command line to 'False'
[0.297s] Level 5:colcon.colcon_core.verb:set package 'limo_gazebosim' build argument 'cmake_clean_first' from command line to 'False'
[0.297s] Level 5:colcon.colcon_core.verb:set package 'limo_gazebosim' build argument 'cmake_force_configure' from command line to 'False'
[0.297s] Level 5:colcon.colcon_core.verb:set package 'limo_gazebosim' build argument 'ament_cmake_args' from command line to 'None'
[0.297s] Level 5:colcon.colcon_core.verb:set package 'limo_gazebosim' build argument 'catkin_cmake_args' from command line to 'None'
[0.297s] Level 5:colcon.colcon_core.verb:set package 'limo_gazebosim' build argument 'catkin_skip_building_tests' from command line to 'False'
[0.297s] DEBUG:colcon.colcon_core.verb:Building package 'limo_gazebosim' with the following arguments: {'ament_cmake_args': None, 'build_base': '/home/pretil/catkin_ws/build/limo_gazebosim', 'catkin_cmake_args': None, 'catkin_skip_building_tests': False, 'cmake_args': None, 'cmake_clean_cache': False, 'cmake_clean_first': False, 'cmake_force_configure': False, 'cmake_target': None, 'cmake_target_skip_unavailable': False, 'install_base': '/home/pretil/catkin_ws/install/limo_gazebosim', 'merge_install': False, 'path': '/home/pretil/catkin_ws/src/limo_ros2/limo_gazebosim', 'symlink_install': False, 'test_result_base': None}
[0.298s] Level 5:colcon.colcon_core.verb:set package 'limo_msgs' build argument 'cmake_args' from command line to 'None'
[0.298s] Level 5:colcon.colcon_core.verb:set package 'limo_msgs' build argument 'cmake_target' from command line to 'None'
[0.298s] Level 5:colcon.colcon_core.verb:set package 'limo_msgs' build argument 'cmake_target_skip_unavailable' from command line to 'False'
[0.298s] Level 5:colcon.colcon_core.verb:set package 'limo_msgs' build argument 'cmake_clean_cache' from command line to 'False'
[0.298s] Level 5:colcon.colcon_core.verb:set package 'limo_msgs' build argument 'cmake_clean_first' from command line to 'False'
[0.298s] Level 5:colcon.colcon_core.verb:set package 'limo_msgs' build argument 'cmake_force_configure' from command line to 'False'
[0.298s] Level 5:colcon.colcon_core.verb:set package 'limo_msgs' build argument 'ament_cmake_args' from command line to 'None'
[0.298s] Level 5:colcon.colcon_core.verb:set package 'limo_msgs' build argument 'catkin_cmake_args' from command line to 'None'
[0.298s] Level 5:colcon.colcon_core.verb:set package 'limo_msgs' build argument 'catkin_skip_building_tests' from command line to 'False'
[0.298s] DEBUG:colcon.colcon_core.verb:Building package 'limo_msgs' with the following arguments: {'ament_cmake_args': None, 'build_base': '/home/pretil/catkin_ws/build/limo_msgs', 'catkin_cmake_args': None, 'catkin_skip_building_tests': False, 'cmake_args': None, 'cmake_clean_cache': False, 'cmake_clean_first': False, 'cmake_force_configure': False, 'cmake_target': None, 'cmake_target_skip_unavailable': False, 'install_base': '/home/pretil/catkin_ws/install/limo_msgs', 'merge_install': False, 'path': '/home/pretil/catkin_ws/src/limo_ros2/limo_msgs', 'symlink_install': False, 'test_result_base': None}
[0.298s] Level 5:colcon.colcon_core.verb:set package 'limo_navigation' build argument 'cmake_args' from command line to 'None'
[0.298s] Level 5:colcon.colcon_core.verb:set package 'limo_navigation' build argument 'cmake_target' from command line to 'None'
[0.298s] Level 5:colcon.colcon_core.verb:set package 'limo_navigation' build argument 'cmake_target_skip_unavailable' from command line to 'False'
[0.298s] Level 5:colcon.colcon_core.verb:set package 'limo_navigation' build argument 'cmake_clean_cache' from command line to 'False'
[0.298s] Level 5:colcon.colcon_core.verb:set package 'limo_navigation' build argument 'cmake_clean_first' from command line to 'False'
[0.298s] Level 5:colcon.colcon_core.verb:set package 'limo_navigation' build argument 'cmake_force_configure' from command line to 'False'
[0.298s] Level 5:colcon.colcon_core.verb:set package 'limo_navigation' build argument 'ament_cmake_args' from command line to 'None'
[0.298s] Level 5:colcon.colcon_core.verb:set package 'limo_navigation' build argument 'catkin_cmake_args' from command line to 'None'
[0.298s] Level 5:colcon.colcon_core.verb:set package 'limo_navigation' build argument 'catkin_skip_building_tests' from command line to 'False'
[0.298s] DEBUG:colcon.colcon_core.verb:Building package 'limo_navigation' with the following arguments: {'ament_cmake_args': None, 'build_base': '/home/pretil/catkin_ws/build/limo_navigation', 'catkin_cmake_args': None, 'catkin_skip_building_tests': False, 'cmake_args': None, 'cmake_clean_cache': False, 'cmake_clean_first': False, 'cmake_force_configure': False, 'cmake_target': None, 'cmake_target_skip_unavailable': False, 'install_base': '/home/pretil/catkin_ws/install/limo_navigation', 'merge_install': False, 'path': '/home/pretil/catkin_ws/src/limo_ros2/limo_navigation', 'symlink_install': False, 'test_result_base': None}
[0.299s] Level 5:colcon.colcon_core.verb:set package 'ydlidar_ros2_driver' build argument 'cmake_args' from command line to 'None'
[0.299s] Level 5:colcon.colcon_core.verb:set package 'ydlidar_ros2_driver' build argument 'cmake_target' from command line to 'None'
[0.299s] Level 5:colcon.colcon_core.verb:set package 'ydlidar_ros2_driver' build argument 'cmake_target_skip_unavailable' from command line to 'False'
[0.299s] Level 5:colcon.colcon_core.verb:set package 'ydlidar_ros2_driver' build argument 'cmake_clean_cache' from command line to 'False'
[0.299s] Level 5:colcon.colcon_core.verb:set package 'ydlidar_ros2_driver' build argument 'cmake_clean_first' from command line to 'False'
[0.299s] Level 5:colcon.colcon_core.verb:set package 'ydlidar_ros2_driver' build argument 'cmake_force_configure' from command line to 'False'
[0.299s] Level 5:colcon.colcon_core.verb:set package 'ydlidar_ros2_driver' build argument 'ament_cmake_args' from command line to 'None'
[0.299s] Level 5:colcon.colcon_core.verb:set package 'ydlidar_ros2_driver' build argument 'catkin_cmake_args' from command line to 'None'
[0.299s] Level 5:colcon.colcon_core.verb:set package 'ydlidar_ros2_driver' build argument 'catkin_skip_building_tests' from command line to 'False'
[0.299s] DEBUG:colcon.colcon_core.verb:Building package 'ydlidar_ros2_driver' with the following arguments: {'ament_cmake_args': None, 'build_base': '/home/pretil/catkin_ws/build/ydlidar_ros2_driver', 'catkin_cmake_args': None, 'catkin_skip_building_tests': False, 'cmake_args': None, 'cmake_clean_cache': False, 'cmake_clean_first': False, 'cmake_force_configure': False, 'cmake_target': None, 'cmake_target_skip_unavailable': False, 'install_base': '/home/pretil/catkin_ws/install/ydlidar_ros2_driver', 'merge_install': False, 'path': '/home/pretil/catkin_ws/src/limo_ros2/ydlidar_ros2', 'symlink_install': False, 'test_result_base': None}
[0.299s] Level 5:colcon.colcon_core.verb:set package 'limo_base' build argument 'cmake_args' from command line to 'None'
[0.299s] Level 5:colcon.colcon_core.verb:set package 'limo_base' build argument 'cmake_target' from command line to 'None'
[0.299s] Level 5:colcon.colcon_core.verb:set package 'limo_base' build argument 'cmake_target_skip_unavailable' from command line to 'False'
[0.299s] Level 5:colcon.colcon_core.verb:set package 'limo_base' build argument 'cmake_clean_cache' from command line to 'False'
[0.299s] Level 5:colcon.colcon_core.verb:set package 'limo_base' build argument 'cmake_clean_first' from command line to 'False'
[0.299s] Level 5:colcon.colcon_core.verb:set package 'limo_base' build argument 'cmake_force_configure' from command line to 'False'
[0.300s] Level 5:colcon.colcon_core.verb:set package 'limo_base' build argument 'ament_cmake_args' from command line to 'None'
[0.300s] Level 5:colcon.colcon_core.verb:set package 'limo_base' build argument 'catkin_cmake_args' from command line to 'None'
[0.300s] Level 5:colcon.colcon_core.verb:set package 'limo_base' build argument 'catkin_skip_building_tests' from command line to 'False'
[0.300s] DEBUG:colcon.colcon_core.verb:Building package 'limo_base' with the following arguments: {'ament_cmake_args': None, 'build_base': '/home/pretil/catkin_ws/build/limo_base', 'catkin_cmake_args': None, 'catkin_skip_building_tests': False, 'cmake_args': None, 'cmake_clean_cache': False, 'cmake_clean_first': False, 'cmake_force_configure': False, 'cmake_target': None, 'cmake_target_skip_unavailable': False, 'install_base': '/home/pretil/catkin_ws/install/limo_base', 'merge_install': False, 'path': '/home/pretil/catkin_ws/src/limo_ros2/limo_base', 'symlink_install': False, 'test_result_base': None}
[0.300s] Level 5:colcon.colcon_core.verb:set package 'limo_bringup' build argument 'cmake_args' from command line to 'None'
[0.300s] Level 5:colcon.colcon_core.verb:set package 'limo_bringup' build argument 'cmake_target' from command line to 'None'
[0.300s] Level 5:colcon.colcon_core.verb:set package 'limo_bringup' build argument 'cmake_target_skip_unavailable' from command line to 'False'
[0.300s] Level 5:colcon.colcon_core.verb:set package 'limo_bringup' build argument 'cmake_clean_cache' from command line to 'False'
[0.300s] Level 5:colcon.colcon_core.verb:set package 'limo_bringup' build argument 'cmake_clean_first' from command line to 'False'
[0.300s] Level 5:colcon.colcon_core.verb:set package 'limo_bringup' build argument 'cmake_force_configure' from command line to 'False'
[0.300s] Level 5:colcon.colcon_core.verb:set package 'limo_bringup' build argument 'ament_cmake_args' from command line to 'None'
[0.300s] Level 5:colcon.colcon_core.verb:set package 'limo_bringup' build argument 'catkin_cmake_args' from command line to 'None'
[0.300s] Level 5:colcon.colcon_core.verb:set package 'limo_bringup' build argument 'catkin_skip_building_tests' from command line to 'False'
[0.300s] DEBUG:colcon.colcon_core.verb:Building package 'limo_bringup' with the following arguments: {'ament_cmake_args': None, 'build_base': '/home/pretil/catkin_ws/build/limo_bringup', 'catkin_cmake_args': None, 'catkin_skip_building_tests': False, 'cmake_args': None, 'cmake_clean_cache': False, 'cmake_clean_first': False, 'cmake_force_configure': False, 'cmake_target': None, 'cmake_target_skip_unavailable': False, 'install_base': '/home/pretil/catkin_ws/install/limo_bringup', 'merge_install': False, 'path': '/home/pretil/catkin_ws/src/limo_ros2/limo_bringup', 'symlink_install': False, 'test_result_base': None}
[0.300s] INFO:colcon.colcon_core.executor:Executing jobs using 'parallel' executor
[0.301s] DEBUG:colcon.colcon_parallel_executor.executor.parallel:run_until_complete
[0.302s] INFO:colcon.colcon_ros.task.ament_cmake.build:Building ROS package in '/home/pretil/catkin_ws/src/limo_ros2/limo_msgs' with build type 'ament_cmake'
[0.302s] INFO:colcon.colcon_cmake.task.cmake.build:Building CMake package in '/home/pretil/catkin_ws/src/limo_ros2/limo_msgs'
[0.304s] INFO:colcon.colcon_core.plugin_system:Skipping extension 'colcon_core.shell.bat': Not used on non-Windows systems
[0.304s] INFO:colcon.colcon_core.shell:Skip shell extension 'powershell' for command environment: Not usable outside of PowerShell
[0.304s] DEBUG:colcon.colcon_core.shell:Skip shell extension 'dsv' for command environment
[0.310s] INFO:colcon.colcon_ros.task.ament_cmake.build:Building ROS package in '/home/pretil/catkin_ws/src/limo_ros2/limo_car' with build type 'ament_cmake'
[0.310s] INFO:colcon.colcon_cmake.task.cmake.build:Building CMake package in '/home/pretil/catkin_ws/src/limo_ros2/limo_car'
[0.310s] INFO:colcon.colcon_core.shell:Skip shell extension 'powershell' for command environment: Not usable outside of PowerShell
[0.310s] DEBUG:colcon.colcon_core.shell:Skip shell extension 'dsv' for command environment
[0.315s] INFO:colcon.colcon_ros.task.ament_cmake.build:Building ROS package in '/home/pretil/catkin_ws/src/limo_ros2/limo_description' with build type 'ament_cmake'
[0.315s] INFO:colcon.colcon_cmake.task.cmake.build:Building CMake package in '/home/pretil/catkin_ws/src/limo_ros2/limo_description'
[0.315s] INFO:colcon.colcon_core.shell:Skip shell extension 'powershell' for command environment: Not usable outside of PowerShell
[0.315s] DEBUG:colcon.colcon_core.shell:Skip shell extension 'dsv' for command environment
[0.320s] INFO:colcon.colcon_ros.task.ament_cmake.build:Building ROS package in '/home/pretil/catkin_ws/src/limo_ros2/limo_gazebosim' with build type 'ament_cmake'
[0.320s] INFO:colcon.colcon_cmake.task.cmake.build:Building CMake package in '/home/pretil/catkin_ws/src/limo_ros2/limo_gazebosim'
[0.320s] INFO:colcon.colcon_core.shell:Skip shell extension 'powershell' for command environment: Not usable outside of PowerShell
[0.320s] DEBUG:colcon.colcon_core.shell:Skip shell extension 'dsv' for command environment
[0.325s] INFO:colcon.colcon_ros.task.ament_cmake.build:Building ROS package in '/home/pretil/catkin_ws/src/limo_ros2/limo_navigation' with build type 'ament_cmake'
[0.325s] INFO:colcon.colcon_cmake.task.cmake.build:Building CMake package in '/home/pretil/catkin_ws/src/limo_ros2/limo_navigation'
[0.325s] INFO:colcon.colcon_core.shell:Skip shell extension 'powershell' for command environment: Not usable outside of PowerShell
[0.325s] DEBUG:colcon.colcon_core.shell:Skip shell extension 'dsv' for command environment
[0.330s] INFO:colcon.colcon_ros.task.ament_cmake.build:Building ROS package in '/home/pretil/catkin_ws/src/limo_ros2/ydlidar_ros2' with build type 'ament_cmake'
[0.330s] INFO:colcon.colcon_cmake.task.cmake.build:Building CMake package in '/home/pretil/catkin_ws/src/limo_ros2/ydlidar_ros2'
[0.330s] INFO:colcon.colcon_core.shell:Skip shell extension 'powershell' for command environment: Not usable outside of PowerShell
[0.330s] DEBUG:colcon.colcon_core.shell:Skip shell extension 'dsv' for command environment
[0.339s] DEBUG:colcon.colcon_core.event_handler.log_command:Invoking command in '/home/pretil/catkin_ws/build/limo_msgs': CMAKE_PREFIX_PATH=${CMAKE_PREFIX_PATH}:/opt/ros/humble /usr/bin/cmake --build /home/pretil/catkin_ws/build/limo_msgs -- -j12 -l12
[0.342s] DEBUG:colcon.colcon_core.event_handler.log_command:Invoking command in '/home/pretil/catkin_ws/build/limo_car': CMAKE_PREFIX_PATH=${CMAKE_PREFIX_PATH}:/opt/ros/humble /usr/bin/cmake --build /home/pretil/catkin_ws/build/limo_car -- -j12 -l12
[0.344s] DEBUG:colcon.colcon_core.event_handler.log_command:Invoking command in '/home/pretil/catkin_ws/build/limo_description': CMAKE_PREFIX_PATH=${CMAKE_PREFIX_PATH}:/opt/ros/humble /usr/bin/cmake --build /home/pretil/catkin_ws/build/limo_description -- -j12 -l12
[0.346s] DEBUG:colcon.colcon_core.event_handler.log_command:Invoking command in '/home/pretil/catkin_ws/build/limo_gazebosim': CMAKE_PREFIX_PATH=${CMAKE_PREFIX_PATH}:/opt/ros/humble /usr/bin/cmake --build /home/pretil/catkin_ws/build/limo_gazebosim -- -j12 -l12
[0.352s] DEBUG:colcon.colcon_core.event_handler.log_command:Invoking command in '/home/pretil/catkin_ws/build/limo_navigation': CMAKE_PREFIX_PATH=${CMAKE_PREFIX_PATH}:/opt/ros/humble /usr/bin/cmake --build /home/pretil/catkin_ws/build/limo_navigation -- -j12 -l12
[0.354s] DEBUG:colcon.colcon_core.event_handler.log_command:Invoking command in '/home/pretil/catkin_ws/build/ydlidar_ros2_driver': CMAKE_PREFIX_PATH=${CMAKE_PREFIX_PATH}:/opt/ros/humble /usr/bin/cmake /home/pretil/catkin_ws/src/limo_ros2/ydlidar_ros2 -DCMAKE_INSTALL_PREFIX=/home/pretil/catkin_ws/install/ydlidar_ros2_driver
[0.379s] DEBUG:colcon.colcon_core.event_handler.log_command:Invoked command in '/home/pretil/catkin_ws/build/limo_gazebosim' returned '0': CMAKE_PREFIX_PATH=${CMAKE_PREFIX_PATH}:/opt/ros/humble /usr/bin/cmake --build /home/pretil/catkin_ws/build/limo_gazebosim -- -j12 -l12
[0.390s] DEBUG:colcon.colcon_core.event_handler.log_command:Invoking command in '/home/pretil/catkin_ws/build/limo_gazebosim': CMAKE_PREFIX_PATH=${CMAKE_PREFIX_PATH}:/opt/ros/humble /usr/bin/cmake --install /home/pretil/catkin_ws/build/limo_gazebosim
[0.391s] DEBUG:colcon.colcon_core.event_handler.log_command:Invoked command in '/home/pretil/catkin_ws/build/limo_description' returned '0': CMAKE_PREFIX_PATH=${CMAKE_PREFIX_PATH}:/opt/ros/humble /usr/bin/cmake --build /home/pretil/catkin_ws/build/limo_description -- -j12 -l12
[0.393s] DEBUG:colcon.colcon_core.event_handler.log_command:Invoking command in '/home/pretil/catkin_ws/build/limo_description': CMAKE_PREFIX_PATH=${CMAKE_PREFIX_PATH}:/opt/ros/humble /usr/bin/cmake --install /home/pretil/catkin_ws/build/limo_description
[0.394s] DEBUG:colcon.colcon_core.event_handler.log_command:Invoked command in '/home/pretil/catkin_ws/build/limo_car' returned '0': CMAKE_PREFIX_PATH=${CMAKE_PREFIX_PATH}:/opt/ros/humble /usr/bin/cmake --build /home/pretil/catkin_ws/build/limo_car -- -j12 -l12
[0.396s] DEBUG:colcon.colcon_core.event_handler.log_command:Invoking command in '/home/pretil/catkin_ws/build/limo_car': CMAKE_PREFIX_PATH=${CMAKE_PREFIX_PATH}:/opt/ros/humble /usr/bin/cmake --install /home/pretil/catkin_ws/build/limo_car
[0.408s] Level 1:colcon.colcon_core.environment:create_environment_scripts_only(limo_gazebosim)
[0.411s] DEBUG:colcon.colcon_core.event_handler.log_command:Invoked command in '/home/pretil/catkin_ws/build/limo_navigation' returned '0': CMAKE_PREFIX_PATH=${CMAKE_PREFIX_PATH}:/opt/ros/humble /usr/bin/cmake --build /home/pretil/catkin_ws/build/limo_navigation -- -j12 -l12
[0.419s] Level 1:colcon.colcon_core.environment:checking '/home/pretil/catkin_ws/install/limo_gazebosim' for CMake module files
[0.420s] DEBUG:colcon.colcon_core.event_handler.log_command:Invoking command in '/home/pretil/catkin_ws/build/limo_navigation': CMAKE_PREFIX_PATH=${CMAKE_PREFIX_PATH}:/opt/ros/humble /usr/bin/cmake --install /home/pretil/catkin_ws/build/limo_navigation
[0.420s] Level 1:colcon.colcon_core.environment:checking '/home/pretil/catkin_ws/install/limo_gazebosim' for CMake config files
[0.421s] Level 1:colcon.colcon_core.shell:create_environment_hook('limo_gazebosim', 'cmake_prefix_path')
[0.422s] INFO:colcon.colcon_core.shell:Creating environment hook '/home/pretil/catkin_ws/install/limo_gazebosim/share/limo_gazebosim/hook/cmake_prefix_path.ps1'
[0.422s] DEBUG:colcon.colcon_core.event_handler.log_command:Invoked command in '/home/pretil/catkin_ws/build/limo_gazebosim' returned '0': CMAKE_PREFIX_PATH=${CMAKE_PREFIX_PATH}:/opt/ros/humble /usr/bin/cmake --install /home/pretil/catkin_ws/build/limo_gazebosim
[0.423s] INFO:colcon.colcon_core.shell:Creating environment descriptor '/home/pretil/catkin_ws/install/limo_gazebosim/share/limo_gazebosim/hook/cmake_prefix_path.dsv'
[0.423s] INFO:colcon.colcon_core.shell:Creating environment hook '/home/pretil/catkin_ws/install/limo_gazebosim/share/limo_gazebosim/hook/cmake_prefix_path.sh'
[0.425s] Level 1:colcon.colcon_core.environment:checking '/home/pretil/catkin_ws/install/limo_gazebosim/bin'
[0.425s] Level 1:colcon.colcon_core.environment:checking '/home/pretil/catkin_ws/install/limo_gazebosim/lib/pkgconfig/limo_gazebosim.pc'
[0.427s] Level 1:colcon.colcon_core.environment:checking '/home/pretil/catkin_ws/install/limo_gazebosim/lib/python3.10/site-packages'
[0.427s] Level 1:colcon.colcon_core.environment:checking '/home/pretil/catkin_ws/install/limo_gazebosim/bin'
[0.427s] INFO:colcon.colcon_core.shell:Creating package script '/home/pretil/catkin_ws/install/limo_gazebosim/share/limo_gazebosim/package.ps1'
[0.429s] INFO:colcon.colcon_core.shell:Creating package descriptor '/home/pretil/catkin_ws/install/limo_gazebosim/share/limo_gazebosim/package.dsv'
[0.430s] INFO:colcon.colcon_core.shell:Creating package script '/home/pretil/catkin_ws/install/limo_gazebosim/share/limo_gazebosim/package.sh'
[0.431s] INFO:colcon.colcon_core.shell:Creating package script '/home/pretil/catkin_ws/install/limo_gazebosim/share/limo_gazebosim/package.bash'
[0.433s] INFO:colcon.colcon_core.shell:Creating package script '/home/pretil/catkin_ws/install/limo_gazebosim/share/limo_gazebosim/package.zsh'
[0.433s] Level 1:colcon.colcon_core.environment:create_file_with_runtime_dependencies(/home/pretil/catkin_ws/install/limo_gazebosim/share/colcon-core/packages/limo_gazebosim)
[0.434s] Level 1:colcon.colcon_core.environment:create_environment_scripts_only(limo_gazebosim)
[0.434s] Level 1:colcon.colcon_core.environment:checking '/home/pretil/catkin_ws/install/limo_gazebosim' for CMake module files
[0.435s] Level 1:colcon.colcon_core.environment:checking '/home/pretil/catkin_ws/install/limo_gazebosim' for CMake config files
[0.435s] Level 1:colcon.colcon_core.shell:create_environment_hook('limo_gazebosim', 'cmake_prefix_path')
[0.435s] INFO:colcon.colcon_core.shell:Creating environment hook '/home/pretil/catkin_ws/install/limo_gazebosim/share/limo_gazebosim/hook/cmake_prefix_path.ps1'
[0.436s] INFO:colcon.colcon_core.shell:Creating environment descriptor '/home/pretil/catkin_ws/install/limo_gazebosim/share/limo_gazebosim/hook/cmake_prefix_path.dsv'
[0.436s] INFO:colcon.colcon_core.shell:Creating environment hook '/home/pretil/catkin_ws/install/limo_gazebosim/share/limo_gazebosim/hook/cmake_prefix_path.sh'
[0.437s] Level 1:colcon.colcon_core.environment:checking '/home/pretil/catkin_ws/install/limo_gazebosim/bin'
[0.437s] Level 1:colcon.colcon_core.environment:checking '/home/pretil/catkin_ws/install/limo_gazebosim/lib/pkgconfig/limo_gazebosim.pc'
[0.437s] Level 1:colcon.colcon_core.environment:checking '/home/pretil/catkin_ws/install/limo_gazebosim/lib/python3.10/site-packages'
[0.437s] Level 1:colcon.colcon_core.environment:checking '/home/pretil/catkin_ws/install/limo_gazebosim/bin'
[0.438s] INFO:colcon.colcon_core.shell:Creating package script '/home/pretil/catkin_ws/install/limo_gazebosim/share/limo_gazebosim/package.ps1'
[0.438s] INFO:colcon.colcon_core.shell:Creating package descriptor '/home/pretil/catkin_ws/install/limo_gazebosim/share/limo_gazebosim/package.dsv'
[0.439s] INFO:colcon.colcon_core.shell:Creating package script '/home/pretil/catkin_ws/install/limo_gazebosim/share/limo_gazebosim/package.sh'
[0.439s] INFO:colcon.colcon_core.shell:Creating package script '/home/pretil/catkin_ws/install/limo_gazebosim/share/limo_gazebosim/package.bash'
[0.439s] INFO:colcon.colcon_core.shell:Creating package script '/home/pretil/catkin_ws/install/limo_gazebosim/share/limo_gazebosim/package.zsh'
[0.440s] Level 1:colcon.colcon_core.environment:create_file_with_runtime_dependencies(/home/pretil/catkin_ws/install/limo_gazebosim/share/colcon-core/packages/limo_gazebosim)
[0.440s] Level 1:colcon.colcon_core.environment:create_environment_scripts_only(limo_description)
[0.440s] Level 1:colcon.colcon_core.environment:checking '/home/pretil/catkin_ws/install/limo_description' for CMake module files
[0.441s] DEBUG:colcon.colcon_core.event_handler.log_command:Invoked command in '/home/pretil/catkin_ws/build/limo_description' returned '0': CMAKE_PREFIX_PATH=${CMAKE_PREFIX_PATH}:/opt/ros/humble /usr/bin/cmake --install /home/pretil/catkin_ws/build/limo_description
[0.441s] Level 1:colcon.colcon_core.environment:checking '/home/pretil/catkin_ws/install/limo_description' for CMake config files
[0.442s] Level 1:colcon.colcon_core.shell:create_environment_hook('limo_description', 'cmake_prefix_path')
[0.442s] INFO:colcon.colcon_core.shell:Creating environment hook '/home/pretil/catkin_ws/install/limo_description/share/limo_description/hook/cmake_prefix_path.ps1'
[0.442s] INFO:colcon.colcon_core.shell:Creating environment descriptor '/home/pretil/catkin_ws/install/limo_description/share/limo_description/hook/cmake_prefix_path.dsv'
[0.443s] INFO:colcon.colcon_core.shell:Creating environment hook '/home/pretil/catkin_ws/install/limo_description/share/limo_description/hook/cmake_prefix_path.sh'
[0.443s] Level 1:colcon.colcon_core.environment:checking '/home/pretil/catkin_ws/install/limo_description/bin'
[0.443s] Level 1:colcon.colcon_core.environment:checking '/home/pretil/catkin_ws/install/limo_description/lib/pkgconfig/limo_description.pc'
[0.443s] Level 1:colcon.colcon_core.environment:checking '/home/pretil/catkin_ws/install/limo_description/lib/python3.10/site-packages'
[0.444s] Level 1:colcon.colcon_core.environment:checking '/home/pretil/catkin_ws/install/limo_description/bin'
[0.444s] INFO:colcon.colcon_core.shell:Creating package script '/home/pretil/catkin_ws/install/limo_description/share/limo_description/package.ps1'
[0.445s] INFO:colcon.colcon_core.shell:Creating package descriptor '/home/pretil/catkin_ws/install/limo_description/share/limo_description/package.dsv'
[0.445s] INFO:colcon.colcon_core.shell:Creating package script '/home/pretil/catkin_ws/install/limo_description/share/limo_description/package.sh'
[0.445s] INFO:colcon.colcon_core.shell:Creating package script '/home/pretil/catkin_ws/install/limo_description/share/limo_description/package.bash'
[0.446s] INFO:colcon.colcon_core.shell:Creating package script '/home/pretil/catkin_ws/install/limo_description/share/limo_description/package.zsh'
[0.446s] Level 1:colcon.colcon_core.environment:create_file_with_runtime_dependencies(/home/pretil/catkin_ws/install/limo_description/share/colcon-core/packages/limo_description)
[0.447s] Level 1:colcon.colcon_core.environment:create_environment_scripts_only(limo_description)
[0.447s] Level 1:colcon.colcon_core.environment:checking '/home/pretil/catkin_ws/install/limo_description' for CMake module files
[0.448s] Level 1:colcon.colcon_core.environment:checking '/home/pretil/catkin_ws/install/limo_description' for CMake config files
[0.448s] Level 1:colcon.colcon_core.shell:create_environment_hook('limo_description', 'cmake_prefix_path')
[0.448s] INFO:colcon.colcon_core.shell:Creating environment hook '/home/pretil/catkin_ws/install/limo_description/share/limo_description/hook/cmake_prefix_path.ps1'
[0.448s] INFO:colcon.colcon_core.shell:Creating environment descriptor '/home/pretil/catkin_ws/install/limo_description/share/limo_description/hook/cmake_prefix_path.dsv'
[0.449s] INFO:colcon.colcon_core.shell:Creating environment hook '/home/pretil/catkin_ws/install/limo_description/share/limo_description/hook/cmake_prefix_path.sh'
[0.449s] Level 1:colcon.colcon_core.environment:checking '/home/pretil/catkin_ws/install/limo_description/bin'
[0.449s] Level 1:colcon.colcon_core.environment:checking '/home/pretil/catkin_ws/install/limo_description/lib/pkgconfig/limo_description.pc'
[0.450s] Level 1:colcon.colcon_core.environment:checking '/home/pretil/catkin_ws/install/limo_description/lib/python3.10/site-packages'
[0.450s] Level 1:colcon.colcon_core.environment:checking '/home/pretil/catkin_ws/install/limo_description/bin'
[0.450s] INFO:colcon.colcon_core.shell:Creating package script '/home/pretil/catkin_ws/install/limo_description/share/limo_description/package.ps1'
[0.451s] INFO:colcon.colcon_core.shell:Creating package descriptor '/home/pretil/catkin_ws/install/limo_description/share/limo_description/package.dsv'
[0.451s] INFO:colcon.colcon_core.shell:Creating package script '/home/pretil/catkin_ws/install/limo_description/share/limo_description/package.sh'
[0.452s] INFO:colcon.colcon_core.shell:Creating package script '/home/pretil/catkin_ws/install/limo_description/share/limo_description/package.bash'
[0.452s] INFO:colcon.colcon_core.shell:Creating package script '/home/pretil/catkin_ws/install/limo_description/share/limo_description/package.zsh'
[0.453s] Level 1:colcon.colcon_core.environment:create_file_with_runtime_dependencies(/home/pretil/catkin_ws/install/limo_description/share/colcon-core/packages/limo_description)
[0.454s] Level 1:colcon.colcon_core.environment:create_environment_scripts_only(limo_car)
[0.454s] Level 1:colcon.colcon_core.environment:checking '/home/pretil/catkin_ws/install/limo_car' for CMake module files
[0.455s] DEBUG:colcon.colcon_core.event_handler.log_command:Invoked command in '/home/pretil/catkin_ws/build/limo_car' returned '0': CMAKE_PREFIX_PATH=${CMAKE_PREFIX_PATH}:/opt/ros/humble /usr/bin/cmake --install /home/pretil/catkin_ws/build/limo_car
[0.455s] Level 1:colcon.colcon_core.environment:checking '/home/pretil/catkin_ws/install/limo_car' for CMake config files
[0.455s] Level 1:colcon.colcon_core.shell:create_environment_hook('limo_car', 'cmake_prefix_path')
[0.456s] INFO:colcon.colcon_core.shell:Creating environment hook '/home/pretil/catkin_ws/install/limo_car/share/limo_car/hook/cmake_prefix_path.ps1'
[0.456s] INFO:colcon.colcon_core.shell:Creating environment descriptor '/home/pretil/catkin_ws/install/limo_car/share/limo_car/hook/cmake_prefix_path.dsv'
[0.456s] INFO:colcon.colcon_core.shell:Creating environment hook '/home/pretil/catkin_ws/install/limo_car/share/limo_car/hook/cmake_prefix_path.sh'
[0.457s] Level 1:colcon.colcon_core.environment:checking '/home/pretil/catkin_ws/install/limo_car/bin'
[0.457s] Level 1:colcon.colcon_core.environment:checking '/home/pretil/catkin_ws/install/limo_car/lib/pkgconfig/limo_car.pc'
[0.457s] Level 1:colcon.colcon_core.environment:checking '/home/pretil/catkin_ws/install/limo_car/lib/python3.10/site-packages'
[0.457s] Level 1:colcon.colcon_core.environment:checking '/home/pretil/catkin_ws/install/limo_car/bin'
[0.458s] INFO:colcon.colcon_core.shell:Creating package script '/home/pretil/catkin_ws/install/limo_car/share/limo_car/package.ps1'
[0.458s] INFO:colcon.colcon_core.shell:Creating package descriptor '/home/pretil/catkin_ws/install/limo_car/share/limo_car/package.dsv'
[0.459s] INFO:colcon.colcon_core.shell:Creating package script '/home/pretil/catkin_ws/install/limo_car/share/limo_car/package.sh'
[0.459s] INFO:colcon.colcon_core.shell:Creating package script '/home/pretil/catkin_ws/install/limo_car/share/limo_car/package.bash'
[0.459s] INFO:colcon.colcon_core.shell:Creating package script '/home/pretil/catkin_ws/install/limo_car/share/limo_car/package.zsh'
[0.460s] Level 1:colcon.colcon_core.environment:create_file_with_runtime_dependencies(/home/pretil/catkin_ws/install/limo_car/share/colcon-core/packages/limo_car)
[0.460s] Level 1:colcon.colcon_core.environment:create_environment_scripts_only(limo_car)
[0.461s] Level 1:colcon.colcon_core.environment:checking '/home/pretil/catkin_ws/install/limo_car' for CMake module files
[0.461s] Level 1:colcon.colcon_core.environment:checking '/home/pretil/catkin_ws/install/limo_car' for CMake config files
[0.462s] Level 1:colcon.colcon_core.shell:create_environment_hook('limo_car', 'cmake_prefix_path')
[0.462s] INFO:colcon.colcon_core.shell:Creating environment hook '/home/pretil/catkin_ws/install/limo_car/share/limo_car/hook/cmake_prefix_path.ps1'
[0.462s] INFO:colcon.colcon_core.shell:Creating environment descriptor '/home/pretil/catkin_ws/install/limo_car/share/limo_car/hook/cmake_prefix_path.dsv'
[0.463s] INFO:colcon.colcon_core.shell:Creating environment hook '/home/pretil/catkin_ws/install/limo_car/share/limo_car/hook/cmake_prefix_path.sh'
[0.463s] Level 1:colcon.colcon_core.environment:checking '/home/pretil/catkin_ws/install/limo_car/bin'
[0.463s] Level 1:colcon.colcon_core.environment:checking '/home/pretil/catkin_ws/install/limo_car/lib/pkgconfig/limo_car.pc'
[0.463s] Level 1:colcon.colcon_core.environment:checking '/home/pretil/catkin_ws/install/limo_car/lib/python3.10/site-packages'
[0.464s] Level 1:colcon.colcon_core.environment:checking '/home/pretil/catkin_ws/install/limo_car/bin'
[0.464s] INFO:colcon.colcon_core.shell:Creating package script '/home/pretil/catkin_ws/install/limo_car/share/limo_car/package.ps1'
[0.465s] INFO:colcon.colcon_core.shell:Creating package descriptor '/home/pretil/catkin_ws/install/limo_car/share/limo_car/package.dsv'
[0.465s] INFO:colcon.colcon_core.shell:Creating package script '/home/pretil/catkin_ws/install/limo_car/share/limo_car/package.sh'
[0.466s] INFO:colcon.colcon_core.shell:Creating package script '/home/pretil/catkin_ws/install/limo_car/share/limo_car/package.bash'
[0.466s] INFO:colcon.colcon_core.shell:Creating package script '/home/pretil/catkin_ws/install/limo_car/share/limo_car/package.zsh'
[0.467s] Level 1:colcon.colcon_core.environment:create_file_with_runtime_dependencies(/home/pretil/catkin_ws/install/limo_car/share/colcon-core/packages/limo_car)
[0.467s] Level 1:colcon.colcon_core.environment:create_environment_scripts_only(limo_navigation)
[0.467s] Level 1:colcon.colcon_core.environment:checking '/home/pretil/catkin_ws/install/limo_navigation' for CMake module files
[0.468s] DEBUG:colcon.colcon_core.event_handler.log_command:Invoked command in '/home/pretil/catkin_ws/build/limo_navigation' returned '0': CMAKE_PREFIX_PATH=${CMAKE_PREFIX_PATH}:/opt/ros/humble /usr/bin/cmake --install /home/pretil/catkin_ws/build/limo_navigation
[0.469s] Level 1:colcon.colcon_core.environment:checking '/home/pretil/catkin_ws/install/limo_navigation' for CMake config files
[0.469s] Level 1:colcon.colcon_core.shell:create_environment_hook('limo_navigation', 'cmake_prefix_path')
[0.469s] INFO:colcon.colcon_core.shell:Creating environment hook '/home/pretil/catkin_ws/install/limo_navigation/share/limo_navigation/hook/cmake_prefix_path.ps1'
[0.470s] INFO:colcon.colcon_core.shell:Creating environment descriptor '/home/pretil/catkin_ws/install/limo_navigation/share/limo_navigation/hook/cmake_prefix_path.dsv'
[0.471s] INFO:colcon.colcon_core.shell:Creating environment hook '/home/pretil/catkin_ws/install/limo_navigation/share/limo_navigation/hook/cmake_prefix_path.sh'
[0.471s] Level 1:colcon.colcon_core.environment:checking '/home/pretil/catkin_ws/install/limo_navigation/bin'
[0.471s] Level 1:colcon.colcon_core.environment:checking '/home/pretil/catkin_ws/install/limo_navigation/lib/pkgconfig/limo_navigation.pc'
[0.472s] Level 1:colcon.colcon_core.environment:checking '/home/pretil/catkin_ws/install/limo_navigation/lib/python3.10/site-packages'
[0.472s] Level 1:colcon.colcon_core.environment:checking '/home/pretil/catkin_ws/install/limo_navigation/bin'
[0.473s] INFO:colcon.colcon_core.shell:Creating package script '/home/pretil/catkin_ws/install/limo_navigation/share/limo_navigation/package.ps1'
[0.474s] INFO:colcon.colcon_core.shell:Creating package descriptor '/home/pretil/catkin_ws/install/limo_navigation/share/limo_navigation/package.dsv'
[0.474s] INFO:colcon.colcon_core.shell:Creating package script '/home/pretil/catkin_ws/install/limo_navigation/share/limo_navigation/package.sh'
[0.474s] INFO:colcon.colcon_core.shell:Creating package script '/home/pretil/catkin_ws/install/limo_navigation/share/limo_navigation/package.bash'
[0.475s] INFO:colcon.colcon_core.shell:Creating package script '/home/pretil/catkin_ws/install/limo_navigation/share/limo_navigation/package.zsh'
[0.475s] Level 1:colcon.colcon_core.environment:create_file_with_runtime_dependencies(/home/pretil/catkin_ws/install/limo_navigation/share/colcon-core/packages/limo_navigation)
[0.476s] Level 1:colcon.colcon_core.environment:create_environment_scripts_only(limo_navigation)
[0.476s] Level 1:colcon.colcon_core.environment:checking '/home/pretil/catkin_ws/install/limo_navigation' for CMake module files
[0.476s] Level 1:colcon.colcon_core.environment:checking '/home/pretil/catkin_ws/install/limo_navigation' for CMake config files
[0.477s] Level 1:colcon.colcon_core.shell:create_environment_hook('limo_navigation', 'cmake_prefix_path')
[0.477s] INFO:colcon.colcon_core.shell:Creating environment hook '/home/pretil/catkin_ws/install/limo_navigation/share/limo_navigation/hook/cmake_prefix_path.ps1'
[0.477s] INFO:colcon.colcon_core.shell:Creating environment descriptor '/home/pretil/catkin_ws/install/limo_navigation/share/limo_navigation/hook/cmake_prefix_path.dsv'
[0.478s] INFO:colcon.colcon_core.shell:Creating environment hook '/home/pretil/catkin_ws/install/limo_navigation/share/limo_navigation/hook/cmake_prefix_path.sh'
[0.478s] Level 1:colcon.colcon_core.environment:checking '/home/pretil/catkin_ws/install/limo_navigation/bin'
[0.478s] Level 1:colcon.colcon_core.environment:checking '/home/pretil/catkin_ws/install/limo_navigation/lib/pkgconfig/limo_navigation.pc'
[0.478s] Level 1:colcon.colcon_core.environment:checking '/home/pretil/catkin_ws/install/limo_navigation/lib/python3.10/site-packages'
[0.479s] Level 1:colcon.colcon_core.environment:checking '/home/pretil/catkin_ws/install/limo_navigation/bin'
[0.479s] INFO:colcon.colcon_core.shell:Creating package script '/home/pretil/catkin_ws/install/limo_navigation/share/limo_navigation/package.ps1'
[0.480s] INFO:colcon.colcon_core.shell:Creating package descriptor '/home/pretil/catkin_ws/install/limo_navigation/share/limo_navigation/package.dsv'
[0.480s] INFO:colcon.colcon_core.shell:Creating package script '/home/pretil/catkin_ws/install/limo_navigation/share/limo_navigation/package.sh'
[0.480s] INFO:colcon.colcon_core.shell:Creating package script '/home/pretil/catkin_ws/install/limo_navigation/share/limo_navigation/package.bash'
[0.481s] INFO:colcon.colcon_core.shell:Creating package script '/home/pretil/catkin_ws/install/limo_navigation/share/limo_navigation/package.zsh'
[0.481s] Level 1:colcon.colcon_core.environment:create_file_with_runtime_dependencies(/home/pretil/catkin_ws/install/limo_navigation/share/colcon-core/packages/limo_navigation)
[0.679s] DEBUG:colcon.colcon_core.event_handler.log_command:Invoked command in '/home/pretil/catkin_ws/build/limo_msgs' returned '0': CMAKE_PREFIX_PATH=${CMAKE_PREFIX_PATH}:/opt/ros/humble /usr/bin/cmake --build /home/pretil/catkin_ws/build/limo_msgs -- -j12 -l12
[0.681s] DEBUG:colcon.colcon_core.event_handler.log_command:Invoking command in '/home/pretil/catkin_ws/build/limo_msgs': CMAKE_PREFIX_PATH=${CMAKE_PREFIX_PATH}:/opt/ros/humble /usr/bin/cmake --install /home/pretil/catkin_ws/build/limo_msgs
[0.728s] Level 1:colcon.colcon_core.environment:create_environment_scripts_only(limo_msgs)
[0.728s] Level 1:colcon.colcon_core.environment:checking '/home/pretil/catkin_ws/install/limo_msgs' for CMake module files
[0.729s] DEBUG:colcon.colcon_core.event_handler.log_command:Invoked command in '/home/pretil/catkin_ws/build/limo_msgs' returned '0': CMAKE_PREFIX_PATH=${CMAKE_PREFIX_PATH}:/opt/ros/humble /usr/bin/cmake --install /home/pretil/catkin_ws/build/limo_msgs
[0.729s] Level 1:colcon.colcon_core.environment:checking '/home/pretil/catkin_ws/install/limo_msgs' for CMake config files
[0.730s] Level 1:colcon.colcon_core.shell:create_environment_hook('limo_msgs', 'cmake_prefix_path')
[0.730s] INFO:colcon.colcon_core.shell:Creating environment hook '/home/pretil/catkin_ws/install/limo_msgs/share/limo_msgs/hook/cmake_prefix_path.ps1'
[0.730s] INFO:colcon.colcon_core.shell:Creating environment descriptor '/home/pretil/catkin_ws/install/limo_msgs/share/limo_msgs/hook/cmake_prefix_path.dsv'
[0.731s] INFO:colcon.colcon_core.shell:Creating environment hook '/home/pretil/catkin_ws/install/limo_msgs/share/limo_msgs/hook/cmake_prefix_path.sh'
[0.731s] Level 1:colcon.colcon_core.environment:checking '/home/pretil/catkin_ws/install/limo_msgs/lib'
[0.731s] Level 1:colcon.colcon_core.shell:create_environment_hook('limo_msgs', 'ld_library_path_lib')
[0.732s] INFO:colcon.colcon_core.shell:Creating environment hook '/home/pretil/catkin_ws/install/limo_msgs/share/limo_msgs/hook/ld_library_path_lib.ps1'
[0.732s] INFO:colcon.colcon_core.shell:Creating environment descriptor '/home/pretil/catkin_ws/install/limo_msgs/share/limo_msgs/hook/ld_library_path_lib.dsv'
[0.732s] INFO:colcon.colcon_core.shell:Creating environment hook '/home/pretil/catkin_ws/install/limo_msgs/share/limo_msgs/hook/ld_library_path_lib.sh'
[0.733s] Level 1:colcon.colcon_core.environment:checking '/home/pretil/catkin_ws/install/limo_msgs/bin'
[0.733s] Level 1:colcon.colcon_core.environment:checking '/home/pretil/catkin_ws/install/limo_msgs/lib/pkgconfig/limo_msgs.pc'
[0.733s] Level 1:colcon.colcon_core.environment:checking '/home/pretil/catkin_ws/install/limo_msgs/lib/python3.10/site-packages'
[0.733s] Level 1:colcon.colcon_core.environment:checking '/home/pretil/catkin_ws/install/limo_msgs/bin'
[0.734s] INFO:colcon.colcon_core.shell:Creating package script '/home/pretil/catkin_ws/install/limo_msgs/share/limo_msgs/package.ps1'
[0.735s] INFO:colcon.colcon_core.shell:Creating package descriptor '/home/pretil/catkin_ws/install/limo_msgs/share/limo_msgs/package.dsv'
[0.736s] INFO:colcon.colcon_core.shell:Creating package script '/home/pretil/catkin_ws/install/limo_msgs/share/limo_msgs/package.sh'
[0.737s] INFO:colcon.colcon_core.shell:Creating package script '/home/pretil/catkin_ws/install/limo_msgs/share/limo_msgs/package.bash'
[0.737s] INFO:colcon.colcon_core.shell:Creating package script '/home/pretil/catkin_ws/install/limo_msgs/share/limo_msgs/package.zsh'
[0.738s] Level 1:colcon.colcon_core.environment:create_file_with_runtime_dependencies(/home/pretil/catkin_ws/install/limo_msgs/share/colcon-core/packages/limo_msgs)
[0.738s] Level 1:colcon.colcon_core.environment:create_environment_scripts_only(limo_msgs)
[0.739s] Level 1:colcon.colcon_core.environment:checking '/home/pretil/catkin_ws/install/limo_msgs' for CMake module files
[0.739s] Level 1:colcon.colcon_core.environment:checking '/home/pretil/catkin_ws/install/limo_msgs' for CMake config files
[0.740s] Level 1:colcon.colcon_core.shell:create_environment_hook('limo_msgs', 'cmake_prefix_path')
[0.740s] INFO:colcon.colcon_core.shell:Creating environment hook '/home/pretil/catkin_ws/install/limo_msgs/share/limo_msgs/hook/cmake_prefix_path.ps1'
[0.740s] INFO:colcon.colcon_core.shell:Creating environment descriptor '/home/pretil/catkin_ws/install/limo_msgs/share/limo_msgs/hook/cmake_prefix_path.dsv'
[0.741s] INFO:colcon.colcon_core.shell:Creating environment hook '/home/pretil/catkin_ws/install/limo_msgs/share/limo_msgs/hook/cmake_prefix_path.sh'
[0.741s] Level 1:colcon.colcon_core.environment:checking '/home/pretil/catkin_ws/install/limo_msgs/lib'
[0.741s] Level 1:colcon.colcon_core.shell:create_environment_hook('limo_msgs', 'ld_library_path_lib')
[0.741s] INFO:colcon.colcon_core.shell:Creating environment hook '/home/pretil/catkin_ws/install/limo_msgs/share/limo_msgs/hook/ld_library_path_lib.ps1'
[0.742s] INFO:colcon.colcon_core.shell:Creating environment descriptor '/home/pretil/catkin_ws/install/limo_msgs/share/limo_msgs/hook/ld_library_path_lib.dsv'
[0.742s] INFO:colcon.colcon_core.shell:Creating environment hook '/home/pretil/catkin_ws/install/limo_msgs/share/limo_msgs/hook/ld_library_path_lib.sh'
[0.742s] Level 1:colcon.colcon_core.environment:checking '/home/pretil/catkin_ws/install/limo_msgs/bin'
[0.743s] Level 1:colcon.colcon_core.environment:checking '/home/pretil/catkin_ws/install/limo_msgs/lib/pkgconfig/limo_msgs.pc'
[0.743s] Level 1:colcon.colcon_core.environment:checking '/home/pretil/catkin_ws/install/limo_msgs/lib/python3.10/site-packages'
[0.743s] Level 1:colcon.colcon_core.environment:checking '/home/pretil/catkin_ws/install/limo_msgs/bin'
[0.743s] INFO:colcon.colcon_core.shell:Creating package script '/home/pretil/catkin_ws/install/limo_msgs/share/limo_msgs/package.ps1'
[0.744s] INFO:colcon.colcon_core.shell:Creating package descriptor '/home/pretil/catkin_ws/install/limo_msgs/share/limo_msgs/package.dsv'
[0.744s] INFO:colcon.colcon_core.shell:Creating package script '/home/pretil/catkin_ws/install/limo_msgs/share/limo_msgs/package.sh'
[0.745s] INFO:colcon.colcon_core.shell:Creating package script '/home/pretil/catkin_ws/install/limo_msgs/share/limo_msgs/package.bash'
[0.745s] INFO:colcon.colcon_core.shell:Creating package script '/home/pretil/catkin_ws/install/limo_msgs/share/limo_msgs/package.zsh'
[0.746s] Level 1:colcon.colcon_core.environment:create_file_with_runtime_dependencies(/home/pretil/catkin_ws/install/limo_msgs/share/colcon-core/packages/limo_msgs)
[0.746s] INFO:colcon.colcon_ros.task.ament_cmake.build:Building ROS package in '/home/pretil/catkin_ws/src/limo_ros2/limo_base' with build type 'ament_cmake'
[0.746s] INFO:colcon.colcon_cmake.task.cmake.build:Building CMake package in '/home/pretil/catkin_ws/src/limo_ros2/limo_base'
[0.746s] INFO:colcon.colcon_core.shell:Skip shell extension 'powershell' for command environment: Not usable outside of PowerShell
[0.746s] DEBUG:colcon.colcon_core.shell:Skip shell extension 'dsv' for command environment
[0.752s] INFO:colcon.colcon_ros.task.ament_cmake.build:Building ROS package in '/home/pretil/catkin_ws/src/limo_ros2/limo_bringup' with build type 'ament_cmake'
[0.752s] INFO:colcon.colcon_cmake.task.cmake.build:Building CMake package in '/home/pretil/catkin_ws/src/limo_ros2/limo_bringup'
[0.752s] INFO:colcon.colcon_core.shell:Skip shell extension 'powershell' for command environment: Not usable outside of PowerShell
[0.752s] DEBUG:colcon.colcon_core.shell:Skip shell extension 'dsv' for command environment
[0.758s] DEBUG:colcon.colcon_core.event_handler.log_command:Invoked command in '/home/pretil/catkin_ws/build/ydlidar_ros2_driver' returned '1': CMAKE_PREFIX_PATH=${CMAKE_PREFIX_PATH}:/opt/ros/humble /usr/bin/cmake /home/pretil/catkin_ws/src/limo_ros2/ydlidar_ros2 -DCMAKE_INSTALL_PREFIX=/home/pretil/catkin_ws/install/ydlidar_ros2_driver
[0.762s] DEBUG:colcon.colcon_core.event_handler.log_command:Invoking command in '/home/pretil/catkin_ws/build/limo_base': CMAKE_PREFIX_PATH=/home/pretil/catkin_ws/install/limo_msgs:/home/pretil/catkin_ws/install/limo_navigation:/home/pretil/catkin_ws/install/limo_bringup:/home/pretil/catkin_ws/install/limo_base:/home/pretil/catkin_ws/install/limo_gazebosim:/home/pretil/catkin_ws/install/limo_description:/home/pretil/catkin_ws/install/limo_car:/home/pretil/catkin_ws/src/limo_ros2/install/ydlidar_ros2_driver:/home/pretil/catkin_ws/src/limo_ros2/install/limo_navigation:/home/pretil/catkin_ws/src/limo_ros2/install/limo_bringup:/home/pretil/catkin_ws/src/limo_ros2/install/limo_base:/home/pretil/catkin_ws/src/limo_ros2/install/limo_msgs:/home/pretil/catkin_ws/src/limo_ros2/install/limo_gazebosim:/home/pretil/catkin_ws/src/limo_ros2/install/limo_description:/home/pretil/catkin_ws/src/limo_ros2/install/limo_car:/opt/ros/humble LD_LIBRARY_PATH=/home/pretil/catkin_ws/install/limo_msgs/lib:/home/pretil/catkin_ws/src/limo_ros2/install/limo_msgs/lib:/usr/lib/x86_64-linux-gnu/gazebo-11/plugins:/opt/ros/humble/opt/rviz_ogre_vendor/lib:/opt/ros/humble/lib/x86_64-linux-gnu:/opt/ros/humble/lib:/usr/lib/x86_64-linux-gnu/gazebo-11/plugins /usr/bin/cmake --build /home/pretil/catkin_ws/build/limo_base -- -j12 -l12
[0.764s] DEBUG:colcon.colcon_core.event_handler.log_command:Invoking command in '/home/pretil/catkin_ws/build/limo_bringup': CMAKE_PREFIX_PATH=/home/pretil/catkin_ws/install/limo_msgs:/home/pretil/catkin_ws/install/limo_navigation:/home/pretil/catkin_ws/install/limo_bringup:/home/pretil/catkin_ws/install/limo_base:/home/pretil/catkin_ws/install/limo_gazebosim:/home/pretil/catkin_ws/install/limo_description:/home/pretil/catkin_ws/install/limo_car:/home/pretil/catkin_ws/src/limo_ros2/install/ydlidar_ros2_driver:/home/pretil/catkin_ws/src/limo_ros2/install/limo_navigation:/home/pretil/catkin_ws/src/limo_ros2/install/limo_bringup:/home/pretil/catkin_ws/src/limo_ros2/install/limo_base:/home/pretil/catkin_ws/src/limo_ros2/install/limo_msgs:/home/pretil/catkin_ws/src/limo_ros2/install/limo_gazebosim:/home/pretil/catkin_ws/src/limo_ros2/install/limo_description:/home/pretil/catkin_ws/src/limo_ros2/install/limo_car:/opt/ros/humble LD_LIBRARY_PATH=/home/pretil/catkin_ws/install/limo_msgs/lib:/home/pretil/catkin_ws/src/limo_ros2/install/limo_msgs/lib:/usr/lib/x86_64-linux-gnu/gazebo-11/plugins:/opt/ros/humble/opt/rviz_ogre_vendor/lib:/opt/ros/humble/lib/x86_64-linux-gnu:/opt/ros/humble/lib:/usr/lib/x86_64-linux-gnu/gazebo-11/plugins /usr/bin/cmake --build /home/pretil/catkin_ws/build/limo_bringup -- -j12 -l12
[0.768s] Level 1:colcon.colcon_core.environment:create_environment_scripts_only(ydlidar_ros2_driver)
[0.768s] Level 1:colcon.colcon_core.environment:checking '/home/pretil/catkin_ws/install/ydlidar_ros2_driver' for CMake module files
[0.769s] Level 1:colcon.colcon_core.environment:checking '/home/pretil/catkin_ws/install/ydlidar_ros2_driver' for CMake config files
[0.769s] Level 1:colcon.colcon_core.environment:checking '/home/pretil/catkin_ws/install/ydlidar_ros2_driver/bin'
[0.769s] Level 1:colcon.colcon_core.environment:checking '/home/pretil/catkin_ws/install/ydlidar_ros2_driver/lib/pkgconfig/ydlidar_ros2_driver.pc'
[0.769s] Level 1:colcon.colcon_core.environment:checking '/home/pretil/catkin_ws/install/ydlidar_ros2_driver/lib/python3.10/site-packages'
[0.770s] Level 1:colcon.colcon_core.environment:checking '/home/pretil/catkin_ws/install/ydlidar_ros2_driver/bin'
[0.770s] INFO:colcon.colcon_core.shell:Creating package script '/home/pretil/catkin_ws/install/ydlidar_ros2_driver/share/ydlidar_ros2_driver/package.ps1'
[0.770s] INFO:colcon.colcon_core.shell:Creating package descriptor '/home/pretil/catkin_ws/install/ydlidar_ros2_driver/share/ydlidar_ros2_driver/package.dsv'
[0.771s] INFO:colcon.colcon_core.shell:Creating package script '/home/pretil/catkin_ws/install/ydlidar_ros2_driver/share/ydlidar_ros2_driver/package.sh'
[0.771s] INFO:colcon.colcon_core.shell:Creating package script '/home/pretil/catkin_ws/install/ydlidar_ros2_driver/share/ydlidar_ros2_driver/package.bash'
[0.771s] INFO:colcon.colcon_core.shell:Creating package script '/home/pretil/catkin_ws/install/ydlidar_ros2_driver/share/ydlidar_ros2_driver/package.zsh'
[0.772s] Level 1:colcon.colcon_core.environment:create_file_with_runtime_dependencies(/home/pretil/catkin_ws/install/ydlidar_ros2_driver/share/colcon-core/packages/ydlidar_ros2_driver)
[0.827s] DEBUG:colcon.colcon_parallel_executor.executor.parallel:closing loop
[0.827s] DEBUG:colcon.colcon_parallel_executor.executor.parallel:loop closed
[0.827s] DEBUG:colcon.colcon_parallel_executor.executor.parallel:run_until_complete finished with '1'
[0.827s] DEBUG:colcon.colcon_core.event_reactor:joining thread
[0.832s] INFO:colcon.colcon_core.plugin_system:Skipping extension 'colcon_notification.desktop_notification.notify_send': Could not find 'notify-send'
[0.832s] INFO:colcon.colcon_core.plugin_system:Skipping extension 'colcon_notification.desktop_notification.terminal_notifier': Not used on non-Darwin systems
[0.832s] INFO:colcon.colcon_core.plugin_system:Skipping extension 'colcon_notification.desktop_notification.win32': Not used on non-Windows systems
[0.832s] INFO:colcon.colcon_notification.desktop_notification:Sending desktop notification using 'notify2'
[0.834s] DEBUG:colcon.colcon_notification.desktop_notification.notify2:Failed to initialize notify2: org.freedesktop.DBus.Error.Spawn.ExecFailed: /usr/bin/dbus-launch terminated abnormally without any error message
[0.834s] DEBUG:colcon.colcon_core.event_reactor:joined thread
[0.835s] INFO:colcon.colcon_core.shell:Creating prefix script '/home/pretil/catkin_ws/install/local_setup.ps1'
[0.836s] INFO:colcon.colcon_core.shell:Creating prefix util module '/home/pretil/catkin_ws/install/_local_setup_util_ps1.py'
[0.837s] INFO:colcon.colcon_core.shell:Creating prefix chain script '/home/pretil/catkin_ws/install/setup.ps1'
[0.839s] INFO:colcon.colcon_core.shell:Creating prefix script '/home/pretil/catkin_ws/install/local_setup.sh'
[0.839s] INFO:colcon.colcon_core.shell:Creating prefix util module '/home/pretil/catkin_ws/install/_local_setup_util_sh.py'
[0.840s] INFO:colcon.colcon_core.shell:Creating prefix chain script '/home/pretil/catkin_ws/install/setup.sh'
[0.841s] INFO:colcon.colcon_core.shell:Creating prefix script '/home/pretil/catkin_ws/install/local_setup.bash'
[0.842s] INFO:colcon.colcon_core.shell:Creating prefix chain script '/home/pretil/catkin_ws/install/setup.bash'
[0.843s] INFO:colcon.colcon_core.shell:Creating prefix script '/home/pretil/catkin_ws/install/local_setup.zsh'
[0.844s] INFO:colcon.colcon_core.shell:Creating prefix chain script '/home/pretil/catkin_ws/install/setup.zsh'
