[0.038s] Invoking command in '/home/pretil/catkin_ws/build/limo_msgs': CMAKE_PREFIX_PATH=${CMAKE_PREFIX_PATH}:/opt/ros/humble /usr/bin/cmake --build /home/pretil/catkin_ws/build/limo_msgs -- -j12 -l12
[0.088s] [  3%] Built target limo_msgs__rs
[0.088s] [  9%] Built target limo_msgs__cpp
[0.088s] [ 15%] Built target limo_msgs__rosidl_generator_c
[0.109s] [ 15%] Built target ament_cmake_python_copy_limo_msgs
[0.128s] [ 25%] Built target limo_msgs__rosidl_typesupport_introspection_cpp
[0.128s] [ 34%] Built target limo_msgs__rosidl_typesupport_cpp
[0.128s] [ 43%] Built target limo_msgs__rosidl_typesupport_fastrtps_cpp
[0.129s] [ 53%] Built target limo_msgs__rosidl_typesupport_c
[0.129s] [ 62%] Built target limo_msgs__rosidl_typesupport_introspection_c
[0.129s] [ 71%] Built target limo_msgs__rosidl_typesupport_fastrtps_c
[0.142s] [ 71%] Built target limo_msgs
[0.160s] [ 75%] Built target limo_msgs__py
[0.181s] [ 81%] Built target limo_msgs__rosidl_generator_py
[0.200s] [100%] Built target limo_msgs__rosidl_typesupport_fastrtps_c__pyext
[0.200s] [100%] Built target limo_msgs__rosidl_typesupport_c__pyext
[0.200s] [100%] Built target limo_msgs__rosidl_typesupport_introspection_c__pyext
[0.343s] running egg_info
[0.344s] writing limo_msgs.egg-info/PKG-INFO
[0.344s] writing dependency_links to limo_msgs.egg-info/dependency_links.txt
[0.344s] writing top-level names to limo_msgs.egg-info/top_level.txt
[0.346s] reading manifest file 'limo_msgs.egg-info/SOURCES.txt'
[0.347s] writing manifest file 'limo_msgs.egg-info/SOURCES.txt'
[0.368s] [100%] Built target ament_cmake_python_build_limo_msgs_egg
[0.376s] Invoked command in '/home/pretil/catkin_ws/build/limo_msgs' returned '0': CMAKE_PREFIX_PATH=${CMAKE_PREFIX_PATH}:/opt/ros/humble /usr/bin/cmake --build /home/pretil/catkin_ws/build/limo_msgs -- -j12 -l12
[0.377s] Invoking command in '/home/pretil/catkin_ws/build/limo_msgs': CMAKE_PREFIX_PATH=${CMAKE_PREFIX_PATH}:/opt/ros/humble /usr/bin/cmake --install /home/pretil/catkin_ws/build/limo_msgs
[0.384s] -- Install configuration: ""
[0.384s] -- Up-to-date: /home/pretil/catkin_ws/install/limo_msgs/share/ament_index/resource_index/rosidl_interfaces/limo_msgs
[0.384s] -- Up-to-date: /home/pretil/catkin_ws/install/limo_msgs/include/limo_msgs/limo_msgs
[0.384s] -- Up-to-date: /home/pretil/catkin_ws/install/limo_msgs/include/limo_msgs/limo_msgs/msg
[0.384s] -- Up-to-date: /home/pretil/catkin_ws/install/limo_msgs/include/limo_msgs/limo_msgs/msg/limo_status.h
[0.384s] -- Up-to-date: /home/pretil/catkin_ws/install/limo_msgs/include/limo_msgs/limo_msgs/msg/rosidl_generator_c__visibility_control.h
[0.384s] -- Up-to-date: /home/pretil/catkin_ws/install/limo_msgs/include/limo_msgs/limo_msgs/msg/detail
[0.384s] -- Up-to-date: /home/pretil/catkin_ws/install/limo_msgs/include/limo_msgs/limo_msgs/msg/detail/limo_status__type_support.h
[0.384s] -- Up-to-date: /home/pretil/catkin_ws/install/limo_msgs/include/limo_msgs/limo_msgs/msg/detail/limo_status__struct.h
[0.384s] -- Up-to-date: /home/pretil/catkin_ws/install/limo_msgs/include/limo_msgs/limo_msgs/msg/detail/limo_status__functions.c
[0.385s] -- Up-to-date: /home/pretil/catkin_ws/install/limo_msgs/include/limo_msgs/limo_msgs/msg/detail/limo_status__functions.h
[0.385s] -- Up-to-date: /home/pretil/catkin_ws/install/limo_msgs/share/limo_msgs/environment/library_path.sh
[0.385s] -- Up-to-date: /home/pretil/catkin_ws/install/limo_msgs/share/limo_msgs/environment/library_path.dsv
[0.385s] -- Up-to-date: /home/pretil/catkin_ws/install/limo_msgs/lib/liblimo_msgs__rosidl_generator_c.so
[0.385s] -- Up-to-date: /home/pretil/catkin_ws/install/limo_msgs/include/limo_msgs/limo_msgs
[0.385s] -- Up-to-date: /home/pretil/catkin_ws/install/limo_msgs/include/limo_msgs/limo_msgs/msg
[0.385s] -- Up-to-date: /home/pretil/catkin_ws/install/limo_msgs/include/limo_msgs/limo_msgs/msg/rosidl_typesupport_fastrtps_c__visibility_control.h
[0.385s] -- Up-to-date: /home/pretil/catkin_ws/install/limo_msgs/include/limo_msgs/limo_msgs/msg/detail
[0.385s] -- Up-to-date: /home/pretil/catkin_ws/install/limo_msgs/include/limo_msgs/limo_msgs/msg/detail/limo_status__rosidl_typesupport_fastrtps_c.h
[0.385s] -- Up-to-date: /home/pretil/catkin_ws/install/limo_msgs/lib/liblimo_msgs__rosidl_typesupport_fastrtps_c.so
[0.385s] -- Up-to-date: /home/pretil/catkin_ws/install/limo_msgs/include/limo_msgs/limo_msgs
[0.385s] -- Up-to-date: /home/pretil/catkin_ws/install/limo_msgs/include/limo_msgs/limo_msgs/msg
[0.385s] -- Up-to-date: /home/pretil/catkin_ws/install/limo_msgs/include/limo_msgs/limo_msgs/msg/limo_status.hpp
[0.385s] -- Up-to-date: /home/pretil/catkin_ws/install/limo_msgs/include/limo_msgs/limo_msgs/msg/detail
[0.386s] -- Up-to-date: /home/pretil/catkin_ws/install/limo_msgs/include/limo_msgs/limo_msgs/msg/detail/limo_status__struct.hpp
[0.386s] -- Up-to-date: /home/pretil/catkin_ws/install/limo_msgs/include/limo_msgs/limo_msgs/msg/detail/limo_status__type_support.hpp
[0.386s] -- Up-to-date: /home/pretil/catkin_ws/install/limo_msgs/include/limo_msgs/limo_msgs/msg/detail/limo_status__builder.hpp
[0.386s] -- Up-to-date: /home/pretil/catkin_ws/install/limo_msgs/include/limo_msgs/limo_msgs/msg/detail/limo_status__traits.hpp
[0.386s] -- Up-to-date: /home/pretil/catkin_ws/install/limo_msgs/include/limo_msgs/limo_msgs/msg/rosidl_generator_cpp__visibility_control.hpp
[0.386s] -- Up-to-date: /home/pretil/catkin_ws/install/limo_msgs/include/limo_msgs/limo_msgs
[0.386s] -- Up-to-date: /home/pretil/catkin_ws/install/limo_msgs/include/limo_msgs/limo_msgs/msg
[0.386s] -- Up-to-date: /home/pretil/catkin_ws/install/limo_msgs/include/limo_msgs/limo_msgs/msg/rosidl_typesupport_fastrtps_cpp__visibility_control.h
[0.386s] -- Up-to-date: /home/pretil/catkin_ws/install/limo_msgs/include/limo_msgs/limo_msgs/msg/detail
[0.386s] -- Up-to-date: /home/pretil/catkin_ws/install/limo_msgs/include/limo_msgs/limo_msgs/msg/detail/dds_fastrtps
[0.386s] -- Up-to-date: /home/pretil/catkin_ws/install/limo_msgs/include/limo_msgs/limo_msgs/msg/detail/limo_status__rosidl_typesupport_fastrtps_cpp.hpp
[0.386s] -- Up-to-date: /home/pretil/catkin_ws/install/limo_msgs/lib/liblimo_msgs__rosidl_typesupport_fastrtps_cpp.so
[0.386s] -- Up-to-date: /home/pretil/catkin_ws/install/limo_msgs/include/limo_msgs/limo_msgs
[0.386s] -- Up-to-date: /home/pretil/catkin_ws/install/limo_msgs/include/limo_msgs/limo_msgs/msg
[0.386s] -- Up-to-date: /home/pretil/catkin_ws/install/limo_msgs/include/limo_msgs/limo_msgs/msg/detail
[0.387s] -- Up-to-date: /home/pretil/catkin_ws/install/limo_msgs/include/limo_msgs/limo_msgs/msg/detail/limo_status__rosidl_typesupport_introspection_c.h
[0.387s] -- Up-to-date: /home/pretil/catkin_ws/install/limo_msgs/include/limo_msgs/limo_msgs/msg/detail/limo_status__type_support.c
[0.387s] -- Up-to-date: /home/pretil/catkin_ws/install/limo_msgs/include/limo_msgs/limo_msgs/msg/rosidl_typesupport_introspection_c__visibility_control.h
[0.387s] -- Up-to-date: /home/pretil/catkin_ws/install/limo_msgs/lib/liblimo_msgs__rosidl_typesupport_introspection_c.so
[0.387s] -- Up-to-date: /home/pretil/catkin_ws/install/limo_msgs/lib/liblimo_msgs__rosidl_typesupport_c.so
[0.387s] -- Up-to-date: /home/pretil/catkin_ws/install/limo_msgs/include/limo_msgs/limo_msgs
[0.387s] -- Up-to-date: /home/pretil/catkin_ws/install/limo_msgs/include/limo_msgs/limo_msgs/msg
[0.387s] -- Up-to-date: /home/pretil/catkin_ws/install/limo_msgs/include/limo_msgs/limo_msgs/msg/detail
[0.387s] -- Up-to-date: /home/pretil/catkin_ws/install/limo_msgs/include/limo_msgs/limo_msgs/msg/detail/limo_status__rosidl_typesupport_introspection_cpp.hpp
[0.387s] -- Up-to-date: /home/pretil/catkin_ws/install/limo_msgs/include/limo_msgs/limo_msgs/msg/detail/limo_status__type_support.cpp
[0.387s] -- Up-to-date: /home/pretil/catkin_ws/install/limo_msgs/lib/liblimo_msgs__rosidl_typesupport_introspection_cpp.so
[0.387s] -- Up-to-date: /home/pretil/catkin_ws/install/limo_msgs/lib/liblimo_msgs__rosidl_typesupport_cpp.so
[0.387s] -- Up-to-date: /home/pretil/catkin_ws/install/limo_msgs/share/limo_msgs/environment/pythonpath.sh
[0.387s] -- Up-to-date: /home/pretil/catkin_ws/install/limo_msgs/share/limo_msgs/environment/pythonpath.dsv
[0.388s] -- Up-to-date: /home/pretil/catkin_ws/install/limo_msgs/local/lib/python3.10/dist-packages/limo_msgs-0.0.0-py3.10.egg-info
[0.388s] -- Installing: /home/pretil/catkin_ws/install/limo_msgs/local/lib/python3.10/dist-packages/limo_msgs-0.0.0-py3.10.egg-info/PKG-INFO
[0.388s] -- Installing: /home/pretil/catkin_ws/install/limo_msgs/local/lib/python3.10/dist-packages/limo_msgs-0.0.0-py3.10.egg-info/top_level.txt
[0.388s] -- Installing: /home/pretil/catkin_ws/install/limo_msgs/local/lib/python3.10/dist-packages/limo_msgs-0.0.0-py3.10.egg-info/SOURCES.txt
[0.388s] -- Installing: /home/pretil/catkin_ws/install/limo_msgs/local/lib/python3.10/dist-packages/limo_msgs-0.0.0-py3.10.egg-info/dependency_links.txt
[0.388s] -- Up-to-date: /home/pretil/catkin_ws/install/limo_msgs/local/lib/python3.10/dist-packages/limo_msgs
[0.388s] -- Up-to-date: /home/pretil/catkin_ws/install/limo_msgs/local/lib/python3.10/dist-packages/limo_msgs/limo_msgs_s__rosidl_typesupport_c.cpython-310-x86_64-linux-gnu.so
[0.388s] -- Up-to-date: /home/pretil/catkin_ws/install/limo_msgs/local/lib/python3.10/dist-packages/limo_msgs/_limo_msgs_s.ep.rosidl_typesupport_introspection_c.c
[0.388s] -- Up-to-date: /home/pretil/catkin_ws/install/limo_msgs/local/lib/python3.10/dist-packages/limo_msgs/_limo_msgs_s.ep.rosidl_typesupport_fastrtps_c.c
[0.388s] -- Up-to-date: /home/pretil/catkin_ws/install/limo_msgs/local/lib/python3.10/dist-packages/limo_msgs/__init__.py
[0.388s] -- Up-to-date: /home/pretil/catkin_ws/install/limo_msgs/local/lib/python3.10/dist-packages/limo_msgs/limo_msgs_s__rosidl_typesupport_fastrtps_c.cpython-310-x86_64-linux-gnu.so
[0.388s] -- Up-to-date: /home/pretil/catkin_ws/install/limo_msgs/local/lib/python3.10/dist-packages/limo_msgs/limo_msgs_s__rosidl_typesupport_introspection_c.cpython-310-x86_64-linux-gnu.so
[0.388s] -- Up-to-date: /home/pretil/catkin_ws/install/limo_msgs/local/lib/python3.10/dist-packages/limo_msgs/msg
[0.388s] -- Up-to-date: /home/pretil/catkin_ws/install/limo_msgs/local/lib/python3.10/dist-packages/limo_msgs/msg/_limo_status.py
[0.388s] -- Up-to-date: /home/pretil/catkin_ws/install/limo_msgs/local/lib/python3.10/dist-packages/limo_msgs/msg/__init__.py
[0.388s] -- Up-to-date: /home/pretil/catkin_ws/install/limo_msgs/local/lib/python3.10/dist-packages/limo_msgs/msg/_limo_status_s.c
[0.388s] -- Up-to-date: /home/pretil/catkin_ws/install/limo_msgs/local/lib/python3.10/dist-packages/limo_msgs/_limo_msgs_s.ep.rosidl_typesupport_c.c
[0.389s] -- Up-to-date: /home/pretil/catkin_ws/install/limo_msgs/local/lib/python3.10/dist-packages/limo_msgs/liblimo_msgs__rosidl_generator_py.so
[0.417s] Listing '/home/pretil/catkin_ws/install/limo_msgs/local/lib/python3.10/dist-packages/limo_msgs'...
[0.417s] Listing '/home/pretil/catkin_ws/install/limo_msgs/local/lib/python3.10/dist-packages/limo_msgs/msg'...
[0.420s] -- Up-to-date: /home/pretil/catkin_ws/install/limo_msgs/local/lib/python3.10/dist-packages/limo_msgs/limo_msgs_s__rosidl_typesupport_fastrtps_c.cpython-310-x86_64-linux-gnu.so
[0.420s] -- Up-to-date: /home/pretil/catkin_ws/install/limo_msgs/local/lib/python3.10/dist-packages/limo_msgs/limo_msgs_s__rosidl_typesupport_introspection_c.cpython-310-x86_64-linux-gnu.so
[0.421s] -- Up-to-date: /home/pretil/catkin_ws/install/limo_msgs/local/lib/python3.10/dist-packages/limo_msgs/limo_msgs_s__rosidl_typesupport_c.cpython-310-x86_64-linux-gnu.so
[0.421s] -- Up-to-date: /home/pretil/catkin_ws/install/limo_msgs/lib/liblimo_msgs__rosidl_generator_py.so
[0.421s] -- Up-to-date: /home/pretil/catkin_ws/install/limo_msgs/share/ament_index/resource_index/rust_packages/limo_msgs
[0.422s] -- Up-to-date: /home/pretil/catkin_ws/install/limo_msgs/share/limo_msgs/rust
[0.422s] -- Up-to-date: /home/pretil/catkin_ws/install/limo_msgs/share/limo_msgs/rust/Cargo.toml
[0.422s] -- Up-to-date: /home/pretil/catkin_ws/install/limo_msgs/share/limo_msgs/rust/build.rs
[0.422s] -- Up-to-date: /home/pretil/catkin_ws/install/limo_msgs/share/limo_msgs/rust/src
[0.422s] -- Up-to-date: /home/pretil/catkin_ws/install/limo_msgs/share/limo_msgs/rust/src/msg.rs
[0.422s] -- Up-to-date: /home/pretil/catkin_ws/install/limo_msgs/share/limo_msgs/rust/src/msg
[0.422s] -- Up-to-date: /home/pretil/catkin_ws/install/limo_msgs/share/limo_msgs/rust/src/msg/rmw.rs
[0.422s] -- Up-to-date: /home/pretil/catkin_ws/install/limo_msgs/share/limo_msgs/rust/src/lib.rs
[0.422s] -- Up-to-date: /home/pretil/catkin_ws/install/limo_msgs/share/limo_msgs/msg/LimoStatus.idl
[0.422s] -- Up-to-date: /home/pretil/catkin_ws/install/limo_msgs/share/limo_msgs/msg/LimoStatus.msg
[0.422s] -- Up-to-date: /home/pretil/catkin_ws/install/limo_msgs/share/ament_index/resource_index/package_run_dependencies/limo_msgs
[0.423s] -- Up-to-date: /home/pretil/catkin_ws/install/limo_msgs/share/ament_index/resource_index/parent_prefix_path/limo_msgs
[0.423s] -- Up-to-date: /home/pretil/catkin_ws/install/limo_msgs/share/limo_msgs/environment/ament_prefix_path.sh
[0.423s] -- Up-to-date: /home/pretil/catkin_ws/install/limo_msgs/share/limo_msgs/environment/ament_prefix_path.dsv
[0.423s] -- Up-to-date: /home/pretil/catkin_ws/install/limo_msgs/share/limo_msgs/environment/path.sh
[0.423s] -- Up-to-date: /home/pretil/catkin_ws/install/limo_msgs/share/limo_msgs/environment/path.dsv
[0.423s] -- Up-to-date: /home/pretil/catkin_ws/install/limo_msgs/share/limo_msgs/local_setup.bash
[0.423s] -- Up-to-date: /home/pretil/catkin_ws/install/limo_msgs/share/limo_msgs/local_setup.sh
[0.423s] -- Up-to-date: /home/pretil/catkin_ws/install/limo_msgs/share/limo_msgs/local_setup.zsh
[0.423s] -- Up-to-date: /home/pretil/catkin_ws/install/limo_msgs/share/limo_msgs/local_setup.dsv
[0.423s] -- Installing: /home/pretil/catkin_ws/install/limo_msgs/share/limo_msgs/package.dsv
[0.423s] -- Up-to-date: /home/pretil/catkin_ws/install/limo_msgs/share/ament_index/resource_index/packages/limo_msgs
[0.423s] -- Up-to-date: /home/pretil/catkin_ws/install/limo_msgs/share/limo_msgs/cmake/export_limo_msgs__rosidl_generator_cExport.cmake
[0.423s] -- Up-to-date: /home/pretil/catkin_ws/install/limo_msgs/share/limo_msgs/cmake/export_limo_msgs__rosidl_generator_cExport-noconfig.cmake
[0.423s] -- Up-to-date: /home/pretil/catkin_ws/install/limo_msgs/share/limo_msgs/cmake/export_limo_msgs__rosidl_typesupport_fastrtps_cExport.cmake
[0.424s] -- Up-to-date: /home/pretil/catkin_ws/install/limo_msgs/share/limo_msgs/cmake/export_limo_msgs__rosidl_typesupport_fastrtps_cExport-noconfig.cmake
[0.424s] -- Up-to-date: /home/pretil/catkin_ws/install/limo_msgs/share/limo_msgs/cmake/export_limo_msgs__rosidl_generator_cppExport.cmake
[0.424s] -- Up-to-date: /home/pretil/catkin_ws/install/limo_msgs/share/limo_msgs/cmake/export_limo_msgs__rosidl_typesupport_fastrtps_cppExport.cmake
[0.424s] -- Up-to-date: /home/pretil/catkin_ws/install/limo_msgs/share/limo_msgs/cmake/export_limo_msgs__rosidl_typesupport_fastrtps_cppExport-noconfig.cmake
[0.424s] -- Up-to-date: /home/pretil/catkin_ws/install/limo_msgs/share/limo_msgs/cmake/limo_msgs__rosidl_typesupport_introspection_cExport.cmake
[0.424s] -- Up-to-date: /home/pretil/catkin_ws/install/limo_msgs/share/limo_msgs/cmake/limo_msgs__rosidl_typesupport_introspection_cExport-noconfig.cmake
[0.424s] -- Up-to-date: /home/pretil/catkin_ws/install/limo_msgs/share/limo_msgs/cmake/limo_msgs__rosidl_typesupport_cExport.cmake
[0.424s] -- Up-to-date: /home/pretil/catkin_ws/install/limo_msgs/share/limo_msgs/cmake/limo_msgs__rosidl_typesupport_cExport-noconfig.cmake
[0.424s] -- Up-to-date: /home/pretil/catkin_ws/install/limo_msgs/share/limo_msgs/cmake/limo_msgs__rosidl_typesupport_introspection_cppExport.cmake
[0.424s] -- Up-to-date: /home/pretil/catkin_ws/install/limo_msgs/share/limo_msgs/cmake/limo_msgs__rosidl_typesupport_introspection_cppExport-noconfig.cmake
[0.424s] -- Up-to-date: /home/pretil/catkin_ws/install/limo_msgs/share/limo_msgs/cmake/limo_msgs__rosidl_typesupport_cppExport.cmake
[0.424s] -- Up-to-date: /home/pretil/catkin_ws/install/limo_msgs/share/limo_msgs/cmake/limo_msgs__rosidl_typesupport_cppExport-noconfig.cmake
[0.424s] -- Up-to-date: /home/pretil/catkin_ws/install/limo_msgs/share/limo_msgs/cmake/export_limo_msgs__rosidl_generator_pyExport.cmake
[0.424s] -- Up-to-date: /home/pretil/catkin_ws/install/limo_msgs/share/limo_msgs/cmake/export_limo_msgs__rosidl_generator_pyExport-noconfig.cmake
[0.424s] -- Up-to-date: /home/pretil/catkin_ws/install/limo_msgs/share/limo_msgs/cmake/rosidl_cmake-extras.cmake
[0.424s] -- Up-to-date: /home/pretil/catkin_ws/install/limo_msgs/share/limo_msgs/cmake/ament_cmake_export_dependencies-extras.cmake
[0.425s] -- Up-to-date: /home/pretil/catkin_ws/install/limo_msgs/share/limo_msgs/cmake/ament_cmake_export_include_directories-extras.cmake
[0.425s] -- Up-to-date: /home/pretil/catkin_ws/install/limo_msgs/share/limo_msgs/cmake/ament_cmake_export_libraries-extras.cmake
[0.425s] -- Up-to-date: /home/pretil/catkin_ws/install/limo_msgs/share/limo_msgs/cmake/ament_cmake_export_targets-extras.cmake
[0.425s] -- Up-to-date: /home/pretil/catkin_ws/install/limo_msgs/share/limo_msgs/cmake/rosidl_cmake_export_typesupport_targets-extras.cmake
[0.425s] -- Up-to-date: /home/pretil/catkin_ws/install/limo_msgs/share/limo_msgs/cmake/rosidl_cmake_export_typesupport_libraries-extras.cmake
[0.425s] -- Up-to-date: /home/pretil/catkin_ws/install/limo_msgs/share/limo_msgs/cmake/limo_msgsConfig.cmake
[0.425s] -- Up-to-date: /home/pretil/catkin_ws/install/limo_msgs/share/limo_msgs/cmake/limo_msgsConfig-version.cmake
[0.425s] -- Up-to-date: /home/pretil/catkin_ws/install/limo_msgs/share/limo_msgs/package.xml
[0.426s] Invoked command in '/home/pretil/catkin_ws/build/limo_msgs' returned '0': CMAKE_PREFIX_PATH=${CMAKE_PREFIX_PATH}:/opt/ros/humble /usr/bin/cmake --install /home/pretil/catkin_ws/build/limo_msgs
