[0.012s] Invoking command in '/home/pretil/catkin_ws/src/limo_ros2/build/limo_base': CMAKE_PREFIX_PATH=/home/pretil/catkin_ws/src/limo_ros2/install/limo_msgs:/home/pretil/catkin_ws/src/limo_ros2/install/ydlidar_ros2_driver:/home/pretil/catkin_ws/src/limo_ros2/install/limo_navigation:/home/pretil/catkin_ws/src/limo_ros2/install/limo_bringup:/home/pretil/catkin_ws/src/limo_ros2/install/limo_base:/home/pretil/catkin_ws/src/limo_ros2/install/limo_gazebosim:/home/pretil/catkin_ws/src/limo_ros2/install/limo_description:/home/pretil/catkin_ws/src/limo_ros2/install/limo_car:/opt/ros/humble LD_LIBRARY_PATH=/home/pretil/catkin_ws/src/limo_ros2/install/limo_msgs/lib:/usr/lib/x86_64-linux-gnu/gazebo-11/plugins:/opt/ros/humble/opt/rviz_ogre_vendor/lib:/opt/ros/humble/lib/x86_64-linux-gnu:/opt/ros/humble/lib:/usr/lib/x86_64-linux-gnu/gazebo-11/plugins /usr/bin/cmake /home/pretil/catkin_ws/src/limo_ros2/limo_base -DCMAKE_INSTALL_PREFIX=/home/pretil/catkin_ws/src/limo_ros2/install/limo_base
[0.022s] -- Found ament_cmake: 1.3.14 (/opt/ros/humble/share/ament_cmake/cmake)
[0.140s] -- Override CMake install command with custom implementation using symlinks instead of copying resources
[0.147s] -- Found rclcpp: 16.0.19 (/opt/ros/humble/share/rclcpp/cmake)
[0.177s] -- Found rosidl_generator_c: 3.1.8 (/opt/ros/humble/share/rosidl_generator_c/cmake)
[0.180s] -- Found rosidl_adapter: 3.1.8 (/opt/ros/humble/share/rosidl_adapter/cmake)
[0.186s] -- Found rosidl_generator_cpp: 3.1.8 (/opt/ros/humble/share/rosidl_generator_cpp/cmake)
[0.196s] -- Using all available rosidl_typesupport_c: rosidl_typesupport_fastrtps_c;rosidl_typesupport_introspection_c
[0.209s] -- Using all available rosidl_typesupport_cpp: rosidl_typesupport_fastrtps_cpp;rosidl_typesupport_introspection_cpp
[0.243s] -- Found rmw_implementation_cmake: 6.1.2 (/opt/ros/humble/share/rmw_implementation_cmake/cmake)
[0.245s] -- Found rmw_cyclonedds_cpp: 1.3.4 (/opt/ros/humble/share/rmw_cyclonedds_cpp/cmake)
[0.264s] -- Using RMW implementation 'rmw_cyclonedds_cpp' as default
[0.314s] -- Found geometry_msgs: 4.9.1 (/opt/ros/humble/share/geometry_msgs/cmake)
[0.327s] -- Found nav_msgs: 4.9.1 (/opt/ros/humble/share/nav_msgs/cmake)
[0.344s] -- Found sensor_msgs: 4.9.1 (/opt/ros/humble/share/sensor_msgs/cmake)
[0.361s] -- Found tf2: 0.25.20 (/opt/ros/humble/share/tf2/cmake)
[0.366s] -- Found tf2_ros: 0.25.20 (/opt/ros/humble/share/tf2_ros/cmake)
[0.450s] -- Found limo_msgs: 0.0.0 (/home/pretil/catkin_ws/src/limo_ros2/install/limo_msgs/share/limo_msgs/cmake)
[0.465s] -- Found tf2_geometry_msgs: 0.25.20 (/opt/ros/humble/share/tf2_geometry_msgs/cmake)
[0.468s] -- Found eigen3_cmake_module: 0.1.1 (/opt/ros/humble/share/eigen3_cmake_module/cmake)
[0.470s] -- Ensuring Eigen3 include directory is part of orocos-kdl CMake target
[0.471s] -- Found turtlesim: 1.4.3 (/opt/ros/humble/share/turtlesim/cmake)
[0.554s] -- Configuring done
[0.573s] -- Generating done
[0.579s] -- Build files have been written to: /home/pretil/catkin_ws/src/limo_ros2/build/limo_base
[0.586s] Invoked command in '/home/pretil/catkin_ws/src/limo_ros2/build/limo_base' returned '0': CMAKE_PREFIX_PATH=/home/pretil/catkin_ws/src/limo_ros2/install/limo_msgs:/home/pretil/catkin_ws/src/limo_ros2/install/ydlidar_ros2_driver:/home/pretil/catkin_ws/src/limo_ros2/install/limo_navigation:/home/pretil/catkin_ws/src/limo_ros2/install/limo_bringup:/home/pretil/catkin_ws/src/limo_ros2/install/limo_base:/home/pretil/catkin_ws/src/limo_ros2/install/limo_gazebosim:/home/pretil/catkin_ws/src/limo_ros2/install/limo_description:/home/pretil/catkin_ws/src/limo_ros2/install/limo_car:/opt/ros/humble LD_LIBRARY_PATH=/home/pretil/catkin_ws/src/limo_ros2/install/limo_msgs/lib:/usr/lib/x86_64-linux-gnu/gazebo-11/plugins:/opt/ros/humble/opt/rviz_ogre_vendor/lib:/opt/ros/humble/lib/x86_64-linux-gnu:/opt/ros/humble/lib:/usr/lib/x86_64-linux-gnu/gazebo-11/plugins /usr/bin/cmake /home/pretil/catkin_ws/src/limo_ros2/limo_base -DCMAKE_INSTALL_PREFIX=/home/pretil/catkin_ws/src/limo_ros2/install/limo_base
[0.588s] Invoking command in '/home/pretil/catkin_ws/src/limo_ros2/build/limo_base': CMAKE_PREFIX_PATH=/home/pretil/catkin_ws/src/limo_ros2/install/limo_msgs:/home/pretil/catkin_ws/src/limo_ros2/install/ydlidar_ros2_driver:/home/pretil/catkin_ws/src/limo_ros2/install/limo_navigation:/home/pretil/catkin_ws/src/limo_ros2/install/limo_bringup:/home/pretil/catkin_ws/src/limo_ros2/install/limo_base:/home/pretil/catkin_ws/src/limo_ros2/install/limo_gazebosim:/home/pretil/catkin_ws/src/limo_ros2/install/limo_description:/home/pretil/catkin_ws/src/limo_ros2/install/limo_car:/opt/ros/humble LD_LIBRARY_PATH=/home/pretil/catkin_ws/src/limo_ros2/install/limo_msgs/lib:/usr/lib/x86_64-linux-gnu/gazebo-11/plugins:/opt/ros/humble/opt/rviz_ogre_vendor/lib:/opt/ros/humble/lib/x86_64-linux-gnu:/opt/ros/humble/lib:/usr/lib/x86_64-linux-gnu/gazebo-11/plugins /usr/bin/cmake --build /home/pretil/catkin_ws/src/limo_ros2/build/limo_base -- -j12 -l12
[0.621s] [35m[1mConsolidate compiler generated dependencies of target tf_pub[0m
[0.622s] [35m[1mConsolidate compiler generated dependencies of target limo_base[0m
[0.636s] [ 33%] Built target tf_pub
[0.641s] [100%] Built target limo_base
[0.649s] Invoked command in '/home/pretil/catkin_ws/src/limo_ros2/build/limo_base' returned '0': CMAKE_PREFIX_PATH=/home/pretil/catkin_ws/src/limo_ros2/install/limo_msgs:/home/pretil/catkin_ws/src/limo_ros2/install/ydlidar_ros2_driver:/home/pretil/catkin_ws/src/limo_ros2/install/limo_navigation:/home/pretil/catkin_ws/src/limo_ros2/install/limo_bringup:/home/pretil/catkin_ws/src/limo_ros2/install/limo_base:/home/pretil/catkin_ws/src/limo_ros2/install/limo_gazebosim:/home/pretil/catkin_ws/src/limo_ros2/install/limo_description:/home/pretil/catkin_ws/src/limo_ros2/install/limo_car:/opt/ros/humble LD_LIBRARY_PATH=/home/pretil/catkin_ws/src/limo_ros2/install/limo_msgs/lib:/usr/lib/x86_64-linux-gnu/gazebo-11/plugins:/opt/ros/humble/opt/rviz_ogre_vendor/lib:/opt/ros/humble/lib/x86_64-linux-gnu:/opt/ros/humble/lib:/usr/lib/x86_64-linux-gnu/gazebo-11/plugins /usr/bin/cmake --build /home/pretil/catkin_ws/src/limo_ros2/build/limo_base -- -j12 -l12
[0.650s] Invoking command in '/home/pretil/catkin_ws/src/limo_ros2/build/limo_base': CMAKE_PREFIX_PATH=/home/pretil/catkin_ws/src/limo_ros2/install/limo_msgs:/home/pretil/catkin_ws/src/limo_ros2/install/ydlidar_ros2_driver:/home/pretil/catkin_ws/src/limo_ros2/install/limo_navigation:/home/pretil/catkin_ws/src/limo_ros2/install/limo_bringup:/home/pretil/catkin_ws/src/limo_ros2/install/limo_base:/home/pretil/catkin_ws/src/limo_ros2/install/limo_gazebosim:/home/pretil/catkin_ws/src/limo_ros2/install/limo_description:/home/pretil/catkin_ws/src/limo_ros2/install/limo_car:/opt/ros/humble LD_LIBRARY_PATH=/home/pretil/catkin_ws/src/limo_ros2/install/limo_msgs/lib:/usr/lib/x86_64-linux-gnu/gazebo-11/plugins:/opt/ros/humble/opt/rviz_ogre_vendor/lib:/opt/ros/humble/lib/x86_64-linux-gnu:/opt/ros/humble/lib:/usr/lib/x86_64-linux-gnu/gazebo-11/plugins /usr/bin/cmake --install /home/pretil/catkin_ws/src/limo_ros2/build/limo_base
[0.656s] -- Install configuration: ""
[0.656s] -- Execute custom install script
[0.657s] -- Up-to-date symlink: /home/pretil/catkin_ws/src/limo_ros2/install/limo_base/include/limo_base/limo_driver.h
[0.657s] -- Up-to-date symlink: /home/pretil/catkin_ws/src/limo_ros2/install/limo_base/include/limo_base/limo_protocol.h
[0.657s] -- Up-to-date symlink: /home/pretil/catkin_ws/src/limo_ros2/install/limo_base/include/limo_base/serial_port.h
[0.657s] -- Up-to-date symlink: /home/pretil/catkin_ws/src/limo_ros2/install/limo_base/lib/limo_base/limo_base
[0.658s] -- Up-to-date symlink: /home/pretil/catkin_ws/src/limo_ros2/install/limo_base/lib/limo_base/tf_pub
[0.658s] -- Up-to-date symlink: /home/pretil/catkin_ws/src/limo_ros2/install/limo_base/share/limo_base//launch/limo_base.launch.py
[0.658s] -- Up-to-date symlink: /home/pretil/catkin_ws/src/limo_ros2/install/limo_base/share/limo_base//launch/open_ydlidar_launch.py
[0.658s] -- Up-to-date symlink: /home/pretil/catkin_ws/src/limo_ros2/install/limo_base/share/limo_base//launch/start_limo.launch.py
[0.659s] -- Up-to-date symlink: /home/pretil/catkin_ws/src/limo_ros2/install/limo_base/share/limo_base//src/limo_base_node.cpp
[0.659s] -- Up-to-date symlink: /home/pretil/catkin_ws/src/limo_ros2/install/limo_base/share/limo_base//src/limo_driver.cpp
[0.659s] -- Up-to-date symlink: /home/pretil/catkin_ws/src/limo_ros2/install/limo_base/share/limo_base//src/serial_port.cpp
[0.659s] -- Up-to-date symlink: /home/pretil/catkin_ws/src/limo_ros2/install/limo_base/share/limo_base//src/tf_pub.cpp
[0.660s] -- Up-to-date symlink: /home/pretil/catkin_ws/src/limo_ros2/install/limo_base/share/ament_index/resource_index/package_run_dependencies/limo_base
[0.660s] -- Up-to-date symlink: /home/pretil/catkin_ws/src/limo_ros2/install/limo_base/share/ament_index/resource_index/parent_prefix_path/limo_base
[0.660s] -- Up-to-date symlink: /home/pretil/catkin_ws/src/limo_ros2/install/limo_base/share/limo_base/environment/ament_prefix_path.sh
[0.660s] -- Up-to-date symlink: /home/pretil/catkin_ws/src/limo_ros2/install/limo_base/share/limo_base/environment/ament_prefix_path.dsv
[0.660s] -- Up-to-date symlink: /home/pretil/catkin_ws/src/limo_ros2/install/limo_base/share/limo_base/environment/path.sh
[0.661s] -- Up-to-date symlink: /home/pretil/catkin_ws/src/limo_ros2/install/limo_base/share/limo_base/environment/path.dsv
[0.661s] -- Up-to-date symlink: /home/pretil/catkin_ws/src/limo_ros2/install/limo_base/share/limo_base/local_setup.bash
[0.661s] -- Up-to-date symlink: /home/pretil/catkin_ws/src/limo_ros2/install/limo_base/share/limo_base/local_setup.sh
[0.661s] -- Up-to-date symlink: /home/pretil/catkin_ws/src/limo_ros2/install/limo_base/share/limo_base/local_setup.zsh
[0.661s] -- Up-to-date symlink: /home/pretil/catkin_ws/src/limo_ros2/install/limo_base/share/limo_base/local_setup.dsv
[0.662s] -- Symlinking: /home/pretil/catkin_ws/src/limo_ros2/install/limo_base/share/limo_base/package.dsv
[0.668s] -- Up-to-date symlink: /home/pretil/catkin_ws/src/limo_ros2/install/limo_base/share/ament_index/resource_index/packages/limo_base
[0.668s] -- Up-to-date symlink: /home/pretil/catkin_ws/src/limo_ros2/install/limo_base/share/limo_base/cmake/ament_cmake_export_include_directories-extras.cmake
[0.669s] -- Up-to-date symlink: /home/pretil/catkin_ws/src/limo_ros2/install/limo_base/share/limo_base/cmake/limo_baseConfig.cmake
[0.669s] -- Up-to-date symlink: /home/pretil/catkin_ws/src/limo_ros2/install/limo_base/share/limo_base/cmake/limo_baseConfig-version.cmake
[0.670s] -- Up-to-date symlink: /home/pretil/catkin_ws/src/limo_ros2/install/limo_base/share/limo_base/package.xml
[0.671s] Invoked command in '/home/pretil/catkin_ws/src/limo_ros2/build/limo_base' returned '0': CMAKE_PREFIX_PATH=/home/pretil/catkin_ws/src/limo_ros2/install/limo_msgs:/home/pretil/catkin_ws/src/limo_ros2/install/ydlidar_ros2_driver:/home/pretil/catkin_ws/src/limo_ros2/install/limo_navigation:/home/pretil/catkin_ws/src/limo_ros2/install/limo_bringup:/home/pretil/catkin_ws/src/limo_ros2/install/limo_base:/home/pretil/catkin_ws/src/limo_ros2/install/limo_gazebosim:/home/pretil/catkin_ws/src/limo_ros2/install/limo_description:/home/pretil/catkin_ws/src/limo_ros2/install/limo_car:/opt/ros/humble LD_LIBRARY_PATH=/home/pretil/catkin_ws/src/limo_ros2/install/limo_msgs/lib:/usr/lib/x86_64-linux-gnu/gazebo-11/plugins:/opt/ros/humble/opt/rviz_ogre_vendor/lib:/opt/ros/humble/lib/x86_64-linux-gnu:/opt/ros/humble/lib:/usr/lib/x86_64-linux-gnu/gazebo-11/plugins /usr/bin/cmake --install /home/pretil/catkin_ws/src/limo_ros2/build/limo_base
