-- Install configuration: ""
-- Execute custom install script
-- Up-to-date symlink: /home/pretil/catkin_ws/src/limo_ros2/install/limo_car/share/limo_car/launch/ackermann.launch.py
-- Up-to-date symlink: /home/pretil/catkin_ws/src/limo_ros2/install/limo_car/share/limo_car/launch/ackermann_gazebo.launch.py
-- Up-to-date symlink: /home/pretil/catkin_ws/src/limo_ros2/install/limo_car/share/limo_car/launch/display_ackermann.launch.py
-- Up-to-date symlink: /home/pretil/catkin_ws/src/limo_ros2/install/limo_car/share/limo_car/gazebo/ackermann.xacro
-- Up-to-date symlink: /home/pretil/catkin_ws/src/limo_ros2/install/limo_car/share/limo_car/gazebo/ackermann_with_sensor.xacro
-- Up-to-date symlink: /home/pretil/catkin_ws/src/limo_ros2/install/limo_car/share/limo_car/gazebo/sensor.xacro
-- Up-to-date symlink: /home/pretil/catkin_ws/src/limo_ros2/install/limo_car/share/limo_car/meshes/limo_base.dae
-- Up-to-date symlink: /home/pretil/catkin_ws/src/limo_ros2/install/limo_car/share/limo_car/meshes/limo_base.stl
-- Up-to-date symlink: /home/pretil/catkin_ws/src/limo_ros2/install/limo_car/share/limo_car/meshes/limo_wheel.dae
-- Up-to-date symlink: /home/pretil/catkin_ws/src/limo_ros2/install/limo_car/share/limo_car/meshes/limo_wheel.stl
-- Up-to-date symlink: /home/pretil/catkin_ws/src/limo_ros2/install/limo_car/share/limo_car/rviz/gazebo.rviz
-- Up-to-date symlink: /home/pretil/catkin_ws/src/limo_ros2/install/limo_car/share/limo_car/rviz/urdf.rviz
-- Up-to-date symlink: /home/pretil/catkin_ws/src/limo_ros2/install/limo_car/share/limo_car/urdf/limo_ackerman_base.xacro
-- Up-to-date symlink: /home/pretil/catkin_ws/src/limo_ros2/install/limo_car/share/limo_car/urdf/limo_anteil.xacro
-- Up-to-date symlink: /home/pretil/catkin_ws/src/limo_ros2/install/limo_car/share/limo_car/urdf/limo_steering_hinge.xacro
-- Symlinking: /home/pretil/catkin_ws/src/limo_ros2/install/limo_car/share/limo_car/worlds/empty_world.world
-- Symlinking: /home/pretil/catkin_ws/src/limo_ros2/install/limo_car/share/limo_car/worlds/turtlebot3_world.world
-- Up-to-date symlink: /home/pretil/catkin_ws/src/limo_ros2/install/limo_car/share/ament_index/resource_index/package_run_dependencies/limo_car
-- Up-to-date symlink: /home/pretil/catkin_ws/src/limo_ros2/install/limo_car/share/ament_index/resource_index/parent_prefix_path/limo_car
-- Up-to-date symlink: /home/pretil/catkin_ws/src/limo_ros2/install/limo_car/share/limo_car/environment/ament_prefix_path.sh
-- Up-to-date symlink: /home/pretil/catkin_ws/src/limo_ros2/install/limo_car/share/limo_car/environment/ament_prefix_path.dsv
-- Up-to-date symlink: /home/pretil/catkin_ws/src/limo_ros2/install/limo_car/share/limo_car/environment/path.sh
-- Up-to-date symlink: /home/pretil/catkin_ws/src/limo_ros2/install/limo_car/share/limo_car/environment/path.dsv
-- Up-to-date symlink: /home/pretil/catkin_ws/src/limo_ros2/install/limo_car/share/limo_car/local_setup.bash
-- Up-to-date symlink: /home/pretil/catkin_ws/src/limo_ros2/install/limo_car/share/limo_car/local_setup.sh
-- Up-to-date symlink: /home/pretil/catkin_ws/src/limo_ros2/install/limo_car/share/limo_car/local_setup.zsh
-- Up-to-date symlink: /home/pretil/catkin_ws/src/limo_ros2/install/limo_car/share/limo_car/local_setup.dsv
-- Symlinking: /home/pretil/catkin_ws/src/limo_ros2/install/limo_car/share/limo_car/package.dsv
-- Up-to-date symlink: /home/pretil/catkin_ws/src/limo_ros2/install/limo_car/share/ament_index/resource_index/packages/limo_car
-- Up-to-date symlink: /home/pretil/catkin_ws/src/limo_ros2/install/limo_car/share/limo_car/cmake/limo_carConfig.cmake
-- Up-to-date symlink: /home/pretil/catkin_ws/src/limo_ros2/install/limo_car/share/limo_car/cmake/limo_carConfig-version.cmake
-- Up-to-date symlink: /home/pretil/catkin_ws/src/limo_ros2/install/limo_car/share/limo_car/package.xml
