-- The C compiler identification is GNU 11.4.0
-- The CXX compiler identification is GNU 11.4.0
-- Detecting C compiler ABI info
-- Detecting C compiler ABI info - done
-- Check for working C compiler: /usr/bin/cc - skipped
-- Detecting C compile features
-- Detecting C compile features - done
-- Detecting CXX compiler ABI info
-- Detecting CXX compiler ABI info - done
-- Check for working CXX compiler: /usr/bin/c++ - skipped
-- Detecting CXX compile features
-- Detecting CXX compile features - done
-- Found ament_cmake: 1.3.14 (/opt/ros/humble/share/ament_cmake/cmake)
-- Found Python3: /usr/bin/python3 (found version "3.10.12") found components: Interpreter 
-- Override CMake install command with custom implementation using symlinks instead of copying resources
-- Configuring done
-- Generating done
-- Build files have been written to: /home/pretil/catkin_ws/src/limo_ros2/build/limo_bringup
-- Install configuration: ""
-- Execute custom install script
-- Symlinking: /home/pretil/catkin_ws/src/limo_ros2/install/limo_bringup/share/limo_bringup//launch/limo_start.launch.py
-- Up-to-date symlink: /home/pretil/catkin_ws/src/limo_ros2/install/limo_bringup/share/limo_bringup//launch/limo_start.launch.py
-- Symlinking: /home/pretil/catkin_ws/src/limo_ros2/install/limo_bringup/share/ament_index/resource_index/package_run_dependencies/limo_bringup
-- Symlinking: /home/pretil/catkin_ws/src/limo_ros2/install/limo_bringup/share/ament_index/resource_index/parent_prefix_path/limo_bringup
-- Symlinking: /home/pretil/catkin_ws/src/limo_ros2/install/limo_bringup/share/limo_bringup/environment/ament_prefix_path.sh
-- Symlinking: /home/pretil/catkin_ws/src/limo_ros2/install/limo_bringup/share/limo_bringup/environment/ament_prefix_path.dsv
-- Symlinking: /home/pretil/catkin_ws/src/limo_ros2/install/limo_bringup/share/limo_bringup/environment/path.sh
-- Symlinking: /home/pretil/catkin_ws/src/limo_ros2/install/limo_bringup/share/limo_bringup/environment/path.dsv
-- Symlinking: /home/pretil/catkin_ws/src/limo_ros2/install/limo_bringup/share/limo_bringup/local_setup.bash
-- Symlinking: /home/pretil/catkin_ws/src/limo_ros2/install/limo_bringup/share/limo_bringup/local_setup.sh
-- Symlinking: /home/pretil/catkin_ws/src/limo_ros2/install/limo_bringup/share/limo_bringup/local_setup.zsh
-- Symlinking: /home/pretil/catkin_ws/src/limo_ros2/install/limo_bringup/share/limo_bringup/local_setup.dsv
-- Symlinking: /home/pretil/catkin_ws/src/limo_ros2/install/limo_bringup/share/limo_bringup/package.dsv
-- Symlinking: /home/pretil/catkin_ws/src/limo_ros2/install/limo_bringup/share/ament_index/resource_index/packages/limo_bringup
-- Symlinking: /home/pretil/catkin_ws/src/limo_ros2/install/limo_bringup/share/limo_bringup/cmake/limo_bringupConfig.cmake
-- Symlinking: /home/pretil/catkin_ws/src/limo_ros2/install/limo_bringup/share/limo_bringup/cmake/limo_bringupConfig-version.cmake
-- Symlinking: /home/pretil/catkin_ws/src/limo_ros2/install/limo_bringup/share/limo_bringup/package.xml
