[0.013s] Invoking command in '/home/pretil/catkin_ws/src/limo_ros2/build/limo_bringup': AMENT_PREFIX_PATH=/home/pretil/catkin_ws/src/limo_ros2/install/limo_msgs:${AMENT_PREFIX_PATH} CMAKE_PREFIX_PATH=/home/pretil/catkin_ws/src/limo_ros2/install/limo_msgs:/home/pretil/catkin_ws/install/limo_base:/home/pretil/catkin_ws/install/limo_msgs:/home/pretil/catkin_ws/install/limo_description:/home/pretil/catkin_ws/install/limo_car:/opt/ros/humble LD_LIBRARY_PATH=/home/pretil/catkin_ws/src/limo_ros2/install/limo_msgs/lib:/home/pretil/catkin_ws/install/limo_msgs/lib:/usr/lib/x86_64-linux-gnu/gazebo-11/plugins:/opt/ros/humble/opt/rviz_ogre_vendor/lib:/opt/ros/humble/lib/x86_64-linux-gnu:/opt/ros/humble/lib:/usr/lib/x86_64-linux-gnu/gazebo-11/plugins:/usr/lib/x86_64-linux-gnu/gazebo-11/plugins:/usr/lib/x86_64-linux-gnu/gazebo-11/plugins PYTHONPATH=/home/pretil/catkin_ws/src/limo_ros2/install/limo_msgs/local/lib/python3.10/dist-packages:${PYTHONPATH} /usr/bin/cmake /home/pretil/catkin_ws/src/limo_ros2/limo_bringup -DAMENT_CMAKE_SYMLINK_INSTALL=1 -DCMAKE_INSTALL_PREFIX=/home/pretil/catkin_ws/src/limo_ros2/install/limo_bringup
[0.065s] -- The C compiler identification is GNU 11.4.0
[0.118s] -- The CXX compiler identification is GNU 11.4.0
[0.124s] -- Detecting C compiler ABI info
[0.181s] -- Detecting C compiler ABI info - done
[0.194s] -- Check for working C compiler: /usr/bin/cc - skipped
[0.194s] -- Detecting C compile features
[0.195s] -- Detecting C compile features - done
[0.199s] -- Detecting CXX compiler ABI info
[0.266s] -- Detecting CXX compiler ABI info - done
[0.278s] -- Check for working CXX compiler: /usr/bin/c++ - skipped
[0.278s] -- Detecting CXX compile features
[0.279s] -- Detecting CXX compile features - done
[0.285s] -- Found ament_cmake: 1.3.14 (/opt/ros/humble/share/ament_cmake/cmake)
[0.436s] -- Found Python3: /usr/bin/python3 (found version "3.10.12") found components: Interpreter 
[0.500s] -- Override CMake install command with custom implementation using symlinks instead of copying resources
[0.622s] -- Configuring done
[0.624s] -- Generating done
[0.626s] -- Build files have been written to: /home/pretil/catkin_ws/src/limo_ros2/build/limo_bringup
[0.629s] Invoked command in '/home/pretil/catkin_ws/src/limo_ros2/build/limo_bringup' returned '0': AMENT_PREFIX_PATH=/home/pretil/catkin_ws/src/limo_ros2/install/limo_msgs:${AMENT_PREFIX_PATH} CMAKE_PREFIX_PATH=/home/pretil/catkin_ws/src/limo_ros2/install/limo_msgs:/home/pretil/catkin_ws/install/limo_base:/home/pretil/catkin_ws/install/limo_msgs:/home/pretil/catkin_ws/install/limo_description:/home/pretil/catkin_ws/install/limo_car:/opt/ros/humble LD_LIBRARY_PATH=/home/pretil/catkin_ws/src/limo_ros2/install/limo_msgs/lib:/home/pretil/catkin_ws/install/limo_msgs/lib:/usr/lib/x86_64-linux-gnu/gazebo-11/plugins:/opt/ros/humble/opt/rviz_ogre_vendor/lib:/opt/ros/humble/lib/x86_64-linux-gnu:/opt/ros/humble/lib:/usr/lib/x86_64-linux-gnu/gazebo-11/plugins:/usr/lib/x86_64-linux-gnu/gazebo-11/plugins:/usr/lib/x86_64-linux-gnu/gazebo-11/plugins PYTHONPATH=/home/pretil/catkin_ws/src/limo_ros2/install/limo_msgs/local/lib/python3.10/dist-packages:${PYTHONPATH} /usr/bin/cmake /home/pretil/catkin_ws/src/limo_ros2/limo_bringup -DAMENT_CMAKE_SYMLINK_INSTALL=1 -DCMAKE_INSTALL_PREFIX=/home/pretil/catkin_ws/src/limo_ros2/install/limo_bringup
[0.630s] Invoking command in '/home/pretil/catkin_ws/src/limo_ros2/build/limo_bringup': AMENT_PREFIX_PATH=/home/pretil/catkin_ws/src/limo_ros2/install/limo_msgs:${AMENT_PREFIX_PATH} CMAKE_PREFIX_PATH=/home/pretil/catkin_ws/src/limo_ros2/install/limo_msgs:/home/pretil/catkin_ws/install/limo_base:/home/pretil/catkin_ws/install/limo_msgs:/home/pretil/catkin_ws/install/limo_description:/home/pretil/catkin_ws/install/limo_car:/opt/ros/humble LD_LIBRARY_PATH=/home/pretil/catkin_ws/src/limo_ros2/install/limo_msgs/lib:/home/pretil/catkin_ws/install/limo_msgs/lib:/usr/lib/x86_64-linux-gnu/gazebo-11/plugins:/opt/ros/humble/opt/rviz_ogre_vendor/lib:/opt/ros/humble/lib/x86_64-linux-gnu:/opt/ros/humble/lib:/usr/lib/x86_64-linux-gnu/gazebo-11/plugins:/usr/lib/x86_64-linux-gnu/gazebo-11/plugins:/usr/lib/x86_64-linux-gnu/gazebo-11/plugins PYTHONPATH=/home/pretil/catkin_ws/src/limo_ros2/install/limo_msgs/local/lib/python3.10/dist-packages:${PYTHONPATH} /usr/bin/cmake --build /home/pretil/catkin_ws/src/limo_ros2/build/limo_bringup -- -j12 -l12
[0.660s] Invoked command in '/home/pretil/catkin_ws/src/limo_ros2/build/limo_bringup' returned '0': AMENT_PREFIX_PATH=/home/pretil/catkin_ws/src/limo_ros2/install/limo_msgs:${AMENT_PREFIX_PATH} CMAKE_PREFIX_PATH=/home/pretil/catkin_ws/src/limo_ros2/install/limo_msgs:/home/pretil/catkin_ws/install/limo_base:/home/pretil/catkin_ws/install/limo_msgs:/home/pretil/catkin_ws/install/limo_description:/home/pretil/catkin_ws/install/limo_car:/opt/ros/humble LD_LIBRARY_PATH=/home/pretil/catkin_ws/src/limo_ros2/install/limo_msgs/lib:/home/pretil/catkin_ws/install/limo_msgs/lib:/usr/lib/x86_64-linux-gnu/gazebo-11/plugins:/opt/ros/humble/opt/rviz_ogre_vendor/lib:/opt/ros/humble/lib/x86_64-linux-gnu:/opt/ros/humble/lib:/usr/lib/x86_64-linux-gnu/gazebo-11/plugins:/usr/lib/x86_64-linux-gnu/gazebo-11/plugins:/usr/lib/x86_64-linux-gnu/gazebo-11/plugins PYTHONPATH=/home/pretil/catkin_ws/src/limo_ros2/install/limo_msgs/local/lib/python3.10/dist-packages:${PYTHONPATH} /usr/bin/cmake --build /home/pretil/catkin_ws/src/limo_ros2/build/limo_bringup -- -j12 -l12
[0.661s] Invoking command in '/home/pretil/catkin_ws/src/limo_ros2/build/limo_bringup': AMENT_PREFIX_PATH=/home/pretil/catkin_ws/src/limo_ros2/install/limo_msgs:${AMENT_PREFIX_PATH} CMAKE_PREFIX_PATH=/home/pretil/catkin_ws/src/limo_ros2/install/limo_msgs:/home/pretil/catkin_ws/install/limo_base:/home/pretil/catkin_ws/install/limo_msgs:/home/pretil/catkin_ws/install/limo_description:/home/pretil/catkin_ws/install/limo_car:/opt/ros/humble LD_LIBRARY_PATH=/home/pretil/catkin_ws/src/limo_ros2/install/limo_msgs/lib:/home/pretil/catkin_ws/install/limo_msgs/lib:/usr/lib/x86_64-linux-gnu/gazebo-11/plugins:/opt/ros/humble/opt/rviz_ogre_vendor/lib:/opt/ros/humble/lib/x86_64-linux-gnu:/opt/ros/humble/lib:/usr/lib/x86_64-linux-gnu/gazebo-11/plugins:/usr/lib/x86_64-linux-gnu/gazebo-11/plugins:/usr/lib/x86_64-linux-gnu/gazebo-11/plugins PYTHONPATH=/home/pretil/catkin_ws/src/limo_ros2/install/limo_msgs/local/lib/python3.10/dist-packages:${PYTHONPATH} /usr/bin/cmake --install /home/pretil/catkin_ws/src/limo_ros2/build/limo_bringup
[0.667s] -- Install configuration: ""
[0.668s] -- Execute custom install script
[0.668s] -- Symlinking: /home/pretil/catkin_ws/src/limo_ros2/install/limo_bringup/share/limo_bringup//launch/limo_start.launch.py
[0.675s] -- Up-to-date symlink: /home/pretil/catkin_ws/src/limo_ros2/install/limo_bringup/share/limo_bringup//launch/limo_start.launch.py
[0.675s] -- Symlinking: /home/pretil/catkin_ws/src/limo_ros2/install/limo_bringup/share/ament_index/resource_index/package_run_dependencies/limo_bringup
[0.682s] -- Symlinking: /home/pretil/catkin_ws/src/limo_ros2/install/limo_bringup/share/ament_index/resource_index/parent_prefix_path/limo_bringup
[0.688s] -- Symlinking: /home/pretil/catkin_ws/src/limo_ros2/install/limo_bringup/share/limo_bringup/environment/ament_prefix_path.sh
[0.695s] -- Symlinking: /home/pretil/catkin_ws/src/limo_ros2/install/limo_bringup/share/limo_bringup/environment/ament_prefix_path.dsv
[0.701s] -- Symlinking: /home/pretil/catkin_ws/src/limo_ros2/install/limo_bringup/share/limo_bringup/environment/path.sh
[0.708s] -- Symlinking: /home/pretil/catkin_ws/src/limo_ros2/install/limo_bringup/share/limo_bringup/environment/path.dsv
[0.715s] -- Symlinking: /home/pretil/catkin_ws/src/limo_ros2/install/limo_bringup/share/limo_bringup/local_setup.bash
[0.721s] -- Symlinking: /home/pretil/catkin_ws/src/limo_ros2/install/limo_bringup/share/limo_bringup/local_setup.sh
[0.727s] -- Symlinking: /home/pretil/catkin_ws/src/limo_ros2/install/limo_bringup/share/limo_bringup/local_setup.zsh
[0.734s] -- Symlinking: /home/pretil/catkin_ws/src/limo_ros2/install/limo_bringup/share/limo_bringup/local_setup.dsv
[0.741s] -- Symlinking: /home/pretil/catkin_ws/src/limo_ros2/install/limo_bringup/share/limo_bringup/package.dsv
[0.747s] -- Symlinking: /home/pretil/catkin_ws/src/limo_ros2/install/limo_bringup/share/ament_index/resource_index/packages/limo_bringup
[0.754s] -- Symlinking: /home/pretil/catkin_ws/src/limo_ros2/install/limo_bringup/share/limo_bringup/cmake/limo_bringupConfig.cmake
[0.759s] -- Symlinking: /home/pretil/catkin_ws/src/limo_ros2/install/limo_bringup/share/limo_bringup/cmake/limo_bringupConfig-version.cmake
[0.766s] -- Symlinking: /home/pretil/catkin_ws/src/limo_ros2/install/limo_bringup/share/limo_bringup/package.xml
[0.774s] Invoked command in '/home/pretil/catkin_ws/src/limo_ros2/build/limo_bringup' returned '0': AMENT_PREFIX_PATH=/home/pretil/catkin_ws/src/limo_ros2/install/limo_msgs:${AMENT_PREFIX_PATH} CMAKE_PREFIX_PATH=/home/pretil/catkin_ws/src/limo_ros2/install/limo_msgs:/home/pretil/catkin_ws/install/limo_base:/home/pretil/catkin_ws/install/limo_msgs:/home/pretil/catkin_ws/install/limo_description:/home/pretil/catkin_ws/install/limo_car:/opt/ros/humble LD_LIBRARY_PATH=/home/pretil/catkin_ws/src/limo_ros2/install/limo_msgs/lib:/home/pretil/catkin_ws/install/limo_msgs/lib:/usr/lib/x86_64-linux-gnu/gazebo-11/plugins:/opt/ros/humble/opt/rviz_ogre_vendor/lib:/opt/ros/humble/lib/x86_64-linux-gnu:/opt/ros/humble/lib:/usr/lib/x86_64-linux-gnu/gazebo-11/plugins:/usr/lib/x86_64-linux-gnu/gazebo-11/plugins:/usr/lib/x86_64-linux-gnu/gazebo-11/plugins PYTHONPATH=/home/pretil/catkin_ws/src/limo_ros2/install/limo_msgs/local/lib/python3.10/dist-packages:${PYTHONPATH} /usr/bin/cmake --install /home/pretil/catkin_ws/src/limo_ros2/build/limo_bringup
