[0.027s] Invoking command in '/home/pretil/catkin_ws/build/limo_car': CMAKE_PREFIX_PATH=${CMAKE_PREFIX_PATH}:/opt/ros/humble /usr/bin/cmake /home/pretil/catkin_ws/src/limo_ros2/limo_car -DCMAKE_INSTALL_PREFIX=/home/pretil/catkin_ws/install/limo_car
[0.093s] -- The C compiler identification is GNU 11.4.0
[0.156s] -- The CXX compiler identification is GNU 11.4.0
[0.162s] -- Detecting C compiler ABI info
[0.227s] -- Detecting C compiler ABI info - done
[0.235s] -- Check for working C compiler: /usr/bin/cc - skipped
[0.236s] -- Detecting C compile features
[0.236s] -- Detecting C compile features - done
[0.239s] -- Detecting CXX compiler ABI info
[0.311s] -- Detecting CXX compiler ABI info - done
[0.325s] -- Check for working CXX compiler: /usr/bin/c++ - skipped
[0.326s] -- Detecting CXX compile features
[0.326s] -- Detecting CXX compile features - done
[0.332s] -- Found ament_cmake: 1.3.14 (/opt/ros/humble/share/ament_cmake/cmake)
[0.495s] -- Found Python3: /usr/bin/python3 (found version "3.10.12") found components: Interpreter 
[0.615s] -- Found ament_lint_auto: 0.12.15 (/opt/ros/humble/share/ament_lint_auto/cmake)
[0.723s] -- Added test 'flake8' to check Python code syntax and style conventions
[0.724s] -- Added test 'lint_cmake' to check CMake code style
[0.725s] -- Added test 'pep257' to check Python code against some of the docstring style conventions in PEP 257
[0.728s] -- Added test 'xmllint' to check XML markup files
[0.730s] -- Configuring done
[0.732s] -- Generating done
[0.734s] -- Build files have been written to: /home/pretil/catkin_ws/build/limo_car
[0.738s] Invoked command in '/home/pretil/catkin_ws/build/limo_car' returned '0': CMAKE_PREFIX_PATH=${CMAKE_PREFIX_PATH}:/opt/ros/humble /usr/bin/cmake /home/pretil/catkin_ws/src/limo_ros2/limo_car -DCMAKE_INSTALL_PREFIX=/home/pretil/catkin_ws/install/limo_car
[0.739s] Invoking command in '/home/pretil/catkin_ws/build/limo_car': CMAKE_PREFIX_PATH=${CMAKE_PREFIX_PATH}:/opt/ros/humble /usr/bin/cmake --build /home/pretil/catkin_ws/build/limo_car -- -j12 -l12
[0.786s] Invoked command in '/home/pretil/catkin_ws/build/limo_car' returned '0': CMAKE_PREFIX_PATH=${CMAKE_PREFIX_PATH}:/opt/ros/humble /usr/bin/cmake --build /home/pretil/catkin_ws/build/limo_car -- -j12 -l12
[0.787s] Invoking command in '/home/pretil/catkin_ws/build/limo_car': CMAKE_PREFIX_PATH=${CMAKE_PREFIX_PATH}:/opt/ros/humble /usr/bin/cmake --install /home/pretil/catkin_ws/build/limo_car
[0.794s] -- Install configuration: ""
[0.794s] -- Installing: /home/pretil/catkin_ws/install/limo_car/share/limo_car/launch
[0.795s] -- Installing: /home/pretil/catkin_ws/install/limo_car/share/limo_car/launch/ackermann.launch.py
[0.795s] -- Installing: /home/pretil/catkin_ws/install/limo_car/share/limo_car/launch/display_ackermann.launch.py
[0.795s] -- Installing: /home/pretil/catkin_ws/install/limo_car/share/limo_car/launch/ackermann_gazebo.launch.py
[0.795s] -- Installing: /home/pretil/catkin_ws/install/limo_car/share/limo_car/gazebo
[0.795s] -- Installing: /home/pretil/catkin_ws/install/limo_car/share/limo_car/gazebo/sensor.xacro
[0.795s] -- Installing: /home/pretil/catkin_ws/install/limo_car/share/limo_car/gazebo/ackermann.xacro
[0.795s] -- Installing: /home/pretil/catkin_ws/install/limo_car/share/limo_car/gazebo/ackermann_with_sensor.xacro
[0.795s] -- Installing: /home/pretil/catkin_ws/install/limo_car/share/limo_car/log
[0.795s] -- Installing: /home/pretil/catkin_ws/install/limo_car/share/limo_car/meshes
[0.795s] -- Installing: /home/pretil/catkin_ws/install/limo_car/share/limo_car/meshes/limo_wheel.dae
[0.806s] -- Installing: /home/pretil/catkin_ws/install/limo_car/share/limo_car/meshes/limo_base.dae
[0.851s] -- Installing: /home/pretil/catkin_ws/install/limo_car/share/limo_car/meshes/limo_base.stl
[1.063s] -- Installing: /home/pretil/catkin_ws/install/limo_car/share/limo_car/meshes/limo_wheel.stl
[1.097s] -- Installing: /home/pretil/catkin_ws/install/limo_car/share/limo_car/rviz
[1.098s] -- Installing: /home/pretil/catkin_ws/install/limo_car/share/limo_car/rviz/gazebo.rviz
[1.098s] -- Installing: /home/pretil/catkin_ws/install/limo_car/share/limo_car/rviz/urdf.rviz
[1.098s] -- Installing: /home/pretil/catkin_ws/install/limo_car/share/limo_car/src
[1.098s] -- Installing: /home/pretil/catkin_ws/install/limo_car/share/limo_car/urdf
[1.098s] -- Installing: /home/pretil/catkin_ws/install/limo_car/share/limo_car/urdf/limo_ackerman_base.xacro
[1.098s] -- Installing: /home/pretil/catkin_ws/install/limo_car/share/limo_car/urdf/limo_steering_hinge.xacro
[1.099s] -- Installing: /home/pretil/catkin_ws/install/limo_car/share/limo_car/urdf/limo_anteil.xacro
[1.100s] -- Installing: /home/pretil/catkin_ws/install/limo_car/share/limo_car/worlds
[1.100s] -- Installing: /home/pretil/catkin_ws/install/limo_car/share/limo_car/worlds/empty_world.world
[1.100s] -- Installing: /home/pretil/catkin_ws/install/limo_car/share/limo_car/worlds/turtlebot3_world.world
[1.100s] -- Installing: /home/pretil/catkin_ws/install/limo_car/share/ament_index/resource_index/package_run_dependencies/limo_car
[1.101s] -- Installing: /home/pretil/catkin_ws/install/limo_car/share/ament_index/resource_index/parent_prefix_path/limo_car
[1.101s] -- Installing: /home/pretil/catkin_ws/install/limo_car/share/limo_car/environment/ament_prefix_path.sh
[1.101s] -- Installing: /home/pretil/catkin_ws/install/limo_car/share/limo_car/environment/ament_prefix_path.dsv
[1.102s] -- Installing: /home/pretil/catkin_ws/install/limo_car/share/limo_car/environment/path.sh
[1.102s] -- Installing: /home/pretil/catkin_ws/install/limo_car/share/limo_car/environment/path.dsv
[1.102s] -- Installing: /home/pretil/catkin_ws/install/limo_car/share/limo_car/local_setup.bash
[1.102s] -- Installing: /home/pretil/catkin_ws/install/limo_car/share/limo_car/local_setup.sh
[1.103s] -- Installing: /home/pretil/catkin_ws/install/limo_car/share/limo_car/local_setup.zsh
[1.103s] -- Installing: /home/pretil/catkin_ws/install/limo_car/share/limo_car/local_setup.dsv
[1.104s] -- Installing: /home/pretil/catkin_ws/install/limo_car/share/limo_car/package.dsv
[1.104s] -- Installing: /home/pretil/catkin_ws/install/limo_car/share/ament_index/resource_index/packages/limo_car
[1.104s] -- Installing: /home/pretil/catkin_ws/install/limo_car/share/limo_car/cmake/limo_carConfig.cmake
[1.105s] -- Installing: /home/pretil/catkin_ws/install/limo_car/share/limo_car/cmake/limo_carConfig-version.cmake
[1.105s] -- Installing: /home/pretil/catkin_ws/install/limo_car/share/limo_car/package.xml
[1.108s] Invoked command in '/home/pretil/catkin_ws/build/limo_car' returned '0': CMAKE_PREFIX_PATH=${CMAKE_PREFIX_PATH}:/opt/ros/humble /usr/bin/cmake --install /home/pretil/catkin_ws/build/limo_car
