[0.028s] Invoking command in '/home/pretil/catkin_ws/build/limo_description': CMAKE_PREFIX_PATH=${CMAKE_PREFIX_PATH}:/opt/ros/humble /usr/bin/cmake --build /home/pretil/catkin_ws/build/limo_description -- -j12 -l12
[0.074s] Invoked command in '/home/pretil/catkin_ws/build/limo_description' returned '0': CMAKE_PREFIX_PATH=${CMAKE_PREFIX_PATH}:/opt/ros/humble /usr/bin/cmake --build /home/pretil/catkin_ws/build/limo_description -- -j12 -l12
[0.077s] Invoking command in '/home/pretil/catkin_ws/build/limo_description': CMAKE_PREFIX_PATH=${CMAKE_PREFIX_PATH}:/opt/ros/humble /usr/bin/cmake --install /home/pretil/catkin_ws/build/limo_description
[0.096s] -- Install configuration: ""
[0.096s] -- Up-to-date: /home/pretil/catkin_ws/install/limo_description/share/limo_description/launch
[0.096s] -- Up-to-date: /home/pretil/catkin_ws/install/limo_description/share/limo_description/launch/gazebo_models_diff.launch.py
[0.096s] -- Up-to-date: /home/pretil/catkin_ws/install/limo_description/share/limo_description/launch/display_models_diff.launch.py
[0.096s] -- Up-to-date: /home/pretil/catkin_ws/install/limo_description/share/limo_description/meshes
[0.097s] -- Up-to-date: /home/pretil/catkin_ws/install/limo_description/share/limo_description/meshes/limo_wheel.dae
[0.097s] -- Up-to-date: /home/pretil/catkin_ws/install/limo_description/share/limo_description/meshes/limo_base.dae
[0.097s] -- Up-to-date: /home/pretil/catkin_ws/install/limo_description/share/limo_description/meshes/limo_base.stl
[0.097s] -- Up-to-date: /home/pretil/catkin_ws/install/limo_description/share/limo_description/meshes/limo_wheel.stl
[0.098s] -- Up-to-date: /home/pretil/catkin_ws/install/limo_description/share/limo_description/rviz
[0.098s] -- Up-to-date: /home/pretil/catkin_ws/install/limo_description/share/limo_description/rviz/model_display.rviz
[0.099s] -- Up-to-date: /home/pretil/catkin_ws/install/limo_description/share/limo_description/rviz/urdf.rviz
[0.099s] -- Up-to-date: /home/pretil/catkin_ws/install/limo_description/share/limo_description/urdf
[0.099s] -- Up-to-date: /home/pretil/catkin_ws/install/limo_description/share/limo_description/urdf/limo_xacro.xacro
[0.099s] -- Up-to-date: /home/pretil/catkin_ws/install/limo_description/share/limo_description/urdf/limo_steering_hinge.xacro
[0.099s] -- Up-to-date: /home/pretil/catkin_ws/install/limo_description/share/limo_description/urdf/limo_four_diff.gazebo
[0.099s] -- Up-to-date: /home/pretil/catkin_ws/install/limo_description/share/limo_description/urdf/limo_ackerman.gazebo
[0.100s] -- Up-to-date: /home/pretil/catkin_ws/install/limo_description/share/limo_description/urdf/limo_four_diff_2.gazebo
[0.100s] -- Up-to-date: /home/pretil/catkin_ws/install/limo_description/share/limo_description/urdf/limo_gazebo.gazebo
[0.100s] -- Up-to-date: /home/pretil/catkin_ws/install/limo_description/share/limo_description/urdf/limo_ackerman.xacro
[0.100s] -- Up-to-date: /home/pretil/catkin_ws/install/limo_description/share/limo_description/urdf/limo_four_diff.xacro
[0.100s] -- Up-to-date: /home/pretil/catkin_ws/install/limo_description/share/ament_index/resource_index/package_run_dependencies/limo_description
[0.100s] -- Up-to-date: /home/pretil/catkin_ws/install/limo_description/share/ament_index/resource_index/parent_prefix_path/limo_description
[0.101s] -- Up-to-date: /home/pretil/catkin_ws/install/limo_description/share/limo_description/environment/ament_prefix_path.sh
[0.101s] -- Up-to-date: /home/pretil/catkin_ws/install/limo_description/share/limo_description/environment/ament_prefix_path.dsv
[0.101s] -- Up-to-date: /home/pretil/catkin_ws/install/limo_description/share/limo_description/environment/path.sh
[0.102s] -- Up-to-date: /home/pretil/catkin_ws/install/limo_description/share/limo_description/environment/path.dsv
[0.102s] -- Up-to-date: /home/pretil/catkin_ws/install/limo_description/share/limo_description/local_setup.bash
[0.102s] -- Up-to-date: /home/pretil/catkin_ws/install/limo_description/share/limo_description/local_setup.sh
[0.102s] -- Up-to-date: /home/pretil/catkin_ws/install/limo_description/share/limo_description/local_setup.zsh
[0.102s] -- Up-to-date: /home/pretil/catkin_ws/install/limo_description/share/limo_description/local_setup.dsv
[0.103s] -- Installing: /home/pretil/catkin_ws/install/limo_description/share/limo_description/package.dsv
[0.103s] -- Up-to-date: /home/pretil/catkin_ws/install/limo_description/share/ament_index/resource_index/packages/limo_description
[0.103s] -- Up-to-date: /home/pretil/catkin_ws/install/limo_description/share/limo_description/cmake/limo_descriptionConfig.cmake
[0.104s] -- Up-to-date: /home/pretil/catkin_ws/install/limo_description/share/limo_description/cmake/limo_descriptionConfig-version.cmake
[0.104s] -- Up-to-date: /home/pretil/catkin_ws/install/limo_description/share/limo_description/package.xml
[0.131s] Invoked command in '/home/pretil/catkin_ws/build/limo_description' returned '0': CMAKE_PREFIX_PATH=${CMAKE_PREFIX_PATH}:/opt/ros/humble /usr/bin/cmake --install /home/pretil/catkin_ws/build/limo_description
