-- The C compiler identification is GNU 11.4.0
-- The CXX compiler identification is GNU 11.4.0
-- Detecting C compiler ABI info
-- Detecting C compiler ABI info - done
-- Check for working C compiler: /usr/bin/cc - skipped
-- Detecting C compile features
-- Detecting C compile features - done
-- Detecting CXX compiler ABI info
-- Detecting CXX compiler ABI info - done
-- Check for working CXX compiler: /usr/bin/c++ - skipped
-- Detecting CXX compile features
-- Detecting CXX compile features - done
-- Found ament_cmake: 1.3.14 (/opt/ros/humble/share/ament_cmake/cmake)
-- Found Python3: /usr/bin/python3 (found version "3.10.12") found components: Interpreter 
-- Found rclcpp: 16.0.19 (/opt/ros/humble/share/rclcpp/cmake)
-- Found rosidl_generator_c: 3.1.8 (/opt/ros/humble/share/rosidl_generator_c/cmake)
-- Found rosidl_adapter: 3.1.8 (/opt/ros/humble/share/rosidl_adapter/cmake)
-- Found rosidl_generator_cpp: 3.1.8 (/opt/ros/humble/share/rosidl_generator_cpp/cmake)
-- Using all available rosidl_typesupport_c: rosidl_typesupport_fastrtps_c;rosidl_typesupport_introspection_c
-- Using all available rosidl_typesupport_cpp: rosidl_typesupport_fastrtps_cpp;rosidl_typesupport_introspection_cpp
-- Found rmw_implementation_cmake: 6.1.2 (/opt/ros/humble/share/rmw_implementation_cmake/cmake)
-- Found rmw_cyclonedds_cpp: 1.3.4 (/opt/ros/humble/share/rmw_cyclonedds_cpp/cmake)
-- Using RMW implementation 'rmw_cyclonedds_cpp' as default
-- Looking for pthread.h
-- Looking for pthread.h - found
-- Performing Test CMAKE_HAVE_LIBC_PTHREAD
-- Performing Test CMAKE_HAVE_LIBC_PTHREAD - Success
-- Found Threads: TRUE  
-- Found geometry_msgs: 4.9.1 (/opt/ros/humble/share/geometry_msgs/cmake)
-- Found nav_msgs: 4.9.1 (/opt/ros/humble/share/nav_msgs/cmake)
-- Found sensor_msgs: 4.9.1 (/opt/ros/humble/share/sensor_msgs/cmake)
-- Found tf2: 0.25.20 (/opt/ros/humble/share/tf2/cmake)
-- Found tf2_ros: 0.25.20 (/opt/ros/humble/share/tf2_ros/cmake)
-- Found limo_msgs: 0.0.0 (/home/pretil/catkin_ws/install/limo_msgs/share/limo_msgs/cmake)
-- Found tf2_geometry_msgs: 0.25.20 (/opt/ros/humble/share/tf2_geometry_msgs/cmake)
-- Found eigen3_cmake_module: 0.1.1 (/opt/ros/humble/share/eigen3_cmake_module/cmake)
-- Found Eigen3: TRUE (found version "3.4.0") 
-- Ensuring Eigen3 include directory is part of orocos-kdl CMake target
-- Found turtlesim: 1.4.3 (/opt/ros/humble/share/turtlesim/cmake)
-- Configuring done
-- Generating done
-- Build files have been written to: /home/pretil/catkin_ws/build/limo_base
[ 50%] [32mBuilding CXX object CMakeFiles/limo_base.dir/src/limo_base_node.cpp.o[0m
[ 50%] [32mBuilding CXX object CMakeFiles/tf_pub.dir/src/tf_pub.cpp.o[0m
[ 50%] [32mBuilding CXX object CMakeFiles/limo_base.dir/src/limo_driver.cpp.o[0m
[ 66%] [32mBuilding CXX object CMakeFiles/limo_base.dir/src/serial_port.cpp.o[0m
[ 83%] [32m[1mLinking CXX executable tf_pub[0m
[ 83%] Built target tf_pub
[100%] [32m[1mLinking CXX executable limo_base[0m
[100%] Built target limo_base
-- Install configuration: ""
-- Installing: /home/pretil/catkin_ws/install/limo_base/include
-- Installing: /home/pretil/catkin_ws/install/limo_base/include/limo_base
-- Installing: /home/pretil/catkin_ws/install/limo_base/include/limo_base/limo_driver.h
-- Installing: /home/pretil/catkin_ws/install/limo_base/include/limo_base/serial_port.h
-- Installing: /home/pretil/catkin_ws/install/limo_base/include/limo_base/limo_protocol.h
-- Installing: /home/pretil/catkin_ws/install/limo_base/lib/limo_base/limo_base
-- Set runtime path of "/home/pretil/catkin_ws/install/limo_base/lib/limo_base/limo_base" to ""
-- Installing: /home/pretil/catkin_ws/install/limo_base/lib/limo_base/tf_pub
-- Set runtime path of "/home/pretil/catkin_ws/install/limo_base/lib/limo_base/tf_pub" to ""
-- Installing: /home/pretil/catkin_ws/install/limo_base/share/limo_base//launch
-- Installing: /home/pretil/catkin_ws/install/limo_base/share/limo_base//launch/start_limo.launch.py
-- Installing: /home/pretil/catkin_ws/install/limo_base/share/limo_base//launch/open_ydlidar_launch.py
-- Installing: /home/pretil/catkin_ws/install/limo_base/share/limo_base//launch/limo_base.launch.py
-- Installing: /home/pretil/catkin_ws/install/limo_base/share/limo_base//src
-- Installing: /home/pretil/catkin_ws/install/limo_base/share/limo_base//src/limo_base_node.cpp
-- Installing: /home/pretil/catkin_ws/install/limo_base/share/limo_base//src/limo_driver.cpp
-- Installing: /home/pretil/catkin_ws/install/limo_base/share/limo_base//src/serial_port.cpp
-- Installing: /home/pretil/catkin_ws/install/limo_base/share/limo_base//src/tf_pub.cpp
-- Installing: /home/pretil/catkin_ws/install/limo_base/share/ament_index/resource_index/package_run_dependencies/limo_base
-- Installing: /home/pretil/catkin_ws/install/limo_base/share/ament_index/resource_index/parent_prefix_path/limo_base
-- Installing: /home/pretil/catkin_ws/install/limo_base/share/limo_base/environment/ament_prefix_path.sh
-- Installing: /home/pretil/catkin_ws/install/limo_base/share/limo_base/environment/ament_prefix_path.dsv
-- Installing: /home/pretil/catkin_ws/install/limo_base/share/limo_base/environment/path.sh
-- Installing: /home/pretil/catkin_ws/install/limo_base/share/limo_base/environment/path.dsv
-- Installing: /home/pretil/catkin_ws/install/limo_base/share/limo_base/local_setup.bash
-- Installing: /home/pretil/catkin_ws/install/limo_base/share/limo_base/local_setup.sh
-- Installing: /home/pretil/catkin_ws/install/limo_base/share/limo_base/local_setup.zsh
-- Installing: /home/pretil/catkin_ws/install/limo_base/share/limo_base/local_setup.dsv
-- Installing: /home/pretil/catkin_ws/install/limo_base/share/limo_base/package.dsv
-- Installing: /home/pretil/catkin_ws/install/limo_base/share/ament_index/resource_index/packages/limo_base
-- Installing: /home/pretil/catkin_ws/install/limo_base/share/limo_base/cmake/ament_cmake_export_include_directories-extras.cmake
-- Installing: /home/pretil/catkin_ws/install/limo_base/share/limo_base/cmake/limo_baseConfig.cmake
-- Installing: /home/pretil/catkin_ws/install/limo_base/share/limo_base/cmake/limo_baseConfig-version.cmake
-- Installing: /home/pretil/catkin_ws/install/limo_base/share/limo_base/package.xml
