[0.010s] Invoking command in '/home/pretil/catkin_ws/build/limo_base': AMENT_PREFIX_PATH=/home/pretil/catkin_ws/install/limo_msgs:${AMENT_PREFIX_PATH} CMAKE_PREFIX_PATH=/home/pretil/catkin_ws/install/limo_msgs:/home/pretil/catkin_ws/src/limo_ros2/install/ydlidar_ros2_driver:/home/pretil/catkin_ws/src/limo_ros2/install/limo_navigation:/home/pretil/catkin_ws/src/limo_ros2/install/limo_bringup:/home/pretil/catkin_ws/src/limo_ros2/install/limo_base:/home/pretil/catkin_ws/src/limo_ros2/install/limo_msgs:/home/pretil/catkin_ws/src/limo_ros2/install/limo_gazebosim:/home/pretil/catkin_ws/src/limo_ros2/install/limo_description:/home/pretil/catkin_ws/src/limo_ros2/install/limo_car:/opt/ros/humble LD_LIBRARY_PATH=/home/pretil/catkin_ws/install/limo_msgs/lib:/home/pretil/catkin_ws/src/limo_ros2/install/limo_msgs/lib:/usr/lib/x86_64-linux-gnu/gazebo-11/plugins:/opt/ros/humble/opt/rviz_ogre_vendor/lib:/opt/ros/humble/lib/x86_64-linux-gnu:/opt/ros/humble/lib:/usr/lib/x86_64-linux-gnu/gazebo-11/plugins PYTHONPATH=/home/pretil/catkin_ws/install/limo_msgs/local/lib/python3.10/dist-packages:${PYTHONPATH} /usr/bin/cmake /home/pretil/catkin_ws/src/limo_ros2/limo_base -DCMAKE_INSTALL_PREFIX=/home/pretil/catkin_ws/install/limo_base
[0.054s] -- The C compiler identification is GNU 11.4.0
[0.102s] -- The CXX compiler identification is GNU 11.4.0
[0.108s] -- Detecting C compiler ABI info
[0.161s] -- Detecting C compiler ABI info - done
[0.169s] -- Check for working C compiler: /usr/bin/cc - skipped
[0.169s] -- Detecting C compile features
[0.170s] -- Detecting C compile features - done
[0.172s] -- Detecting CXX compiler ABI info
[0.236s] -- Detecting CXX compiler ABI info - done
[0.243s] -- Check for working CXX compiler: /usr/bin/c++ - skipped
[0.243s] -- Detecting CXX compile features
[0.244s] -- Detecting CXX compile features - done
[0.249s] -- Found ament_cmake: 1.3.14 (/opt/ros/humble/share/ament_cmake/cmake)
[0.389s] -- Found Python3: /usr/bin/python3 (found version "3.10.12") found components: Interpreter 
[0.511s] -- Found rclcpp: 16.0.19 (/opt/ros/humble/share/rclcpp/cmake)
[0.570s] -- Found rosidl_generator_c: 3.1.8 (/opt/ros/humble/share/rosidl_generator_c/cmake)
[0.579s] -- Found rosidl_adapter: 3.1.8 (/opt/ros/humble/share/rosidl_adapter/cmake)
[0.591s] -- Found rosidl_generator_cpp: 3.1.8 (/opt/ros/humble/share/rosidl_generator_cpp/cmake)
[0.608s] -- Using all available rosidl_typesupport_c: rosidl_typesupport_fastrtps_c;rosidl_typesupport_introspection_c
[0.638s] -- Using all available rosidl_typesupport_cpp: rosidl_typesupport_fastrtps_cpp;rosidl_typesupport_introspection_cpp
[0.699s] -- Found rmw_implementation_cmake: 6.1.2 (/opt/ros/humble/share/rmw_implementation_cmake/cmake)
[0.703s] -- Found rmw_cyclonedds_cpp: 1.3.4 (/opt/ros/humble/share/rmw_cyclonedds_cpp/cmake)
[0.731s] -- Using RMW implementation 'rmw_cyclonedds_cpp' as default
[0.744s] -- Looking for pthread.h
[0.800s] -- Looking for pthread.h - found
[0.801s] -- Performing Test CMAKE_HAVE_LIBC_PTHREAD
[0.857s] -- Performing Test CMAKE_HAVE_LIBC_PTHREAD - Success
[0.858s] -- Found Threads: TRUE  
[0.922s] -- Found geometry_msgs: 4.9.1 (/opt/ros/humble/share/geometry_msgs/cmake)
[0.943s] -- Found nav_msgs: 4.9.1 (/opt/ros/humble/share/nav_msgs/cmake)
[0.967s] -- Found sensor_msgs: 4.9.1 (/opt/ros/humble/share/sensor_msgs/cmake)
[0.990s] -- Found tf2: 0.25.20 (/opt/ros/humble/share/tf2/cmake)
[1.010s] -- Found tf2_ros: 0.25.20 (/opt/ros/humble/share/tf2_ros/cmake)
[1.136s] -- Found limo_msgs: 0.0.0 (/home/pretil/catkin_ws/install/limo_msgs/share/limo_msgs/cmake)
[1.153s] -- Found tf2_geometry_msgs: 0.25.20 (/opt/ros/humble/share/tf2_geometry_msgs/cmake)
[1.181s] -- Found eigen3_cmake_module: 0.1.1 (/opt/ros/humble/share/eigen3_cmake_module/cmake)
[1.183s] -- Found Eigen3: TRUE (found version "3.4.0") 
[1.183s] -- Ensuring Eigen3 include directory is part of orocos-kdl CMake target
[1.188s] -- Found turtlesim: 1.4.3 (/opt/ros/humble/share/turtlesim/cmake)
[1.270s] -- Configuring done
[1.286s] -- Generating done
[1.292s] -- Build files have been written to: /home/pretil/catkin_ws/build/limo_base
[1.299s] Invoked command in '/home/pretil/catkin_ws/build/limo_base' returned '0': AMENT_PREFIX_PATH=/home/pretil/catkin_ws/install/limo_msgs:${AMENT_PREFIX_PATH} CMAKE_PREFIX_PATH=/home/pretil/catkin_ws/install/limo_msgs:/home/pretil/catkin_ws/src/limo_ros2/install/ydlidar_ros2_driver:/home/pretil/catkin_ws/src/limo_ros2/install/limo_navigation:/home/pretil/catkin_ws/src/limo_ros2/install/limo_bringup:/home/pretil/catkin_ws/src/limo_ros2/install/limo_base:/home/pretil/catkin_ws/src/limo_ros2/install/limo_msgs:/home/pretil/catkin_ws/src/limo_ros2/install/limo_gazebosim:/home/pretil/catkin_ws/src/limo_ros2/install/limo_description:/home/pretil/catkin_ws/src/limo_ros2/install/limo_car:/opt/ros/humble LD_LIBRARY_PATH=/home/pretil/catkin_ws/install/limo_msgs/lib:/home/pretil/catkin_ws/src/limo_ros2/install/limo_msgs/lib:/usr/lib/x86_64-linux-gnu/gazebo-11/plugins:/opt/ros/humble/opt/rviz_ogre_vendor/lib:/opt/ros/humble/lib/x86_64-linux-gnu:/opt/ros/humble/lib:/usr/lib/x86_64-linux-gnu/gazebo-11/plugins PYTHONPATH=/home/pretil/catkin_ws/install/limo_msgs/local/lib/python3.10/dist-packages:${PYTHONPATH} /usr/bin/cmake /home/pretil/catkin_ws/src/limo_ros2/limo_base -DCMAKE_INSTALL_PREFIX=/home/pretil/catkin_ws/install/limo_base
[1.301s] Invoking command in '/home/pretil/catkin_ws/build/limo_base': AMENT_PREFIX_PATH=/home/pretil/catkin_ws/install/limo_msgs:${AMENT_PREFIX_PATH} CMAKE_PREFIX_PATH=/home/pretil/catkin_ws/install/limo_msgs:/home/pretil/catkin_ws/src/limo_ros2/install/ydlidar_ros2_driver:/home/pretil/catkin_ws/src/limo_ros2/install/limo_navigation:/home/pretil/catkin_ws/src/limo_ros2/install/limo_bringup:/home/pretil/catkin_ws/src/limo_ros2/install/limo_base:/home/pretil/catkin_ws/src/limo_ros2/install/limo_msgs:/home/pretil/catkin_ws/src/limo_ros2/install/limo_gazebosim:/home/pretil/catkin_ws/src/limo_ros2/install/limo_description:/home/pretil/catkin_ws/src/limo_ros2/install/limo_car:/opt/ros/humble LD_LIBRARY_PATH=/home/pretil/catkin_ws/install/limo_msgs/lib:/home/pretil/catkin_ws/src/limo_ros2/install/limo_msgs/lib:/usr/lib/x86_64-linux-gnu/gazebo-11/plugins:/opt/ros/humble/opt/rviz_ogre_vendor/lib:/opt/ros/humble/lib/x86_64-linux-gnu:/opt/ros/humble/lib:/usr/lib/x86_64-linux-gnu/gazebo-11/plugins PYTHONPATH=/home/pretil/catkin_ws/install/limo_msgs/local/lib/python3.10/dist-packages:${PYTHONPATH} /usr/bin/cmake --build /home/pretil/catkin_ws/build/limo_base -- -j12 -l12
[1.341s] [ 50%] [32mBuilding CXX object CMakeFiles/limo_base.dir/src/limo_base_node.cpp.o[0m
[1.341s] [ 50%] [32mBuilding CXX object CMakeFiles/tf_pub.dir/src/tf_pub.cpp.o[0m
[1.341s] [ 50%] [32mBuilding CXX object CMakeFiles/limo_base.dir/src/limo_driver.cpp.o[0m
[1.341s] [ 66%] [32mBuilding CXX object CMakeFiles/limo_base.dir/src/serial_port.cpp.o[0m
[3.937s] [01m[K/home/pretil/catkin_ws/src/limo_ros2/limo_base/src/limo_driver.cpp:[m[K In member function ‘[01m[Kvoid AgileX::LimoDriver::parseFrame(const AgileX::LimoFrame&)[m[K’:
[3.938s] [01m[K/home/pretil/catkin_ws/src/limo_ros2/limo_base/src/limo_driver.cpp:298:21:[m[K [01;35m[Kwarning: [m[Kunused variable ‘[01m[Kleft_wheel_odom[m[K’ [[01;35m[K-Wunused-variable[m[K]
[3.938s]   298 |             int32_t [01;35m[Kleft_wheel_odom[m[K = (frame.data[3] & 0xff) | (frame.data[2] << 8) |
[3.938s]       |                     [01;35m[K^~~~~~~~~~~~~~~[m[K
[3.938s] [01m[K/home/pretil/catkin_ws/src/limo_ros2/limo_base/src/limo_driver.cpp:300:21:[m[K [01;35m[Kwarning: [m[Kunused variable ‘[01m[Kright_wheel_odom[m[K’ [[01;35m[K-Wunused-variable[m[K]
[3.938s]   300 |             int32_t [01;35m[Kright_wheel_odom[m[K = (frame.data[7] & 0xff) | (frame.data[6] << 8) |
[3.938s]       |                     [01;35m[K^~~~~~~~~~~~~~~~[m[K
[3.943s] [01m[K/home/pretil/catkin_ws/src/limo_ros2/limo_base/src/limo_driver.cpp:[m[K In member function ‘[01m[Kvoid AgileX::LimoDriver::publishIMUData(double)[m[K’:
[3.944s] [01m[K/home/pretil/catkin_ws/src/limo_ros2/limo_base/src/limo_driver.cpp:489:16:[m[K [01;35m[Kwarning: [m[Kunused variable ‘[01m[Kpresent_theta_[m[K’ [[01;35m[K-Wunused-variable[m[K]
[3.944s]   489 |         double [01;35m[Kpresent_theta_[m[K =imu_data_.yaw;
[3.944s]       |                [01;35m[K^~~~~~~~~~~~~~[m[K
[3.944s] [01m[K/home/pretil/catkin_ws/src/limo_ros2/limo_base/src/limo_driver.cpp:490:16:[m[K [01;35m[Kwarning: [m[Kunused variable ‘[01m[Klast_theta_[m[K’ [[01;35m[K-Wunused-variable[m[K]
[3.944s]   490 |         double [01;35m[Klast_theta_[m[K = imu_data_.yaw;
[3.944s]       |                [01;35m[K^~~~~~~~~~~[m[K
[5.431s] [ 83%] [32m[1mLinking CXX executable tf_pub[0m
[5.635s] [ 83%] Built target tf_pub
[10.416s] [100%] [32m[1mLinking CXX executable limo_base[0m
[10.841s] [100%] Built target limo_base
[10.849s] Invoked command in '/home/pretil/catkin_ws/build/limo_base' returned '0': AMENT_PREFIX_PATH=/home/pretil/catkin_ws/install/limo_msgs:${AMENT_PREFIX_PATH} CMAKE_PREFIX_PATH=/home/pretil/catkin_ws/install/limo_msgs:/home/pretil/catkin_ws/src/limo_ros2/install/ydlidar_ros2_driver:/home/pretil/catkin_ws/src/limo_ros2/install/limo_navigation:/home/pretil/catkin_ws/src/limo_ros2/install/limo_bringup:/home/pretil/catkin_ws/src/limo_ros2/install/limo_base:/home/pretil/catkin_ws/src/limo_ros2/install/limo_msgs:/home/pretil/catkin_ws/src/limo_ros2/install/limo_gazebosim:/home/pretil/catkin_ws/src/limo_ros2/install/limo_description:/home/pretil/catkin_ws/src/limo_ros2/install/limo_car:/opt/ros/humble LD_LIBRARY_PATH=/home/pretil/catkin_ws/install/limo_msgs/lib:/home/pretil/catkin_ws/src/limo_ros2/install/limo_msgs/lib:/usr/lib/x86_64-linux-gnu/gazebo-11/plugins:/opt/ros/humble/opt/rviz_ogre_vendor/lib:/opt/ros/humble/lib/x86_64-linux-gnu:/opt/ros/humble/lib:/usr/lib/x86_64-linux-gnu/gazebo-11/plugins PYTHONPATH=/home/pretil/catkin_ws/install/limo_msgs/local/lib/python3.10/dist-packages:${PYTHONPATH} /usr/bin/cmake --build /home/pretil/catkin_ws/build/limo_base -- -j12 -l12
[10.850s] Invoking command in '/home/pretil/catkin_ws/build/limo_base': AMENT_PREFIX_PATH=/home/pretil/catkin_ws/install/limo_msgs:${AMENT_PREFIX_PATH} CMAKE_PREFIX_PATH=/home/pretil/catkin_ws/install/limo_msgs:/home/pretil/catkin_ws/src/limo_ros2/install/ydlidar_ros2_driver:/home/pretil/catkin_ws/src/limo_ros2/install/limo_navigation:/home/pretil/catkin_ws/src/limo_ros2/install/limo_bringup:/home/pretil/catkin_ws/src/limo_ros2/install/limo_base:/home/pretil/catkin_ws/src/limo_ros2/install/limo_msgs:/home/pretil/catkin_ws/src/limo_ros2/install/limo_gazebosim:/home/pretil/catkin_ws/src/limo_ros2/install/limo_description:/home/pretil/catkin_ws/src/limo_ros2/install/limo_car:/opt/ros/humble LD_LIBRARY_PATH=/home/pretil/catkin_ws/install/limo_msgs/lib:/home/pretil/catkin_ws/src/limo_ros2/install/limo_msgs/lib:/usr/lib/x86_64-linux-gnu/gazebo-11/plugins:/opt/ros/humble/opt/rviz_ogre_vendor/lib:/opt/ros/humble/lib/x86_64-linux-gnu:/opt/ros/humble/lib:/usr/lib/x86_64-linux-gnu/gazebo-11/plugins PYTHONPATH=/home/pretil/catkin_ws/install/limo_msgs/local/lib/python3.10/dist-packages:${PYTHONPATH} /usr/bin/cmake --install /home/pretil/catkin_ws/build/limo_base
[10.856s] -- Install configuration: ""
[10.857s] -- Installing: /home/pretil/catkin_ws/install/limo_base/include
[10.857s] -- Installing: /home/pretil/catkin_ws/install/limo_base/include/limo_base
[10.857s] -- Installing: /home/pretil/catkin_ws/install/limo_base/include/limo_base/limo_driver.h
[10.857s] -- Installing: /home/pretil/catkin_ws/install/limo_base/include/limo_base/serial_port.h
[10.857s] -- Installing: /home/pretil/catkin_ws/install/limo_base/include/limo_base/limo_protocol.h
[10.857s] -- Installing: /home/pretil/catkin_ws/install/limo_base/lib/limo_base/limo_base
[10.860s] -- Set runtime path of "/home/pretil/catkin_ws/install/limo_base/lib/limo_base/limo_base" to ""
[10.860s] -- Installing: /home/pretil/catkin_ws/install/limo_base/lib/limo_base/tf_pub
[10.861s] -- Set runtime path of "/home/pretil/catkin_ws/install/limo_base/lib/limo_base/tf_pub" to ""
[10.861s] -- Installing: /home/pretil/catkin_ws/install/limo_base/share/limo_base//launch
[10.861s] -- Installing: /home/pretil/catkin_ws/install/limo_base/share/limo_base//launch/start_limo.launch.py
[10.861s] -- Installing: /home/pretil/catkin_ws/install/limo_base/share/limo_base//launch/open_ydlidar_launch.py
[10.861s] -- Installing: /home/pretil/catkin_ws/install/limo_base/share/limo_base//launch/limo_base.launch.py
[10.862s] -- Installing: /home/pretil/catkin_ws/install/limo_base/share/limo_base//src
[10.862s] -- Installing: /home/pretil/catkin_ws/install/limo_base/share/limo_base//src/limo_base_node.cpp
[10.862s] -- Installing: /home/pretil/catkin_ws/install/limo_base/share/limo_base//src/limo_driver.cpp
[10.862s] -- Installing: /home/pretil/catkin_ws/install/limo_base/share/limo_base//src/serial_port.cpp
[10.862s] -- Installing: /home/pretil/catkin_ws/install/limo_base/share/limo_base//src/tf_pub.cpp
[10.862s] -- Installing: /home/pretil/catkin_ws/install/limo_base/share/ament_index/resource_index/package_run_dependencies/limo_base
[10.863s] -- Installing: /home/pretil/catkin_ws/install/limo_base/share/ament_index/resource_index/parent_prefix_path/limo_base
[10.863s] -- Installing: /home/pretil/catkin_ws/install/limo_base/share/limo_base/environment/ament_prefix_path.sh
[10.863s] -- Installing: /home/pretil/catkin_ws/install/limo_base/share/limo_base/environment/ament_prefix_path.dsv
[10.863s] -- Installing: /home/pretil/catkin_ws/install/limo_base/share/limo_base/environment/path.sh
[10.863s] -- Installing: /home/pretil/catkin_ws/install/limo_base/share/limo_base/environment/path.dsv
[10.863s] -- Installing: /home/pretil/catkin_ws/install/limo_base/share/limo_base/local_setup.bash
[10.863s] -- Installing: /home/pretil/catkin_ws/install/limo_base/share/limo_base/local_setup.sh
[10.863s] -- Installing: /home/pretil/catkin_ws/install/limo_base/share/limo_base/local_setup.zsh
[10.863s] -- Installing: /home/pretil/catkin_ws/install/limo_base/share/limo_base/local_setup.dsv
[10.864s] -- Installing: /home/pretil/catkin_ws/install/limo_base/share/limo_base/package.dsv
[10.864s] -- Installing: /home/pretil/catkin_ws/install/limo_base/share/ament_index/resource_index/packages/limo_base
[10.864s] -- Installing: /home/pretil/catkin_ws/install/limo_base/share/limo_base/cmake/ament_cmake_export_include_directories-extras.cmake
[10.864s] -- Installing: /home/pretil/catkin_ws/install/limo_base/share/limo_base/cmake/limo_baseConfig.cmake
[10.864s] -- Installing: /home/pretil/catkin_ws/install/limo_base/share/limo_base/cmake/limo_baseConfig-version.cmake
[10.864s] -- Installing: /home/pretil/catkin_ws/install/limo_base/share/limo_base/package.xml
[10.866s] Invoked command in '/home/pretil/catkin_ws/build/limo_base' returned '0': AMENT_PREFIX_PATH=/home/pretil/catkin_ws/install/limo_msgs:${AMENT_PREFIX_PATH} CMAKE_PREFIX_PATH=/home/pretil/catkin_ws/install/limo_msgs:/home/pretil/catkin_ws/src/limo_ros2/install/ydlidar_ros2_driver:/home/pretil/catkin_ws/src/limo_ros2/install/limo_navigation:/home/pretil/catkin_ws/src/limo_ros2/install/limo_bringup:/home/pretil/catkin_ws/src/limo_ros2/install/limo_base:/home/pretil/catkin_ws/src/limo_ros2/install/limo_msgs:/home/pretil/catkin_ws/src/limo_ros2/install/limo_gazebosim:/home/pretil/catkin_ws/src/limo_ros2/install/limo_description:/home/pretil/catkin_ws/src/limo_ros2/install/limo_car:/opt/ros/humble LD_LIBRARY_PATH=/home/pretil/catkin_ws/install/limo_msgs/lib:/home/pretil/catkin_ws/src/limo_ros2/install/limo_msgs/lib:/usr/lib/x86_64-linux-gnu/gazebo-11/plugins:/opt/ros/humble/opt/rviz_ogre_vendor/lib:/opt/ros/humble/lib/x86_64-linux-gnu:/opt/ros/humble/lib:/usr/lib/x86_64-linux-gnu/gazebo-11/plugins PYTHONPATH=/home/pretil/catkin_ws/install/limo_msgs/local/lib/python3.10/dist-packages:${PYTHONPATH} /usr/bin/cmake --install /home/pretil/catkin_ws/build/limo_base
