[0.023s] Invoking command in '/home/pretil/catkin_ws/src/limo_ros2/build/limo_gazebosim': CMAKE_PREFIX_PATH=${CMAKE_PREFIX_PATH}:/opt/ros/humble /usr/bin/cmake /home/pretil/catkin_ws/src/limo_ros2/limo_gazebosim -DCMAKE_INSTALL_PREFIX=/home/pretil/catkin_ws/src/limo_ros2/install/limo_gazebosim
[0.033s] -- Found ament_cmake: 1.3.14 (/opt/ros/humble/share/ament_cmake/cmake)
[0.170s] -- Override CMake install command with custom implementation using symlinks instead of copying resources
[0.179s] -- Found ament_lint_auto: 0.12.15 (/opt/ros/humble/share/ament_lint_auto/cmake)
[0.253s] -- Added test 'flake8' to check Python code syntax and style conventions
[0.253s] -- Added test 'lint_cmake' to check CMake code style
[0.254s] -- Added test 'pep257' to check Python code against some of the docstring style conventions in PEP 257
[0.255s] -- Added test 'xmllint' to check XML markup files
[0.256s] -- Configuring done
[0.260s] -- Generating done
[0.261s] -- Build files have been written to: /home/pretil/catkin_ws/src/limo_ros2/build/limo_gazebosim
[0.264s] Invoked command in '/home/pretil/catkin_ws/src/limo_ros2/build/limo_gazebosim' returned '0': CMAKE_PREFIX_PATH=${CMAKE_PREFIX_PATH}:/opt/ros/humble /usr/bin/cmake /home/pretil/catkin_ws/src/limo_ros2/limo_gazebosim -DCMAKE_INSTALL_PREFIX=/home/pretil/catkin_ws/src/limo_ros2/install/limo_gazebosim
[0.266s] Invoking command in '/home/pretil/catkin_ws/src/limo_ros2/build/limo_gazebosim': CMAKE_PREFIX_PATH=${CMAKE_PREFIX_PATH}:/opt/ros/humble /usr/bin/cmake --build /home/pretil/catkin_ws/src/limo_ros2/build/limo_gazebosim -- -j12 -l12
[0.301s] Invoked command in '/home/pretil/catkin_ws/src/limo_ros2/build/limo_gazebosim' returned '0': CMAKE_PREFIX_PATH=${CMAKE_PREFIX_PATH}:/opt/ros/humble /usr/bin/cmake --build /home/pretil/catkin_ws/src/limo_ros2/build/limo_gazebosim -- -j12 -l12
[0.310s] Invoking command in '/home/pretil/catkin_ws/src/limo_ros2/build/limo_gazebosim': CMAKE_PREFIX_PATH=${CMAKE_PREFIX_PATH}:/opt/ros/humble /usr/bin/cmake --install /home/pretil/catkin_ws/src/limo_ros2/build/limo_gazebosim
[0.316s] -- Install configuration: ""
[0.318s] -- Execute custom install script
[0.318s] -- Up-to-date symlink: /home/pretil/catkin_ws/src/limo_ros2/install/limo_gazebosim/share/limo_gazebosim/launch/limo_gazebo_diff.launch.py
[0.318s] -- Up-to-date symlink: /home/pretil/catkin_ws/src/limo_ros2/install/limo_gazebosim/share/limo_gazebosim/rviz/urdf.rviz
[0.318s] -- Up-to-date symlink: /home/pretil/catkin_ws/src/limo_ros2/install/limo_gazebosim/share/limo_gazebosim/worlds/simple.world
[0.318s] -- Up-to-date symlink: /home/pretil/catkin_ws/src/limo_ros2/install/limo_gazebosim/share/limo_gazebosim/models/simple.stl
[0.319s] -- Up-to-date symlink: /home/pretil/catkin_ws/src/limo_ros2/install/limo_gazebosim/share/ament_index/resource_index/package_run_dependencies/limo_gazebosim
[0.319s] -- Up-to-date symlink: /home/pretil/catkin_ws/src/limo_ros2/install/limo_gazebosim/share/ament_index/resource_index/parent_prefix_path/limo_gazebosim
[0.319s] -- Up-to-date symlink: /home/pretil/catkin_ws/src/limo_ros2/install/limo_gazebosim/share/limo_gazebosim/environment/ament_prefix_path.sh
[0.319s] -- Up-to-date symlink: /home/pretil/catkin_ws/src/limo_ros2/install/limo_gazebosim/share/limo_gazebosim/environment/ament_prefix_path.dsv
[0.319s] -- Up-to-date symlink: /home/pretil/catkin_ws/src/limo_ros2/install/limo_gazebosim/share/limo_gazebosim/environment/path.sh
[0.319s] -- Up-to-date symlink: /home/pretil/catkin_ws/src/limo_ros2/install/limo_gazebosim/share/limo_gazebosim/environment/path.dsv
[0.319s] -- Up-to-date symlink: /home/pretil/catkin_ws/src/limo_ros2/install/limo_gazebosim/share/limo_gazebosim/local_setup.bash
[0.319s] -- Up-to-date symlink: /home/pretil/catkin_ws/src/limo_ros2/install/limo_gazebosim/share/limo_gazebosim/local_setup.sh
[0.320s] -- Up-to-date symlink: /home/pretil/catkin_ws/src/limo_ros2/install/limo_gazebosim/share/limo_gazebosim/local_setup.zsh
[0.320s] -- Up-to-date symlink: /home/pretil/catkin_ws/src/limo_ros2/install/limo_gazebosim/share/limo_gazebosim/local_setup.dsv
[0.320s] -- Symlinking: /home/pretil/catkin_ws/src/limo_ros2/install/limo_gazebosim/share/limo_gazebosim/package.dsv
[0.334s] -- Up-to-date symlink: /home/pretil/catkin_ws/src/limo_ros2/install/limo_gazebosim/share/ament_index/resource_index/packages/limo_gazebosim
[0.335s] -- Up-to-date symlink: /home/pretil/catkin_ws/src/limo_ros2/install/limo_gazebosim/share/limo_gazebosim/cmake/limo_gazebosimConfig.cmake
[0.335s] -- Up-to-date symlink: /home/pretil/catkin_ws/src/limo_ros2/install/limo_gazebosim/share/limo_gazebosim/cmake/limo_gazebosimConfig-version.cmake
[0.335s] -- Up-to-date symlink: /home/pretil/catkin_ws/src/limo_ros2/install/limo_gazebosim/share/limo_gazebosim/package.xml
[0.337s] Invoked command in '/home/pretil/catkin_ws/src/limo_ros2/build/limo_gazebosim' returned '0': CMAKE_PREFIX_PATH=${CMAKE_PREFIX_PATH}:/opt/ros/humble /usr/bin/cmake --install /home/pretil/catkin_ws/src/limo_ros2/build/limo_gazebosim
