[0.009s] Invoking command in '/home/pretil/catkin_ws/build/limo_bringup': AMENT_PREFIX_PATH=/home/pretil/catkin_ws/install/limo_msgs:${AMENT_PREFIX_PATH} CMAKE_PREFIX_PATH=/home/pretil/catkin_ws/install/limo_msgs:/home/pretil/catkin_ws/src/limo_ros2/install/ydlidar_ros2_driver:/home/pretil/catkin_ws/src/limo_ros2/install/limo_navigation:/home/pretil/catkin_ws/src/limo_ros2/install/limo_bringup:/home/pretil/catkin_ws/src/limo_ros2/install/limo_base:/home/pretil/catkin_ws/src/limo_ros2/install/limo_msgs:/home/pretil/catkin_ws/src/limo_ros2/install/limo_gazebosim:/home/pretil/catkin_ws/src/limo_ros2/install/limo_description:/home/pretil/catkin_ws/src/limo_ros2/install/limo_car:/opt/ros/humble LD_LIBRARY_PATH=/home/pretil/catkin_ws/install/limo_msgs/lib:/home/pretil/catkin_ws/src/limo_ros2/install/limo_msgs/lib:/usr/lib/x86_64-linux-gnu/gazebo-11/plugins:/opt/ros/humble/opt/rviz_ogre_vendor/lib:/opt/ros/humble/lib/x86_64-linux-gnu:/opt/ros/humble/lib:/usr/lib/x86_64-linux-gnu/gazebo-11/plugins PYTHONPATH=/home/pretil/catkin_ws/install/limo_msgs/local/lib/python3.10/dist-packages:${PYTHONPATH} /usr/bin/cmake /home/pretil/catkin_ws/src/limo_ros2/limo_bringup -DCMAKE_INSTALL_PREFIX=/home/pretil/catkin_ws/install/limo_bringup
[0.052s] -- The C compiler identification is GNU 11.4.0
[0.098s] -- The CXX compiler identification is GNU 11.4.0
[0.105s] -- Detecting C compiler ABI info
[0.158s] -- Detecting C compiler ABI info - done
[0.165s] -- Check for working C compiler: /usr/bin/cc - skipped
[0.165s] -- Detecting C compile features
[0.166s] -- Detecting C compile features - done
[0.169s] -- Detecting CXX compiler ABI info
[0.239s] -- Detecting CXX compiler ABI info - done
[0.247s] -- Check for working CXX compiler: /usr/bin/c++ - skipped
[0.247s] -- Detecting CXX compile features
[0.248s] -- Detecting CXX compile features - done
[0.252s] -- Found ament_cmake: 1.3.14 (/opt/ros/humble/share/ament_cmake/cmake)
[0.390s] -- Found Python3: /usr/bin/python3 (found version "3.10.12") found components: Interpreter 
[0.560s] -- Configuring done
[0.562s] -- Generating done
[0.564s] -- Build files have been written to: /home/pretil/catkin_ws/build/limo_bringup
[0.567s] Invoked command in '/home/pretil/catkin_ws/build/limo_bringup' returned '0': AMENT_PREFIX_PATH=/home/pretil/catkin_ws/install/limo_msgs:${AMENT_PREFIX_PATH} CMAKE_PREFIX_PATH=/home/pretil/catkin_ws/install/limo_msgs:/home/pretil/catkin_ws/src/limo_ros2/install/ydlidar_ros2_driver:/home/pretil/catkin_ws/src/limo_ros2/install/limo_navigation:/home/pretil/catkin_ws/src/limo_ros2/install/limo_bringup:/home/pretil/catkin_ws/src/limo_ros2/install/limo_base:/home/pretil/catkin_ws/src/limo_ros2/install/limo_msgs:/home/pretil/catkin_ws/src/limo_ros2/install/limo_gazebosim:/home/pretil/catkin_ws/src/limo_ros2/install/limo_description:/home/pretil/catkin_ws/src/limo_ros2/install/limo_car:/opt/ros/humble LD_LIBRARY_PATH=/home/pretil/catkin_ws/install/limo_msgs/lib:/home/pretil/catkin_ws/src/limo_ros2/install/limo_msgs/lib:/usr/lib/x86_64-linux-gnu/gazebo-11/plugins:/opt/ros/humble/opt/rviz_ogre_vendor/lib:/opt/ros/humble/lib/x86_64-linux-gnu:/opt/ros/humble/lib:/usr/lib/x86_64-linux-gnu/gazebo-11/plugins PYTHONPATH=/home/pretil/catkin_ws/install/limo_msgs/local/lib/python3.10/dist-packages:${PYTHONPATH} /usr/bin/cmake /home/pretil/catkin_ws/src/limo_ros2/limo_bringup -DCMAKE_INSTALL_PREFIX=/home/pretil/catkin_ws/install/limo_bringup
[0.568s] Invoking command in '/home/pretil/catkin_ws/build/limo_bringup': AMENT_PREFIX_PATH=/home/pretil/catkin_ws/install/limo_msgs:${AMENT_PREFIX_PATH} CMAKE_PREFIX_PATH=/home/pretil/catkin_ws/install/limo_msgs:/home/pretil/catkin_ws/src/limo_ros2/install/ydlidar_ros2_driver:/home/pretil/catkin_ws/src/limo_ros2/install/limo_navigation:/home/pretil/catkin_ws/src/limo_ros2/install/limo_bringup:/home/pretil/catkin_ws/src/limo_ros2/install/limo_base:/home/pretil/catkin_ws/src/limo_ros2/install/limo_msgs:/home/pretil/catkin_ws/src/limo_ros2/install/limo_gazebosim:/home/pretil/catkin_ws/src/limo_ros2/install/limo_description:/home/pretil/catkin_ws/src/limo_ros2/install/limo_car:/opt/ros/humble LD_LIBRARY_PATH=/home/pretil/catkin_ws/install/limo_msgs/lib:/home/pretil/catkin_ws/src/limo_ros2/install/limo_msgs/lib:/usr/lib/x86_64-linux-gnu/gazebo-11/plugins:/opt/ros/humble/opt/rviz_ogre_vendor/lib:/opt/ros/humble/lib/x86_64-linux-gnu:/opt/ros/humble/lib:/usr/lib/x86_64-linux-gnu/gazebo-11/plugins PYTHONPATH=/home/pretil/catkin_ws/install/limo_msgs/local/lib/python3.10/dist-packages:${PYTHONPATH} /usr/bin/cmake --build /home/pretil/catkin_ws/build/limo_bringup -- -j12 -l12
[0.597s] Invoked command in '/home/pretil/catkin_ws/build/limo_bringup' returned '0': AMENT_PREFIX_PATH=/home/pretil/catkin_ws/install/limo_msgs:${AMENT_PREFIX_PATH} CMAKE_PREFIX_PATH=/home/pretil/catkin_ws/install/limo_msgs:/home/pretil/catkin_ws/src/limo_ros2/install/ydlidar_ros2_driver:/home/pretil/catkin_ws/src/limo_ros2/install/limo_navigation:/home/pretil/catkin_ws/src/limo_ros2/install/limo_bringup:/home/pretil/catkin_ws/src/limo_ros2/install/limo_base:/home/pretil/catkin_ws/src/limo_ros2/install/limo_msgs:/home/pretil/catkin_ws/src/limo_ros2/install/limo_gazebosim:/home/pretil/catkin_ws/src/limo_ros2/install/limo_description:/home/pretil/catkin_ws/src/limo_ros2/install/limo_car:/opt/ros/humble LD_LIBRARY_PATH=/home/pretil/catkin_ws/install/limo_msgs/lib:/home/pretil/catkin_ws/src/limo_ros2/install/limo_msgs/lib:/usr/lib/x86_64-linux-gnu/gazebo-11/plugins:/opt/ros/humble/opt/rviz_ogre_vendor/lib:/opt/ros/humble/lib/x86_64-linux-gnu:/opt/ros/humble/lib:/usr/lib/x86_64-linux-gnu/gazebo-11/plugins PYTHONPATH=/home/pretil/catkin_ws/install/limo_msgs/local/lib/python3.10/dist-packages:${PYTHONPATH} /usr/bin/cmake --build /home/pretil/catkin_ws/build/limo_bringup -- -j12 -l12
[0.598s] Invoking command in '/home/pretil/catkin_ws/build/limo_bringup': AMENT_PREFIX_PATH=/home/pretil/catkin_ws/install/limo_msgs:${AMENT_PREFIX_PATH} CMAKE_PREFIX_PATH=/home/pretil/catkin_ws/install/limo_msgs:/home/pretil/catkin_ws/src/limo_ros2/install/ydlidar_ros2_driver:/home/pretil/catkin_ws/src/limo_ros2/install/limo_navigation:/home/pretil/catkin_ws/src/limo_ros2/install/limo_bringup:/home/pretil/catkin_ws/src/limo_ros2/install/limo_base:/home/pretil/catkin_ws/src/limo_ros2/install/limo_msgs:/home/pretil/catkin_ws/src/limo_ros2/install/limo_gazebosim:/home/pretil/catkin_ws/src/limo_ros2/install/limo_description:/home/pretil/catkin_ws/src/limo_ros2/install/limo_car:/opt/ros/humble LD_LIBRARY_PATH=/home/pretil/catkin_ws/install/limo_msgs/lib:/home/pretil/catkin_ws/src/limo_ros2/install/limo_msgs/lib:/usr/lib/x86_64-linux-gnu/gazebo-11/plugins:/opt/ros/humble/opt/rviz_ogre_vendor/lib:/opt/ros/humble/lib/x86_64-linux-gnu:/opt/ros/humble/lib:/usr/lib/x86_64-linux-gnu/gazebo-11/plugins PYTHONPATH=/home/pretil/catkin_ws/install/limo_msgs/local/lib/python3.10/dist-packages:${PYTHONPATH} /usr/bin/cmake --install /home/pretil/catkin_ws/build/limo_bringup
[0.603s] -- Install configuration: ""
[0.603s] -- Installing: /home/pretil/catkin_ws/install/limo_bringup/share/limo_bringup//launch
[0.603s] -- Installing: /home/pretil/catkin_ws/install/limo_bringup/share/limo_bringup//launch/limo_start.launch.py
[0.604s] -- Up-to-date: /home/pretil/catkin_ws/install/limo_bringup/share/limo_bringup//launch
[0.604s] -- Up-to-date: /home/pretil/catkin_ws/install/limo_bringup/share/limo_bringup//launch/limo_start.launch.py
[0.604s] -- Installing: /home/pretil/catkin_ws/install/limo_bringup/share/ament_index/resource_index/package_run_dependencies/limo_bringup
[0.604s] -- Installing: /home/pretil/catkin_ws/install/limo_bringup/share/ament_index/resource_index/parent_prefix_path/limo_bringup
[0.604s] -- Installing: /home/pretil/catkin_ws/install/limo_bringup/share/limo_bringup/environment/ament_prefix_path.sh
[0.604s] -- Installing: /home/pretil/catkin_ws/install/limo_bringup/share/limo_bringup/environment/ament_prefix_path.dsv
[0.604s] -- Installing: /home/pretil/catkin_ws/install/limo_bringup/share/limo_bringup/environment/path.sh
[0.605s] -- Installing: /home/pretil/catkin_ws/install/limo_bringup/share/limo_bringup/environment/path.dsv
[0.605s] -- Installing: /home/pretil/catkin_ws/install/limo_bringup/share/limo_bringup/local_setup.bash
[0.605s] -- Installing: /home/pretil/catkin_ws/install/limo_bringup/share/limo_bringup/local_setup.sh
[0.605s] -- Installing: /home/pretil/catkin_ws/install/limo_bringup/share/limo_bringup/local_setup.zsh
[0.605s] -- Installing: /home/pretil/catkin_ws/install/limo_bringup/share/limo_bringup/local_setup.dsv
[0.605s] -- Installing: /home/pretil/catkin_ws/install/limo_bringup/share/limo_bringup/package.dsv
[0.605s] -- Installing: /home/pretil/catkin_ws/install/limo_bringup/share/ament_index/resource_index/packages/limo_bringup
[0.605s] -- Installing: /home/pretil/catkin_ws/install/limo_bringup/share/limo_bringup/cmake/limo_bringupConfig.cmake
[0.605s] -- Installing: /home/pretil/catkin_ws/install/limo_bringup/share/limo_bringup/cmake/limo_bringupConfig-version.cmake
[0.606s] -- Installing: /home/pretil/catkin_ws/install/limo_bringup/share/limo_bringup/package.xml
[0.607s] Invoked command in '/home/pretil/catkin_ws/build/limo_bringup' returned '0': AMENT_PREFIX_PATH=/home/pretil/catkin_ws/install/limo_msgs:${AMENT_PREFIX_PATH} CMAKE_PREFIX_PATH=/home/pretil/catkin_ws/install/limo_msgs:/home/pretil/catkin_ws/src/limo_ros2/install/ydlidar_ros2_driver:/home/pretil/catkin_ws/src/limo_ros2/install/limo_navigation:/home/pretil/catkin_ws/src/limo_ros2/install/limo_bringup:/home/pretil/catkin_ws/src/limo_ros2/install/limo_base:/home/pretil/catkin_ws/src/limo_ros2/install/limo_msgs:/home/pretil/catkin_ws/src/limo_ros2/install/limo_gazebosim:/home/pretil/catkin_ws/src/limo_ros2/install/limo_description:/home/pretil/catkin_ws/src/limo_ros2/install/limo_car:/opt/ros/humble LD_LIBRARY_PATH=/home/pretil/catkin_ws/install/limo_msgs/lib:/home/pretil/catkin_ws/src/limo_ros2/install/limo_msgs/lib:/usr/lib/x86_64-linux-gnu/gazebo-11/plugins:/opt/ros/humble/opt/rviz_ogre_vendor/lib:/opt/ros/humble/lib/x86_64-linux-gnu:/opt/ros/humble/lib:/usr/lib/x86_64-linux-gnu/gazebo-11/plugins PYTHONPATH=/home/pretil/catkin_ws/install/limo_msgs/local/lib/python3.10/dist-packages:${PYTHONPATH} /usr/bin/cmake --install /home/pretil/catkin_ws/build/limo_bringup
