[0.018s] Invoking command in '/home/pretil/catkin_ws/src/limo_ros2/build/limo_msgs': CMAKE_PREFIX_PATH=${CMAKE_PREFIX_PATH}:/opt/ros/humble /usr/bin/cmake --build /home/pretil/catkin_ws/src/limo_ros2/build/limo_msgs -- -j12 -l12
[0.062s] [  3%] Built target limo_msgs__rs
[0.063s] [ 12%] Built target limo_msgs__rosidl_generator_c
[0.065s] [ 15%] Built target limo_msgs__cpp
[0.071s] [ 15%] Built target ament_cmake_python_symlink_limo_msgs
[0.084s] [ 25%] Built target limo_msgs__rosidl_typesupport_c
[0.086s] [ 34%] Built target limo_msgs__rosidl_typesupport_introspection_c
[0.086s] [ 43%] Built target limo_msgs__rosidl_typesupport_cpp
[0.088s] [ 53%] Built target limo_msgs__rosidl_typesupport_introspection_cpp
[0.089s] [ 62%] Built target limo_msgs__rosidl_typesupport_fastrtps_c
[0.095s] [ 71%] Built target limo_msgs__rosidl_typesupport_fastrtps_cpp
[0.113s] [ 71%] Built target limo_msgs
[0.130s] [ 75%] Built target limo_msgs__py
[0.149s] [ 81%] Built target limo_msgs__rosidl_generator_py
[0.169s] [100%] Built target limo_msgs__rosidl_typesupport_c__pyext
[0.169s] [100%] Built target limo_msgs__rosidl_typesupport_fastrtps_c__pyext
[0.169s] [100%] Built target limo_msgs__rosidl_typesupport_introspection_c__pyext
[0.310s] running egg_info
[0.311s] writing limo_msgs.egg-info/PKG-INFO
[0.311s] writing dependency_links to limo_msgs.egg-info/dependency_links.txt
[0.311s] writing top-level names to limo_msgs.egg-info/top_level.txt
[0.313s] reading manifest file 'limo_msgs.egg-info/SOURCES.txt'
[0.314s] writing manifest file 'limo_msgs.egg-info/SOURCES.txt'
[0.335s] [100%] Built target ament_cmake_python_build_limo_msgs_egg
[0.343s] Invoked command in '/home/pretil/catkin_ws/src/limo_ros2/build/limo_msgs' returned '0': CMAKE_PREFIX_PATH=${CMAKE_PREFIX_PATH}:/opt/ros/humble /usr/bin/cmake --build /home/pretil/catkin_ws/src/limo_ros2/build/limo_msgs -- -j12 -l12
[0.344s] Invoking command in '/home/pretil/catkin_ws/src/limo_ros2/build/limo_msgs': CMAKE_PREFIX_PATH=${CMAKE_PREFIX_PATH}:/opt/ros/humble /usr/bin/cmake --install /home/pretil/catkin_ws/src/limo_ros2/build/limo_msgs
[0.350s] -- Install configuration: ""
[0.351s] -- Execute custom install script
[0.351s] -- Up-to-date symlink: /home/pretil/catkin_ws/src/limo_ros2/install/limo_msgs/share/ament_index/resource_index/rosidl_interfaces/limo_msgs
[0.351s] -- Up-to-date symlink: /home/pretil/catkin_ws/src/limo_ros2/install/limo_msgs/include/limo_msgs/limo_msgs/msg/detail/limo_status__functions.h
[0.351s] -- Up-to-date symlink: /home/pretil/catkin_ws/src/limo_ros2/install/limo_msgs/include/limo_msgs/limo_msgs/msg/detail/limo_status__struct.h
[0.352s] -- Up-to-date symlink: /home/pretil/catkin_ws/src/limo_ros2/install/limo_msgs/include/limo_msgs/limo_msgs/msg/detail/limo_status__type_support.h
[0.352s] -- Up-to-date symlink: /home/pretil/catkin_ws/src/limo_ros2/install/limo_msgs/include/limo_msgs/limo_msgs/msg/limo_status.h
[0.352s] -- Up-to-date symlink: /home/pretil/catkin_ws/src/limo_ros2/install/limo_msgs/include/limo_msgs/limo_msgs/msg/rosidl_generator_c__visibility_control.h
[0.352s] -- Up-to-date symlink: /home/pretil/catkin_ws/src/limo_ros2/install/limo_msgs/share/limo_msgs/environment/library_path.sh
[0.352s] -- Up-to-date symlink: /home/pretil/catkin_ws/src/limo_ros2/install/limo_msgs/share/limo_msgs/environment/library_path.dsv
[0.353s] -- Up-to-date symlink: /home/pretil/catkin_ws/src/limo_ros2/install/limo_msgs/include/limo_msgs/limo_msgs/msg/detail/limo_status__rosidl_typesupport_fastrtps_c.h
[0.353s] -- Up-to-date symlink: /home/pretil/catkin_ws/src/limo_ros2/install/limo_msgs/include/limo_msgs/limo_msgs/msg/rosidl_typesupport_fastrtps_c__visibility_control.h
[0.353s] -- Up-to-date symlink: /home/pretil/catkin_ws/src/limo_ros2/install/limo_msgs/include/limo_msgs/limo_msgs/msg/detail/limo_status__builder.hpp
[0.353s] -- Up-to-date symlink: /home/pretil/catkin_ws/src/limo_ros2/install/limo_msgs/include/limo_msgs/limo_msgs/msg/detail/limo_status__struct.hpp
[0.353s] -- Up-to-date symlink: /home/pretil/catkin_ws/src/limo_ros2/install/limo_msgs/include/limo_msgs/limo_msgs/msg/detail/limo_status__traits.hpp
[0.353s] -- Up-to-date symlink: /home/pretil/catkin_ws/src/limo_ros2/install/limo_msgs/include/limo_msgs/limo_msgs/msg/detail/limo_status__type_support.hpp
[0.354s] -- Up-to-date symlink: /home/pretil/catkin_ws/src/limo_ros2/install/limo_msgs/include/limo_msgs/limo_msgs/msg/limo_status.hpp
[0.354s] -- Up-to-date symlink: /home/pretil/catkin_ws/src/limo_ros2/install/limo_msgs/include/limo_msgs/limo_msgs/msg/rosidl_generator_cpp__visibility_control.hpp
[0.354s] -- Up-to-date symlink: /home/pretil/catkin_ws/src/limo_ros2/install/limo_msgs/include/limo_msgs/limo_msgs/msg/detail/limo_status__rosidl_typesupport_fastrtps_cpp.hpp
[0.354s] -- Up-to-date symlink: /home/pretil/catkin_ws/src/limo_ros2/install/limo_msgs/include/limo_msgs/limo_msgs/msg/rosidl_typesupport_fastrtps_cpp__visibility_control.h
[0.354s] -- Up-to-date symlink: /home/pretil/catkin_ws/src/limo_ros2/install/limo_msgs/include/limo_msgs/limo_msgs/msg/detail/limo_status__rosidl_typesupport_introspection_c.h
[0.355s] -- Up-to-date symlink: /home/pretil/catkin_ws/src/limo_ros2/install/limo_msgs/include/limo_msgs/limo_msgs/msg/rosidl_typesupport_introspection_c__visibility_control.h
[0.355s] -- Up-to-date symlink: /home/pretil/catkin_ws/src/limo_ros2/install/limo_msgs/include/limo_msgs/limo_msgs/msg/detail/limo_status__rosidl_typesupport_introspection_cpp.hpp
[0.355s] -- Up-to-date symlink: /home/pretil/catkin_ws/src/limo_ros2/install/limo_msgs/share/limo_msgs/environment/pythonpath.sh
[0.355s] -- Up-to-date symlink: /home/pretil/catkin_ws/src/limo_ros2/install/limo_msgs/share/limo_msgs/environment/pythonpath.dsv
[0.355s] -- Up-to-date symlink: /home/pretil/catkin_ws/src/limo_ros2/install/limo_msgs/local/lib/python3.10/dist-packages/limo_msgs-0.0.0-py3.10.egg-info/PKG-INFO
[0.356s] -- Up-to-date symlink: /home/pretil/catkin_ws/src/limo_ros2/install/limo_msgs/local/lib/python3.10/dist-packages/limo_msgs-0.0.0-py3.10.egg-info/SOURCES.txt
[0.356s] -- Up-to-date symlink: /home/pretil/catkin_ws/src/limo_ros2/install/limo_msgs/local/lib/python3.10/dist-packages/limo_msgs-0.0.0-py3.10.egg-info/dependency_links.txt
[0.356s] -- Up-to-date symlink: /home/pretil/catkin_ws/src/limo_ros2/install/limo_msgs/local/lib/python3.10/dist-packages/limo_msgs-0.0.0-py3.10.egg-info/top_level.txt
[0.356s] -- Up-to-date symlink: /home/pretil/catkin_ws/src/limo_ros2/install/limo_msgs/local/lib/python3.10/dist-packages/limo_msgs/__init__.py
[0.356s] -- Up-to-date symlink: /home/pretil/catkin_ws/src/limo_ros2/install/limo_msgs/local/lib/python3.10/dist-packages/limo_msgs/_limo_msgs_s.ep.rosidl_typesupport_c.c
[0.357s] -- Up-to-date symlink: /home/pretil/catkin_ws/src/limo_ros2/install/limo_msgs/local/lib/python3.10/dist-packages/limo_msgs/_limo_msgs_s.ep.rosidl_typesupport_fastrtps_c.c
[0.357s] -- Up-to-date symlink: /home/pretil/catkin_ws/src/limo_ros2/install/limo_msgs/local/lib/python3.10/dist-packages/limo_msgs/_limo_msgs_s.ep.rosidl_typesupport_introspection_c.c
[0.357s] -- Up-to-date symlink: /home/pretil/catkin_ws/src/limo_ros2/install/limo_msgs/local/lib/python3.10/dist-packages/limo_msgs/liblimo_msgs__rosidl_generator_py.so
[0.357s] -- Up-to-date symlink: /home/pretil/catkin_ws/src/limo_ros2/install/limo_msgs/local/lib/python3.10/dist-packages/limo_msgs/limo_msgs_s__rosidl_typesupport_c.cpython-310-x86_64-linux-gnu.so
[0.357s] -- Up-to-date symlink: /home/pretil/catkin_ws/src/limo_ros2/install/limo_msgs/local/lib/python3.10/dist-packages/limo_msgs/limo_msgs_s__rosidl_typesupport_fastrtps_c.cpython-310-x86_64-linux-gnu.so
[0.357s] -- Up-to-date symlink: /home/pretil/catkin_ws/src/limo_ros2/install/limo_msgs/local/lib/python3.10/dist-packages/limo_msgs/limo_msgs_s__rosidl_typesupport_introspection_c.cpython-310-x86_64-linux-gnu.so
[0.357s] -- Up-to-date symlink: /home/pretil/catkin_ws/src/limo_ros2/install/limo_msgs/local/lib/python3.10/dist-packages/limo_msgs/msg/__init__.py
[0.357s] -- Up-to-date symlink: /home/pretil/catkin_ws/src/limo_ros2/install/limo_msgs/local/lib/python3.10/dist-packages/limo_msgs/msg/_limo_status.py
[0.357s] -- Up-to-date symlink: /home/pretil/catkin_ws/src/limo_ros2/install/limo_msgs/local/lib/python3.10/dist-packages/limo_msgs/msg/_limo_status_s.c
[0.358s] -- Up-to-date symlink: /home/pretil/catkin_ws/src/limo_ros2/install/limo_msgs/local/lib/python3.10/dist-packages/limo_msgs/limo_msgs_s__rosidl_typesupport_fastrtps_c.cpython-310-x86_64-linux-gnu.so
[0.358s] -- Up-to-date symlink: /home/pretil/catkin_ws/src/limo_ros2/install/limo_msgs/local/lib/python3.10/dist-packages/limo_msgs/limo_msgs_s__rosidl_typesupport_introspection_c.cpython-310-x86_64-linux-gnu.so
[0.358s] -- Up-to-date symlink: /home/pretil/catkin_ws/src/limo_ros2/install/limo_msgs/local/lib/python3.10/dist-packages/limo_msgs/limo_msgs_s__rosidl_typesupport_c.cpython-310-x86_64-linux-gnu.so
[0.358s] -- Up-to-date symlink: /home/pretil/catkin_ws/src/limo_ros2/install/limo_msgs/share/ament_index/resource_index/rust_packages/limo_msgs
[0.359s] -- Up-to-date symlink: /home/pretil/catkin_ws/src/limo_ros2/install/limo_msgs/share/limo_msgs/rust/Cargo.toml
[0.359s] -- Up-to-date symlink: /home/pretil/catkin_ws/src/limo_ros2/install/limo_msgs/share/limo_msgs/rust/build.rs
[0.359s] -- Up-to-date symlink: /home/pretil/catkin_ws/src/limo_ros2/install/limo_msgs/share/limo_msgs/rust/src/lib.rs
[0.359s] -- Up-to-date symlink: /home/pretil/catkin_ws/src/limo_ros2/install/limo_msgs/share/limo_msgs/rust/src/msg.rs
[0.359s] -- Up-to-date symlink: /home/pretil/catkin_ws/src/limo_ros2/install/limo_msgs/share/limo_msgs/rust/src/msg/rmw.rs
[0.359s] -- Up-to-date symlink: /home/pretil/catkin_ws/src/limo_ros2/install/limo_msgs/share/limo_msgs/msg/LimoStatus.idl
[0.359s] -- Up-to-date symlink: /home/pretil/catkin_ws/src/limo_ros2/install/limo_msgs/share/limo_msgs/msg/LimoStatus.msg
[0.359s] -- Up-to-date symlink: /home/pretil/catkin_ws/src/limo_ros2/install/limo_msgs/share/ament_index/resource_index/package_run_dependencies/limo_msgs
[0.360s] -- Up-to-date symlink: /home/pretil/catkin_ws/src/limo_ros2/install/limo_msgs/share/ament_index/resource_index/parent_prefix_path/limo_msgs
[0.360s] -- Up-to-date symlink: /home/pretil/catkin_ws/src/limo_ros2/install/limo_msgs/share/limo_msgs/environment/ament_prefix_path.sh
[0.360s] -- Up-to-date symlink: /home/pretil/catkin_ws/src/limo_ros2/install/limo_msgs/share/limo_msgs/environment/ament_prefix_path.dsv
[0.360s] -- Up-to-date symlink: /home/pretil/catkin_ws/src/limo_ros2/install/limo_msgs/share/limo_msgs/environment/path.sh
[0.360s] -- Up-to-date symlink: /home/pretil/catkin_ws/src/limo_ros2/install/limo_msgs/share/limo_msgs/environment/path.dsv
[0.360s] -- Up-to-date symlink: /home/pretil/catkin_ws/src/limo_ros2/install/limo_msgs/share/limo_msgs/local_setup.bash
[0.361s] -- Up-to-date symlink: /home/pretil/catkin_ws/src/limo_ros2/install/limo_msgs/share/limo_msgs/local_setup.sh
[0.361s] -- Up-to-date symlink: /home/pretil/catkin_ws/src/limo_ros2/install/limo_msgs/share/limo_msgs/local_setup.zsh
[0.361s] -- Up-to-date symlink: /home/pretil/catkin_ws/src/limo_ros2/install/limo_msgs/share/limo_msgs/local_setup.dsv
[0.361s] -- Symlinking: /home/pretil/catkin_ws/src/limo_ros2/install/limo_msgs/share/limo_msgs/package.dsv
[0.368s] -- Up-to-date symlink: /home/pretil/catkin_ws/src/limo_ros2/install/limo_msgs/share/ament_index/resource_index/packages/limo_msgs
[0.368s] -- Up-to-date symlink: /home/pretil/catkin_ws/src/limo_ros2/install/limo_msgs/share/limo_msgs/cmake/rosidl_cmake-extras.cmake
[0.368s] -- Up-to-date symlink: /home/pretil/catkin_ws/src/limo_ros2/install/limo_msgs/share/limo_msgs/cmake/ament_cmake_export_dependencies-extras.cmake
[0.368s] -- Up-to-date symlink: /home/pretil/catkin_ws/src/limo_ros2/install/limo_msgs/share/limo_msgs/cmake/ament_cmake_export_include_directories-extras.cmake
[0.368s] -- Up-to-date symlink: /home/pretil/catkin_ws/src/limo_ros2/install/limo_msgs/share/limo_msgs/cmake/ament_cmake_export_libraries-extras.cmake
[0.368s] -- Up-to-date symlink: /home/pretil/catkin_ws/src/limo_ros2/install/limo_msgs/share/limo_msgs/cmake/ament_cmake_export_targets-extras.cmake
[0.368s] -- Up-to-date symlink: /home/pretil/catkin_ws/src/limo_ros2/install/limo_msgs/share/limo_msgs/cmake/rosidl_cmake_export_typesupport_targets-extras.cmake
[0.369s] -- Up-to-date symlink: /home/pretil/catkin_ws/src/limo_ros2/install/limo_msgs/share/limo_msgs/cmake/rosidl_cmake_export_typesupport_libraries-extras.cmake
[0.369s] -- Up-to-date symlink: /home/pretil/catkin_ws/src/limo_ros2/install/limo_msgs/share/limo_msgs/cmake/limo_msgsConfig.cmake
[0.369s] -- Up-to-date symlink: /home/pretil/catkin_ws/src/limo_ros2/install/limo_msgs/share/limo_msgs/cmake/limo_msgsConfig-version.cmake
[0.369s] -- Up-to-date symlink: /home/pretil/catkin_ws/src/limo_ros2/install/limo_msgs/share/limo_msgs/package.xml
[0.369s] -- Up-to-date: /home/pretil/catkin_ws/src/limo_ros2/install/limo_msgs/lib/liblimo_msgs__rosidl_generator_c.so
[0.369s] -- Up-to-date: /home/pretil/catkin_ws/src/limo_ros2/install/limo_msgs/lib/liblimo_msgs__rosidl_typesupport_fastrtps_c.so
[0.370s] -- Up-to-date: /home/pretil/catkin_ws/src/limo_ros2/install/limo_msgs/lib/liblimo_msgs__rosidl_typesupport_fastrtps_cpp.so
[0.370s] -- Up-to-date: /home/pretil/catkin_ws/src/limo_ros2/install/limo_msgs/lib/liblimo_msgs__rosidl_typesupport_introspection_c.so
[0.370s] -- Up-to-date: /home/pretil/catkin_ws/src/limo_ros2/install/limo_msgs/lib/liblimo_msgs__rosidl_typesupport_c.so
[0.370s] -- Up-to-date: /home/pretil/catkin_ws/src/limo_ros2/install/limo_msgs/lib/liblimo_msgs__rosidl_typesupport_introspection_cpp.so
[0.370s] -- Up-to-date: /home/pretil/catkin_ws/src/limo_ros2/install/limo_msgs/lib/liblimo_msgs__rosidl_typesupport_cpp.so
[0.398s] Listing '/home/pretil/catkin_ws/src/limo_ros2/install/limo_msgs/local/lib/python3.10/dist-packages/limo_msgs'...
[0.398s] Listing '/home/pretil/catkin_ws/src/limo_ros2/install/limo_msgs/local/lib/python3.10/dist-packages/limo_msgs/msg'...
[0.402s] -- Up-to-date: /home/pretil/catkin_ws/src/limo_ros2/install/limo_msgs/lib/liblimo_msgs__rosidl_generator_py.so
[0.402s] -- Up-to-date: /home/pretil/catkin_ws/src/limo_ros2/install/limo_msgs/share/limo_msgs/cmake/export_limo_msgs__rosidl_generator_cExport.cmake
[0.402s] -- Up-to-date: /home/pretil/catkin_ws/src/limo_ros2/install/limo_msgs/share/limo_msgs/cmake/export_limo_msgs__rosidl_generator_cExport-noconfig.cmake
[0.402s] -- Up-to-date: /home/pretil/catkin_ws/src/limo_ros2/install/limo_msgs/share/limo_msgs/cmake/export_limo_msgs__rosidl_typesupport_fastrtps_cExport.cmake
[0.402s] -- Up-to-date: /home/pretil/catkin_ws/src/limo_ros2/install/limo_msgs/share/limo_msgs/cmake/export_limo_msgs__rosidl_typesupport_fastrtps_cExport-noconfig.cmake
[0.403s] -- Up-to-date: /home/pretil/catkin_ws/src/limo_ros2/install/limo_msgs/share/limo_msgs/cmake/export_limo_msgs__rosidl_generator_cppExport.cmake
[0.403s] -- Up-to-date: /home/pretil/catkin_ws/src/limo_ros2/install/limo_msgs/share/limo_msgs/cmake/export_limo_msgs__rosidl_typesupport_fastrtps_cppExport.cmake
[0.403s] -- Up-to-date: /home/pretil/catkin_ws/src/limo_ros2/install/limo_msgs/share/limo_msgs/cmake/export_limo_msgs__rosidl_typesupport_fastrtps_cppExport-noconfig.cmake
[0.403s] -- Up-to-date: /home/pretil/catkin_ws/src/limo_ros2/install/limo_msgs/share/limo_msgs/cmake/limo_msgs__rosidl_typesupport_introspection_cExport.cmake
[0.403s] -- Up-to-date: /home/pretil/catkin_ws/src/limo_ros2/install/limo_msgs/share/limo_msgs/cmake/limo_msgs__rosidl_typesupport_introspection_cExport-noconfig.cmake
[0.403s] -- Up-to-date: /home/pretil/catkin_ws/src/limo_ros2/install/limo_msgs/share/limo_msgs/cmake/limo_msgs__rosidl_typesupport_cExport.cmake
[0.403s] -- Up-to-date: /home/pretil/catkin_ws/src/limo_ros2/install/limo_msgs/share/limo_msgs/cmake/limo_msgs__rosidl_typesupport_cExport-noconfig.cmake
[0.403s] -- Up-to-date: /home/pretil/catkin_ws/src/limo_ros2/install/limo_msgs/share/limo_msgs/cmake/limo_msgs__rosidl_typesupport_introspection_cppExport.cmake
[0.403s] -- Up-to-date: /home/pretil/catkin_ws/src/limo_ros2/install/limo_msgs/share/limo_msgs/cmake/limo_msgs__rosidl_typesupport_introspection_cppExport-noconfig.cmake
[0.403s] -- Up-to-date: /home/pretil/catkin_ws/src/limo_ros2/install/limo_msgs/share/limo_msgs/cmake/limo_msgs__rosidl_typesupport_cppExport.cmake
[0.403s] -- Up-to-date: /home/pretil/catkin_ws/src/limo_ros2/install/limo_msgs/share/limo_msgs/cmake/limo_msgs__rosidl_typesupport_cppExport-noconfig.cmake
[0.403s] -- Up-to-date: /home/pretil/catkin_ws/src/limo_ros2/install/limo_msgs/share/limo_msgs/cmake/export_limo_msgs__rosidl_generator_pyExport.cmake
[0.403s] -- Up-to-date: /home/pretil/catkin_ws/src/limo_ros2/install/limo_msgs/share/limo_msgs/cmake/export_limo_msgs__rosidl_generator_pyExport-noconfig.cmake
[0.405s] Invoked command in '/home/pretil/catkin_ws/src/limo_ros2/build/limo_msgs' returned '0': CMAKE_PREFIX_PATH=${CMAKE_PREFIX_PATH}:/opt/ros/humble /usr/bin/cmake --install /home/pretil/catkin_ws/src/limo_ros2/build/limo_msgs
