[0.010s] Invoking command in '/home/pretil/catkin_ws/src/limo_ros2/build/limo_bringup': AMENT_PREFIX_PATH=/home/pretil/catkin_ws/src/limo_ros2/install/limo_msgs:${AMENT_PREFIX_PATH} CMAKE_PREFIX_PATH=/home/pretil/catkin_ws/src/limo_ros2/install/limo_msgs:/home/pretil/catkin_ws/install/limo_base:/home/pretil/catkin_ws/install/limo_msgs:/home/pretil/catkin_ws/install/limo_description:/home/pretil/catkin_ws/install/limo_car:/opt/ros/humble LD_LIBRARY_PATH=/home/pretil/catkin_ws/src/limo_ros2/install/limo_msgs/lib:/home/pretil/catkin_ws/install/limo_msgs/lib:/usr/lib/x86_64-linux-gnu/gazebo-11/plugins:/opt/ros/humble/opt/rviz_ogre_vendor/lib:/opt/ros/humble/lib/x86_64-linux-gnu:/opt/ros/humble/lib:/usr/lib/x86_64-linux-gnu/gazebo-11/plugins:/usr/lib/x86_64-linux-gnu/gazebo-11/plugins:/usr/lib/x86_64-linux-gnu/gazebo-11/plugins PYTHONPATH=/home/pretil/catkin_ws/src/limo_ros2/install/limo_msgs/local/lib/python3.10/dist-packages:${PYTHONPATH} /usr/bin/cmake --build /home/pretil/catkin_ws/src/limo_ros2/build/limo_bringup -- -j12 -l12
[0.039s] Invoked command in '/home/pretil/catkin_ws/src/limo_ros2/build/limo_bringup' returned '0': AMENT_PREFIX_PATH=/home/pretil/catkin_ws/src/limo_ros2/install/limo_msgs:${AMENT_PREFIX_PATH} CMAKE_PREFIX_PATH=/home/pretil/catkin_ws/src/limo_ros2/install/limo_msgs:/home/pretil/catkin_ws/install/limo_base:/home/pretil/catkin_ws/install/limo_msgs:/home/pretil/catkin_ws/install/limo_description:/home/pretil/catkin_ws/install/limo_car:/opt/ros/humble LD_LIBRARY_PATH=/home/pretil/catkin_ws/src/limo_ros2/install/limo_msgs/lib:/home/pretil/catkin_ws/install/limo_msgs/lib:/usr/lib/x86_64-linux-gnu/gazebo-11/plugins:/opt/ros/humble/opt/rviz_ogre_vendor/lib:/opt/ros/humble/lib/x86_64-linux-gnu:/opt/ros/humble/lib:/usr/lib/x86_64-linux-gnu/gazebo-11/plugins:/usr/lib/x86_64-linux-gnu/gazebo-11/plugins:/usr/lib/x86_64-linux-gnu/gazebo-11/plugins PYTHONPATH=/home/pretil/catkin_ws/src/limo_ros2/install/limo_msgs/local/lib/python3.10/dist-packages:${PYTHONPATH} /usr/bin/cmake --build /home/pretil/catkin_ws/src/limo_ros2/build/limo_bringup -- -j12 -l12
[0.041s] Invoking command in '/home/pretil/catkin_ws/src/limo_ros2/build/limo_bringup': AMENT_PREFIX_PATH=/home/pretil/catkin_ws/src/limo_ros2/install/limo_msgs:${AMENT_PREFIX_PATH} CMAKE_PREFIX_PATH=/home/pretil/catkin_ws/src/limo_ros2/install/limo_msgs:/home/pretil/catkin_ws/install/limo_base:/home/pretil/catkin_ws/install/limo_msgs:/home/pretil/catkin_ws/install/limo_description:/home/pretil/catkin_ws/install/limo_car:/opt/ros/humble LD_LIBRARY_PATH=/home/pretil/catkin_ws/src/limo_ros2/install/limo_msgs/lib:/home/pretil/catkin_ws/install/limo_msgs/lib:/usr/lib/x86_64-linux-gnu/gazebo-11/plugins:/opt/ros/humble/opt/rviz_ogre_vendor/lib:/opt/ros/humble/lib/x86_64-linux-gnu:/opt/ros/humble/lib:/usr/lib/x86_64-linux-gnu/gazebo-11/plugins:/usr/lib/x86_64-linux-gnu/gazebo-11/plugins:/usr/lib/x86_64-linux-gnu/gazebo-11/plugins PYTHONPATH=/home/pretil/catkin_ws/src/limo_ros2/install/limo_msgs/local/lib/python3.10/dist-packages:${PYTHONPATH} /usr/bin/cmake --install /home/pretil/catkin_ws/src/limo_ros2/build/limo_bringup
[0.047s] -- Install configuration: ""
[0.047s] -- Execute custom install script
[0.047s] -- Up-to-date symlink: /home/pretil/catkin_ws/src/limo_ros2/install/limo_bringup/share/limo_bringup//launch/limo_start.launch.py
[0.048s] -- Up-to-date symlink: /home/pretil/catkin_ws/src/limo_ros2/install/limo_bringup/share/limo_bringup//launch/limo_start.launch.py
[0.048s] -- Up-to-date symlink: /home/pretil/catkin_ws/src/limo_ros2/install/limo_bringup/share/ament_index/resource_index/package_run_dependencies/limo_bringup
[0.048s] -- Up-to-date symlink: /home/pretil/catkin_ws/src/limo_ros2/install/limo_bringup/share/ament_index/resource_index/parent_prefix_path/limo_bringup
[0.048s] -- Up-to-date symlink: /home/pretil/catkin_ws/src/limo_ros2/install/limo_bringup/share/limo_bringup/environment/ament_prefix_path.sh
[0.048s] -- Up-to-date symlink: /home/pretil/catkin_ws/src/limo_ros2/install/limo_bringup/share/limo_bringup/environment/ament_prefix_path.dsv
[0.048s] -- Up-to-date symlink: /home/pretil/catkin_ws/src/limo_ros2/install/limo_bringup/share/limo_bringup/environment/path.sh
[0.048s] -- Up-to-date symlink: /home/pretil/catkin_ws/src/limo_ros2/install/limo_bringup/share/limo_bringup/environment/path.dsv
[0.049s] -- Up-to-date symlink: /home/pretil/catkin_ws/src/limo_ros2/install/limo_bringup/share/limo_bringup/local_setup.bash
[0.049s] -- Up-to-date symlink: /home/pretil/catkin_ws/src/limo_ros2/install/limo_bringup/share/limo_bringup/local_setup.sh
[0.049s] -- Up-to-date symlink: /home/pretil/catkin_ws/src/limo_ros2/install/limo_bringup/share/limo_bringup/local_setup.zsh
[0.049s] -- Up-to-date symlink: /home/pretil/catkin_ws/src/limo_ros2/install/limo_bringup/share/limo_bringup/local_setup.dsv
[0.049s] -- Symlinking: /home/pretil/catkin_ws/src/limo_ros2/install/limo_bringup/share/limo_bringup/package.dsv
[0.057s] -- Up-to-date symlink: /home/pretil/catkin_ws/src/limo_ros2/install/limo_bringup/share/ament_index/resource_index/packages/limo_bringup
[0.057s] -- Up-to-date symlink: /home/pretil/catkin_ws/src/limo_ros2/install/limo_bringup/share/limo_bringup/cmake/limo_bringupConfig.cmake
[0.057s] -- Up-to-date symlink: /home/pretil/catkin_ws/src/limo_ros2/install/limo_bringup/share/limo_bringup/cmake/limo_bringupConfig-version.cmake
[0.057s] -- Up-to-date symlink: /home/pretil/catkin_ws/src/limo_ros2/install/limo_bringup/share/limo_bringup/package.xml
[0.059s] Invoked command in '/home/pretil/catkin_ws/src/limo_ros2/build/limo_bringup' returned '0': AMENT_PREFIX_PATH=/home/pretil/catkin_ws/src/limo_ros2/install/limo_msgs:${AMENT_PREFIX_PATH} CMAKE_PREFIX_PATH=/home/pretil/catkin_ws/src/limo_ros2/install/limo_msgs:/home/pretil/catkin_ws/install/limo_base:/home/pretil/catkin_ws/install/limo_msgs:/home/pretil/catkin_ws/install/limo_description:/home/pretil/catkin_ws/install/limo_car:/opt/ros/humble LD_LIBRARY_PATH=/home/pretil/catkin_ws/src/limo_ros2/install/limo_msgs/lib:/home/pretil/catkin_ws/install/limo_msgs/lib:/usr/lib/x86_64-linux-gnu/gazebo-11/plugins:/opt/ros/humble/opt/rviz_ogre_vendor/lib:/opt/ros/humble/lib/x86_64-linux-gnu:/opt/ros/humble/lib:/usr/lib/x86_64-linux-gnu/gazebo-11/plugins:/usr/lib/x86_64-linux-gnu/gazebo-11/plugins:/usr/lib/x86_64-linux-gnu/gazebo-11/plugins PYTHONPATH=/home/pretil/catkin_ws/src/limo_ros2/install/limo_msgs/local/lib/python3.10/dist-packages:${PYTHONPATH} /usr/bin/cmake --install /home/pretil/catkin_ws/src/limo_ros2/build/limo_bringup
