[0.019s] Invoking command in '/home/pretil/catkin_ws/src/limo_ros2/build/limo_msgs': CMAKE_PREFIX_PATH=${CMAKE_PREFIX_PATH}:/opt/ros/humble /usr/bin/cmake /home/pretil/catkin_ws/src/limo_ros2/limo_msgs -DAMENT_CMAKE_SYMLINK_INSTALL=1 -DCMAKE_INSTALL_PREFIX=/home/pretil/catkin_ws/src/limo_ros2/install/limo_msgs
[0.070s] -- The C compiler identification is GNU 11.4.0
[0.119s] -- The CXX compiler identification is GNU 11.4.0
[0.127s] -- Detecting C compiler ABI info
[0.185s] -- Detecting C compiler ABI info - done
[0.192s] -- Check for working C compiler: /usr/bin/cc - skipped
[0.193s] -- Detecting C compile features
[0.193s] -- Detecting C compile features - done
[0.196s] -- Detecting CXX compiler ABI info
[0.267s] -- Detecting CXX compiler ABI info - done
[0.274s] -- Check for working CXX compiler: /usr/bin/c++ - skipped
[0.275s] -- Detecting CXX compile features
[0.275s] -- Detecting CXX compile features - done
[0.279s] -- Found ament_cmake: 1.3.14 (/opt/ros/humble/share/ament_cmake/cmake)
[0.428s] -- Found Python3: /usr/bin/python3 (found version "3.10.12") found components: Interpreter 
[0.493s] -- Override CMake install command with custom implementation using symlinks instead of copying resources
[0.546s] -- Found std_msgs: 4.9.1 (/opt/ros/humble/share/std_msgs/cmake)
[0.597s] -- Found rosidl_generator_c: 3.1.8 (/opt/ros/humble/share/rosidl_generator_c/cmake)
[0.605s] -- Found rosidl_adapter: 3.1.8 (/opt/ros/humble/share/rosidl_adapter/cmake)
[0.618s] -- Found rosidl_generator_cpp: 3.1.8 (/opt/ros/humble/share/rosidl_generator_cpp/cmake)
[0.634s] -- Using all available rosidl_typesupport_c: rosidl_typesupport_fastrtps_c;rosidl_typesupport_introspection_c
[0.656s] -- Using all available rosidl_typesupport_cpp: rosidl_typesupport_fastrtps_cpp;rosidl_typesupport_introspection_cpp
[0.692s] -- Found rosidl_default_generators: 1.2.1 (/opt/ros/humble/share/rosidl_default_generators/cmake)
[0.990s] -- Found ament_cmake_ros: 0.10.0 (/opt/ros/humble/share/ament_cmake_ros/cmake)
[1.341s] -- Using all available rosidl_typesupport_c: rosidl_typesupport_fastrtps_c;rosidl_typesupport_introspection_c
[1.472s] -- Using all available rosidl_typesupport_cpp: rosidl_typesupport_fastrtps_cpp;rosidl_typesupport_introspection_cpp
[1.492s] -- Found PythonInterp: /usr/bin/python3 (found suitable version "3.10.12", minimum required is "3.6") 
[1.495s] -- Found python_cmake_module: 0.10.0 (/opt/ros/humble/share/python_cmake_module/cmake)
[1.518s] -- Found PythonLibs: /usr/lib/x86_64-linux-gnu/libpython3.10.so (found suitable version "3.10.12", minimum required is "3.5") 
[1.518s] -- Using PYTHON_EXECUTABLE: /usr/bin/python3
[1.518s] -- Using PYTHON_INCLUDE_DIRS: /usr/include/python3.10
[1.518s] -- Using PYTHON_LIBRARIES: /usr/lib/x86_64-linux-gnu/libpython3.10.so
[1.537s] -- Found PythonExtra: .so  
[1.669s] -- Found ament_lint_auto: 0.12.15 (/opt/ros/humble/share/ament_lint_auto/cmake)
[1.719s] -- Added test 'copyright' to check source files copyright and LICENSE
[1.721s] -- Added test 'lint_cmake' to check CMake code style
[1.723s] -- Added test 'xmllint' to check XML markup files
[1.727s] -- Configuring done
[1.758s] -- Generating done
[1.770s] -- Build files have been written to: /home/pretil/catkin_ws/src/limo_ros2/build/limo_msgs
[1.778s] Invoked command in '/home/pretil/catkin_ws/src/limo_ros2/build/limo_msgs' returned '0': CMAKE_PREFIX_PATH=${CMAKE_PREFIX_PATH}:/opt/ros/humble /usr/bin/cmake /home/pretil/catkin_ws/src/limo_ros2/limo_msgs -DAMENT_CMAKE_SYMLINK_INSTALL=1 -DCMAKE_INSTALL_PREFIX=/home/pretil/catkin_ws/src/limo_ros2/install/limo_msgs
[1.780s] Invoking command in '/home/pretil/catkin_ws/src/limo_ros2/build/limo_msgs': CMAKE_PREFIX_PATH=${CMAKE_PREFIX_PATH}:/opt/ros/humble /usr/bin/cmake --build /home/pretil/catkin_ws/src/limo_ros2/build/limo_msgs -- -j12 -l12
[1.812s] [  3%] [34m[1mGenerating C code for ROS interfaces[0m
[1.821s] [  9%] [34m[1mGenerating Rust code for ROS interfaces[0m
[1.821s] [  9%] [34m[1mGenerating C++ code for ROS interfaces[0m
[1.827s] [  9%] Built target ament_cmake_python_symlink_limo_msgs
[2.060s] [  9%] Built target limo_msgs__rs
[2.082s] [ 12%] [32mBuilding C object CMakeFiles/limo_msgs__rosidl_generator_c.dir/rosidl_generator_c/limo_msgs/msg/detail/limo_status__functions.c.o[0m
[2.084s] running egg_info
[2.084s] creating limo_msgs.egg-info
[2.085s] writing limo_msgs.egg-info/PKG-INFO
[2.085s] writing dependency_links to limo_msgs.egg-info/dependency_links.txt
[2.085s] writing top-level names to limo_msgs.egg-info/top_level.txt
[2.085s] writing manifest file 'limo_msgs.egg-info/SOURCES.txt'
[2.087s] reading manifest file 'limo_msgs.egg-info/SOURCES.txt'
[2.088s] writing manifest file 'limo_msgs.egg-info/SOURCES.txt'
[2.093s] [ 12%] Built target limo_msgs__cpp
[2.103s] [ 18%] [34m[1mGenerating C++ introspection for ROS interfaces[0m
[2.103s] [ 18%] [34m[1mGenerating C++ type support for eProsima Fast-RTPS[0m
[2.103s] [ 21%] [34m[1mGenerating C++ type support dispatch for ROS interfaces[0m
[2.117s] [ 21%] Built target ament_cmake_python_build_limo_msgs_egg
[2.126s] [ 25%] [32m[1mLinking C shared library liblimo_msgs__rosidl_generator_c.so[0m
[2.161s] [ 25%] Built target limo_msgs__rosidl_generator_c
[2.170s] [ 31%] [34m[1mGenerating C type support dispatch for ROS interfaces[0m
[2.170s] [ 31%] [34m[1mGenerating C introspection for ROS interfaces[0m
[2.171s] [ 34%] [34m[1mGenerating C type support for eProsima Fast-RTPS[0m
[2.368s] [ 37%] [32mBuilding CXX object CMakeFiles/limo_msgs__rosidl_typesupport_fastrtps_cpp.dir/rosidl_typesupport_fastrtps_cpp/limo_msgs/msg/detail/dds_fastrtps/limo_status__type_support.cpp.o[0m
[2.410s] [ 40%] [32mBuilding CXX object CMakeFiles/limo_msgs__rosidl_typesupport_c.dir/rosidl_typesupport_c/limo_msgs/msg/limo_status__type_support.cpp.o[0m
[2.430s] [ 43%] [32mBuilding C object CMakeFiles/limo_msgs__rosidl_typesupport_introspection_c.dir/rosidl_typesupport_introspection_c/limo_msgs/msg/detail/limo_status__type_support.c.o[0m
[2.434s] [ 46%] [32mBuilding CXX object CMakeFiles/limo_msgs__rosidl_typesupport_fastrtps_c.dir/rosidl_typesupport_fastrtps_c/limo_msgs/msg/detail/limo_status__type_support_c.cpp.o[0m
[2.437s] [ 50%] [32m[1mLinking CXX shared library liblimo_msgs__rosidl_typesupport_c.so[0m
[2.464s] [ 53%] [32m[1mLinking C shared library liblimo_msgs__rosidl_typesupport_introspection_c.so[0m
[2.477s] [ 53%] Built target limo_msgs__rosidl_typesupport_c
[2.482s] [ 56%] [32mBuilding CXX object CMakeFiles/limo_msgs__rosidl_typesupport_cpp.dir/rosidl_typesupport_cpp/limo_msgs/msg/limo_status__type_support.cpp.o[0m
[2.493s] [ 56%] Built target limo_msgs__rosidl_typesupport_introspection_c
[2.501s] [ 59%] [32mBuilding CXX object CMakeFiles/limo_msgs__rosidl_typesupport_introspection_cpp.dir/rosidl_typesupport_introspection_cpp/limo_msgs/msg/detail/limo_status__type_support.cpp.o[0m
[2.738s] [ 62%] [32m[1mLinking CXX shared library liblimo_msgs__rosidl_typesupport_cpp.so[0m
[2.762s] [ 65%] [32m[1mLinking CXX shared library liblimo_msgs__rosidl_typesupport_fastrtps_c.so[0m
[2.776s] [ 65%] Built target limo_msgs__rosidl_typesupport_cpp
[2.811s] [ 68%] [32m[1mLinking CXX shared library liblimo_msgs__rosidl_typesupport_fastrtps_cpp.so[0m
[2.840s] [ 68%] Built target limo_msgs__rosidl_typesupport_fastrtps_c
[2.864s] [ 71%] [32m[1mLinking CXX shared library liblimo_msgs__rosidl_typesupport_introspection_cpp.so[0m
[2.885s] [ 71%] Built target limo_msgs__rosidl_typesupport_fastrtps_cpp
[2.917s] [ 71%] Built target limo_msgs__rosidl_typesupport_introspection_cpp
[2.933s] [ 71%] Built target limo_msgs
[2.950s] [ 75%] [34m[1mGenerating Python code for ROS interfaces[0m
[3.265s] [ 75%] Built target limo_msgs__py
[3.281s] [ 78%] [32mBuilding C object CMakeFiles/limo_msgs__rosidl_generator_py.dir/rosidl_generator_py/limo_msgs/msg/_limo_status_s.c.o[0m
[3.375s] [ 81%] [32m[1mLinking C shared library rosidl_generator_py/limo_msgs/liblimo_msgs__rosidl_generator_py.so[0m
[3.409s] [ 81%] Built target limo_msgs__rosidl_generator_py
[3.426s] [ 87%] [32mBuilding C object CMakeFiles/limo_msgs__rosidl_typesupport_c__pyext.dir/rosidl_generator_py/limo_msgs/_limo_msgs_s.ep.rosidl_typesupport_c.c.o[0m
[3.426s] [ 87%] [32mBuilding C object CMakeFiles/limo_msgs__rosidl_typesupport_introspection_c__pyext.dir/rosidl_generator_py/limo_msgs/_limo_msgs_s.ep.rosidl_typesupport_introspection_c.c.o[0m
[3.426s] [ 90%] [32mBuilding C object CMakeFiles/limo_msgs__rosidl_typesupport_fastrtps_c__pyext.dir/rosidl_generator_py/limo_msgs/_limo_msgs_s.ep.rosidl_typesupport_fastrtps_c.c.o[0m
[3.518s] [ 93%] [32m[1mLinking C shared library rosidl_generator_py/limo_msgs/limo_msgs_s__rosidl_typesupport_c.cpython-310-x86_64-linux-gnu.so[0m
[3.519s] [ 96%] [32m[1mLinking C shared library rosidl_generator_py/limo_msgs/limo_msgs_s__rosidl_typesupport_fastrtps_c.cpython-310-x86_64-linux-gnu.so[0m
[3.521s] [100%] [32m[1mLinking C shared library rosidl_generator_py/limo_msgs/limo_msgs_s__rosidl_typesupport_introspection_c.cpython-310-x86_64-linux-gnu.so[0m
[3.553s] [100%] Built target limo_msgs__rosidl_typesupport_c__pyext
[3.553s] [100%] Built target limo_msgs__rosidl_typesupport_fastrtps_c__pyext
[3.556s] [100%] Built target limo_msgs__rosidl_typesupport_introspection_c__pyext
[3.567s] Invoked command in '/home/pretil/catkin_ws/src/limo_ros2/build/limo_msgs' returned '0': CMAKE_PREFIX_PATH=${CMAKE_PREFIX_PATH}:/opt/ros/humble /usr/bin/cmake --build /home/pretil/catkin_ws/src/limo_ros2/build/limo_msgs -- -j12 -l12
[3.569s] Invoking command in '/home/pretil/catkin_ws/src/limo_ros2/build/limo_msgs': CMAKE_PREFIX_PATH=${CMAKE_PREFIX_PATH}:/opt/ros/humble /usr/bin/cmake --install /home/pretil/catkin_ws/src/limo_ros2/build/limo_msgs
[3.574s] -- Install configuration: ""
[3.575s] -- Execute custom install script
[3.575s] -- Symlinking: /home/pretil/catkin_ws/src/limo_ros2/install/limo_msgs/share/ament_index/resource_index/rosidl_interfaces/limo_msgs
[3.582s] -- Symlinking: /home/pretil/catkin_ws/src/limo_ros2/install/limo_msgs/include/limo_msgs/limo_msgs/msg/detail/limo_status__functions.h
[3.589s] -- Symlinking: /home/pretil/catkin_ws/src/limo_ros2/install/limo_msgs/include/limo_msgs/limo_msgs/msg/detail/limo_status__struct.h
[3.595s] -- Symlinking: /home/pretil/catkin_ws/src/limo_ros2/install/limo_msgs/include/limo_msgs/limo_msgs/msg/detail/limo_status__type_support.h
[3.602s] -- Symlinking: /home/pretil/catkin_ws/src/limo_ros2/install/limo_msgs/include/limo_msgs/limo_msgs/msg/limo_status.h
[3.609s] -- Symlinking: /home/pretil/catkin_ws/src/limo_ros2/install/limo_msgs/include/limo_msgs/limo_msgs/msg/rosidl_generator_c__visibility_control.h
[3.616s] -- Symlinking: /home/pretil/catkin_ws/src/limo_ros2/install/limo_msgs/share/limo_msgs/environment/library_path.sh
[3.623s] -- Symlinking: /home/pretil/catkin_ws/src/limo_ros2/install/limo_msgs/share/limo_msgs/environment/library_path.dsv
[3.631s] -- Symlinking: /home/pretil/catkin_ws/src/limo_ros2/install/limo_msgs/include/limo_msgs/limo_msgs/msg/detail/limo_status__rosidl_typesupport_fastrtps_c.h
[3.637s] -- Symlinking: /home/pretil/catkin_ws/src/limo_ros2/install/limo_msgs/include/limo_msgs/limo_msgs/msg/rosidl_typesupport_fastrtps_c__visibility_control.h
[3.645s] -- Symlinking: /home/pretil/catkin_ws/src/limo_ros2/install/limo_msgs/include/limo_msgs/limo_msgs/msg/detail/limo_status__builder.hpp
[3.651s] -- Symlinking: /home/pretil/catkin_ws/src/limo_ros2/install/limo_msgs/include/limo_msgs/limo_msgs/msg/detail/limo_status__struct.hpp
[3.659s] -- Symlinking: /home/pretil/catkin_ws/src/limo_ros2/install/limo_msgs/include/limo_msgs/limo_msgs/msg/detail/limo_status__traits.hpp
[3.667s] -- Symlinking: /home/pretil/catkin_ws/src/limo_ros2/install/limo_msgs/include/limo_msgs/limo_msgs/msg/detail/limo_status__type_support.hpp
[3.673s] -- Symlinking: /home/pretil/catkin_ws/src/limo_ros2/install/limo_msgs/include/limo_msgs/limo_msgs/msg/limo_status.hpp
[3.680s] -- Symlinking: /home/pretil/catkin_ws/src/limo_ros2/install/limo_msgs/include/limo_msgs/limo_msgs/msg/rosidl_generator_cpp__visibility_control.hpp
[3.687s] -- Symlinking: /home/pretil/catkin_ws/src/limo_ros2/install/limo_msgs/include/limo_msgs/limo_msgs/msg/detail/limo_status__rosidl_typesupport_fastrtps_cpp.hpp
[3.693s] -- Symlinking: /home/pretil/catkin_ws/src/limo_ros2/install/limo_msgs/include/limo_msgs/limo_msgs/msg/rosidl_typesupport_fastrtps_cpp__visibility_control.h
[3.700s] -- Symlinking: /home/pretil/catkin_ws/src/limo_ros2/install/limo_msgs/include/limo_msgs/limo_msgs/msg/detail/limo_status__rosidl_typesupport_introspection_c.h
[3.706s] -- Symlinking: /home/pretil/catkin_ws/src/limo_ros2/install/limo_msgs/include/limo_msgs/limo_msgs/msg/rosidl_typesupport_introspection_c__visibility_control.h
[3.713s] -- Symlinking: /home/pretil/catkin_ws/src/limo_ros2/install/limo_msgs/include/limo_msgs/limo_msgs/msg/detail/limo_status__rosidl_typesupport_introspection_cpp.hpp
[3.720s] -- Symlinking: /home/pretil/catkin_ws/src/limo_ros2/install/limo_msgs/share/limo_msgs/environment/pythonpath.sh
[3.727s] -- Symlinking: /home/pretil/catkin_ws/src/limo_ros2/install/limo_msgs/share/limo_msgs/environment/pythonpath.dsv
[3.734s] -- Symlinking: /home/pretil/catkin_ws/src/limo_ros2/install/limo_msgs/local/lib/python3.10/dist-packages/limo_msgs-0.0.0-py3.10.egg-info/PKG-INFO
[3.741s] -- Symlinking: /home/pretil/catkin_ws/src/limo_ros2/install/limo_msgs/local/lib/python3.10/dist-packages/limo_msgs-0.0.0-py3.10.egg-info/SOURCES.txt
[3.748s] -- Symlinking: /home/pretil/catkin_ws/src/limo_ros2/install/limo_msgs/local/lib/python3.10/dist-packages/limo_msgs-0.0.0-py3.10.egg-info/dependency_links.txt
[3.755s] -- Symlinking: /home/pretil/catkin_ws/src/limo_ros2/install/limo_msgs/local/lib/python3.10/dist-packages/limo_msgs-0.0.0-py3.10.egg-info/top_level.txt
[3.764s] -- Symlinking: /home/pretil/catkin_ws/src/limo_ros2/install/limo_msgs/local/lib/python3.10/dist-packages/limo_msgs/__init__.py
[3.771s] -- Symlinking: /home/pretil/catkin_ws/src/limo_ros2/install/limo_msgs/local/lib/python3.10/dist-packages/limo_msgs/_limo_msgs_s.ep.rosidl_typesupport_c.c
[3.777s] -- Symlinking: /home/pretil/catkin_ws/src/limo_ros2/install/limo_msgs/local/lib/python3.10/dist-packages/limo_msgs/_limo_msgs_s.ep.rosidl_typesupport_fastrtps_c.c
[3.784s] -- Symlinking: /home/pretil/catkin_ws/src/limo_ros2/install/limo_msgs/local/lib/python3.10/dist-packages/limo_msgs/_limo_msgs_s.ep.rosidl_typesupport_introspection_c.c
[3.790s] -- Symlinking: /home/pretil/catkin_ws/src/limo_ros2/install/limo_msgs/local/lib/python3.10/dist-packages/limo_msgs/liblimo_msgs__rosidl_generator_py.so
[3.796s] -- Symlinking: /home/pretil/catkin_ws/src/limo_ros2/install/limo_msgs/local/lib/python3.10/dist-packages/limo_msgs/limo_msgs_s__rosidl_typesupport_c.cpython-310-x86_64-linux-gnu.so
[3.803s] -- Symlinking: /home/pretil/catkin_ws/src/limo_ros2/install/limo_msgs/local/lib/python3.10/dist-packages/limo_msgs/limo_msgs_s__rosidl_typesupport_fastrtps_c.cpython-310-x86_64-linux-gnu.so
[3.810s] -- Symlinking: /home/pretil/catkin_ws/src/limo_ros2/install/limo_msgs/local/lib/python3.10/dist-packages/limo_msgs/limo_msgs_s__rosidl_typesupport_introspection_c.cpython-310-x86_64-linux-gnu.so
[3.816s] -- Symlinking: /home/pretil/catkin_ws/src/limo_ros2/install/limo_msgs/local/lib/python3.10/dist-packages/limo_msgs/msg/__init__.py
[3.823s] -- Symlinking: /home/pretil/catkin_ws/src/limo_ros2/install/limo_msgs/local/lib/python3.10/dist-packages/limo_msgs/msg/_limo_status.py
[3.830s] -- Symlinking: /home/pretil/catkin_ws/src/limo_ros2/install/limo_msgs/local/lib/python3.10/dist-packages/limo_msgs/msg/_limo_status_s.c
[3.837s] -- Up-to-date symlink: /home/pretil/catkin_ws/src/limo_ros2/install/limo_msgs/local/lib/python3.10/dist-packages/limo_msgs/limo_msgs_s__rosidl_typesupport_fastrtps_c.cpython-310-x86_64-linux-gnu.so
[3.838s] -- Up-to-date symlink: /home/pretil/catkin_ws/src/limo_ros2/install/limo_msgs/local/lib/python3.10/dist-packages/limo_msgs/limo_msgs_s__rosidl_typesupport_introspection_c.cpython-310-x86_64-linux-gnu.so
[3.838s] -- Up-to-date symlink: /home/pretil/catkin_ws/src/limo_ros2/install/limo_msgs/local/lib/python3.10/dist-packages/limo_msgs/limo_msgs_s__rosidl_typesupport_c.cpython-310-x86_64-linux-gnu.so
[3.839s] -- Symlinking: /home/pretil/catkin_ws/src/limo_ros2/install/limo_msgs/share/ament_index/resource_index/rust_packages/limo_msgs
[3.846s] -- Symlinking: /home/pretil/catkin_ws/src/limo_ros2/install/limo_msgs/share/limo_msgs/rust/Cargo.toml
[3.853s] -- Symlinking: /home/pretil/catkin_ws/src/limo_ros2/install/limo_msgs/share/limo_msgs/rust/build.rs
[3.862s] -- Symlinking: /home/pretil/catkin_ws/src/limo_ros2/install/limo_msgs/share/limo_msgs/rust/src/lib.rs
[3.869s] -- Symlinking: /home/pretil/catkin_ws/src/limo_ros2/install/limo_msgs/share/limo_msgs/rust/src/msg.rs
[3.875s] -- Symlinking: /home/pretil/catkin_ws/src/limo_ros2/install/limo_msgs/share/limo_msgs/rust/src/msg/rmw.rs
[3.882s] -- Symlinking: /home/pretil/catkin_ws/src/limo_ros2/install/limo_msgs/share/limo_msgs/msg/LimoStatus.idl
[3.889s] -- Symlinking: /home/pretil/catkin_ws/src/limo_ros2/install/limo_msgs/share/limo_msgs/msg/LimoStatus.msg
[3.895s] -- Symlinking: /home/pretil/catkin_ws/src/limo_ros2/install/limo_msgs/share/ament_index/resource_index/package_run_dependencies/limo_msgs
[3.902s] -- Symlinking: /home/pretil/catkin_ws/src/limo_ros2/install/limo_msgs/share/ament_index/resource_index/parent_prefix_path/limo_msgs
[3.909s] -- Symlinking: /home/pretil/catkin_ws/src/limo_ros2/install/limo_msgs/share/limo_msgs/environment/ament_prefix_path.sh
[3.915s] -- Symlinking: /home/pretil/catkin_ws/src/limo_ros2/install/limo_msgs/share/limo_msgs/environment/ament_prefix_path.dsv
[3.922s] -- Symlinking: /home/pretil/catkin_ws/src/limo_ros2/install/limo_msgs/share/limo_msgs/environment/path.sh
[3.929s] -- Symlinking: /home/pretil/catkin_ws/src/limo_ros2/install/limo_msgs/share/limo_msgs/environment/path.dsv
[3.936s] -- Symlinking: /home/pretil/catkin_ws/src/limo_ros2/install/limo_msgs/share/limo_msgs/local_setup.bash
[3.943s] -- Symlinking: /home/pretil/catkin_ws/src/limo_ros2/install/limo_msgs/share/limo_msgs/local_setup.sh
[3.951s] -- Symlinking: /home/pretil/catkin_ws/src/limo_ros2/install/limo_msgs/share/limo_msgs/local_setup.zsh
[3.957s] -- Symlinking: /home/pretil/catkin_ws/src/limo_ros2/install/limo_msgs/share/limo_msgs/local_setup.dsv
[3.966s] -- Symlinking: /home/pretil/catkin_ws/src/limo_ros2/install/limo_msgs/share/limo_msgs/package.dsv
[3.973s] -- Symlinking: /home/pretil/catkin_ws/src/limo_ros2/install/limo_msgs/share/ament_index/resource_index/packages/limo_msgs
[3.979s] -- Symlinking: /home/pretil/catkin_ws/src/limo_ros2/install/limo_msgs/share/limo_msgs/cmake/rosidl_cmake-extras.cmake
[3.986s] -- Symlinking: /home/pretil/catkin_ws/src/limo_ros2/install/limo_msgs/share/limo_msgs/cmake/ament_cmake_export_dependencies-extras.cmake
[3.992s] -- Symlinking: /home/pretil/catkin_ws/src/limo_ros2/install/limo_msgs/share/limo_msgs/cmake/ament_cmake_export_include_directories-extras.cmake
[3.998s] -- Symlinking: /home/pretil/catkin_ws/src/limo_ros2/install/limo_msgs/share/limo_msgs/cmake/ament_cmake_export_libraries-extras.cmake
[4.005s] -- Symlinking: /home/pretil/catkin_ws/src/limo_ros2/install/limo_msgs/share/limo_msgs/cmake/ament_cmake_export_targets-extras.cmake
[4.012s] -- Symlinking: /home/pretil/catkin_ws/src/limo_ros2/install/limo_msgs/share/limo_msgs/cmake/rosidl_cmake_export_typesupport_targets-extras.cmake
[4.018s] -- Symlinking: /home/pretil/catkin_ws/src/limo_ros2/install/limo_msgs/share/limo_msgs/cmake/rosidl_cmake_export_typesupport_libraries-extras.cmake
[4.025s] -- Symlinking: /home/pretil/catkin_ws/src/limo_ros2/install/limo_msgs/share/limo_msgs/cmake/limo_msgsConfig.cmake
[4.032s] -- Symlinking: /home/pretil/catkin_ws/src/limo_ros2/install/limo_msgs/share/limo_msgs/cmake/limo_msgsConfig-version.cmake
[4.038s] -- Symlinking: /home/pretil/catkin_ws/src/limo_ros2/install/limo_msgs/share/limo_msgs/package.xml
[4.045s] -- Installing: /home/pretil/catkin_ws/src/limo_ros2/install/limo_msgs/lib/liblimo_msgs__rosidl_generator_c.so
[4.046s] -- Set runtime path of "/home/pretil/catkin_ws/src/limo_ros2/install/limo_msgs/lib/liblimo_msgs__rosidl_generator_c.so" to ""
[4.046s] -- Installing: /home/pretil/catkin_ws/src/limo_ros2/install/limo_msgs/lib/liblimo_msgs__rosidl_typesupport_fastrtps_c.so
[4.046s] -- Set runtime path of "/home/pretil/catkin_ws/src/limo_ros2/install/limo_msgs/lib/liblimo_msgs__rosidl_typesupport_fastrtps_c.so" to ""
[4.046s] -- Installing: /home/pretil/catkin_ws/src/limo_ros2/install/limo_msgs/lib/liblimo_msgs__rosidl_typesupport_fastrtps_cpp.so
[4.047s] -- Set runtime path of "/home/pretil/catkin_ws/src/limo_ros2/install/limo_msgs/lib/liblimo_msgs__rosidl_typesupport_fastrtps_cpp.so" to ""
[4.047s] -- Installing: /home/pretil/catkin_ws/src/limo_ros2/install/limo_msgs/lib/liblimo_msgs__rosidl_typesupport_introspection_c.so
[4.047s] -- Set runtime path of "/home/pretil/catkin_ws/src/limo_ros2/install/limo_msgs/lib/liblimo_msgs__rosidl_typesupport_introspection_c.so" to ""
[4.047s] -- Installing: /home/pretil/catkin_ws/src/limo_ros2/install/limo_msgs/lib/liblimo_msgs__rosidl_typesupport_c.so
[4.048s] -- Set runtime path of "/home/pretil/catkin_ws/src/limo_ros2/install/limo_msgs/lib/liblimo_msgs__rosidl_typesupport_c.so" to ""
[4.048s] -- Installing: /home/pretil/catkin_ws/src/limo_ros2/install/limo_msgs/lib/liblimo_msgs__rosidl_typesupport_introspection_cpp.so
[4.048s] -- Set runtime path of "/home/pretil/catkin_ws/src/limo_ros2/install/limo_msgs/lib/liblimo_msgs__rosidl_typesupport_introspection_cpp.so" to ""
[4.048s] -- Installing: /home/pretil/catkin_ws/src/limo_ros2/install/limo_msgs/lib/liblimo_msgs__rosidl_typesupport_cpp.so
[4.048s] -- Set runtime path of "/home/pretil/catkin_ws/src/limo_ros2/install/limo_msgs/lib/liblimo_msgs__rosidl_typesupport_cpp.so" to ""
[4.080s] Listing '/home/pretil/catkin_ws/src/limo_ros2/install/limo_msgs/local/lib/python3.10/dist-packages/limo_msgs'...
[4.081s] Compiling '/home/pretil/catkin_ws/src/limo_ros2/install/limo_msgs/local/lib/python3.10/dist-packages/limo_msgs/__init__.py'...
[4.081s] Listing '/home/pretil/catkin_ws/src/limo_ros2/install/limo_msgs/local/lib/python3.10/dist-packages/limo_msgs/msg'...
[4.081s] Compiling '/home/pretil/catkin_ws/src/limo_ros2/install/limo_msgs/local/lib/python3.10/dist-packages/limo_msgs/msg/__init__.py'...
[4.081s] Compiling '/home/pretil/catkin_ws/src/limo_ros2/install/limo_msgs/local/lib/python3.10/dist-packages/limo_msgs/msg/_limo_status.py'...
[4.084s] -- Installing: /home/pretil/catkin_ws/src/limo_ros2/install/limo_msgs/lib/liblimo_msgs__rosidl_generator_py.so
[4.085s] -- Set runtime path of "/home/pretil/catkin_ws/src/limo_ros2/install/limo_msgs/lib/liblimo_msgs__rosidl_generator_py.so" to ""
[4.085s] -- Installing: /home/pretil/catkin_ws/src/limo_ros2/install/limo_msgs/share/limo_msgs/cmake/export_limo_msgs__rosidl_generator_cExport.cmake
[4.085s] -- Installing: /home/pretil/catkin_ws/src/limo_ros2/install/limo_msgs/share/limo_msgs/cmake/export_limo_msgs__rosidl_generator_cExport-noconfig.cmake
[4.085s] -- Installing: /home/pretil/catkin_ws/src/limo_ros2/install/limo_msgs/share/limo_msgs/cmake/export_limo_msgs__rosidl_typesupport_fastrtps_cExport.cmake
[4.085s] -- Installing: /home/pretil/catkin_ws/src/limo_ros2/install/limo_msgs/share/limo_msgs/cmake/export_limo_msgs__rosidl_typesupport_fastrtps_cExport-noconfig.cmake
[4.085s] -- Installing: /home/pretil/catkin_ws/src/limo_ros2/install/limo_msgs/share/limo_msgs/cmake/export_limo_msgs__rosidl_generator_cppExport.cmake
[4.086s] -- Installing: /home/pretil/catkin_ws/src/limo_ros2/install/limo_msgs/share/limo_msgs/cmake/export_limo_msgs__rosidl_typesupport_fastrtps_cppExport.cmake
[4.086s] -- Installing: /home/pretil/catkin_ws/src/limo_ros2/install/limo_msgs/share/limo_msgs/cmake/export_limo_msgs__rosidl_typesupport_fastrtps_cppExport-noconfig.cmake
[4.086s] -- Installing: /home/pretil/catkin_ws/src/limo_ros2/install/limo_msgs/share/limo_msgs/cmake/limo_msgs__rosidl_typesupport_introspection_cExport.cmake
[4.086s] -- Installing: /home/pretil/catkin_ws/src/limo_ros2/install/limo_msgs/share/limo_msgs/cmake/limo_msgs__rosidl_typesupport_introspection_cExport-noconfig.cmake
[4.087s] -- Installing: /home/pretil/catkin_ws/src/limo_ros2/install/limo_msgs/share/limo_msgs/cmake/limo_msgs__rosidl_typesupport_cExport.cmake
[4.087s] -- Installing: /home/pretil/catkin_ws/src/limo_ros2/install/limo_msgs/share/limo_msgs/cmake/limo_msgs__rosidl_typesupport_cExport-noconfig.cmake
[4.087s] -- Installing: /home/pretil/catkin_ws/src/limo_ros2/install/limo_msgs/share/limo_msgs/cmake/limo_msgs__rosidl_typesupport_introspection_cppExport.cmake
[4.087s] -- Installing: /home/pretil/catkin_ws/src/limo_ros2/install/limo_msgs/share/limo_msgs/cmake/limo_msgs__rosidl_typesupport_introspection_cppExport-noconfig.cmake
[4.087s] -- Installing: /home/pretil/catkin_ws/src/limo_ros2/install/limo_msgs/share/limo_msgs/cmake/limo_msgs__rosidl_typesupport_cppExport.cmake
[4.087s] -- Installing: /home/pretil/catkin_ws/src/limo_ros2/install/limo_msgs/share/limo_msgs/cmake/limo_msgs__rosidl_typesupport_cppExport-noconfig.cmake
[4.088s] -- Installing: /home/pretil/catkin_ws/src/limo_ros2/install/limo_msgs/share/limo_msgs/cmake/export_limo_msgs__rosidl_generator_pyExport.cmake
[4.088s] -- Installing: /home/pretil/catkin_ws/src/limo_ros2/install/limo_msgs/share/limo_msgs/cmake/export_limo_msgs__rosidl_generator_pyExport-noconfig.cmake
[4.090s] Invoked command in '/home/pretil/catkin_ws/src/limo_ros2/build/limo_msgs' returned '0': CMAKE_PREFIX_PATH=${CMAKE_PREFIX_PATH}:/opt/ros/humble /usr/bin/cmake --install /home/pretil/catkin_ws/src/limo_ros2/build/limo_msgs
