[0.109s] DEBUG:colcon:Command line arguments: ['/usr/bin/colcon', 'build', '--symlink-install']
[0.109s] DEBUG:colcon:Parsed command line arguments: Namespace(log_base=None, log_level=None, verb_name='build', build_base='build', install_base='install', merge_install=False, symlink_install=True, test_result_base=None, continue_on_error=False, executor='parallel', parallel_workers=12, event_handlers=None, ignore_user_meta=False, metas=['./colcon.meta'], base_paths=['.'], packages_ignore=None, packages_ignore_regex=None, paths=None, packages_up_to=None, packages_up_to_regex=None, packages_above=None, packages_above_and_dependencies=None, packages_above_depth=None, packages_select_by_dep=None, packages_skip_by_dep=None, packages_skip_up_to=None, packages_select_build_failed=False, packages_skip_build_finished=False, packages_select_test_failures=False, packages_skip_test_passed=False, packages_select=None, packages_skip=None, packages_select_regex=None, packages_skip_regex=None, packages_start=None, packages_end=None, cmake_args=None, cmake_target=None, cmake_target_skip_unavailable=False, cmake_clean_cache=False, cmake_clean_first=False, cmake_force_configure=False, ament_cmake_args=None, catkin_cmake_args=None, catkin_skip_building_tests=False, mixin_files=None, mixin=None, verb_parser=<colcon_mixin.mixin.mixin_argument.MixinArgumentDecorator object at 0x7fe129b15780>, verb_extension=<colcon_core.verb.build.BuildVerb object at 0x7fe129b152d0>, main=<bound method BuildVerb.main of <colcon_core.verb.build.BuildVerb object at 0x7fe129b152d0>>, mixin_verb=('build',))
[0.286s] Level 1:colcon.colcon_core.package_discovery:discover_packages(colcon_meta) check parameters
[0.286s] Level 1:colcon.colcon_core.package_discovery:discover_packages(recursive) check parameters
[0.286s] Level 1:colcon.colcon_core.package_discovery:discover_packages(ignore) check parameters
[0.286s] Level 1:colcon.colcon_core.package_discovery:discover_packages(path) check parameters
[0.286s] Level 1:colcon.colcon_core.package_discovery:discover_packages(colcon_meta) discover
[0.287s] Level 1:colcon.colcon_core.package_discovery:discover_packages(recursive) discover
[0.287s] INFO:colcon.colcon_core.package_discovery:Crawling recursively for packages in '/home/pretil/catkin_ws/src/limo_ros2'
[0.287s] Level 1:colcon.colcon_core.package_identification:_identify(.) by extensions ['ignore', 'ignore_ament_install']
[0.287s] Level 1:colcon.colcon_core.package_identification:_identify(.) by extension 'ignore'
[0.287s] Level 1:colcon.colcon_core.package_identification:_identify(.) by extension 'ignore_ament_install'
[0.287s] Level 1:colcon.colcon_core.package_identification:_identify(.) by extensions ['colcon_pkg']
[0.287s] Level 1:colcon.colcon_core.package_identification:_identify(.) by extension 'colcon_pkg'
[0.287s] Level 1:colcon.colcon_core.package_identification:_identify(.) by extensions ['colcon_meta']
[0.287s] Level 1:colcon.colcon_core.package_identification:_identify(.) by extension 'colcon_meta'
[0.287s] Level 1:colcon.colcon_core.package_identification:_identify(.) by extensions ['ros']
[0.287s] Level 1:colcon.colcon_core.package_identification:_identify(.) by extension 'ros'
[0.297s] Level 1:colcon.colcon_core.package_identification:_identify(.) by extensions ['cmake', 'python']
[0.298s] Level 1:colcon.colcon_core.package_identification:_identify(.) by extension 'cmake'
[0.298s] Level 1:colcon.colcon_core.package_identification:_identify(.) by extension 'python'
[0.298s] Level 1:colcon.colcon_core.package_identification:_identify(.) by extensions ['python_setup_py']
[0.298s] Level 1:colcon.colcon_core.package_identification:_identify(.) by extension 'python_setup_py'
[0.298s] Level 1:colcon.colcon_core.package_identification:_identify(build) by extensions ['ignore', 'ignore_ament_install']
[0.298s] Level 1:colcon.colcon_core.package_identification:_identify(build) by extension 'ignore'
[0.298s] Level 1:colcon.colcon_core.package_identification:_identify(build) ignored
[0.298s] Level 1:colcon.colcon_core.package_identification:_identify(install) by extensions ['ignore', 'ignore_ament_install']
[0.298s] Level 1:colcon.colcon_core.package_identification:_identify(install) by extension 'ignore'
[0.298s] Level 1:colcon.colcon_core.package_identification:_identify(install) ignored
[0.298s] Level 1:colcon.colcon_core.package_identification:_identify(limo_base) by extensions ['ignore', 'ignore_ament_install']
[0.298s] Level 1:colcon.colcon_core.package_identification:_identify(limo_base) by extension 'ignore'
[0.298s] Level 1:colcon.colcon_core.package_identification:_identify(limo_base) by extension 'ignore_ament_install'
[0.298s] Level 1:colcon.colcon_core.package_identification:_identify(limo_base) by extensions ['colcon_pkg']
[0.298s] Level 1:colcon.colcon_core.package_identification:_identify(limo_base) by extension 'colcon_pkg'
[0.299s] Level 1:colcon.colcon_core.package_identification:_identify(limo_base) by extensions ['colcon_meta']
[0.299s] Level 1:colcon.colcon_core.package_identification:_identify(limo_base) by extension 'colcon_meta'
[0.299s] Level 1:colcon.colcon_core.package_identification:_identify(limo_base) by extensions ['ros']
[0.299s] Level 1:colcon.colcon_core.package_identification:_identify(limo_base) by extension 'ros'
[0.301s] DEBUG:colcon.colcon_core.package_identification:Package 'limo_base' with type 'ros.ament_cmake' and name 'limo_base'
[0.301s] Level 1:colcon.colcon_core.package_identification:_identify(limo_car) by extensions ['ignore', 'ignore_ament_install']
[0.302s] Level 1:colcon.colcon_core.package_identification:_identify(limo_car) by extension 'ignore'
[0.302s] Level 1:colcon.colcon_core.package_identification:_identify(limo_car) by extension 'ignore_ament_install'
[0.302s] Level 1:colcon.colcon_core.package_identification:_identify(limo_car) by extensions ['colcon_pkg']
[0.302s] Level 1:colcon.colcon_core.package_identification:_identify(limo_car) by extension 'colcon_pkg'
[0.302s] Level 1:colcon.colcon_core.package_identification:_identify(limo_car) by extensions ['colcon_meta']
[0.302s] Level 1:colcon.colcon_core.package_identification:_identify(limo_car) by extension 'colcon_meta'
[0.302s] Level 1:colcon.colcon_core.package_identification:_identify(limo_car) by extensions ['ros']
[0.302s] Level 1:colcon.colcon_core.package_identification:_identify(limo_car) by extension 'ros'
[0.303s] DEBUG:colcon.colcon_core.package_identification:Package 'limo_car' with type 'ros.ament_cmake' and name 'limo_car'
[0.303s] Level 1:colcon.colcon_core.package_identification:_identify(limo_description) by extensions ['ignore', 'ignore_ament_install']
[0.303s] Level 1:colcon.colcon_core.package_identification:_identify(limo_description) by extension 'ignore'
[0.303s] Level 1:colcon.colcon_core.package_identification:_identify(limo_description) by extension 'ignore_ament_install'
[0.303s] Level 1:colcon.colcon_core.package_identification:_identify(limo_description) by extensions ['colcon_pkg']
[0.303s] Level 1:colcon.colcon_core.package_identification:_identify(limo_description) by extension 'colcon_pkg'
[0.303s] Level 1:colcon.colcon_core.package_identification:_identify(limo_description) by extensions ['colcon_meta']
[0.303s] Level 1:colcon.colcon_core.package_identification:_identify(limo_description) by extension 'colcon_meta'
[0.303s] Level 1:colcon.colcon_core.package_identification:_identify(limo_description) by extensions ['ros']
[0.303s] Level 1:colcon.colcon_core.package_identification:_identify(limo_description) by extension 'ros'
[0.304s] DEBUG:colcon.colcon_core.package_identification:Package 'limo_description' with type 'ros.ament_cmake' and name 'limo_description'
[0.304s] Level 1:colcon.colcon_core.package_identification:_identify(limo_msgs) by extensions ['ignore', 'ignore_ament_install']
[0.304s] Level 1:colcon.colcon_core.package_identification:_identify(limo_msgs) by extension 'ignore'
[0.304s] Level 1:colcon.colcon_core.package_identification:_identify(limo_msgs) by extension 'ignore_ament_install'
[0.304s] Level 1:colcon.colcon_core.package_identification:_identify(limo_msgs) by extensions ['colcon_pkg']
[0.304s] Level 1:colcon.colcon_core.package_identification:_identify(limo_msgs) by extension 'colcon_pkg'
[0.304s] Level 1:colcon.colcon_core.package_identification:_identify(limo_msgs) by extensions ['colcon_meta']
[0.305s] Level 1:colcon.colcon_core.package_identification:_identify(limo_msgs) by extension 'colcon_meta'
[0.305s] Level 1:colcon.colcon_core.package_identification:_identify(limo_msgs) by extensions ['ros']
[0.305s] Level 1:colcon.colcon_core.package_identification:_identify(limo_msgs) by extension 'ros'
[0.305s] DEBUG:colcon.colcon_core.package_identification:Package 'limo_msgs' with type 'ros.ament_cmake' and name 'limo_msgs'
[0.305s] Level 1:colcon.colcon_core.package_identification:_identify(log) by extensions ['ignore', 'ignore_ament_install']
[0.305s] Level 1:colcon.colcon_core.package_identification:_identify(log) by extension 'ignore'
[0.305s] Level 1:colcon.colcon_core.package_identification:_identify(log) ignored
[0.305s] Level 1:colcon.colcon_core.package_discovery:discover_packages(recursive) using defaults
[0.305s] Level 1:colcon.colcon_core.package_discovery:discover_packages(ignore) discover
[0.306s] Level 1:colcon.colcon_core.package_discovery:discover_packages(ignore) using defaults
[0.306s] Level 1:colcon.colcon_core.package_discovery:discover_packages(path) discover
[0.306s] Level 1:colcon.colcon_core.package_discovery:discover_packages(path) using defaults
[0.334s] Level 5:colcon.colcon_core.verb:set package 'limo_car' build argument 'cmake_args' from command line to 'None'
[0.334s] Level 5:colcon.colcon_core.verb:set package 'limo_car' build argument 'cmake_target' from command line to 'None'
[0.334s] Level 5:colcon.colcon_core.verb:set package 'limo_car' build argument 'cmake_target_skip_unavailable' from command line to 'False'
[0.334s] Level 5:colcon.colcon_core.verb:set package 'limo_car' build argument 'cmake_clean_cache' from command line to 'False'
[0.334s] Level 5:colcon.colcon_core.verb:set package 'limo_car' build argument 'cmake_clean_first' from command line to 'False'
[0.334s] Level 5:colcon.colcon_core.verb:set package 'limo_car' build argument 'cmake_force_configure' from command line to 'False'
[0.334s] Level 5:colcon.colcon_core.verb:set package 'limo_car' build argument 'ament_cmake_args' from command line to 'None'
[0.334s] Level 5:colcon.colcon_core.verb:set package 'limo_car' build argument 'catkin_cmake_args' from command line to 'None'
[0.334s] Level 5:colcon.colcon_core.verb:set package 'limo_car' build argument 'catkin_skip_building_tests' from command line to 'False'
[0.334s] DEBUG:colcon.colcon_core.verb:Building package 'limo_car' with the following arguments: {'ament_cmake_args': None, 'build_base': '/home/pretil/catkin_ws/src/limo_ros2/build/limo_car', 'catkin_cmake_args': None, 'catkin_skip_building_tests': False, 'cmake_args': None, 'cmake_clean_cache': False, 'cmake_clean_first': False, 'cmake_force_configure': False, 'cmake_target': None, 'cmake_target_skip_unavailable': False, 'install_base': '/home/pretil/catkin_ws/src/limo_ros2/install/limo_car', 'merge_install': False, 'path': '/home/pretil/catkin_ws/src/limo_ros2/limo_car', 'symlink_install': True, 'test_result_base': None}
[0.334s] Level 5:colcon.colcon_core.verb:set package 'limo_description' build argument 'cmake_args' from command line to 'None'
[0.334s] Level 5:colcon.colcon_core.verb:set package 'limo_description' build argument 'cmake_target' from command line to 'None'
[0.334s] Level 5:colcon.colcon_core.verb:set package 'limo_description' build argument 'cmake_target_skip_unavailable' from command line to 'False'
[0.334s] Level 5:colcon.colcon_core.verb:set package 'limo_description' build argument 'cmake_clean_cache' from command line to 'False'
[0.334s] Level 5:colcon.colcon_core.verb:set package 'limo_description' build argument 'cmake_clean_first' from command line to 'False'
[0.334s] Level 5:colcon.colcon_core.verb:set package 'limo_description' build argument 'cmake_force_configure' from command line to 'False'
[0.334s] Level 5:colcon.colcon_core.verb:set package 'limo_description' build argument 'ament_cmake_args' from command line to 'None'
[0.334s] Level 5:colcon.colcon_core.verb:set package 'limo_description' build argument 'catkin_cmake_args' from command line to 'None'
[0.334s] Level 5:colcon.colcon_core.verb:set package 'limo_description' build argument 'catkin_skip_building_tests' from command line to 'False'
[0.334s] DEBUG:colcon.colcon_core.verb:Building package 'limo_description' with the following arguments: {'ament_cmake_args': None, 'build_base': '/home/pretil/catkin_ws/src/limo_ros2/build/limo_description', 'catkin_cmake_args': None, 'catkin_skip_building_tests': False, 'cmake_args': None, 'cmake_clean_cache': False, 'cmake_clean_first': False, 'cmake_force_configure': False, 'cmake_target': None, 'cmake_target_skip_unavailable': False, 'install_base': '/home/pretil/catkin_ws/src/limo_ros2/install/limo_description', 'merge_install': False, 'path': '/home/pretil/catkin_ws/src/limo_ros2/limo_description', 'symlink_install': True, 'test_result_base': None}
[0.335s] Level 5:colcon.colcon_core.verb:set package 'limo_msgs' build argument 'cmake_args' from command line to 'None'
[0.335s] Level 5:colcon.colcon_core.verb:set package 'limo_msgs' build argument 'cmake_target' from command line to 'None'
[0.335s] Level 5:colcon.colcon_core.verb:set package 'limo_msgs' build argument 'cmake_target_skip_unavailable' from command line to 'False'
[0.335s] Level 5:colcon.colcon_core.verb:set package 'limo_msgs' build argument 'cmake_clean_cache' from command line to 'False'
[0.335s] Level 5:colcon.colcon_core.verb:set package 'limo_msgs' build argument 'cmake_clean_first' from command line to 'False'
[0.335s] Level 5:colcon.colcon_core.verb:set package 'limo_msgs' build argument 'cmake_force_configure' from command line to 'False'
[0.335s] Level 5:colcon.colcon_core.verb:set package 'limo_msgs' build argument 'ament_cmake_args' from command line to 'None'
[0.335s] Level 5:colcon.colcon_core.verb:set package 'limo_msgs' build argument 'catkin_cmake_args' from command line to 'None'
[0.335s] Level 5:colcon.colcon_core.verb:set package 'limo_msgs' build argument 'catkin_skip_building_tests' from command line to 'False'
[0.335s] DEBUG:colcon.colcon_core.verb:Building package 'limo_msgs' with the following arguments: {'ament_cmake_args': None, 'build_base': '/home/pretil/catkin_ws/src/limo_ros2/build/limo_msgs', 'catkin_cmake_args': None, 'catkin_skip_building_tests': False, 'cmake_args': None, 'cmake_clean_cache': False, 'cmake_clean_first': False, 'cmake_force_configure': False, 'cmake_target': None, 'cmake_target_skip_unavailable': False, 'install_base': '/home/pretil/catkin_ws/src/limo_ros2/install/limo_msgs', 'merge_install': False, 'path': '/home/pretil/catkin_ws/src/limo_ros2/limo_msgs', 'symlink_install': True, 'test_result_base': None}
[0.335s] Level 5:colcon.colcon_core.verb:set package 'limo_base' build argument 'cmake_args' from command line to 'None'
[0.335s] Level 5:colcon.colcon_core.verb:set package 'limo_base' build argument 'cmake_target' from command line to 'None'
[0.335s] Level 5:colcon.colcon_core.verb:set package 'limo_base' build argument 'cmake_target_skip_unavailable' from command line to 'False'
[0.335s] Level 5:colcon.colcon_core.verb:set package 'limo_base' build argument 'cmake_clean_cache' from command line to 'False'
[0.335s] Level 5:colcon.colcon_core.verb:set package 'limo_base' build argument 'cmake_clean_first' from command line to 'False'
[0.336s] Level 5:colcon.colcon_core.verb:set package 'limo_base' build argument 'cmake_force_configure' from command line to 'False'
[0.336s] Level 5:colcon.colcon_core.verb:set package 'limo_base' build argument 'ament_cmake_args' from command line to 'None'
[0.336s] Level 5:colcon.colcon_core.verb:set package 'limo_base' build argument 'catkin_cmake_args' from command line to 'None'
[0.336s] Level 5:colcon.colcon_core.verb:set package 'limo_base' build argument 'catkin_skip_building_tests' from command line to 'False'
[0.336s] DEBUG:colcon.colcon_core.verb:Building package 'limo_base' with the following arguments: {'ament_cmake_args': None, 'build_base': '/home/pretil/catkin_ws/src/limo_ros2/build/limo_base', 'catkin_cmake_args': None, 'catkin_skip_building_tests': False, 'cmake_args': None, 'cmake_clean_cache': False, 'cmake_clean_first': False, 'cmake_force_configure': False, 'cmake_target': None, 'cmake_target_skip_unavailable': False, 'install_base': '/home/pretil/catkin_ws/src/limo_ros2/install/limo_base', 'merge_install': False, 'path': '/home/pretil/catkin_ws/src/limo_ros2/limo_base', 'symlink_install': True, 'test_result_base': None}
[0.336s] INFO:colcon.colcon_core.executor:Executing jobs using 'parallel' executor
[0.337s] DEBUG:colcon.colcon_parallel_executor.executor.parallel:run_until_complete
[0.337s] INFO:colcon.colcon_ros.task.ament_cmake.build:Building ROS package in '/home/pretil/catkin_ws/src/limo_ros2/limo_msgs' with build type 'ament_cmake'
[0.337s] INFO:colcon.colcon_cmake.task.cmake.build:Building CMake package in '/home/pretil/catkin_ws/src/limo_ros2/limo_msgs'
[0.339s] INFO:colcon.colcon_core.plugin_system:Skipping extension 'colcon_core.shell.bat': Not used on non-Windows systems
[0.339s] INFO:colcon.colcon_core.shell:Skip shell extension 'powershell' for command environment: Not usable outside of PowerShell
[0.340s] DEBUG:colcon.colcon_core.shell:Skip shell extension 'dsv' for command environment
[0.345s] INFO:colcon.colcon_ros.task.ament_cmake.build:Building ROS package in '/home/pretil/catkin_ws/src/limo_ros2/limo_car' with build type 'ament_cmake'
[0.345s] INFO:colcon.colcon_cmake.task.cmake.build:Building CMake package in '/home/pretil/catkin_ws/src/limo_ros2/limo_car'
[0.345s] INFO:colcon.colcon_core.shell:Skip shell extension 'powershell' for command environment: Not usable outside of PowerShell
[0.346s] DEBUG:colcon.colcon_core.shell:Skip shell extension 'dsv' for command environment
[0.350s] INFO:colcon.colcon_ros.task.ament_cmake.build:Building ROS package in '/home/pretil/catkin_ws/src/limo_ros2/limo_description' with build type 'ament_cmake'
[0.350s] INFO:colcon.colcon_cmake.task.cmake.build:Building CMake package in '/home/pretil/catkin_ws/src/limo_ros2/limo_description'
[0.350s] INFO:colcon.colcon_core.shell:Skip shell extension 'powershell' for command environment: Not usable outside of PowerShell
[0.350s] DEBUG:colcon.colcon_core.shell:Skip shell extension 'dsv' for command environment
[0.357s] DEBUG:colcon.colcon_core.event_handler.log_command:Invoking command in '/home/pretil/catkin_ws/src/limo_ros2/build/limo_msgs': CMAKE_PREFIX_PATH=${CMAKE_PREFIX_PATH}:/opt/ros/humble /usr/bin/cmake /home/pretil/catkin_ws/src/limo_ros2/limo_msgs -DAMENT_CMAKE_SYMLINK_INSTALL=1 -DCMAKE_INSTALL_PREFIX=/home/pretil/catkin_ws/src/limo_ros2/install/limo_msgs
[0.360s] DEBUG:colcon.colcon_core.event_handler.log_command:Invoking command in '/home/pretil/catkin_ws/src/limo_ros2/build/limo_car': CMAKE_PREFIX_PATH=${CMAKE_PREFIX_PATH}:/opt/ros/humble /usr/bin/cmake /home/pretil/catkin_ws/src/limo_ros2/limo_car -DAMENT_CMAKE_SYMLINK_INSTALL=1 -DCMAKE_INSTALL_PREFIX=/home/pretil/catkin_ws/src/limo_ros2/install/limo_car
[0.362s] DEBUG:colcon.colcon_core.event_handler.log_command:Invoking command in '/home/pretil/catkin_ws/src/limo_ros2/build/limo_description': CMAKE_PREFIX_PATH=${CMAKE_PREFIX_PATH}:/opt/ros/humble /usr/bin/cmake /home/pretil/catkin_ws/src/limo_ros2/limo_description -DAMENT_CMAKE_SYMLINK_INSTALL=1 -DCMAKE_INSTALL_PREFIX=/home/pretil/catkin_ws/src/limo_ros2/install/limo_description
[1.018s] DEBUG:colcon.colcon_core.event_handler.log_command:Invoked command in '/home/pretil/catkin_ws/src/limo_ros2/build/limo_description' returned '0': CMAKE_PREFIX_PATH=${CMAKE_PREFIX_PATH}:/opt/ros/humble /usr/bin/cmake /home/pretil/catkin_ws/src/limo_ros2/limo_description -DAMENT_CMAKE_SYMLINK_INSTALL=1 -DCMAKE_INSTALL_PREFIX=/home/pretil/catkin_ws/src/limo_ros2/install/limo_description
[1.021s] DEBUG:colcon.colcon_core.event_handler.log_command:Invoking command in '/home/pretil/catkin_ws/src/limo_ros2/build/limo_description': CMAKE_PREFIX_PATH=${CMAKE_PREFIX_PATH}:/opt/ros/humble /usr/bin/cmake --build /home/pretil/catkin_ws/src/limo_ros2/build/limo_description -- -j12 -l12
[1.027s] DEBUG:colcon.colcon_core.event_handler.log_command:Invoked command in '/home/pretil/catkin_ws/src/limo_ros2/build/limo_car' returned '0': CMAKE_PREFIX_PATH=${CMAKE_PREFIX_PATH}:/opt/ros/humble /usr/bin/cmake /home/pretil/catkin_ws/src/limo_ros2/limo_car -DAMENT_CMAKE_SYMLINK_INSTALL=1 -DCMAKE_INSTALL_PREFIX=/home/pretil/catkin_ws/src/limo_ros2/install/limo_car
[1.029s] DEBUG:colcon.colcon_core.event_handler.log_command:Invoking command in '/home/pretil/catkin_ws/src/limo_ros2/build/limo_car': CMAKE_PREFIX_PATH=${CMAKE_PREFIX_PATH}:/opt/ros/humble /usr/bin/cmake --build /home/pretil/catkin_ws/src/limo_ros2/build/limo_car -- -j12 -l12
[1.052s] DEBUG:colcon.colcon_core.event_handler.log_command:Invoked command in '/home/pretil/catkin_ws/src/limo_ros2/build/limo_description' returned '0': CMAKE_PREFIX_PATH=${CMAKE_PREFIX_PATH}:/opt/ros/humble /usr/bin/cmake --build /home/pretil/catkin_ws/src/limo_ros2/build/limo_description -- -j12 -l12
[1.063s] DEBUG:colcon.colcon_core.event_handler.log_command:Invoking command in '/home/pretil/catkin_ws/src/limo_ros2/build/limo_description': CMAKE_PREFIX_PATH=${CMAKE_PREFIX_PATH}:/opt/ros/humble /usr/bin/cmake --install /home/pretil/catkin_ws/src/limo_ros2/build/limo_description
[1.064s] DEBUG:colcon.colcon_core.event_handler.log_command:Invoked command in '/home/pretil/catkin_ws/src/limo_ros2/build/limo_car' returned '0': CMAKE_PREFIX_PATH=${CMAKE_PREFIX_PATH}:/opt/ros/humble /usr/bin/cmake --build /home/pretil/catkin_ws/src/limo_ros2/build/limo_car -- -j12 -l12
[1.065s] DEBUG:colcon.colcon_core.event_handler.log_command:Invoking command in '/home/pretil/catkin_ws/src/limo_ros2/build/limo_car': CMAKE_PREFIX_PATH=${CMAKE_PREFIX_PATH}:/opt/ros/humble /usr/bin/cmake --install /home/pretil/catkin_ws/src/limo_ros2/build/limo_car
[1.303s] Level 1:colcon.colcon_core.environment:create_environment_scripts_only(limo_description)
[1.304s] DEBUG:colcon.colcon_core.event_handler.log_command:Invoked command in '/home/pretil/catkin_ws/src/limo_ros2/build/limo_description' returned '0': CMAKE_PREFIX_PATH=${CMAKE_PREFIX_PATH}:/opt/ros/humble /usr/bin/cmake --install /home/pretil/catkin_ws/src/limo_ros2/build/limo_description
[1.306s] Level 1:colcon.colcon_core.environment:checking '/home/pretil/catkin_ws/src/limo_ros2/install/limo_description' for CMake module files
[1.307s] Level 1:colcon.colcon_core.environment:checking '/home/pretil/catkin_ws/src/limo_ros2/install/limo_description' for CMake config files
[1.307s] Level 1:colcon.colcon_core.shell:create_environment_hook('limo_description', 'cmake_prefix_path')
[1.307s] INFO:colcon.colcon_core.shell:Creating environment hook '/home/pretil/catkin_ws/src/limo_ros2/install/limo_description/share/limo_description/hook/cmake_prefix_path.ps1'
[1.308s] INFO:colcon.colcon_core.shell:Creating environment descriptor '/home/pretil/catkin_ws/src/limo_ros2/install/limo_description/share/limo_description/hook/cmake_prefix_path.dsv'
[1.308s] INFO:colcon.colcon_core.shell:Creating environment hook '/home/pretil/catkin_ws/src/limo_ros2/install/limo_description/share/limo_description/hook/cmake_prefix_path.sh'
[1.309s] Level 1:colcon.colcon_core.environment:checking '/home/pretil/catkin_ws/src/limo_ros2/install/limo_description/bin'
[1.309s] Level 1:colcon.colcon_core.environment:checking '/home/pretil/catkin_ws/src/limo_ros2/install/limo_description/lib/pkgconfig/limo_description.pc'
[1.311s] Level 1:colcon.colcon_core.environment:checking '/home/pretil/catkin_ws/src/limo_ros2/install/limo_description/lib/python3.10/site-packages'
[1.311s] Level 1:colcon.colcon_core.environment:checking '/home/pretil/catkin_ws/src/limo_ros2/install/limo_description/bin'
[1.312s] INFO:colcon.colcon_core.shell:Creating package script '/home/pretil/catkin_ws/src/limo_ros2/install/limo_description/share/limo_description/package.ps1'
[1.313s] INFO:colcon.colcon_core.shell:Creating package descriptor '/home/pretil/catkin_ws/src/limo_ros2/install/limo_description/share/limo_description/package.dsv'
[1.313s] INFO:colcon.colcon_core.shell:Creating package script '/home/pretil/catkin_ws/src/limo_ros2/install/limo_description/share/limo_description/package.sh'
[1.314s] INFO:colcon.colcon_core.shell:Creating package script '/home/pretil/catkin_ws/src/limo_ros2/install/limo_description/share/limo_description/package.bash'
[1.315s] INFO:colcon.colcon_core.shell:Creating package script '/home/pretil/catkin_ws/src/limo_ros2/install/limo_description/share/limo_description/package.zsh'
[1.315s] Level 1:colcon.colcon_core.environment:create_file_with_runtime_dependencies(/home/pretil/catkin_ws/src/limo_ros2/install/limo_description/share/colcon-core/packages/limo_description)
[1.316s] Level 1:colcon.colcon_core.environment:create_environment_scripts_only(limo_description)
[1.316s] Level 1:colcon.colcon_core.environment:checking '/home/pretil/catkin_ws/src/limo_ros2/install/limo_description' for CMake module files
[1.317s] Level 1:colcon.colcon_core.environment:checking '/home/pretil/catkin_ws/src/limo_ros2/install/limo_description' for CMake config files
[1.317s] Level 1:colcon.colcon_core.shell:create_environment_hook('limo_description', 'cmake_prefix_path')
[1.317s] INFO:colcon.colcon_core.shell:Creating environment hook '/home/pretil/catkin_ws/src/limo_ros2/install/limo_description/share/limo_description/hook/cmake_prefix_path.ps1'
[1.317s] INFO:colcon.colcon_core.shell:Creating environment descriptor '/home/pretil/catkin_ws/src/limo_ros2/install/limo_description/share/limo_description/hook/cmake_prefix_path.dsv'
[1.318s] INFO:colcon.colcon_core.shell:Creating environment hook '/home/pretil/catkin_ws/src/limo_ros2/install/limo_description/share/limo_description/hook/cmake_prefix_path.sh'
[1.318s] Level 1:colcon.colcon_core.environment:checking '/home/pretil/catkin_ws/src/limo_ros2/install/limo_description/bin'
[1.318s] Level 1:colcon.colcon_core.environment:checking '/home/pretil/catkin_ws/src/limo_ros2/install/limo_description/lib/pkgconfig/limo_description.pc'
[1.319s] Level 1:colcon.colcon_core.environment:checking '/home/pretil/catkin_ws/src/limo_ros2/install/limo_description/lib/python3.10/site-packages'
[1.319s] Level 1:colcon.colcon_core.environment:checking '/home/pretil/catkin_ws/src/limo_ros2/install/limo_description/bin'
[1.319s] INFO:colcon.colcon_core.shell:Creating package script '/home/pretil/catkin_ws/src/limo_ros2/install/limo_description/share/limo_description/package.ps1'
[1.320s] INFO:colcon.colcon_core.shell:Creating package descriptor '/home/pretil/catkin_ws/src/limo_ros2/install/limo_description/share/limo_description/package.dsv'
[1.320s] INFO:colcon.colcon_core.shell:Creating package script '/home/pretil/catkin_ws/src/limo_ros2/install/limo_description/share/limo_description/package.sh'
[1.321s] INFO:colcon.colcon_core.shell:Creating package script '/home/pretil/catkin_ws/src/limo_ros2/install/limo_description/share/limo_description/package.bash'
[1.321s] INFO:colcon.colcon_core.shell:Creating package script '/home/pretil/catkin_ws/src/limo_ros2/install/limo_description/share/limo_description/package.zsh'
[1.322s] Level 1:colcon.colcon_core.environment:create_file_with_runtime_dependencies(/home/pretil/catkin_ws/src/limo_ros2/install/limo_description/share/colcon-core/packages/limo_description)
[1.323s] Level 1:colcon.colcon_core.environment:create_environment_scripts_only(limo_car)
[1.323s] Level 1:colcon.colcon_core.environment:checking '/home/pretil/catkin_ws/src/limo_ros2/install/limo_car' for CMake module files
[1.323s] DEBUG:colcon.colcon_core.event_handler.log_command:Invoked command in '/home/pretil/catkin_ws/src/limo_ros2/build/limo_car' returned '0': CMAKE_PREFIX_PATH=${CMAKE_PREFIX_PATH}:/opt/ros/humble /usr/bin/cmake --install /home/pretil/catkin_ws/src/limo_ros2/build/limo_car
[1.324s] Level 1:colcon.colcon_core.environment:checking '/home/pretil/catkin_ws/src/limo_ros2/install/limo_car' for CMake config files
[1.324s] Level 1:colcon.colcon_core.shell:create_environment_hook('limo_car', 'cmake_prefix_path')
[1.324s] INFO:colcon.colcon_core.shell:Creating environment hook '/home/pretil/catkin_ws/src/limo_ros2/install/limo_car/share/limo_car/hook/cmake_prefix_path.ps1'
[1.325s] INFO:colcon.colcon_core.shell:Creating environment descriptor '/home/pretil/catkin_ws/src/limo_ros2/install/limo_car/share/limo_car/hook/cmake_prefix_path.dsv'
[1.325s] INFO:colcon.colcon_core.shell:Creating environment hook '/home/pretil/catkin_ws/src/limo_ros2/install/limo_car/share/limo_car/hook/cmake_prefix_path.sh'
[1.326s] Level 1:colcon.colcon_core.environment:checking '/home/pretil/catkin_ws/src/limo_ros2/install/limo_car/bin'
[1.326s] Level 1:colcon.colcon_core.environment:checking '/home/pretil/catkin_ws/src/limo_ros2/install/limo_car/lib/pkgconfig/limo_car.pc'
[1.326s] Level 1:colcon.colcon_core.environment:checking '/home/pretil/catkin_ws/src/limo_ros2/install/limo_car/lib/python3.10/site-packages'
[1.326s] Level 1:colcon.colcon_core.environment:checking '/home/pretil/catkin_ws/src/limo_ros2/install/limo_car/bin'
[1.327s] INFO:colcon.colcon_core.shell:Creating package script '/home/pretil/catkin_ws/src/limo_ros2/install/limo_car/share/limo_car/package.ps1'
[1.327s] INFO:colcon.colcon_core.shell:Creating package descriptor '/home/pretil/catkin_ws/src/limo_ros2/install/limo_car/share/limo_car/package.dsv'
[1.328s] INFO:colcon.colcon_core.shell:Creating package script '/home/pretil/catkin_ws/src/limo_ros2/install/limo_car/share/limo_car/package.sh'
[1.328s] INFO:colcon.colcon_core.shell:Creating package script '/home/pretil/catkin_ws/src/limo_ros2/install/limo_car/share/limo_car/package.bash'
[1.328s] INFO:colcon.colcon_core.shell:Creating package script '/home/pretil/catkin_ws/src/limo_ros2/install/limo_car/share/limo_car/package.zsh'
[1.329s] Level 1:colcon.colcon_core.environment:create_file_with_runtime_dependencies(/home/pretil/catkin_ws/src/limo_ros2/install/limo_car/share/colcon-core/packages/limo_car)
[1.329s] Level 1:colcon.colcon_core.environment:create_environment_scripts_only(limo_car)
[1.329s] Level 1:colcon.colcon_core.environment:checking '/home/pretil/catkin_ws/src/limo_ros2/install/limo_car' for CMake module files
[1.330s] Level 1:colcon.colcon_core.environment:checking '/home/pretil/catkin_ws/src/limo_ros2/install/limo_car' for CMake config files
[1.330s] Level 1:colcon.colcon_core.shell:create_environment_hook('limo_car', 'cmake_prefix_path')
[1.331s] INFO:colcon.colcon_core.shell:Creating environment hook '/home/pretil/catkin_ws/src/limo_ros2/install/limo_car/share/limo_car/hook/cmake_prefix_path.ps1'
[1.331s] INFO:colcon.colcon_core.shell:Creating environment descriptor '/home/pretil/catkin_ws/src/limo_ros2/install/limo_car/share/limo_car/hook/cmake_prefix_path.dsv'
[1.331s] INFO:colcon.colcon_core.shell:Creating environment hook '/home/pretil/catkin_ws/src/limo_ros2/install/limo_car/share/limo_car/hook/cmake_prefix_path.sh'
[1.332s] Level 1:colcon.colcon_core.environment:checking '/home/pretil/catkin_ws/src/limo_ros2/install/limo_car/bin'
[1.332s] Level 1:colcon.colcon_core.environment:checking '/home/pretil/catkin_ws/src/limo_ros2/install/limo_car/lib/pkgconfig/limo_car.pc'
[1.332s] Level 1:colcon.colcon_core.environment:checking '/home/pretil/catkin_ws/src/limo_ros2/install/limo_car/lib/python3.10/site-packages'
[1.332s] Level 1:colcon.colcon_core.environment:checking '/home/pretil/catkin_ws/src/limo_ros2/install/limo_car/bin'
[1.333s] INFO:colcon.colcon_core.shell:Creating package script '/home/pretil/catkin_ws/src/limo_ros2/install/limo_car/share/limo_car/package.ps1'
[1.333s] INFO:colcon.colcon_core.shell:Creating package descriptor '/home/pretil/catkin_ws/src/limo_ros2/install/limo_car/share/limo_car/package.dsv'
[1.334s] INFO:colcon.colcon_core.shell:Creating package script '/home/pretil/catkin_ws/src/limo_ros2/install/limo_car/share/limo_car/package.sh'
[1.334s] INFO:colcon.colcon_core.shell:Creating package script '/home/pretil/catkin_ws/src/limo_ros2/install/limo_car/share/limo_car/package.bash'
[1.335s] INFO:colcon.colcon_core.shell:Creating package script '/home/pretil/catkin_ws/src/limo_ros2/install/limo_car/share/limo_car/package.zsh'
[1.335s] Level 1:colcon.colcon_core.environment:create_file_with_runtime_dependencies(/home/pretil/catkin_ws/src/limo_ros2/install/limo_car/share/colcon-core/packages/limo_car)
[2.116s] DEBUG:colcon.colcon_core.event_handler.log_command:Invoked command in '/home/pretil/catkin_ws/src/limo_ros2/build/limo_msgs' returned '0': CMAKE_PREFIX_PATH=${CMAKE_PREFIX_PATH}:/opt/ros/humble /usr/bin/cmake /home/pretil/catkin_ws/src/limo_ros2/limo_msgs -DAMENT_CMAKE_SYMLINK_INSTALL=1 -DCMAKE_INSTALL_PREFIX=/home/pretil/catkin_ws/src/limo_ros2/install/limo_msgs
[2.117s] DEBUG:colcon.colcon_core.event_handler.log_command:Invoking command in '/home/pretil/catkin_ws/src/limo_ros2/build/limo_msgs': CMAKE_PREFIX_PATH=${CMAKE_PREFIX_PATH}:/opt/ros/humble /usr/bin/cmake --build /home/pretil/catkin_ws/src/limo_ros2/build/limo_msgs -- -j12 -l12
[3.904s] DEBUG:colcon.colcon_core.event_handler.log_command:Invoked command in '/home/pretil/catkin_ws/src/limo_ros2/build/limo_msgs' returned '0': CMAKE_PREFIX_PATH=${CMAKE_PREFIX_PATH}:/opt/ros/humble /usr/bin/cmake --build /home/pretil/catkin_ws/src/limo_ros2/build/limo_msgs -- -j12 -l12
[3.906s] DEBUG:colcon.colcon_core.event_handler.log_command:Invoking command in '/home/pretil/catkin_ws/src/limo_ros2/build/limo_msgs': CMAKE_PREFIX_PATH=${CMAKE_PREFIX_PATH}:/opt/ros/humble /usr/bin/cmake --install /home/pretil/catkin_ws/src/limo_ros2/build/limo_msgs
[4.427s] Level 1:colcon.colcon_core.environment:create_environment_scripts_only(limo_msgs)
[4.427s] Level 1:colcon.colcon_core.environment:checking '/home/pretil/catkin_ws/src/limo_ros2/install/limo_msgs' for CMake module files
[4.428s] DEBUG:colcon.colcon_core.event_handler.log_command:Invoked command in '/home/pretil/catkin_ws/src/limo_ros2/build/limo_msgs' returned '0': CMAKE_PREFIX_PATH=${CMAKE_PREFIX_PATH}:/opt/ros/humble /usr/bin/cmake --install /home/pretil/catkin_ws/src/limo_ros2/build/limo_msgs
[4.428s] Level 1:colcon.colcon_core.environment:checking '/home/pretil/catkin_ws/src/limo_ros2/install/limo_msgs' for CMake config files
[4.429s] Level 1:colcon.colcon_core.shell:create_environment_hook('limo_msgs', 'cmake_prefix_path')
[4.429s] INFO:colcon.colcon_core.shell:Creating environment hook '/home/pretil/catkin_ws/src/limo_ros2/install/limo_msgs/share/limo_msgs/hook/cmake_prefix_path.ps1'
[4.429s] INFO:colcon.colcon_core.shell:Creating environment descriptor '/home/pretil/catkin_ws/src/limo_ros2/install/limo_msgs/share/limo_msgs/hook/cmake_prefix_path.dsv'
[4.430s] INFO:colcon.colcon_core.shell:Creating environment hook '/home/pretil/catkin_ws/src/limo_ros2/install/limo_msgs/share/limo_msgs/hook/cmake_prefix_path.sh'
[4.430s] Level 1:colcon.colcon_core.environment:checking '/home/pretil/catkin_ws/src/limo_ros2/install/limo_msgs/lib'
[4.430s] Level 1:colcon.colcon_core.shell:create_environment_hook('limo_msgs', 'ld_library_path_lib')
[4.430s] INFO:colcon.colcon_core.shell:Creating environment hook '/home/pretil/catkin_ws/src/limo_ros2/install/limo_msgs/share/limo_msgs/hook/ld_library_path_lib.ps1'
[4.431s] INFO:colcon.colcon_core.shell:Creating environment descriptor '/home/pretil/catkin_ws/src/limo_ros2/install/limo_msgs/share/limo_msgs/hook/ld_library_path_lib.dsv'
[4.431s] INFO:colcon.colcon_core.shell:Creating environment hook '/home/pretil/catkin_ws/src/limo_ros2/install/limo_msgs/share/limo_msgs/hook/ld_library_path_lib.sh'
[4.431s] Level 1:colcon.colcon_core.environment:checking '/home/pretil/catkin_ws/src/limo_ros2/install/limo_msgs/bin'
[4.431s] Level 1:colcon.colcon_core.environment:checking '/home/pretil/catkin_ws/src/limo_ros2/install/limo_msgs/lib/pkgconfig/limo_msgs.pc'
[4.432s] Level 1:colcon.colcon_core.environment:checking '/home/pretil/catkin_ws/src/limo_ros2/install/limo_msgs/lib/python3.10/site-packages'
[4.432s] Level 1:colcon.colcon_core.environment:checking '/home/pretil/catkin_ws/src/limo_ros2/install/limo_msgs/bin'
[4.432s] INFO:colcon.colcon_core.shell:Creating package script '/home/pretil/catkin_ws/src/limo_ros2/install/limo_msgs/share/limo_msgs/package.ps1'
[4.433s] INFO:colcon.colcon_core.shell:Creating package descriptor '/home/pretil/catkin_ws/src/limo_ros2/install/limo_msgs/share/limo_msgs/package.dsv'
[4.433s] INFO:colcon.colcon_core.shell:Creating package script '/home/pretil/catkin_ws/src/limo_ros2/install/limo_msgs/share/limo_msgs/package.sh'
[4.434s] INFO:colcon.colcon_core.shell:Creating package script '/home/pretil/catkin_ws/src/limo_ros2/install/limo_msgs/share/limo_msgs/package.bash'
[4.434s] INFO:colcon.colcon_core.shell:Creating package script '/home/pretil/catkin_ws/src/limo_ros2/install/limo_msgs/share/limo_msgs/package.zsh'
[4.434s] Level 1:colcon.colcon_core.environment:create_file_with_runtime_dependencies(/home/pretil/catkin_ws/src/limo_ros2/install/limo_msgs/share/colcon-core/packages/limo_msgs)
[4.435s] Level 1:colcon.colcon_core.environment:create_environment_scripts_only(limo_msgs)
[4.435s] Level 1:colcon.colcon_core.environment:checking '/home/pretil/catkin_ws/src/limo_ros2/install/limo_msgs' for CMake module files
[4.436s] Level 1:colcon.colcon_core.environment:checking '/home/pretil/catkin_ws/src/limo_ros2/install/limo_msgs' for CMake config files
[4.436s] Level 1:colcon.colcon_core.shell:create_environment_hook('limo_msgs', 'cmake_prefix_path')
[4.437s] INFO:colcon.colcon_core.shell:Creating environment hook '/home/pretil/catkin_ws/src/limo_ros2/install/limo_msgs/share/limo_msgs/hook/cmake_prefix_path.ps1'
[4.437s] INFO:colcon.colcon_core.shell:Creating environment descriptor '/home/pretil/catkin_ws/src/limo_ros2/install/limo_msgs/share/limo_msgs/hook/cmake_prefix_path.dsv'
[4.437s] INFO:colcon.colcon_core.shell:Creating environment hook '/home/pretil/catkin_ws/src/limo_ros2/install/limo_msgs/share/limo_msgs/hook/cmake_prefix_path.sh'
[4.438s] Level 1:colcon.colcon_core.environment:checking '/home/pretil/catkin_ws/src/limo_ros2/install/limo_msgs/lib'
[4.438s] Level 1:colcon.colcon_core.shell:create_environment_hook('limo_msgs', 'ld_library_path_lib')
[4.438s] INFO:colcon.colcon_core.shell:Creating environment hook '/home/pretil/catkin_ws/src/limo_ros2/install/limo_msgs/share/limo_msgs/hook/ld_library_path_lib.ps1'
[4.438s] INFO:colcon.colcon_core.shell:Creating environment descriptor '/home/pretil/catkin_ws/src/limo_ros2/install/limo_msgs/share/limo_msgs/hook/ld_library_path_lib.dsv'
[4.439s] INFO:colcon.colcon_core.shell:Creating environment hook '/home/pretil/catkin_ws/src/limo_ros2/install/limo_msgs/share/limo_msgs/hook/ld_library_path_lib.sh'
[4.439s] Level 1:colcon.colcon_core.environment:checking '/home/pretil/catkin_ws/src/limo_ros2/install/limo_msgs/bin'
[4.439s] Level 1:colcon.colcon_core.environment:checking '/home/pretil/catkin_ws/src/limo_ros2/install/limo_msgs/lib/pkgconfig/limo_msgs.pc'
[4.439s] Level 1:colcon.colcon_core.environment:checking '/home/pretil/catkin_ws/src/limo_ros2/install/limo_msgs/lib/python3.10/site-packages'
[4.439s] Level 1:colcon.colcon_core.environment:checking '/home/pretil/catkin_ws/src/limo_ros2/install/limo_msgs/bin'
[4.440s] INFO:colcon.colcon_core.shell:Creating package script '/home/pretil/catkin_ws/src/limo_ros2/install/limo_msgs/share/limo_msgs/package.ps1'
[4.440s] INFO:colcon.colcon_core.shell:Creating package descriptor '/home/pretil/catkin_ws/src/limo_ros2/install/limo_msgs/share/limo_msgs/package.dsv'
[4.441s] INFO:colcon.colcon_core.shell:Creating package script '/home/pretil/catkin_ws/src/limo_ros2/install/limo_msgs/share/limo_msgs/package.sh'
[4.441s] INFO:colcon.colcon_core.shell:Creating package script '/home/pretil/catkin_ws/src/limo_ros2/install/limo_msgs/share/limo_msgs/package.bash'
[4.442s] INFO:colcon.colcon_core.shell:Creating package script '/home/pretil/catkin_ws/src/limo_ros2/install/limo_msgs/share/limo_msgs/package.zsh'
[4.442s] Level 1:colcon.colcon_core.environment:create_file_with_runtime_dependencies(/home/pretil/catkin_ws/src/limo_ros2/install/limo_msgs/share/colcon-core/packages/limo_msgs)
[4.443s] INFO:colcon.colcon_ros.task.ament_cmake.build:Building ROS package in '/home/pretil/catkin_ws/src/limo_ros2/limo_base' with build type 'ament_cmake'
[4.443s] INFO:colcon.colcon_cmake.task.cmake.build:Building CMake package in '/home/pretil/catkin_ws/src/limo_ros2/limo_base'
[4.443s] INFO:colcon.colcon_core.shell:Skip shell extension 'powershell' for command environment: Not usable outside of PowerShell
[4.443s] DEBUG:colcon.colcon_core.shell:Skip shell extension 'dsv' for command environment
[4.452s] DEBUG:colcon.colcon_core.event_handler.log_command:Invoking command in '/home/pretil/catkin_ws/src/limo_ros2/build/limo_base': AMENT_PREFIX_PATH=/home/pretil/catkin_ws/src/limo_ros2/install/limo_msgs:${AMENT_PREFIX_PATH} CMAKE_PREFIX_PATH=/home/pretil/catkin_ws/src/limo_ros2/install/limo_msgs:/home/pretil/catkin_ws/install/limo_base:/home/pretil/catkin_ws/install/limo_msgs:/home/pretil/catkin_ws/install/limo_description:/home/pretil/catkin_ws/install/limo_car:/opt/ros/humble LD_LIBRARY_PATH=/home/pretil/catkin_ws/src/limo_ros2/install/limo_msgs/lib:/home/pretil/catkin_ws/install/limo_msgs/lib:/usr/lib/x86_64-linux-gnu/gazebo-11/plugins:/opt/ros/humble/opt/rviz_ogre_vendor/lib:/opt/ros/humble/lib/x86_64-linux-gnu:/opt/ros/humble/lib:/usr/lib/x86_64-linux-gnu/gazebo-11/plugins:/usr/lib/x86_64-linux-gnu/gazebo-11/plugins:/usr/lib/x86_64-linux-gnu/gazebo-11/plugins PYTHONPATH=/home/pretil/catkin_ws/src/limo_ros2/install/limo_msgs/local/lib/python3.10/dist-packages:${PYTHONPATH} /usr/bin/cmake /home/pretil/catkin_ws/src/limo_ros2/limo_base -DAMENT_CMAKE_SYMLINK_INSTALL=1 -DCMAKE_INSTALL_PREFIX=/home/pretil/catkin_ws/src/limo_ros2/install/limo_base
[5.705s] DEBUG:colcon.colcon_core.event_handler.log_command:Invoked command in '/home/pretil/catkin_ws/src/limo_ros2/build/limo_base' returned '0': AMENT_PREFIX_PATH=/home/pretil/catkin_ws/src/limo_ros2/install/limo_msgs:${AMENT_PREFIX_PATH} CMAKE_PREFIX_PATH=/home/pretil/catkin_ws/src/limo_ros2/install/limo_msgs:/home/pretil/catkin_ws/install/limo_base:/home/pretil/catkin_ws/install/limo_msgs:/home/pretil/catkin_ws/install/limo_description:/home/pretil/catkin_ws/install/limo_car:/opt/ros/humble LD_LIBRARY_PATH=/home/pretil/catkin_ws/src/limo_ros2/install/limo_msgs/lib:/home/pretil/catkin_ws/install/limo_msgs/lib:/usr/lib/x86_64-linux-gnu/gazebo-11/plugins:/opt/ros/humble/opt/rviz_ogre_vendor/lib:/opt/ros/humble/lib/x86_64-linux-gnu:/opt/ros/humble/lib:/usr/lib/x86_64-linux-gnu/gazebo-11/plugins:/usr/lib/x86_64-linux-gnu/gazebo-11/plugins:/usr/lib/x86_64-linux-gnu/gazebo-11/plugins PYTHONPATH=/home/pretil/catkin_ws/src/limo_ros2/install/limo_msgs/local/lib/python3.10/dist-packages:${PYTHONPATH} /usr/bin/cmake /home/pretil/catkin_ws/src/limo_ros2/limo_base -DAMENT_CMAKE_SYMLINK_INSTALL=1 -DCMAKE_INSTALL_PREFIX=/home/pretil/catkin_ws/src/limo_ros2/install/limo_base
[5.706s] DEBUG:colcon.colcon_core.event_handler.log_command:Invoking command in '/home/pretil/catkin_ws/src/limo_ros2/build/limo_base': AMENT_PREFIX_PATH=/home/pretil/catkin_ws/src/limo_ros2/install/limo_msgs:${AMENT_PREFIX_PATH} CMAKE_PREFIX_PATH=/home/pretil/catkin_ws/src/limo_ros2/install/limo_msgs:/home/pretil/catkin_ws/install/limo_base:/home/pretil/catkin_ws/install/limo_msgs:/home/pretil/catkin_ws/install/limo_description:/home/pretil/catkin_ws/install/limo_car:/opt/ros/humble LD_LIBRARY_PATH=/home/pretil/catkin_ws/src/limo_ros2/install/limo_msgs/lib:/home/pretil/catkin_ws/install/limo_msgs/lib:/usr/lib/x86_64-linux-gnu/gazebo-11/plugins:/opt/ros/humble/opt/rviz_ogre_vendor/lib:/opt/ros/humble/lib/x86_64-linux-gnu:/opt/ros/humble/lib:/usr/lib/x86_64-linux-gnu/gazebo-11/plugins:/usr/lib/x86_64-linux-gnu/gazebo-11/plugins:/usr/lib/x86_64-linux-gnu/gazebo-11/plugins PYTHONPATH=/home/pretil/catkin_ws/src/limo_ros2/install/limo_msgs/local/lib/python3.10/dist-packages:${PYTHONPATH} /usr/bin/cmake --build /home/pretil/catkin_ws/src/limo_ros2/build/limo_base -- -j12 -l12
[15.758s] DEBUG:colcon.colcon_core.event_handler.log_command:Invoked command in '/home/pretil/catkin_ws/src/limo_ros2/build/limo_base' returned '0': AMENT_PREFIX_PATH=/home/pretil/catkin_ws/src/limo_ros2/install/limo_msgs:${AMENT_PREFIX_PATH} CMAKE_PREFIX_PATH=/home/pretil/catkin_ws/src/limo_ros2/install/limo_msgs:/home/pretil/catkin_ws/install/limo_base:/home/pretil/catkin_ws/install/limo_msgs:/home/pretil/catkin_ws/install/limo_description:/home/pretil/catkin_ws/install/limo_car:/opt/ros/humble LD_LIBRARY_PATH=/home/pretil/catkin_ws/src/limo_ros2/install/limo_msgs/lib:/home/pretil/catkin_ws/install/limo_msgs/lib:/usr/lib/x86_64-linux-gnu/gazebo-11/plugins:/opt/ros/humble/opt/rviz_ogre_vendor/lib:/opt/ros/humble/lib/x86_64-linux-gnu:/opt/ros/humble/lib:/usr/lib/x86_64-linux-gnu/gazebo-11/plugins:/usr/lib/x86_64-linux-gnu/gazebo-11/plugins:/usr/lib/x86_64-linux-gnu/gazebo-11/plugins PYTHONPATH=/home/pretil/catkin_ws/src/limo_ros2/install/limo_msgs/local/lib/python3.10/dist-packages:${PYTHONPATH} /usr/bin/cmake --build /home/pretil/catkin_ws/src/limo_ros2/build/limo_base -- -j12 -l12
[15.759s] DEBUG:colcon.colcon_core.event_handler.log_command:Invoking command in '/home/pretil/catkin_ws/src/limo_ros2/build/limo_base': AMENT_PREFIX_PATH=/home/pretil/catkin_ws/src/limo_ros2/install/limo_msgs:${AMENT_PREFIX_PATH} CMAKE_PREFIX_PATH=/home/pretil/catkin_ws/src/limo_ros2/install/limo_msgs:/home/pretil/catkin_ws/install/limo_base:/home/pretil/catkin_ws/install/limo_msgs:/home/pretil/catkin_ws/install/limo_description:/home/pretil/catkin_ws/install/limo_car:/opt/ros/humble LD_LIBRARY_PATH=/home/pretil/catkin_ws/src/limo_ros2/install/limo_msgs/lib:/home/pretil/catkin_ws/install/limo_msgs/lib:/usr/lib/x86_64-linux-gnu/gazebo-11/plugins:/opt/ros/humble/opt/rviz_ogre_vendor/lib:/opt/ros/humble/lib/x86_64-linux-gnu:/opt/ros/humble/lib:/usr/lib/x86_64-linux-gnu/gazebo-11/plugins:/usr/lib/x86_64-linux-gnu/gazebo-11/plugins:/usr/lib/x86_64-linux-gnu/gazebo-11/plugins PYTHONPATH=/home/pretil/catkin_ws/src/limo_ros2/install/limo_msgs/local/lib/python3.10/dist-packages:${PYTHONPATH} /usr/bin/cmake --install /home/pretil/catkin_ws/src/limo_ros2/build/limo_base
[15.954s] Level 1:colcon.colcon_core.environment:create_environment_scripts_only(limo_base)
[15.954s] Level 1:colcon.colcon_core.environment:checking '/home/pretil/catkin_ws/src/limo_ros2/install/limo_base' for CMake module files
[15.955s] DEBUG:colcon.colcon_core.event_handler.log_command:Invoked command in '/home/pretil/catkin_ws/src/limo_ros2/build/limo_base' returned '0': AMENT_PREFIX_PATH=/home/pretil/catkin_ws/src/limo_ros2/install/limo_msgs:${AMENT_PREFIX_PATH} CMAKE_PREFIX_PATH=/home/pretil/catkin_ws/src/limo_ros2/install/limo_msgs:/home/pretil/catkin_ws/install/limo_base:/home/pretil/catkin_ws/install/limo_msgs:/home/pretil/catkin_ws/install/limo_description:/home/pretil/catkin_ws/install/limo_car:/opt/ros/humble LD_LIBRARY_PATH=/home/pretil/catkin_ws/src/limo_ros2/install/limo_msgs/lib:/home/pretil/catkin_ws/install/limo_msgs/lib:/usr/lib/x86_64-linux-gnu/gazebo-11/plugins:/opt/ros/humble/opt/rviz_ogre_vendor/lib:/opt/ros/humble/lib/x86_64-linux-gnu:/opt/ros/humble/lib:/usr/lib/x86_64-linux-gnu/gazebo-11/plugins:/usr/lib/x86_64-linux-gnu/gazebo-11/plugins:/usr/lib/x86_64-linux-gnu/gazebo-11/plugins PYTHONPATH=/home/pretil/catkin_ws/src/limo_ros2/install/limo_msgs/local/lib/python3.10/dist-packages:${PYTHONPATH} /usr/bin/cmake --install /home/pretil/catkin_ws/src/limo_ros2/build/limo_base
[15.955s] Level 1:colcon.colcon_core.environment:checking '/home/pretil/catkin_ws/src/limo_ros2/install/limo_base' for CMake config files
[15.955s] Level 1:colcon.colcon_core.shell:create_environment_hook('limo_base', 'cmake_prefix_path')
[15.956s] INFO:colcon.colcon_core.shell:Creating environment hook '/home/pretil/catkin_ws/src/limo_ros2/install/limo_base/share/limo_base/hook/cmake_prefix_path.ps1'
[15.956s] INFO:colcon.colcon_core.shell:Creating environment descriptor '/home/pretil/catkin_ws/src/limo_ros2/install/limo_base/share/limo_base/hook/cmake_prefix_path.dsv'
[15.956s] INFO:colcon.colcon_core.shell:Creating environment hook '/home/pretil/catkin_ws/src/limo_ros2/install/limo_base/share/limo_base/hook/cmake_prefix_path.sh'
[15.957s] Level 1:colcon.colcon_core.environment:checking '/home/pretil/catkin_ws/src/limo_ros2/install/limo_base/lib'
[15.957s] Level 1:colcon.colcon_core.environment:checking '/home/pretil/catkin_ws/src/limo_ros2/install/limo_base/bin'
[15.957s] Level 1:colcon.colcon_core.environment:checking '/home/pretil/catkin_ws/src/limo_ros2/install/limo_base/lib/pkgconfig/limo_base.pc'
[15.957s] Level 1:colcon.colcon_core.environment:checking '/home/pretil/catkin_ws/src/limo_ros2/install/limo_base/lib/python3.10/site-packages'
[15.958s] Level 1:colcon.colcon_core.environment:checking '/home/pretil/catkin_ws/src/limo_ros2/install/limo_base/bin'
[15.958s] INFO:colcon.colcon_core.shell:Creating package script '/home/pretil/catkin_ws/src/limo_ros2/install/limo_base/share/limo_base/package.ps1'
[15.958s] INFO:colcon.colcon_core.shell:Creating package descriptor '/home/pretil/catkin_ws/src/limo_ros2/install/limo_base/share/limo_base/package.dsv'
[15.959s] INFO:colcon.colcon_core.shell:Creating package script '/home/pretil/catkin_ws/src/limo_ros2/install/limo_base/share/limo_base/package.sh'
[15.959s] INFO:colcon.colcon_core.shell:Creating package script '/home/pretil/catkin_ws/src/limo_ros2/install/limo_base/share/limo_base/package.bash'
[15.960s] INFO:colcon.colcon_core.shell:Creating package script '/home/pretil/catkin_ws/src/limo_ros2/install/limo_base/share/limo_base/package.zsh'
[15.960s] Level 1:colcon.colcon_core.environment:create_file_with_runtime_dependencies(/home/pretil/catkin_ws/src/limo_ros2/install/limo_base/share/colcon-core/packages/limo_base)
[15.961s] Level 1:colcon.colcon_core.environment:create_environment_scripts_only(limo_base)
[15.961s] Level 1:colcon.colcon_core.environment:checking '/home/pretil/catkin_ws/src/limo_ros2/install/limo_base' for CMake module files
[15.962s] Level 1:colcon.colcon_core.environment:checking '/home/pretil/catkin_ws/src/limo_ros2/install/limo_base' for CMake config files
[15.962s] Level 1:colcon.colcon_core.shell:create_environment_hook('limo_base', 'cmake_prefix_path')
[15.963s] INFO:colcon.colcon_core.shell:Creating environment hook '/home/pretil/catkin_ws/src/limo_ros2/install/limo_base/share/limo_base/hook/cmake_prefix_path.ps1'
[15.963s] INFO:colcon.colcon_core.shell:Creating environment descriptor '/home/pretil/catkin_ws/src/limo_ros2/install/limo_base/share/limo_base/hook/cmake_prefix_path.dsv'
[15.964s] INFO:colcon.colcon_core.shell:Creating environment hook '/home/pretil/catkin_ws/src/limo_ros2/install/limo_base/share/limo_base/hook/cmake_prefix_path.sh'
[15.964s] Level 1:colcon.colcon_core.environment:checking '/home/pretil/catkin_ws/src/limo_ros2/install/limo_base/lib'
[15.964s] Level 1:colcon.colcon_core.environment:checking '/home/pretil/catkin_ws/src/limo_ros2/install/limo_base/bin'
[15.964s] Level 1:colcon.colcon_core.environment:checking '/home/pretil/catkin_ws/src/limo_ros2/install/limo_base/lib/pkgconfig/limo_base.pc'
[15.965s] Level 1:colcon.colcon_core.environment:checking '/home/pretil/catkin_ws/src/limo_ros2/install/limo_base/lib/python3.10/site-packages'
[15.965s] Level 1:colcon.colcon_core.environment:checking '/home/pretil/catkin_ws/src/limo_ros2/install/limo_base/bin'
[15.966s] INFO:colcon.colcon_core.shell:Creating package script '/home/pretil/catkin_ws/src/limo_ros2/install/limo_base/share/limo_base/package.ps1'
[15.967s] INFO:colcon.colcon_core.shell:Creating package descriptor '/home/pretil/catkin_ws/src/limo_ros2/install/limo_base/share/limo_base/package.dsv'
[15.967s] INFO:colcon.colcon_core.shell:Creating package script '/home/pretil/catkin_ws/src/limo_ros2/install/limo_base/share/limo_base/package.sh'
[15.968s] INFO:colcon.colcon_core.shell:Creating package script '/home/pretil/catkin_ws/src/limo_ros2/install/limo_base/share/limo_base/package.bash'
[15.968s] INFO:colcon.colcon_core.shell:Creating package script '/home/pretil/catkin_ws/src/limo_ros2/install/limo_base/share/limo_base/package.zsh'
[15.969s] Level 1:colcon.colcon_core.environment:create_file_with_runtime_dependencies(/home/pretil/catkin_ws/src/limo_ros2/install/limo_base/share/colcon-core/packages/limo_base)
[15.969s] DEBUG:colcon.colcon_parallel_executor.executor.parallel:closing loop
[15.970s] DEBUG:colcon.colcon_parallel_executor.executor.parallel:loop closed
[15.970s] DEBUG:colcon.colcon_parallel_executor.executor.parallel:run_until_complete finished with '0'
[15.970s] DEBUG:colcon.colcon_core.event_reactor:joining thread
[15.975s] INFO:colcon.colcon_core.plugin_system:Skipping extension 'colcon_notification.desktop_notification.notify_send': Could not find 'notify-send'
[15.975s] INFO:colcon.colcon_core.plugin_system:Skipping extension 'colcon_notification.desktop_notification.terminal_notifier': Not used on non-Darwin systems
[15.975s] INFO:colcon.colcon_core.plugin_system:Skipping extension 'colcon_notification.desktop_notification.win32': Not used on non-Windows systems
[15.975s] INFO:colcon.colcon_notification.desktop_notification:Sending desktop notification using 'notify2'
[15.976s] DEBUG:colcon.colcon_notification.desktop_notification.notify2:Failed to initialize notify2: org.freedesktop.DBus.Error.Spawn.ExecFailed: /usr/bin/dbus-launch terminated abnormally without any error message
[15.977s] DEBUG:colcon.colcon_core.event_reactor:joined thread
[15.977s] INFO:colcon.colcon_core.shell:Creating prefix script '/home/pretil/catkin_ws/src/limo_ros2/install/local_setup.ps1'
[15.978s] INFO:colcon.colcon_core.shell:Creating prefix util module '/home/pretil/catkin_ws/src/limo_ros2/install/_local_setup_util_ps1.py'
[15.979s] INFO:colcon.colcon_core.shell:Creating prefix chain script '/home/pretil/catkin_ws/src/limo_ros2/install/setup.ps1'
[15.981s] INFO:colcon.colcon_core.shell:Creating prefix script '/home/pretil/catkin_ws/src/limo_ros2/install/local_setup.sh'
[15.981s] INFO:colcon.colcon_core.shell:Creating prefix util module '/home/pretil/catkin_ws/src/limo_ros2/install/_local_setup_util_sh.py'
[15.982s] INFO:colcon.colcon_core.shell:Creating prefix chain script '/home/pretil/catkin_ws/src/limo_ros2/install/setup.sh'
[15.983s] INFO:colcon.colcon_core.shell:Creating prefix script '/home/pretil/catkin_ws/src/limo_ros2/install/local_setup.bash'
[15.983s] INFO:colcon.colcon_core.shell:Creating prefix chain script '/home/pretil/catkin_ws/src/limo_ros2/install/setup.bash'
[15.985s] INFO:colcon.colcon_core.shell:Creating prefix script '/home/pretil/catkin_ws/src/limo_ros2/install/local_setup.zsh'
[15.985s] INFO:colcon.colcon_core.shell:Creating prefix chain script '/home/pretil/catkin_ws/src/limo_ros2/install/setup.zsh'
