[0.020s] Invoking command in '/home/pretil/catkin_ws/build/limo_navigation': CMAKE_PREFIX_PATH=${CMAKE_PREFIX_PATH}:/opt/ros/humble /usr/bin/cmake /home/pretil/catkin_ws/src/limo_ros2/limo_navigation -DCMAKE_INSTALL_PREFIX=/home/pretil/catkin_ws/install/limo_navigation
[0.070s] -- The C compiler identification is GNU 11.4.0
[0.130s] -- The CXX compiler identification is GNU 11.4.0
[0.139s] -- Detecting C compiler ABI info
[0.201s] -- Detecting C compiler ABI info - done
[0.208s] -- Check for working C compiler: /usr/bin/cc - skipped
[0.209s] -- Detecting C compile features
[0.210s] -- Detecting C compile features - done
[0.212s] -- Detecting CXX compiler ABI info
[0.285s] -- Detecting CXX compiler ABI info - done
[0.293s] -- Check for working CXX compiler: /usr/bin/c++ - skipped
[0.294s] -- Detecting CXX compile features
[0.294s] -- Detecting CXX compile features - done
[0.298s] -- Found ament_cmake: 1.3.14 (/opt/ros/humble/share/ament_cmake/cmake)
[0.456s] -- Found Python3: /usr/bin/python3 (found version "3.10.12") found components: Interpreter 
[0.586s] -- Found ament_lint_auto: 0.12.15 (/opt/ros/humble/share/ament_lint_auto/cmake)
[0.682s] -- Added test 'flake8' to check Python code syntax and style conventions
[0.683s] -- Added test 'lint_cmake' to check CMake code style
[0.684s] -- Added test 'pep257' to check Python code against some of the docstring style conventions in PEP 257
[0.686s] -- Added test 'xmllint' to check XML markup files
[0.687s] -- Configuring done
[0.690s] -- Generating done
[0.691s] -- Build files have been written to: /home/pretil/catkin_ws/build/limo_navigation
[0.695s] Invoked command in '/home/pretil/catkin_ws/build/limo_navigation' returned '0': CMAKE_PREFIX_PATH=${CMAKE_PREFIX_PATH}:/opt/ros/humble /usr/bin/cmake /home/pretil/catkin_ws/src/limo_ros2/limo_navigation -DCMAKE_INSTALL_PREFIX=/home/pretil/catkin_ws/install/limo_navigation
[0.697s] Invoking command in '/home/pretil/catkin_ws/build/limo_navigation': CMAKE_PREFIX_PATH=${CMAKE_PREFIX_PATH}:/opt/ros/humble /usr/bin/cmake --build /home/pretil/catkin_ws/build/limo_navigation -- -j12 -l12
[0.731s] Invoked command in '/home/pretil/catkin_ws/build/limo_navigation' returned '0': CMAKE_PREFIX_PATH=${CMAKE_PREFIX_PATH}:/opt/ros/humble /usr/bin/cmake --build /home/pretil/catkin_ws/build/limo_navigation -- -j12 -l12
[0.739s] Invoking command in '/home/pretil/catkin_ws/build/limo_navigation': CMAKE_PREFIX_PATH=${CMAKE_PREFIX_PATH}:/opt/ros/humble /usr/bin/cmake --install /home/pretil/catkin_ws/build/limo_navigation
[0.745s] -- Install configuration: ""
[0.746s] -- Installing: /home/pretil/catkin_ws/install/limo_navigation/share/limo_navigation//launch
[0.746s] -- Installing: /home/pretil/catkin_ws/install/limo_navigation/share/limo_navigation//launch/limo_navigation.launch.py
[0.746s] -- Installing: /home/pretil/catkin_ws/install/limo_navigation/share/limo_navigation//launch/occupancy_grid.launch.py
[0.746s] -- Installing: /home/pretil/catkin_ws/install/limo_navigation/share/limo_navigation//launch/limo_localization.launch.py
[0.746s] -- Installing: /home/pretil/catkin_ws/install/limo_navigation/share/limo_navigation//launch/slam_offline_map_launch.py
[0.747s] -- Installing: /home/pretil/catkin_ws/install/limo_navigation/share/limo_navigation//launch/limo_controller.launch.py
[0.747s] -- Installing: /home/pretil/catkin_ws/install/limo_navigation/share/limo_navigation//launch/cartographer.launch.py
[0.747s] -- Installing: /home/pretil/catkin_ws/install/limo_navigation/share/limo_navigation//maps
[0.747s] -- Installing: /home/pretil/catkin_ws/install/limo_navigation/share/limo_navigation//maps/limo_map.yaml
[0.747s] -- Installing: /home/pretil/catkin_ws/install/limo_navigation/share/limo_navigation//maps/limo_map.pgm
[0.748s] -- Installing: /home/pretil/catkin_ws/install/limo_navigation/share/limo_navigation//params
[0.748s] -- Installing: /home/pretil/catkin_ws/install/limo_navigation/share/limo_navigation//params/mapper_params_offline.yaml
[0.748s] -- Installing: /home/pretil/catkin_ws/install/limo_navigation/share/limo_navigation//params/navigate_w_replanning_and_recovery.xml
[0.749s] -- Installing: /home/pretil/catkin_ws/install/limo_navigation/share/limo_navigation//params/limo_lds_2d.lua
[0.749s] -- Installing: /home/pretil/catkin_ws/install/limo_navigation/share/limo_navigation//params/nav2_params.yaml
[0.749s] -- Installing: /home/pretil/catkin_ws/install/limo_navigation/share/limo_navigation//rviz
[0.749s] -- Installing: /home/pretil/catkin_ws/install/limo_navigation/share/limo_navigation//rviz/slam_toolbox_default.rviz
[0.750s] -- Installing: /home/pretil/catkin_ws/install/limo_navigation/share/limo_navigation//rviz/limo_navigation.rviz
[0.750s] -- Up-to-date: /home/pretil/catkin_ws/install/limo_navigation/share/limo_navigation//launch
[0.750s] -- Up-to-date: /home/pretil/catkin_ws/install/limo_navigation/share/limo_navigation//launch/limo_navigation.launch.py
[0.750s] -- Up-to-date: /home/pretil/catkin_ws/install/limo_navigation/share/limo_navigation//launch/occupancy_grid.launch.py
[0.750s] -- Up-to-date: /home/pretil/catkin_ws/install/limo_navigation/share/limo_navigation//launch/limo_localization.launch.py
[0.750s] -- Up-to-date: /home/pretil/catkin_ws/install/limo_navigation/share/limo_navigation//launch/slam_offline_map_launch.py
[0.750s] -- Up-to-date: /home/pretil/catkin_ws/install/limo_navigation/share/limo_navigation//launch/limo_controller.launch.py
[0.750s] -- Up-to-date: /home/pretil/catkin_ws/install/limo_navigation/share/limo_navigation//launch/cartographer.launch.py
[0.750s] -- Installing: /home/pretil/catkin_ws/install/limo_navigation/share/ament_index/resource_index/package_run_dependencies/limo_navigation
[0.750s] -- Installing: /home/pretil/catkin_ws/install/limo_navigation/share/ament_index/resource_index/parent_prefix_path/limo_navigation
[0.750s] -- Installing: /home/pretil/catkin_ws/install/limo_navigation/share/limo_navigation/environment/ament_prefix_path.sh
[0.750s] -- Installing: /home/pretil/catkin_ws/install/limo_navigation/share/limo_navigation/environment/ament_prefix_path.dsv
[0.751s] -- Installing: /home/pretil/catkin_ws/install/limo_navigation/share/limo_navigation/environment/path.sh
[0.751s] -- Installing: /home/pretil/catkin_ws/install/limo_navigation/share/limo_navigation/environment/path.dsv
[0.751s] -- Installing: /home/pretil/catkin_ws/install/limo_navigation/share/limo_navigation/local_setup.bash
[0.751s] -- Installing: /home/pretil/catkin_ws/install/limo_navigation/share/limo_navigation/local_setup.sh
[0.751s] -- Installing: /home/pretil/catkin_ws/install/limo_navigation/share/limo_navigation/local_setup.zsh
[0.751s] -- Installing: /home/pretil/catkin_ws/install/limo_navigation/share/limo_navigation/local_setup.dsv
[0.751s] -- Installing: /home/pretil/catkin_ws/install/limo_navigation/share/limo_navigation/package.dsv
[0.751s] -- Installing: /home/pretil/catkin_ws/install/limo_navigation/share/ament_index/resource_index/packages/limo_navigation
[0.751s] -- Installing: /home/pretil/catkin_ws/install/limo_navigation/share/limo_navigation/cmake/limo_navigationConfig.cmake
[0.752s] -- Installing: /home/pretil/catkin_ws/install/limo_navigation/share/limo_navigation/cmake/limo_navigationConfig-version.cmake
[0.752s] -- Installing: /home/pretil/catkin_ws/install/limo_navigation/share/limo_navigation/package.xml
[0.754s] Invoked command in '/home/pretil/catkin_ws/build/limo_navigation' returned '0': CMAKE_PREFIX_PATH=${CMAKE_PREFIX_PATH}:/opt/ros/humble /usr/bin/cmake --install /home/pretil/catkin_ws/build/limo_navigation
