-- Install configuration: ""
-- Up-to-date: /home/pretil/catkin_ws/install/limo_navigation/share/limo_navigation//launch
-- Up-to-date: /home/pretil/catkin_ws/install/limo_navigation/share/limo_navigation//launch/limo_navigation.launch.py
-- Up-to-date: /home/pretil/catkin_ws/install/limo_navigation/share/limo_navigation//launch/occupancy_grid.launch.py
-- Up-to-date: /home/pretil/catkin_ws/install/limo_navigation/share/limo_navigation//launch/limo_localization.launch.py
-- Up-to-date: /home/pretil/catkin_ws/install/limo_navigation/share/limo_navigation//launch/slam_offline_map_launch.py
-- Up-to-date: /home/pretil/catkin_ws/install/limo_navigation/share/limo_navigation//launch/limo_controller.launch.py
-- Up-to-date: /home/pretil/catkin_ws/install/limo_navigation/share/limo_navigation//launch/cartographer.launch.py
-- Up-to-date: /home/pretil/catkin_ws/install/limo_navigation/share/limo_navigation//maps
-- Up-to-date: /home/pretil/catkin_ws/install/limo_navigation/share/limo_navigation//maps/limo_map.yaml
-- Up-to-date: /home/pretil/catkin_ws/install/limo_navigation/share/limo_navigation//maps/limo_map.pgm
-- Up-to-date: /home/pretil/catkin_ws/install/limo_navigation/share/limo_navigation//params
-- Up-to-date: /home/pretil/catkin_ws/install/limo_navigation/share/limo_navigation//params/mapper_params_offline.yaml
-- Up-to-date: /home/pretil/catkin_ws/install/limo_navigation/share/limo_navigation//params/navigate_w_replanning_and_recovery.xml
-- Up-to-date: /home/pretil/catkin_ws/install/limo_navigation/share/limo_navigation//params/limo_lds_2d.lua
-- Up-to-date: /home/pretil/catkin_ws/install/limo_navigation/share/limo_navigation//params/nav2_params.yaml
-- Up-to-date: /home/pretil/catkin_ws/install/limo_navigation/share/limo_navigation//rviz
-- Up-to-date: /home/pretil/catkin_ws/install/limo_navigation/share/limo_navigation//rviz/slam_toolbox_default.rviz
-- Up-to-date: /home/pretil/catkin_ws/install/limo_navigation/share/limo_navigation//rviz/limo_navigation.rviz
-- Up-to-date: /home/pretil/catkin_ws/install/limo_navigation/share/limo_navigation//launch
-- Up-to-date: /home/pretil/catkin_ws/install/limo_navigation/share/limo_navigation//launch/limo_navigation.launch.py
-- Up-to-date: /home/pretil/catkin_ws/install/limo_navigation/share/limo_navigation//launch/occupancy_grid.launch.py
-- Up-to-date: /home/pretil/catkin_ws/install/limo_navigation/share/limo_navigation//launch/limo_localization.launch.py
-- Up-to-date: /home/pretil/catkin_ws/install/limo_navigation/share/limo_navigation//launch/slam_offline_map_launch.py
-- Up-to-date: /home/pretil/catkin_ws/install/limo_navigation/share/limo_navigation//launch/limo_controller.launch.py
-- Up-to-date: /home/pretil/catkin_ws/install/limo_navigation/share/limo_navigation//launch/cartographer.launch.py
-- Up-to-date: /home/pretil/catkin_ws/install/limo_navigation/share/ament_index/resource_index/package_run_dependencies/limo_navigation
-- Up-to-date: /home/pretil/catkin_ws/install/limo_navigation/share/ament_index/resource_index/parent_prefix_path/limo_navigation
-- Up-to-date: /home/pretil/catkin_ws/install/limo_navigation/share/limo_navigation/environment/ament_prefix_path.sh
-- Up-to-date: /home/pretil/catkin_ws/install/limo_navigation/share/limo_navigation/environment/ament_prefix_path.dsv
-- Up-to-date: /home/pretil/catkin_ws/install/limo_navigation/share/limo_navigation/environment/path.sh
-- Up-to-date: /home/pretil/catkin_ws/install/limo_navigation/share/limo_navigation/environment/path.dsv
-- Up-to-date: /home/pretil/catkin_ws/install/limo_navigation/share/limo_navigation/local_setup.bash
-- Up-to-date: /home/pretil/catkin_ws/install/limo_navigation/share/limo_navigation/local_setup.sh
-- Up-to-date: /home/pretil/catkin_ws/install/limo_navigation/share/limo_navigation/local_setup.zsh
-- Up-to-date: /home/pretil/catkin_ws/install/limo_navigation/share/limo_navigation/local_setup.dsv
-- Up-to-date: /home/pretil/catkin_ws/install/limo_navigation/share/limo_navigation/package.dsv
-- Up-to-date: /home/pretil/catkin_ws/install/limo_navigation/share/ament_index/resource_index/packages/limo_navigation
-- Up-to-date: /home/pretil/catkin_ws/install/limo_navigation/share/limo_navigation/cmake/limo_navigationConfig.cmake
-- Up-to-date: /home/pretil/catkin_ws/install/limo_navigation/share/limo_navigation/cmake/limo_navigationConfig-version.cmake
-- Up-to-date: /home/pretil/catkin_ws/install/limo_navigation/share/limo_navigation/package.xml
