[0.109s] DEBUG:colcon:Command line arguments: ['/usr/bin/colcon', 'build', '--packages-ignore', 'ydlidar_ros2_driver']
[0.109s] DEBUG:colcon:Parsed command line arguments: Namespace(log_base=None, log_level=None, verb_name='build', build_base='build', install_base='install', merge_install=False, symlink_install=False, test_result_base=None, continue_on_error=False, executor='parallel', parallel_workers=12, event_handlers=None, ignore_user_meta=False, metas=['./colcon.meta'], base_paths=['.'], packages_ignore=['ydlidar_ros2_driver'], packages_ignore_regex=None, paths=None, packages_up_to=None, packages_up_to_regex=None, packages_above=None, packages_above_and_dependencies=None, packages_above_depth=None, packages_select_by_dep=None, packages_skip_by_dep=None, packages_skip_up_to=None, packages_select_build_failed=False, packages_skip_build_finished=False, packages_select_test_failures=False, packages_skip_test_passed=False, packages_select=None, packages_skip=None, packages_select_regex=None, packages_skip_regex=None, packages_start=None, packages_end=None, cmake_args=None, cmake_target=None, cmake_target_skip_unavailable=False, cmake_clean_cache=False, cmake_clean_first=False, cmake_force_configure=False, ament_cmake_args=None, catkin_cmake_args=None, catkin_skip_building_tests=False, mixin_files=None, mixin=None, verb_parser=<colcon_mixin.mixin.mixin_argument.MixinArgumentDecorator object at 0x7faf90bc4e50>, verb_extension=<colcon_core.verb.build.BuildVerb object at 0x7faf90bc49a0>, main=<bound method BuildVerb.main of <colcon_core.verb.build.BuildVerb object at 0x7faf90bc49a0>>, mixin_verb=('build',))
[0.276s] Level 1:colcon.colcon_core.package_discovery:discover_packages(colcon_meta) check parameters
[0.276s] Level 1:colcon.colcon_core.package_discovery:discover_packages(recursive) check parameters
[0.276s] Level 1:colcon.colcon_core.package_discovery:discover_packages(ignore) check parameters
[0.276s] Level 1:colcon.colcon_core.package_discovery:discover_packages(path) check parameters
[0.276s] Level 1:colcon.colcon_core.package_discovery:discover_packages(colcon_meta) discover
[0.276s] Level 1:colcon.colcon_core.package_discovery:discover_packages(recursive) discover
[0.276s] INFO:colcon.colcon_core.package_discovery:Crawling recursively for packages in '/home/pretil/catkin_ws'
[0.277s] Level 1:colcon.colcon_core.package_identification:_identify(.) by extensions ['ignore', 'ignore_ament_install']
[0.277s] Level 1:colcon.colcon_core.package_identification:_identify(.) by extension 'ignore'
[0.277s] Level 1:colcon.colcon_core.package_identification:_identify(.) by extension 'ignore_ament_install'
[0.277s] Level 1:colcon.colcon_core.package_identification:_identify(.) by extensions ['colcon_pkg']
[0.277s] Level 1:colcon.colcon_core.package_identification:_identify(.) by extension 'colcon_pkg'
[0.277s] Level 1:colcon.colcon_core.package_identification:_identify(.) by extensions ['colcon_meta']
[0.277s] Level 1:colcon.colcon_core.package_identification:_identify(.) by extension 'colcon_meta'
[0.277s] Level 1:colcon.colcon_core.package_identification:_identify(.) by extensions ['ros']
[0.277s] Level 1:colcon.colcon_core.package_identification:_identify(.) by extension 'ros'
[0.287s] Level 1:colcon.colcon_core.package_identification:_identify(.) by extensions ['cmake', 'python']
[0.287s] Level 1:colcon.colcon_core.package_identification:_identify(.) by extension 'cmake'
[0.287s] Level 1:colcon.colcon_core.package_identification:_identify(.) by extension 'python'
[0.288s] Level 1:colcon.colcon_core.package_identification:_identify(.) by extensions ['python_setup_py']
[0.288s] Level 1:colcon.colcon_core.package_identification:_identify(.) by extension 'python_setup_py'
[0.288s] Level 1:colcon.colcon_core.package_identification:_identify(build) by extensions ['ignore', 'ignore_ament_install']
[0.288s] Level 1:colcon.colcon_core.package_identification:_identify(build) by extension 'ignore'
[0.288s] Level 1:colcon.colcon_core.package_identification:_identify(build) ignored
[0.288s] Level 1:colcon.colcon_core.package_identification:_identify(install) by extensions ['ignore', 'ignore_ament_install']
[0.288s] Level 1:colcon.colcon_core.package_identification:_identify(install) by extension 'ignore'
[0.288s] Level 1:colcon.colcon_core.package_identification:_identify(install) ignored
[0.288s] Level 1:colcon.colcon_core.package_identification:_identify(log) by extensions ['ignore', 'ignore_ament_install']
[0.288s] Level 1:colcon.colcon_core.package_identification:_identify(log) by extension 'ignore'
[0.288s] Level 1:colcon.colcon_core.package_identification:_identify(log) ignored
[0.288s] Level 1:colcon.colcon_core.package_identification:_identify(src) by extensions ['ignore', 'ignore_ament_install']
[0.288s] Level 1:colcon.colcon_core.package_identification:_identify(src) by extension 'ignore'
[0.288s] Level 1:colcon.colcon_core.package_identification:_identify(src) by extension 'ignore_ament_install'
[0.289s] Level 1:colcon.colcon_core.package_identification:_identify(src) by extensions ['colcon_pkg']
[0.289s] Level 1:colcon.colcon_core.package_identification:_identify(src) by extension 'colcon_pkg'
[0.289s] Level 1:colcon.colcon_core.package_identification:_identify(src) by extensions ['colcon_meta']
[0.289s] Level 1:colcon.colcon_core.package_identification:_identify(src) by extension 'colcon_meta'
[0.289s] Level 1:colcon.colcon_core.package_identification:_identify(src) by extensions ['ros']
[0.289s] Level 1:colcon.colcon_core.package_identification:_identify(src) by extension 'ros'
[0.289s] Level 1:colcon.colcon_core.package_identification:_identify(src) by extensions ['cmake', 'python']
[0.289s] Level 1:colcon.colcon_core.package_identification:_identify(src) by extension 'cmake'
[0.289s] Level 1:colcon.colcon_core.package_identification:_identify(src) by extension 'python'
[0.289s] Level 1:colcon.colcon_core.package_identification:_identify(src) by extensions ['python_setup_py']
[0.289s] Level 1:colcon.colcon_core.package_identification:_identify(src) by extension 'python_setup_py'
[0.289s] Level 1:colcon.colcon_core.package_identification:_identify(src/limo_ros2) by extensions ['ignore', 'ignore_ament_install']
[0.289s] Level 1:colcon.colcon_core.package_identification:_identify(src/limo_ros2) by extension 'ignore'
[0.289s] Level 1:colcon.colcon_core.package_identification:_identify(src/limo_ros2) by extension 'ignore_ament_install'
[0.289s] Level 1:colcon.colcon_core.package_identification:_identify(src/limo_ros2) by extensions ['colcon_pkg']
[0.289s] Level 1:colcon.colcon_core.package_identification:_identify(src/limo_ros2) by extension 'colcon_pkg'
[0.289s] Level 1:colcon.colcon_core.package_identification:_identify(src/limo_ros2) by extensions ['colcon_meta']
[0.289s] Level 1:colcon.colcon_core.package_identification:_identify(src/limo_ros2) by extension 'colcon_meta'
[0.289s] Level 1:colcon.colcon_core.package_identification:_identify(src/limo_ros2) by extensions ['ros']
[0.289s] Level 1:colcon.colcon_core.package_identification:_identify(src/limo_ros2) by extension 'ros'
[0.289s] Level 1:colcon.colcon_core.package_identification:_identify(src/limo_ros2) by extensions ['cmake', 'python']
[0.289s] Level 1:colcon.colcon_core.package_identification:_identify(src/limo_ros2) by extension 'cmake'
[0.290s] Level 1:colcon.colcon_core.package_identification:_identify(src/limo_ros2) by extension 'python'
[0.290s] Level 1:colcon.colcon_core.package_identification:_identify(src/limo_ros2) by extensions ['python_setup_py']
[0.290s] Level 1:colcon.colcon_core.package_identification:_identify(src/limo_ros2) by extension 'python_setup_py'
[0.290s] Level 1:colcon.colcon_core.package_identification:_identify(src/limo_ros2/build) by extensions ['ignore', 'ignore_ament_install']
[0.290s] Level 1:colcon.colcon_core.package_identification:_identify(src/limo_ros2/build) by extension 'ignore'
[0.290s] Level 1:colcon.colcon_core.package_identification:_identify(src/limo_ros2/build) ignored
[0.290s] Level 1:colcon.colcon_core.package_identification:_identify(src/limo_ros2/install) by extensions ['ignore', 'ignore_ament_install']
[0.290s] Level 1:colcon.colcon_core.package_identification:_identify(src/limo_ros2/install) by extension 'ignore'
[0.290s] Level 1:colcon.colcon_core.package_identification:_identify(src/limo_ros2/install) ignored
[0.290s] Level 1:colcon.colcon_core.package_identification:_identify(src/limo_ros2/limo_base) by extensions ['ignore', 'ignore_ament_install']
[0.290s] Level 1:colcon.colcon_core.package_identification:_identify(src/limo_ros2/limo_base) by extension 'ignore'
[0.290s] Level 1:colcon.colcon_core.package_identification:_identify(src/limo_ros2/limo_base) by extension 'ignore_ament_install'
[0.290s] Level 1:colcon.colcon_core.package_identification:_identify(src/limo_ros2/limo_base) by extensions ['colcon_pkg']
[0.290s] Level 1:colcon.colcon_core.package_identification:_identify(src/limo_ros2/limo_base) by extension 'colcon_pkg'
[0.290s] Level 1:colcon.colcon_core.package_identification:_identify(src/limo_ros2/limo_base) by extensions ['colcon_meta']
[0.290s] Level 1:colcon.colcon_core.package_identification:_identify(src/limo_ros2/limo_base) by extension 'colcon_meta'
[0.290s] Level 1:colcon.colcon_core.package_identification:_identify(src/limo_ros2/limo_base) by extensions ['ros']
[0.291s] Level 1:colcon.colcon_core.package_identification:_identify(src/limo_ros2/limo_base) by extension 'ros'
[0.293s] DEBUG:colcon.colcon_core.package_identification:Package 'src/limo_ros2/limo_base' with type 'ros.ament_cmake' and name 'limo_base'
[0.293s] Level 1:colcon.colcon_core.package_identification:_identify(src/limo_ros2/limo_bringup) by extensions ['ignore', 'ignore_ament_install']
[0.293s] Level 1:colcon.colcon_core.package_identification:_identify(src/limo_ros2/limo_bringup) by extension 'ignore'
[0.293s] Level 1:colcon.colcon_core.package_identification:_identify(src/limo_ros2/limo_bringup) by extension 'ignore_ament_install'
[0.293s] Level 1:colcon.colcon_core.package_identification:_identify(src/limo_ros2/limo_bringup) by extensions ['colcon_pkg']
[0.294s] Level 1:colcon.colcon_core.package_identification:_identify(src/limo_ros2/limo_bringup) by extension 'colcon_pkg'
[0.294s] Level 1:colcon.colcon_core.package_identification:_identify(src/limo_ros2/limo_bringup) by extensions ['colcon_meta']
[0.294s] Level 1:colcon.colcon_core.package_identification:_identify(src/limo_ros2/limo_bringup) by extension 'colcon_meta'
[0.294s] Level 1:colcon.colcon_core.package_identification:_identify(src/limo_ros2/limo_bringup) by extensions ['ros']
[0.294s] Level 1:colcon.colcon_core.package_identification:_identify(src/limo_ros2/limo_bringup) by extension 'ros'
[0.295s] DEBUG:colcon.colcon_core.package_identification:Package 'src/limo_ros2/limo_bringup' with type 'ros.ament_cmake' and name 'limo_bringup'
[0.295s] Level 1:colcon.colcon_core.package_identification:_identify(src/limo_ros2/limo_car) by extensions ['ignore', 'ignore_ament_install']
[0.295s] Level 1:colcon.colcon_core.package_identification:_identify(src/limo_ros2/limo_car) by extension 'ignore'
[0.295s] Level 1:colcon.colcon_core.package_identification:_identify(src/limo_ros2/limo_car) by extension 'ignore_ament_install'
[0.295s] Level 1:colcon.colcon_core.package_identification:_identify(src/limo_ros2/limo_car) by extensions ['colcon_pkg']
[0.295s] Level 1:colcon.colcon_core.package_identification:_identify(src/limo_ros2/limo_car) by extension 'colcon_pkg'
[0.295s] Level 1:colcon.colcon_core.package_identification:_identify(src/limo_ros2/limo_car) by extensions ['colcon_meta']
[0.295s] Level 1:colcon.colcon_core.package_identification:_identify(src/limo_ros2/limo_car) by extension 'colcon_meta'
[0.295s] Level 1:colcon.colcon_core.package_identification:_identify(src/limo_ros2/limo_car) by extensions ['ros']
[0.295s] Level 1:colcon.colcon_core.package_identification:_identify(src/limo_ros2/limo_car) by extension 'ros'
[0.296s] DEBUG:colcon.colcon_core.package_identification:Package 'src/limo_ros2/limo_car' with type 'ros.ament_cmake' and name 'limo_car'
[0.296s] Level 1:colcon.colcon_core.package_identification:_identify(src/limo_ros2/limo_description) by extensions ['ignore', 'ignore_ament_install']
[0.297s] Level 1:colcon.colcon_core.package_identification:_identify(src/limo_ros2/limo_description) by extension 'ignore'
[0.297s] Level 1:colcon.colcon_core.package_identification:_identify(src/limo_ros2/limo_description) by extension 'ignore_ament_install'
[0.297s] Level 1:colcon.colcon_core.package_identification:_identify(src/limo_ros2/limo_description) by extensions ['colcon_pkg']
[0.297s] Level 1:colcon.colcon_core.package_identification:_identify(src/limo_ros2/limo_description) by extension 'colcon_pkg'
[0.297s] Level 1:colcon.colcon_core.package_identification:_identify(src/limo_ros2/limo_description) by extensions ['colcon_meta']
[0.297s] Level 1:colcon.colcon_core.package_identification:_identify(src/limo_ros2/limo_description) by extension 'colcon_meta'
[0.297s] Level 1:colcon.colcon_core.package_identification:_identify(src/limo_ros2/limo_description) by extensions ['ros']
[0.297s] Level 1:colcon.colcon_core.package_identification:_identify(src/limo_ros2/limo_description) by extension 'ros'
[0.297s] DEBUG:colcon.colcon_core.package_identification:Package 'src/limo_ros2/limo_description' with type 'ros.ament_cmake' and name 'limo_description'
[0.297s] Level 1:colcon.colcon_core.package_identification:_identify(src/limo_ros2/limo_gazebosim) by extensions ['ignore', 'ignore_ament_install']
[0.298s] Level 1:colcon.colcon_core.package_identification:_identify(src/limo_ros2/limo_gazebosim) by extension 'ignore'
[0.298s] Level 1:colcon.colcon_core.package_identification:_identify(src/limo_ros2/limo_gazebosim) by extension 'ignore_ament_install'
[0.298s] Level 1:colcon.colcon_core.package_identification:_identify(src/limo_ros2/limo_gazebosim) by extensions ['colcon_pkg']
[0.298s] Level 1:colcon.colcon_core.package_identification:_identify(src/limo_ros2/limo_gazebosim) by extension 'colcon_pkg'
[0.298s] Level 1:colcon.colcon_core.package_identification:_identify(src/limo_ros2/limo_gazebosim) by extensions ['colcon_meta']
[0.298s] Level 1:colcon.colcon_core.package_identification:_identify(src/limo_ros2/limo_gazebosim) by extension 'colcon_meta'
[0.298s] Level 1:colcon.colcon_core.package_identification:_identify(src/limo_ros2/limo_gazebosim) by extensions ['ros']
[0.298s] Level 1:colcon.colcon_core.package_identification:_identify(src/limo_ros2/limo_gazebosim) by extension 'ros'
[0.298s] DEBUG:colcon.colcon_core.package_identification:Package 'src/limo_ros2/limo_gazebosim' with type 'ros.ament_cmake' and name 'limo_gazebosim'
[0.298s] Level 1:colcon.colcon_core.package_identification:_identify(src/limo_ros2/limo_msgs) by extensions ['ignore', 'ignore_ament_install']
[0.298s] Level 1:colcon.colcon_core.package_identification:_identify(src/limo_ros2/limo_msgs) by extension 'ignore'
[0.299s] Level 1:colcon.colcon_core.package_identification:_identify(src/limo_ros2/limo_msgs) by extension 'ignore_ament_install'
[0.299s] Level 1:colcon.colcon_core.package_identification:_identify(src/limo_ros2/limo_msgs) by extensions ['colcon_pkg']
[0.299s] Level 1:colcon.colcon_core.package_identification:_identify(src/limo_ros2/limo_msgs) by extension 'colcon_pkg'
[0.299s] Level 1:colcon.colcon_core.package_identification:_identify(src/limo_ros2/limo_msgs) by extensions ['colcon_meta']
[0.299s] Level 1:colcon.colcon_core.package_identification:_identify(src/limo_ros2/limo_msgs) by extension 'colcon_meta'
[0.299s] Level 1:colcon.colcon_core.package_identification:_identify(src/limo_ros2/limo_msgs) by extensions ['ros']
[0.299s] Level 1:colcon.colcon_core.package_identification:_identify(src/limo_ros2/limo_msgs) by extension 'ros'
[0.299s] DEBUG:colcon.colcon_core.package_identification:Package 'src/limo_ros2/limo_msgs' with type 'ros.ament_cmake' and name 'limo_msgs'
[0.299s] Level 1:colcon.colcon_core.package_identification:_identify(src/limo_ros2/limo_navigation) by extensions ['ignore', 'ignore_ament_install']
[0.300s] Level 1:colcon.colcon_core.package_identification:_identify(src/limo_ros2/limo_navigation) by extension 'ignore'
[0.300s] Level 1:colcon.colcon_core.package_identification:_identify(src/limo_ros2/limo_navigation) by extension 'ignore_ament_install'
[0.300s] Level 1:colcon.colcon_core.package_identification:_identify(src/limo_ros2/limo_navigation) by extensions ['colcon_pkg']
[0.300s] Level 1:colcon.colcon_core.package_identification:_identify(src/limo_ros2/limo_navigation) by extension 'colcon_pkg'
[0.300s] Level 1:colcon.colcon_core.package_identification:_identify(src/limo_ros2/limo_navigation) by extensions ['colcon_meta']
[0.300s] Level 1:colcon.colcon_core.package_identification:_identify(src/limo_ros2/limo_navigation) by extension 'colcon_meta'
[0.300s] Level 1:colcon.colcon_core.package_identification:_identify(src/limo_ros2/limo_navigation) by extensions ['ros']
[0.300s] Level 1:colcon.colcon_core.package_identification:_identify(src/limo_ros2/limo_navigation) by extension 'ros'
[0.300s] DEBUG:colcon.colcon_core.package_identification:Package 'src/limo_ros2/limo_navigation' with type 'ros.ament_cmake' and name 'limo_navigation'
[0.300s] Level 1:colcon.colcon_core.package_identification:_identify(src/limo_ros2/log) by extensions ['ignore', 'ignore_ament_install']
[0.300s] Level 1:colcon.colcon_core.package_identification:_identify(src/limo_ros2/log) by extension 'ignore'
[0.301s] Level 1:colcon.colcon_core.package_identification:_identify(src/limo_ros2/log) ignored
[0.301s] Level 1:colcon.colcon_core.package_identification:_identify(src/limo_ros2/ydlidar_ros2) by extensions ['ignore', 'ignore_ament_install']
[0.301s] Level 1:colcon.colcon_core.package_identification:_identify(src/limo_ros2/ydlidar_ros2) by extension 'ignore'
[0.301s] Level 1:colcon.colcon_core.package_identification:_identify(src/limo_ros2/ydlidar_ros2) by extension 'ignore_ament_install'
[0.301s] Level 1:colcon.colcon_core.package_identification:_identify(src/limo_ros2/ydlidar_ros2) by extensions ['colcon_pkg']
[0.301s] Level 1:colcon.colcon_core.package_identification:_identify(src/limo_ros2/ydlidar_ros2) by extension 'colcon_pkg'
[0.301s] Level 1:colcon.colcon_core.package_identification:_identify(src/limo_ros2/ydlidar_ros2) by extensions ['colcon_meta']
[0.301s] Level 1:colcon.colcon_core.package_identification:_identify(src/limo_ros2/ydlidar_ros2) by extension 'colcon_meta'
[0.301s] Level 1:colcon.colcon_core.package_identification:_identify(src/limo_ros2/ydlidar_ros2) by extensions ['ros']
[0.301s] Level 1:colcon.colcon_core.package_identification:_identify(src/limo_ros2/ydlidar_ros2) by extension 'ros'
[0.302s] DEBUG:colcon.colcon_core.package_identification:Package 'src/limo_ros2/ydlidar_ros2' with type 'ros.ament_cmake' and name 'ydlidar_ros2_driver'
[0.302s] Level 1:colcon.colcon_core.package_discovery:discover_packages(recursive) using defaults
[0.302s] Level 1:colcon.colcon_core.package_discovery:discover_packages(ignore) discover
[0.302s] Level 1:colcon.colcon_core.package_discovery:discover_packages(ignore) using defaults
[0.302s] Level 1:colcon.colcon_core.package_discovery:discover_packages(path) discover
[0.302s] Level 1:colcon.colcon_core.package_discovery:discover_packages(path) using defaults
[0.329s] Level 5:colcon.colcon_core.verb:set package 'limo_car' build argument 'cmake_args' from command line to 'None'
[0.329s] Level 5:colcon.colcon_core.verb:set package 'limo_car' build argument 'cmake_target' from command line to 'None'
[0.329s] Level 5:colcon.colcon_core.verb:set package 'limo_car' build argument 'cmake_target_skip_unavailable' from command line to 'False'
[0.329s] Level 5:colcon.colcon_core.verb:set package 'limo_car' build argument 'cmake_clean_cache' from command line to 'False'
[0.329s] Level 5:colcon.colcon_core.verb:set package 'limo_car' build argument 'cmake_clean_first' from command line to 'False'
[0.329s] Level 5:colcon.colcon_core.verb:set package 'limo_car' build argument 'cmake_force_configure' from command line to 'False'
[0.329s] Level 5:colcon.colcon_core.verb:set package 'limo_car' build argument 'ament_cmake_args' from command line to 'None'
[0.329s] Level 5:colcon.colcon_core.verb:set package 'limo_car' build argument 'catkin_cmake_args' from command line to 'None'
[0.329s] Level 5:colcon.colcon_core.verb:set package 'limo_car' build argument 'catkin_skip_building_tests' from command line to 'False'
[0.329s] DEBUG:colcon.colcon_core.verb:Building package 'limo_car' with the following arguments: {'ament_cmake_args': None, 'build_base': '/home/pretil/catkin_ws/build/limo_car', 'catkin_cmake_args': None, 'catkin_skip_building_tests': False, 'cmake_args': None, 'cmake_clean_cache': False, 'cmake_clean_first': False, 'cmake_force_configure': False, 'cmake_target': None, 'cmake_target_skip_unavailable': False, 'install_base': '/home/pretil/catkin_ws/install/limo_car', 'merge_install': False, 'path': '/home/pretil/catkin_ws/src/limo_ros2/limo_car', 'symlink_install': False, 'test_result_base': None}
[0.330s] Level 5:colcon.colcon_core.verb:set package 'limo_description' build argument 'cmake_args' from command line to 'None'
[0.330s] Level 5:colcon.colcon_core.verb:set package 'limo_description' build argument 'cmake_target' from command line to 'None'
[0.330s] Level 5:colcon.colcon_core.verb:set package 'limo_description' build argument 'cmake_target_skip_unavailable' from command line to 'False'
[0.330s] Level 5:colcon.colcon_core.verb:set package 'limo_description' build argument 'cmake_clean_cache' from command line to 'False'
[0.330s] Level 5:colcon.colcon_core.verb:set package 'limo_description' build argument 'cmake_clean_first' from command line to 'False'
[0.330s] Level 5:colcon.colcon_core.verb:set package 'limo_description' build argument 'cmake_force_configure' from command line to 'False'
[0.330s] Level 5:colcon.colcon_core.verb:set package 'limo_description' build argument 'ament_cmake_args' from command line to 'None'
[0.330s] Level 5:colcon.colcon_core.verb:set package 'limo_description' build argument 'catkin_cmake_args' from command line to 'None'
[0.330s] Level 5:colcon.colcon_core.verb:set package 'limo_description' build argument 'catkin_skip_building_tests' from command line to 'False'
[0.330s] DEBUG:colcon.colcon_core.verb:Building package 'limo_description' with the following arguments: {'ament_cmake_args': None, 'build_base': '/home/pretil/catkin_ws/build/limo_description', 'catkin_cmake_args': None, 'catkin_skip_building_tests': False, 'cmake_args': None, 'cmake_clean_cache': False, 'cmake_clean_first': False, 'cmake_force_configure': False, 'cmake_target': None, 'cmake_target_skip_unavailable': False, 'install_base': '/home/pretil/catkin_ws/install/limo_description', 'merge_install': False, 'path': '/home/pretil/catkin_ws/src/limo_ros2/limo_description', 'symlink_install': False, 'test_result_base': None}
[0.330s] Level 5:colcon.colcon_core.verb:set package 'limo_gazebosim' build argument 'cmake_args' from command line to 'None'
[0.330s] Level 5:colcon.colcon_core.verb:set package 'limo_gazebosim' build argument 'cmake_target' from command line to 'None'
[0.330s] Level 5:colcon.colcon_core.verb:set package 'limo_gazebosim' build argument 'cmake_target_skip_unavailable' from command line to 'False'
[0.330s] Level 5:colcon.colcon_core.verb:set package 'limo_gazebosim' build argument 'cmake_clean_cache' from command line to 'False'
[0.330s] Level 5:colcon.colcon_core.verb:set package 'limo_gazebosim' build argument 'cmake_clean_first' from command line to 'False'
[0.330s] Level 5:colcon.colcon_core.verb:set package 'limo_gazebosim' build argument 'cmake_force_configure' from command line to 'False'
[0.330s] Level 5:colcon.colcon_core.verb:set package 'limo_gazebosim' build argument 'ament_cmake_args' from command line to 'None'
[0.330s] Level 5:colcon.colcon_core.verb:set package 'limo_gazebosim' build argument 'catkin_cmake_args' from command line to 'None'
[0.330s] Level 5:colcon.colcon_core.verb:set package 'limo_gazebosim' build argument 'catkin_skip_building_tests' from command line to 'False'
[0.330s] DEBUG:colcon.colcon_core.verb:Building package 'limo_gazebosim' with the following arguments: {'ament_cmake_args': None, 'build_base': '/home/pretil/catkin_ws/build/limo_gazebosim', 'catkin_cmake_args': None, 'catkin_skip_building_tests': False, 'cmake_args': None, 'cmake_clean_cache': False, 'cmake_clean_first': False, 'cmake_force_configure': False, 'cmake_target': None, 'cmake_target_skip_unavailable': False, 'install_base': '/home/pretil/catkin_ws/install/limo_gazebosim', 'merge_install': False, 'path': '/home/pretil/catkin_ws/src/limo_ros2/limo_gazebosim', 'symlink_install': False, 'test_result_base': None}
[0.331s] Level 5:colcon.colcon_core.verb:set package 'limo_msgs' build argument 'cmake_args' from command line to 'None'
[0.331s] Level 5:colcon.colcon_core.verb:set package 'limo_msgs' build argument 'cmake_target' from command line to 'None'
[0.331s] Level 5:colcon.colcon_core.verb:set package 'limo_msgs' build argument 'cmake_target_skip_unavailable' from command line to 'False'
[0.331s] Level 5:colcon.colcon_core.verb:set package 'limo_msgs' build argument 'cmake_clean_cache' from command line to 'False'
[0.331s] Level 5:colcon.colcon_core.verb:set package 'limo_msgs' build argument 'cmake_clean_first' from command line to 'False'
[0.331s] Level 5:colcon.colcon_core.verb:set package 'limo_msgs' build argument 'cmake_force_configure' from command line to 'False'
[0.331s] Level 5:colcon.colcon_core.verb:set package 'limo_msgs' build argument 'ament_cmake_args' from command line to 'None'
[0.331s] Level 5:colcon.colcon_core.verb:set package 'limo_msgs' build argument 'catkin_cmake_args' from command line to 'None'
[0.331s] Level 5:colcon.colcon_core.verb:set package 'limo_msgs' build argument 'catkin_skip_building_tests' from command line to 'False'
[0.331s] DEBUG:colcon.colcon_core.verb:Building package 'limo_msgs' with the following arguments: {'ament_cmake_args': None, 'build_base': '/home/pretil/catkin_ws/build/limo_msgs', 'catkin_cmake_args': None, 'catkin_skip_building_tests': False, 'cmake_args': None, 'cmake_clean_cache': False, 'cmake_clean_first': False, 'cmake_force_configure': False, 'cmake_target': None, 'cmake_target_skip_unavailable': False, 'install_base': '/home/pretil/catkin_ws/install/limo_msgs', 'merge_install': False, 'path': '/home/pretil/catkin_ws/src/limo_ros2/limo_msgs', 'symlink_install': False, 'test_result_base': None}
[0.331s] Level 5:colcon.colcon_core.verb:set package 'limo_navigation' build argument 'cmake_args' from command line to 'None'
[0.331s] Level 5:colcon.colcon_core.verb:set package 'limo_navigation' build argument 'cmake_target' from command line to 'None'
[0.331s] Level 5:colcon.colcon_core.verb:set package 'limo_navigation' build argument 'cmake_target_skip_unavailable' from command line to 'False'
[0.331s] Level 5:colcon.colcon_core.verb:set package 'limo_navigation' build argument 'cmake_clean_cache' from command line to 'False'
[0.331s] Level 5:colcon.colcon_core.verb:set package 'limo_navigation' build argument 'cmake_clean_first' from command line to 'False'
[0.331s] Level 5:colcon.colcon_core.verb:set package 'limo_navigation' build argument 'cmake_force_configure' from command line to 'False'
[0.332s] Level 5:colcon.colcon_core.verb:set package 'limo_navigation' build argument 'ament_cmake_args' from command line to 'None'
[0.332s] Level 5:colcon.colcon_core.verb:set package 'limo_navigation' build argument 'catkin_cmake_args' from command line to 'None'
[0.332s] Level 5:colcon.colcon_core.verb:set package 'limo_navigation' build argument 'catkin_skip_building_tests' from command line to 'False'
[0.332s] DEBUG:colcon.colcon_core.verb:Building package 'limo_navigation' with the following arguments: {'ament_cmake_args': None, 'build_base': '/home/pretil/catkin_ws/build/limo_navigation', 'catkin_cmake_args': None, 'catkin_skip_building_tests': False, 'cmake_args': None, 'cmake_clean_cache': False, 'cmake_clean_first': False, 'cmake_force_configure': False, 'cmake_target': None, 'cmake_target_skip_unavailable': False, 'install_base': '/home/pretil/catkin_ws/install/limo_navigation', 'merge_install': False, 'path': '/home/pretil/catkin_ws/src/limo_ros2/limo_navigation', 'symlink_install': False, 'test_result_base': None}
[0.332s] Level 5:colcon.colcon_core.verb:set package 'limo_base' build argument 'cmake_args' from command line to 'None'
[0.332s] Level 5:colcon.colcon_core.verb:set package 'limo_base' build argument 'cmake_target' from command line to 'None'
[0.332s] Level 5:colcon.colcon_core.verb:set package 'limo_base' build argument 'cmake_target_skip_unavailable' from command line to 'False'
[0.332s] Level 5:colcon.colcon_core.verb:set package 'limo_base' build argument 'cmake_clean_cache' from command line to 'False'
[0.332s] Level 5:colcon.colcon_core.verb:set package 'limo_base' build argument 'cmake_clean_first' from command line to 'False'
[0.332s] Level 5:colcon.colcon_core.verb:set package 'limo_base' build argument 'cmake_force_configure' from command line to 'False'
[0.332s] Level 5:colcon.colcon_core.verb:set package 'limo_base' build argument 'ament_cmake_args' from command line to 'None'
[0.332s] Level 5:colcon.colcon_core.verb:set package 'limo_base' build argument 'catkin_cmake_args' from command line to 'None'
[0.332s] Level 5:colcon.colcon_core.verb:set package 'limo_base' build argument 'catkin_skip_building_tests' from command line to 'False'
[0.332s] DEBUG:colcon.colcon_core.verb:Building package 'limo_base' with the following arguments: {'ament_cmake_args': None, 'build_base': '/home/pretil/catkin_ws/build/limo_base', 'catkin_cmake_args': None, 'catkin_skip_building_tests': False, 'cmake_args': None, 'cmake_clean_cache': False, 'cmake_clean_first': False, 'cmake_force_configure': False, 'cmake_target': None, 'cmake_target_skip_unavailable': False, 'install_base': '/home/pretil/catkin_ws/install/limo_base', 'merge_install': False, 'path': '/home/pretil/catkin_ws/src/limo_ros2/limo_base', 'symlink_install': False, 'test_result_base': None}
[0.333s] Level 5:colcon.colcon_core.verb:set package 'limo_bringup' build argument 'cmake_args' from command line to 'None'
[0.333s] Level 5:colcon.colcon_core.verb:set package 'limo_bringup' build argument 'cmake_target' from command line to 'None'
[0.333s] Level 5:colcon.colcon_core.verb:set package 'limo_bringup' build argument 'cmake_target_skip_unavailable' from command line to 'False'
[0.333s] Level 5:colcon.colcon_core.verb:set package 'limo_bringup' build argument 'cmake_clean_cache' from command line to 'False'
[0.333s] Level 5:colcon.colcon_core.verb:set package 'limo_bringup' build argument 'cmake_clean_first' from command line to 'False'
[0.333s] Level 5:colcon.colcon_core.verb:set package 'limo_bringup' build argument 'cmake_force_configure' from command line to 'False'
[0.333s] Level 5:colcon.colcon_core.verb:set package 'limo_bringup' build argument 'ament_cmake_args' from command line to 'None'
[0.333s] Level 5:colcon.colcon_core.verb:set package 'limo_bringup' build argument 'catkin_cmake_args' from command line to 'None'
[0.333s] Level 5:colcon.colcon_core.verb:set package 'limo_bringup' build argument 'catkin_skip_building_tests' from command line to 'False'
[0.333s] DEBUG:colcon.colcon_core.verb:Building package 'limo_bringup' with the following arguments: {'ament_cmake_args': None, 'build_base': '/home/pretil/catkin_ws/build/limo_bringup', 'catkin_cmake_args': None, 'catkin_skip_building_tests': False, 'cmake_args': None, 'cmake_clean_cache': False, 'cmake_clean_first': False, 'cmake_force_configure': False, 'cmake_target': None, 'cmake_target_skip_unavailable': False, 'install_base': '/home/pretil/catkin_ws/install/limo_bringup', 'merge_install': False, 'path': '/home/pretil/catkin_ws/src/limo_ros2/limo_bringup', 'symlink_install': False, 'test_result_base': None}
[0.333s] INFO:colcon.colcon_core.executor:Executing jobs using 'parallel' executor
[0.334s] DEBUG:colcon.colcon_parallel_executor.executor.parallel:run_until_complete
[0.334s] INFO:colcon.colcon_ros.task.ament_cmake.build:Building ROS package in '/home/pretil/catkin_ws/src/limo_ros2/limo_msgs' with build type 'ament_cmake'
[0.334s] INFO:colcon.colcon_cmake.task.cmake.build:Building CMake package in '/home/pretil/catkin_ws/src/limo_ros2/limo_msgs'
[0.336s] INFO:colcon.colcon_core.plugin_system:Skipping extension 'colcon_core.shell.bat': Not used on non-Windows systems
[0.336s] INFO:colcon.colcon_core.shell:Skip shell extension 'powershell' for command environment: Not usable outside of PowerShell
[0.336s] DEBUG:colcon.colcon_core.shell:Skip shell extension 'dsv' for command environment
[0.342s] INFO:colcon.colcon_ros.task.ament_cmake.build:Building ROS package in '/home/pretil/catkin_ws/src/limo_ros2/limo_car' with build type 'ament_cmake'
[0.342s] INFO:colcon.colcon_cmake.task.cmake.build:Building CMake package in '/home/pretil/catkin_ws/src/limo_ros2/limo_car'
[0.342s] INFO:colcon.colcon_core.shell:Skip shell extension 'powershell' for command environment: Not usable outside of PowerShell
[0.342s] DEBUG:colcon.colcon_core.shell:Skip shell extension 'dsv' for command environment
[0.346s] INFO:colcon.colcon_ros.task.ament_cmake.build:Building ROS package in '/home/pretil/catkin_ws/src/limo_ros2/limo_description' with build type 'ament_cmake'
[0.346s] INFO:colcon.colcon_cmake.task.cmake.build:Building CMake package in '/home/pretil/catkin_ws/src/limo_ros2/limo_description'
[0.347s] INFO:colcon.colcon_core.shell:Skip shell extension 'powershell' for command environment: Not usable outside of PowerShell
[0.347s] DEBUG:colcon.colcon_core.shell:Skip shell extension 'dsv' for command environment
[0.351s] INFO:colcon.colcon_ros.task.ament_cmake.build:Building ROS package in '/home/pretil/catkin_ws/src/limo_ros2/limo_gazebosim' with build type 'ament_cmake'
[0.351s] INFO:colcon.colcon_cmake.task.cmake.build:Building CMake package in '/home/pretil/catkin_ws/src/limo_ros2/limo_gazebosim'
[0.351s] INFO:colcon.colcon_core.shell:Skip shell extension 'powershell' for command environment: Not usable outside of PowerShell
[0.351s] DEBUG:colcon.colcon_core.shell:Skip shell extension 'dsv' for command environment
[0.355s] INFO:colcon.colcon_ros.task.ament_cmake.build:Building ROS package in '/home/pretil/catkin_ws/src/limo_ros2/limo_navigation' with build type 'ament_cmake'
[0.355s] INFO:colcon.colcon_cmake.task.cmake.build:Building CMake package in '/home/pretil/catkin_ws/src/limo_ros2/limo_navigation'
[0.356s] INFO:colcon.colcon_core.shell:Skip shell extension 'powershell' for command environment: Not usable outside of PowerShell
[0.356s] DEBUG:colcon.colcon_core.shell:Skip shell extension 'dsv' for command environment
[0.364s] DEBUG:colcon.colcon_core.event_handler.log_command:Invoking command in '/home/pretil/catkin_ws/build/limo_msgs': CMAKE_PREFIX_PATH=${CMAKE_PREFIX_PATH}:/opt/ros/humble /usr/bin/cmake --build /home/pretil/catkin_ws/build/limo_msgs -- -j12 -l12
[0.366s] DEBUG:colcon.colcon_core.event_handler.log_command:Invoking command in '/home/pretil/catkin_ws/build/limo_car': CMAKE_PREFIX_PATH=${CMAKE_PREFIX_PATH}:/opt/ros/humble /usr/bin/cmake --build /home/pretil/catkin_ws/build/limo_car -- -j12 -l12
[0.368s] DEBUG:colcon.colcon_core.event_handler.log_command:Invoking command in '/home/pretil/catkin_ws/build/limo_description': CMAKE_PREFIX_PATH=${CMAKE_PREFIX_PATH}:/opt/ros/humble /usr/bin/cmake --build /home/pretil/catkin_ws/build/limo_description -- -j12 -l12
[0.372s] DEBUG:colcon.colcon_core.event_handler.log_command:Invoking command in '/home/pretil/catkin_ws/build/limo_gazebosim': CMAKE_PREFIX_PATH=${CMAKE_PREFIX_PATH}:/opt/ros/humble /usr/bin/cmake --build /home/pretil/catkin_ws/build/limo_gazebosim -- -j12 -l12
[0.375s] DEBUG:colcon.colcon_core.event_handler.log_command:Invoking command in '/home/pretil/catkin_ws/build/limo_navigation': CMAKE_PREFIX_PATH=${CMAKE_PREFIX_PATH}:/opt/ros/humble /usr/bin/cmake --build /home/pretil/catkin_ws/build/limo_navigation -- -j12 -l12
[0.400s] DEBUG:colcon.colcon_core.event_handler.log_command:Invoked command in '/home/pretil/catkin_ws/build/limo_car' returned '0': CMAKE_PREFIX_PATH=${CMAKE_PREFIX_PATH}:/opt/ros/humble /usr/bin/cmake --build /home/pretil/catkin_ws/build/limo_car -- -j12 -l12
[0.410s] DEBUG:colcon.colcon_core.event_handler.log_command:Invoking command in '/home/pretil/catkin_ws/build/limo_car': CMAKE_PREFIX_PATH=${CMAKE_PREFIX_PATH}:/opt/ros/humble /usr/bin/cmake --install /home/pretil/catkin_ws/build/limo_car
[0.412s] DEBUG:colcon.colcon_core.event_handler.log_command:Invoked command in '/home/pretil/catkin_ws/build/limo_gazebosim' returned '0': CMAKE_PREFIX_PATH=${CMAKE_PREFIX_PATH}:/opt/ros/humble /usr/bin/cmake --build /home/pretil/catkin_ws/build/limo_gazebosim -- -j12 -l12
[0.414s] DEBUG:colcon.colcon_core.event_handler.log_command:Invoking command in '/home/pretil/catkin_ws/build/limo_gazebosim': CMAKE_PREFIX_PATH=${CMAKE_PREFIX_PATH}:/opt/ros/humble /usr/bin/cmake --install /home/pretil/catkin_ws/build/limo_gazebosim
[0.414s] DEBUG:colcon.colcon_core.event_handler.log_command:Invoked command in '/home/pretil/catkin_ws/build/limo_description' returned '0': CMAKE_PREFIX_PATH=${CMAKE_PREFIX_PATH}:/opt/ros/humble /usr/bin/cmake --build /home/pretil/catkin_ws/build/limo_description -- -j12 -l12
[0.416s] DEBUG:colcon.colcon_core.event_handler.log_command:Invoking command in '/home/pretil/catkin_ws/build/limo_description': CMAKE_PREFIX_PATH=${CMAKE_PREFIX_PATH}:/opt/ros/humble /usr/bin/cmake --install /home/pretil/catkin_ws/build/limo_description
[0.419s] DEBUG:colcon.colcon_core.event_handler.log_command:Invoked command in '/home/pretil/catkin_ws/build/limo_navigation' returned '0': CMAKE_PREFIX_PATH=${CMAKE_PREFIX_PATH}:/opt/ros/humble /usr/bin/cmake --build /home/pretil/catkin_ws/build/limo_navigation -- -j12 -l12
[0.422s] Level 1:colcon.colcon_core.environment:create_environment_scripts_only(limo_car)
[0.425s] DEBUG:colcon.colcon_core.event_handler.log_command:Invoking command in '/home/pretil/catkin_ws/build/limo_navigation': CMAKE_PREFIX_PATH=${CMAKE_PREFIX_PATH}:/opt/ros/humble /usr/bin/cmake --install /home/pretil/catkin_ws/build/limo_navigation
[0.428s] DEBUG:colcon.colcon_core.event_handler.log_command:Invoked command in '/home/pretil/catkin_ws/build/limo_car' returned '0': CMAKE_PREFIX_PATH=${CMAKE_PREFIX_PATH}:/opt/ros/humble /usr/bin/cmake --install /home/pretil/catkin_ws/build/limo_car
[0.434s] Level 1:colcon.colcon_core.environment:checking '/home/pretil/catkin_ws/install/limo_car' for CMake module files
[0.436s] Level 1:colcon.colcon_core.environment:checking '/home/pretil/catkin_ws/install/limo_car' for CMake config files
[0.437s] Level 1:colcon.colcon_core.shell:create_environment_hook('limo_car', 'cmake_prefix_path')
[0.438s] INFO:colcon.colcon_core.shell:Creating environment hook '/home/pretil/catkin_ws/install/limo_car/share/limo_car/hook/cmake_prefix_path.ps1'
[0.440s] INFO:colcon.colcon_core.shell:Creating environment descriptor '/home/pretil/catkin_ws/install/limo_car/share/limo_car/hook/cmake_prefix_path.dsv'
[0.441s] INFO:colcon.colcon_core.shell:Creating environment hook '/home/pretil/catkin_ws/install/limo_car/share/limo_car/hook/cmake_prefix_path.sh'
[0.444s] Level 1:colcon.colcon_core.environment:checking '/home/pretil/catkin_ws/install/limo_car/bin'
[0.444s] Level 1:colcon.colcon_core.environment:checking '/home/pretil/catkin_ws/install/limo_car/lib/pkgconfig/limo_car.pc'
[0.447s] Level 1:colcon.colcon_core.environment:checking '/home/pretil/catkin_ws/install/limo_car/lib/python3.10/site-packages'
[0.448s] Level 1:colcon.colcon_core.environment:checking '/home/pretil/catkin_ws/install/limo_car/bin'
[0.449s] INFO:colcon.colcon_core.shell:Creating package script '/home/pretil/catkin_ws/install/limo_car/share/limo_car/package.ps1'
[0.452s] INFO:colcon.colcon_core.shell:Creating package descriptor '/home/pretil/catkin_ws/install/limo_car/share/limo_car/package.dsv'
[0.453s] INFO:colcon.colcon_core.shell:Creating package script '/home/pretil/catkin_ws/install/limo_car/share/limo_car/package.sh'
[0.454s] INFO:colcon.colcon_core.shell:Creating package script '/home/pretil/catkin_ws/install/limo_car/share/limo_car/package.bash'
[0.455s] INFO:colcon.colcon_core.shell:Creating package script '/home/pretil/catkin_ws/install/limo_car/share/limo_car/package.zsh'
[0.457s] Level 1:colcon.colcon_core.environment:create_file_with_runtime_dependencies(/home/pretil/catkin_ws/install/limo_car/share/colcon-core/packages/limo_car)
[0.457s] Level 1:colcon.colcon_core.environment:create_environment_scripts_only(limo_car)
[0.458s] Level 1:colcon.colcon_core.environment:checking '/home/pretil/catkin_ws/install/limo_car' for CMake module files
[0.459s] Level 1:colcon.colcon_core.environment:checking '/home/pretil/catkin_ws/install/limo_car' for CMake config files
[0.459s] Level 1:colcon.colcon_core.shell:create_environment_hook('limo_car', 'cmake_prefix_path')
[0.460s] INFO:colcon.colcon_core.shell:Creating environment hook '/home/pretil/catkin_ws/install/limo_car/share/limo_car/hook/cmake_prefix_path.ps1'
[0.460s] INFO:colcon.colcon_core.shell:Creating environment descriptor '/home/pretil/catkin_ws/install/limo_car/share/limo_car/hook/cmake_prefix_path.dsv'
[0.461s] INFO:colcon.colcon_core.shell:Creating environment hook '/home/pretil/catkin_ws/install/limo_car/share/limo_car/hook/cmake_prefix_path.sh'
[0.461s] Level 1:colcon.colcon_core.environment:checking '/home/pretil/catkin_ws/install/limo_car/bin'
[0.461s] Level 1:colcon.colcon_core.environment:checking '/home/pretil/catkin_ws/install/limo_car/lib/pkgconfig/limo_car.pc'
[0.462s] Level 1:colcon.colcon_core.environment:checking '/home/pretil/catkin_ws/install/limo_car/lib/python3.10/site-packages'
[0.462s] Level 1:colcon.colcon_core.environment:checking '/home/pretil/catkin_ws/install/limo_car/bin'
[0.463s] INFO:colcon.colcon_core.shell:Creating package script '/home/pretil/catkin_ws/install/limo_car/share/limo_car/package.ps1'
[0.464s] INFO:colcon.colcon_core.shell:Creating package descriptor '/home/pretil/catkin_ws/install/limo_car/share/limo_car/package.dsv'
[0.465s] INFO:colcon.colcon_core.shell:Creating package script '/home/pretil/catkin_ws/install/limo_car/share/limo_car/package.sh'
[0.465s] INFO:colcon.colcon_core.shell:Creating package script '/home/pretil/catkin_ws/install/limo_car/share/limo_car/package.bash'
[0.466s] INFO:colcon.colcon_core.shell:Creating package script '/home/pretil/catkin_ws/install/limo_car/share/limo_car/package.zsh'
[0.466s] Level 1:colcon.colcon_core.environment:create_file_with_runtime_dependencies(/home/pretil/catkin_ws/install/limo_car/share/colcon-core/packages/limo_car)
[0.468s] Level 1:colcon.colcon_core.environment:create_environment_scripts_only(limo_gazebosim)
[0.469s] Level 1:colcon.colcon_core.environment:checking '/home/pretil/catkin_ws/install/limo_gazebosim' for CMake module files
[0.469s] DEBUG:colcon.colcon_core.event_handler.log_command:Invoked command in '/home/pretil/catkin_ws/build/limo_gazebosim' returned '0': CMAKE_PREFIX_PATH=${CMAKE_PREFIX_PATH}:/opt/ros/humble /usr/bin/cmake --install /home/pretil/catkin_ws/build/limo_gazebosim
[0.470s] Level 1:colcon.colcon_core.environment:checking '/home/pretil/catkin_ws/install/limo_gazebosim' for CMake config files
[0.470s] Level 1:colcon.colcon_core.shell:create_environment_hook('limo_gazebosim', 'cmake_prefix_path')
[0.471s] INFO:colcon.colcon_core.shell:Creating environment hook '/home/pretil/catkin_ws/install/limo_gazebosim/share/limo_gazebosim/hook/cmake_prefix_path.ps1'
[0.472s] INFO:colcon.colcon_core.shell:Creating environment descriptor '/home/pretil/catkin_ws/install/limo_gazebosim/share/limo_gazebosim/hook/cmake_prefix_path.dsv'
[0.472s] INFO:colcon.colcon_core.shell:Creating environment hook '/home/pretil/catkin_ws/install/limo_gazebosim/share/limo_gazebosim/hook/cmake_prefix_path.sh'
[0.473s] Level 1:colcon.colcon_core.environment:checking '/home/pretil/catkin_ws/install/limo_gazebosim/bin'
[0.473s] Level 1:colcon.colcon_core.environment:checking '/home/pretil/catkin_ws/install/limo_gazebosim/lib/pkgconfig/limo_gazebosim.pc'
[0.473s] Level 1:colcon.colcon_core.environment:checking '/home/pretil/catkin_ws/install/limo_gazebosim/lib/python3.10/site-packages'
[0.474s] Level 1:colcon.colcon_core.environment:checking '/home/pretil/catkin_ws/install/limo_gazebosim/bin'
[0.475s] INFO:colcon.colcon_core.shell:Creating package script '/home/pretil/catkin_ws/install/limo_gazebosim/share/limo_gazebosim/package.ps1'
[0.475s] INFO:colcon.colcon_core.shell:Creating package descriptor '/home/pretil/catkin_ws/install/limo_gazebosim/share/limo_gazebosim/package.dsv'
[0.476s] INFO:colcon.colcon_core.shell:Creating package script '/home/pretil/catkin_ws/install/limo_gazebosim/share/limo_gazebosim/package.sh'
[0.477s] INFO:colcon.colcon_core.shell:Creating package script '/home/pretil/catkin_ws/install/limo_gazebosim/share/limo_gazebosim/package.bash'
[0.477s] INFO:colcon.colcon_core.shell:Creating package script '/home/pretil/catkin_ws/install/limo_gazebosim/share/limo_gazebosim/package.zsh'
[0.478s] Level 1:colcon.colcon_core.environment:create_file_with_runtime_dependencies(/home/pretil/catkin_ws/install/limo_gazebosim/share/colcon-core/packages/limo_gazebosim)
[0.478s] Level 1:colcon.colcon_core.environment:create_environment_scripts_only(limo_gazebosim)
[0.479s] Level 1:colcon.colcon_core.environment:checking '/home/pretil/catkin_ws/install/limo_gazebosim' for CMake module files
[0.479s] Level 1:colcon.colcon_core.environment:checking '/home/pretil/catkin_ws/install/limo_gazebosim' for CMake config files
[0.480s] Level 1:colcon.colcon_core.shell:create_environment_hook('limo_gazebosim', 'cmake_prefix_path')
[0.480s] INFO:colcon.colcon_core.shell:Creating environment hook '/home/pretil/catkin_ws/install/limo_gazebosim/share/limo_gazebosim/hook/cmake_prefix_path.ps1'
[0.481s] INFO:colcon.colcon_core.shell:Creating environment descriptor '/home/pretil/catkin_ws/install/limo_gazebosim/share/limo_gazebosim/hook/cmake_prefix_path.dsv'
[0.481s] INFO:colcon.colcon_core.shell:Creating environment hook '/home/pretil/catkin_ws/install/limo_gazebosim/share/limo_gazebosim/hook/cmake_prefix_path.sh'
[0.482s] Level 1:colcon.colcon_core.environment:checking '/home/pretil/catkin_ws/install/limo_gazebosim/bin'
[0.482s] Level 1:colcon.colcon_core.environment:checking '/home/pretil/catkin_ws/install/limo_gazebosim/lib/pkgconfig/limo_gazebosim.pc'
[0.482s] Level 1:colcon.colcon_core.environment:checking '/home/pretil/catkin_ws/install/limo_gazebosim/lib/python3.10/site-packages'
[0.483s] Level 1:colcon.colcon_core.environment:checking '/home/pretil/catkin_ws/install/limo_gazebosim/bin'
[0.483s] INFO:colcon.colcon_core.shell:Creating package script '/home/pretil/catkin_ws/install/limo_gazebosim/share/limo_gazebosim/package.ps1'
[0.484s] INFO:colcon.colcon_core.shell:Creating package descriptor '/home/pretil/catkin_ws/install/limo_gazebosim/share/limo_gazebosim/package.dsv'
[0.485s] INFO:colcon.colcon_core.shell:Creating package script '/home/pretil/catkin_ws/install/limo_gazebosim/share/limo_gazebosim/package.sh'
[0.486s] INFO:colcon.colcon_core.shell:Creating package script '/home/pretil/catkin_ws/install/limo_gazebosim/share/limo_gazebosim/package.bash'
[0.486s] INFO:colcon.colcon_core.shell:Creating package script '/home/pretil/catkin_ws/install/limo_gazebosim/share/limo_gazebosim/package.zsh'
[0.487s] Level 1:colcon.colcon_core.environment:create_file_with_runtime_dependencies(/home/pretil/catkin_ws/install/limo_gazebosim/share/colcon-core/packages/limo_gazebosim)
[0.487s] Level 1:colcon.colcon_core.environment:create_environment_scripts_only(limo_navigation)
[0.488s] Level 1:colcon.colcon_core.environment:checking '/home/pretil/catkin_ws/install/limo_navigation' for CMake module files
[0.489s] DEBUG:colcon.colcon_core.event_handler.log_command:Invoked command in '/home/pretil/catkin_ws/build/limo_navigation' returned '0': CMAKE_PREFIX_PATH=${CMAKE_PREFIX_PATH}:/opt/ros/humble /usr/bin/cmake --install /home/pretil/catkin_ws/build/limo_navigation
[0.489s] Level 1:colcon.colcon_core.environment:checking '/home/pretil/catkin_ws/install/limo_navigation' for CMake config files
[0.490s] Level 1:colcon.colcon_core.shell:create_environment_hook('limo_navigation', 'cmake_prefix_path')
[0.490s] INFO:colcon.colcon_core.shell:Creating environment hook '/home/pretil/catkin_ws/install/limo_navigation/share/limo_navigation/hook/cmake_prefix_path.ps1'
[0.491s] INFO:colcon.colcon_core.shell:Creating environment descriptor '/home/pretil/catkin_ws/install/limo_navigation/share/limo_navigation/hook/cmake_prefix_path.dsv'
[0.491s] INFO:colcon.colcon_core.shell:Creating environment hook '/home/pretil/catkin_ws/install/limo_navigation/share/limo_navigation/hook/cmake_prefix_path.sh'
[0.492s] Level 1:colcon.colcon_core.environment:checking '/home/pretil/catkin_ws/install/limo_navigation/bin'
[0.492s] Level 1:colcon.colcon_core.environment:checking '/home/pretil/catkin_ws/install/limo_navigation/lib/pkgconfig/limo_navigation.pc'
[0.493s] Level 1:colcon.colcon_core.environment:checking '/home/pretil/catkin_ws/install/limo_navigation/lib/python3.10/site-packages'
[0.493s] Level 1:colcon.colcon_core.environment:checking '/home/pretil/catkin_ws/install/limo_navigation/bin'
[0.494s] INFO:colcon.colcon_core.shell:Creating package script '/home/pretil/catkin_ws/install/limo_navigation/share/limo_navigation/package.ps1'
[0.495s] INFO:colcon.colcon_core.shell:Creating package descriptor '/home/pretil/catkin_ws/install/limo_navigation/share/limo_navigation/package.dsv'
[0.495s] INFO:colcon.colcon_core.shell:Creating package script '/home/pretil/catkin_ws/install/limo_navigation/share/limo_navigation/package.sh'
[0.496s] INFO:colcon.colcon_core.shell:Creating package script '/home/pretil/catkin_ws/install/limo_navigation/share/limo_navigation/package.bash'
[0.496s] INFO:colcon.colcon_core.shell:Creating package script '/home/pretil/catkin_ws/install/limo_navigation/share/limo_navigation/package.zsh'
[0.497s] Level 1:colcon.colcon_core.environment:create_file_with_runtime_dependencies(/home/pretil/catkin_ws/install/limo_navigation/share/colcon-core/packages/limo_navigation)
[0.497s] Level 1:colcon.colcon_core.environment:create_environment_scripts_only(limo_navigation)
[0.498s] Level 1:colcon.colcon_core.environment:checking '/home/pretil/catkin_ws/install/limo_navigation' for CMake module files
[0.498s] Level 1:colcon.colcon_core.environment:checking '/home/pretil/catkin_ws/install/limo_navigation' for CMake config files
[0.499s] Level 1:colcon.colcon_core.shell:create_environment_hook('limo_navigation', 'cmake_prefix_path')
[0.499s] INFO:colcon.colcon_core.shell:Creating environment hook '/home/pretil/catkin_ws/install/limo_navigation/share/limo_navigation/hook/cmake_prefix_path.ps1'
[0.500s] INFO:colcon.colcon_core.shell:Creating environment descriptor '/home/pretil/catkin_ws/install/limo_navigation/share/limo_navigation/hook/cmake_prefix_path.dsv'
[0.501s] INFO:colcon.colcon_core.shell:Creating environment hook '/home/pretil/catkin_ws/install/limo_navigation/share/limo_navigation/hook/cmake_prefix_path.sh'
[0.501s] Level 1:colcon.colcon_core.environment:checking '/home/pretil/catkin_ws/install/limo_navigation/bin'
[0.501s] Level 1:colcon.colcon_core.environment:checking '/home/pretil/catkin_ws/install/limo_navigation/lib/pkgconfig/limo_navigation.pc'
[0.502s] Level 1:colcon.colcon_core.environment:checking '/home/pretil/catkin_ws/install/limo_navigation/lib/python3.10/site-packages'
[0.502s] Level 1:colcon.colcon_core.environment:checking '/home/pretil/catkin_ws/install/limo_navigation/bin'
[0.503s] INFO:colcon.colcon_core.shell:Creating package script '/home/pretil/catkin_ws/install/limo_navigation/share/limo_navigation/package.ps1'
[0.504s] INFO:colcon.colcon_core.shell:Creating package descriptor '/home/pretil/catkin_ws/install/limo_navigation/share/limo_navigation/package.dsv'
[0.504s] INFO:colcon.colcon_core.shell:Creating package script '/home/pretil/catkin_ws/install/limo_navigation/share/limo_navigation/package.sh'
[0.505s] INFO:colcon.colcon_core.shell:Creating package script '/home/pretil/catkin_ws/install/limo_navigation/share/limo_navigation/package.bash'
[0.506s] INFO:colcon.colcon_core.shell:Creating package script '/home/pretil/catkin_ws/install/limo_navigation/share/limo_navigation/package.zsh'
[0.507s] Level 1:colcon.colcon_core.environment:create_file_with_runtime_dependencies(/home/pretil/catkin_ws/install/limo_navigation/share/colcon-core/packages/limo_navigation)
[0.507s] Level 1:colcon.colcon_core.environment:create_environment_scripts_only(limo_description)
[0.508s] Level 1:colcon.colcon_core.environment:checking '/home/pretil/catkin_ws/install/limo_description' for CMake module files
[0.509s] DEBUG:colcon.colcon_core.event_handler.log_command:Invoked command in '/home/pretil/catkin_ws/build/limo_description' returned '0': CMAKE_PREFIX_PATH=${CMAKE_PREFIX_PATH}:/opt/ros/humble /usr/bin/cmake --install /home/pretil/catkin_ws/build/limo_description
[0.509s] Level 1:colcon.colcon_core.environment:checking '/home/pretil/catkin_ws/install/limo_description' for CMake config files
[0.509s] Level 1:colcon.colcon_core.shell:create_environment_hook('limo_description', 'cmake_prefix_path')
[0.510s] INFO:colcon.colcon_core.shell:Creating environment hook '/home/pretil/catkin_ws/install/limo_description/share/limo_description/hook/cmake_prefix_path.ps1'
[0.510s] INFO:colcon.colcon_core.shell:Creating environment descriptor '/home/pretil/catkin_ws/install/limo_description/share/limo_description/hook/cmake_prefix_path.dsv'
[0.511s] INFO:colcon.colcon_core.shell:Creating environment hook '/home/pretil/catkin_ws/install/limo_description/share/limo_description/hook/cmake_prefix_path.sh'
[0.512s] Level 1:colcon.colcon_core.environment:checking '/home/pretil/catkin_ws/install/limo_description/bin'
[0.512s] Level 1:colcon.colcon_core.environment:checking '/home/pretil/catkin_ws/install/limo_description/lib/pkgconfig/limo_description.pc'
[0.512s] Level 1:colcon.colcon_core.environment:checking '/home/pretil/catkin_ws/install/limo_description/lib/python3.10/site-packages'
[0.513s] Level 1:colcon.colcon_core.environment:checking '/home/pretil/catkin_ws/install/limo_description/bin'
[0.513s] INFO:colcon.colcon_core.shell:Creating package script '/home/pretil/catkin_ws/install/limo_description/share/limo_description/package.ps1'
[0.514s] INFO:colcon.colcon_core.shell:Creating package descriptor '/home/pretil/catkin_ws/install/limo_description/share/limo_description/package.dsv'
[0.514s] INFO:colcon.colcon_core.shell:Creating package script '/home/pretil/catkin_ws/install/limo_description/share/limo_description/package.sh'
[0.515s] INFO:colcon.colcon_core.shell:Creating package script '/home/pretil/catkin_ws/install/limo_description/share/limo_description/package.bash'
[0.515s] INFO:colcon.colcon_core.shell:Creating package script '/home/pretil/catkin_ws/install/limo_description/share/limo_description/package.zsh'
[0.516s] Level 1:colcon.colcon_core.environment:create_file_with_runtime_dependencies(/home/pretil/catkin_ws/install/limo_description/share/colcon-core/packages/limo_description)
[0.517s] Level 1:colcon.colcon_core.environment:create_environment_scripts_only(limo_description)
[0.517s] Level 1:colcon.colcon_core.environment:checking '/home/pretil/catkin_ws/install/limo_description' for CMake module files
[0.518s] Level 1:colcon.colcon_core.environment:checking '/home/pretil/catkin_ws/install/limo_description' for CMake config files
[0.518s] Level 1:colcon.colcon_core.shell:create_environment_hook('limo_description', 'cmake_prefix_path')
[0.518s] INFO:colcon.colcon_core.shell:Creating environment hook '/home/pretil/catkin_ws/install/limo_description/share/limo_description/hook/cmake_prefix_path.ps1'
[0.519s] INFO:colcon.colcon_core.shell:Creating environment descriptor '/home/pretil/catkin_ws/install/limo_description/share/limo_description/hook/cmake_prefix_path.dsv'
[0.520s] INFO:colcon.colcon_core.shell:Creating environment hook '/home/pretil/catkin_ws/install/limo_description/share/limo_description/hook/cmake_prefix_path.sh'
[0.520s] Level 1:colcon.colcon_core.environment:checking '/home/pretil/catkin_ws/install/limo_description/bin'
[0.521s] Level 1:colcon.colcon_core.environment:checking '/home/pretil/catkin_ws/install/limo_description/lib/pkgconfig/limo_description.pc'
[0.521s] Level 1:colcon.colcon_core.environment:checking '/home/pretil/catkin_ws/install/limo_description/lib/python3.10/site-packages'
[0.522s] Level 1:colcon.colcon_core.environment:checking '/home/pretil/catkin_ws/install/limo_description/bin'
[0.522s] INFO:colcon.colcon_core.shell:Creating package script '/home/pretil/catkin_ws/install/limo_description/share/limo_description/package.ps1'
[0.523s] INFO:colcon.colcon_core.shell:Creating package descriptor '/home/pretil/catkin_ws/install/limo_description/share/limo_description/package.dsv'
[0.524s] INFO:colcon.colcon_core.shell:Creating package script '/home/pretil/catkin_ws/install/limo_description/share/limo_description/package.sh'
[0.524s] INFO:colcon.colcon_core.shell:Creating package script '/home/pretil/catkin_ws/install/limo_description/share/limo_description/package.bash'
[0.525s] INFO:colcon.colcon_core.shell:Creating package script '/home/pretil/catkin_ws/install/limo_description/share/limo_description/package.zsh'
[0.526s] Level 1:colcon.colcon_core.environment:create_file_with_runtime_dependencies(/home/pretil/catkin_ws/install/limo_description/share/colcon-core/packages/limo_description)
[2.025s] DEBUG:colcon.colcon_core.event_handler.log_command:Invoked command in '/home/pretil/catkin_ws/build/limo_msgs' returned '0': CMAKE_PREFIX_PATH=${CMAKE_PREFIX_PATH}:/opt/ros/humble /usr/bin/cmake --build /home/pretil/catkin_ws/build/limo_msgs -- -j12 -l12
[2.027s] DEBUG:colcon.colcon_core.event_handler.log_command:Invoking command in '/home/pretil/catkin_ws/build/limo_msgs': CMAKE_PREFIX_PATH=${CMAKE_PREFIX_PATH}:/opt/ros/humble /usr/bin/cmake --install /home/pretil/catkin_ws/build/limo_msgs
[2.085s] Level 1:colcon.colcon_core.environment:create_environment_scripts_only(limo_msgs)
[2.085s] Level 1:colcon.colcon_core.environment:checking '/home/pretil/catkin_ws/install/limo_msgs' for CMake module files
[2.085s] DEBUG:colcon.colcon_core.event_handler.log_command:Invoked command in '/home/pretil/catkin_ws/build/limo_msgs' returned '0': CMAKE_PREFIX_PATH=${CMAKE_PREFIX_PATH}:/opt/ros/humble /usr/bin/cmake --install /home/pretil/catkin_ws/build/limo_msgs
[2.086s] Level 1:colcon.colcon_core.environment:checking '/home/pretil/catkin_ws/install/limo_msgs' for CMake config files
[2.086s] Level 1:colcon.colcon_core.shell:create_environment_hook('limo_msgs', 'cmake_prefix_path')
[2.086s] INFO:colcon.colcon_core.shell:Creating environment hook '/home/pretil/catkin_ws/install/limo_msgs/share/limo_msgs/hook/cmake_prefix_path.ps1'
[2.087s] INFO:colcon.colcon_core.shell:Creating environment descriptor '/home/pretil/catkin_ws/install/limo_msgs/share/limo_msgs/hook/cmake_prefix_path.dsv'
[2.087s] INFO:colcon.colcon_core.shell:Creating environment hook '/home/pretil/catkin_ws/install/limo_msgs/share/limo_msgs/hook/cmake_prefix_path.sh'
[2.088s] Level 1:colcon.colcon_core.environment:checking '/home/pretil/catkin_ws/install/limo_msgs/lib'
[2.088s] Level 1:colcon.colcon_core.shell:create_environment_hook('limo_msgs', 'ld_library_path_lib')
[2.088s] INFO:colcon.colcon_core.shell:Creating environment hook '/home/pretil/catkin_ws/install/limo_msgs/share/limo_msgs/hook/ld_library_path_lib.ps1'
[2.088s] INFO:colcon.colcon_core.shell:Creating environment descriptor '/home/pretil/catkin_ws/install/limo_msgs/share/limo_msgs/hook/ld_library_path_lib.dsv'
[2.089s] INFO:colcon.colcon_core.shell:Creating environment hook '/home/pretil/catkin_ws/install/limo_msgs/share/limo_msgs/hook/ld_library_path_lib.sh'
[2.089s] Level 1:colcon.colcon_core.environment:checking '/home/pretil/catkin_ws/install/limo_msgs/bin'
[2.089s] Level 1:colcon.colcon_core.environment:checking '/home/pretil/catkin_ws/install/limo_msgs/lib/pkgconfig/limo_msgs.pc'
[2.089s] Level 1:colcon.colcon_core.environment:checking '/home/pretil/catkin_ws/install/limo_msgs/lib/python3.10/site-packages'
[2.090s] Level 1:colcon.colcon_core.environment:checking '/home/pretil/catkin_ws/install/limo_msgs/bin'
[2.090s] INFO:colcon.colcon_core.shell:Creating package script '/home/pretil/catkin_ws/install/limo_msgs/share/limo_msgs/package.ps1'
[2.090s] INFO:colcon.colcon_core.shell:Creating package descriptor '/home/pretil/catkin_ws/install/limo_msgs/share/limo_msgs/package.dsv'
[2.091s] INFO:colcon.colcon_core.shell:Creating package script '/home/pretil/catkin_ws/install/limo_msgs/share/limo_msgs/package.sh'
[2.091s] INFO:colcon.colcon_core.shell:Creating package script '/home/pretil/catkin_ws/install/limo_msgs/share/limo_msgs/package.bash'
[2.091s] INFO:colcon.colcon_core.shell:Creating package script '/home/pretil/catkin_ws/install/limo_msgs/share/limo_msgs/package.zsh'
[2.092s] Level 1:colcon.colcon_core.environment:create_file_with_runtime_dependencies(/home/pretil/catkin_ws/install/limo_msgs/share/colcon-core/packages/limo_msgs)
[2.092s] Level 1:colcon.colcon_core.environment:create_environment_scripts_only(limo_msgs)
[2.093s] Level 1:colcon.colcon_core.environment:checking '/home/pretil/catkin_ws/install/limo_msgs' for CMake module files
[2.093s] Level 1:colcon.colcon_core.environment:checking '/home/pretil/catkin_ws/install/limo_msgs' for CMake config files
[2.093s] Level 1:colcon.colcon_core.shell:create_environment_hook('limo_msgs', 'cmake_prefix_path')
[2.094s] INFO:colcon.colcon_core.shell:Creating environment hook '/home/pretil/catkin_ws/install/limo_msgs/share/limo_msgs/hook/cmake_prefix_path.ps1'
[2.094s] INFO:colcon.colcon_core.shell:Creating environment descriptor '/home/pretil/catkin_ws/install/limo_msgs/share/limo_msgs/hook/cmake_prefix_path.dsv'
[2.094s] INFO:colcon.colcon_core.shell:Creating environment hook '/home/pretil/catkin_ws/install/limo_msgs/share/limo_msgs/hook/cmake_prefix_path.sh'
[2.095s] Level 1:colcon.colcon_core.environment:checking '/home/pretil/catkin_ws/install/limo_msgs/lib'
[2.095s] Level 1:colcon.colcon_core.shell:create_environment_hook('limo_msgs', 'ld_library_path_lib')
[2.095s] INFO:colcon.colcon_core.shell:Creating environment hook '/home/pretil/catkin_ws/install/limo_msgs/share/limo_msgs/hook/ld_library_path_lib.ps1'
[2.095s] INFO:colcon.colcon_core.shell:Creating environment descriptor '/home/pretil/catkin_ws/install/limo_msgs/share/limo_msgs/hook/ld_library_path_lib.dsv'
[2.096s] INFO:colcon.colcon_core.shell:Creating environment hook '/home/pretil/catkin_ws/install/limo_msgs/share/limo_msgs/hook/ld_library_path_lib.sh'
[2.096s] Level 1:colcon.colcon_core.environment:checking '/home/pretil/catkin_ws/install/limo_msgs/bin'
[2.096s] Level 1:colcon.colcon_core.environment:checking '/home/pretil/catkin_ws/install/limo_msgs/lib/pkgconfig/limo_msgs.pc'
[2.096s] Level 1:colcon.colcon_core.environment:checking '/home/pretil/catkin_ws/install/limo_msgs/lib/python3.10/site-packages'
[2.097s] Level 1:colcon.colcon_core.environment:checking '/home/pretil/catkin_ws/install/limo_msgs/bin'
[2.097s] INFO:colcon.colcon_core.shell:Creating package script '/home/pretil/catkin_ws/install/limo_msgs/share/limo_msgs/package.ps1'
[2.098s] INFO:colcon.colcon_core.shell:Creating package descriptor '/home/pretil/catkin_ws/install/limo_msgs/share/limo_msgs/package.dsv'
[2.098s] INFO:colcon.colcon_core.shell:Creating package script '/home/pretil/catkin_ws/install/limo_msgs/share/limo_msgs/package.sh'
[2.099s] INFO:colcon.colcon_core.shell:Creating package script '/home/pretil/catkin_ws/install/limo_msgs/share/limo_msgs/package.bash'
[2.099s] INFO:colcon.colcon_core.shell:Creating package script '/home/pretil/catkin_ws/install/limo_msgs/share/limo_msgs/package.zsh'
[2.099s] Level 1:colcon.colcon_core.environment:create_file_with_runtime_dependencies(/home/pretil/catkin_ws/install/limo_msgs/share/colcon-core/packages/limo_msgs)
[2.100s] INFO:colcon.colcon_ros.task.ament_cmake.build:Building ROS package in '/home/pretil/catkin_ws/src/limo_ros2/limo_base' with build type 'ament_cmake'
[2.100s] INFO:colcon.colcon_cmake.task.cmake.build:Building CMake package in '/home/pretil/catkin_ws/src/limo_ros2/limo_base'
[2.100s] INFO:colcon.colcon_core.shell:Skip shell extension 'powershell' for command environment: Not usable outside of PowerShell
[2.100s] DEBUG:colcon.colcon_core.shell:Skip shell extension 'dsv' for command environment
[2.104s] INFO:colcon.colcon_ros.task.ament_cmake.build:Building ROS package in '/home/pretil/catkin_ws/src/limo_ros2/limo_bringup' with build type 'ament_cmake'
[2.105s] INFO:colcon.colcon_cmake.task.cmake.build:Building CMake package in '/home/pretil/catkin_ws/src/limo_ros2/limo_bringup'
[2.105s] INFO:colcon.colcon_core.shell:Skip shell extension 'powershell' for command environment: Not usable outside of PowerShell
[2.105s] DEBUG:colcon.colcon_core.shell:Skip shell extension 'dsv' for command environment
[2.111s] DEBUG:colcon.colcon_core.event_handler.log_command:Invoking command in '/home/pretil/catkin_ws/build/limo_base': AMENT_PREFIX_PATH=/home/pretil/catkin_ws/install/limo_msgs:${AMENT_PREFIX_PATH} CMAKE_PREFIX_PATH=/home/pretil/catkin_ws/install/limo_msgs:/home/pretil/catkin_ws/src/limo_ros2/install/ydlidar_ros2_driver:/home/pretil/catkin_ws/src/limo_ros2/install/limo_navigation:/home/pretil/catkin_ws/src/limo_ros2/install/limo_bringup:/home/pretil/catkin_ws/src/limo_ros2/install/limo_base:/home/pretil/catkin_ws/src/limo_ros2/install/limo_msgs:/home/pretil/catkin_ws/src/limo_ros2/install/limo_gazebosim:/home/pretil/catkin_ws/src/limo_ros2/install/limo_description:/home/pretil/catkin_ws/src/limo_ros2/install/limo_car:/opt/ros/humble LD_LIBRARY_PATH=/home/pretil/catkin_ws/install/limo_msgs/lib:/home/pretil/catkin_ws/src/limo_ros2/install/limo_msgs/lib:/usr/lib/x86_64-linux-gnu/gazebo-11/plugins:/opt/ros/humble/opt/rviz_ogre_vendor/lib:/opt/ros/humble/lib/x86_64-linux-gnu:/opt/ros/humble/lib:/usr/lib/x86_64-linux-gnu/gazebo-11/plugins PYTHONPATH=/home/pretil/catkin_ws/install/limo_msgs/local/lib/python3.10/dist-packages:${PYTHONPATH} /usr/bin/cmake /home/pretil/catkin_ws/src/limo_ros2/limo_base -DCMAKE_INSTALL_PREFIX=/home/pretil/catkin_ws/install/limo_base
[2.113s] DEBUG:colcon.colcon_core.event_handler.log_command:Invoking command in '/home/pretil/catkin_ws/build/limo_bringup': AMENT_PREFIX_PATH=/home/pretil/catkin_ws/install/limo_msgs:${AMENT_PREFIX_PATH} CMAKE_PREFIX_PATH=/home/pretil/catkin_ws/install/limo_msgs:/home/pretil/catkin_ws/src/limo_ros2/install/ydlidar_ros2_driver:/home/pretil/catkin_ws/src/limo_ros2/install/limo_navigation:/home/pretil/catkin_ws/src/limo_ros2/install/limo_bringup:/home/pretil/catkin_ws/src/limo_ros2/install/limo_base:/home/pretil/catkin_ws/src/limo_ros2/install/limo_msgs:/home/pretil/catkin_ws/src/limo_ros2/install/limo_gazebosim:/home/pretil/catkin_ws/src/limo_ros2/install/limo_description:/home/pretil/catkin_ws/src/limo_ros2/install/limo_car:/opt/ros/humble LD_LIBRARY_PATH=/home/pretil/catkin_ws/install/limo_msgs/lib:/home/pretil/catkin_ws/src/limo_ros2/install/limo_msgs/lib:/usr/lib/x86_64-linux-gnu/gazebo-11/plugins:/opt/ros/humble/opt/rviz_ogre_vendor/lib:/opt/ros/humble/lib/x86_64-linux-gnu:/opt/ros/humble/lib:/usr/lib/x86_64-linux-gnu/gazebo-11/plugins PYTHONPATH=/home/pretil/catkin_ws/install/limo_msgs/local/lib/python3.10/dist-packages:${PYTHONPATH} /usr/bin/cmake /home/pretil/catkin_ws/src/limo_ros2/limo_bringup -DCMAKE_INSTALL_PREFIX=/home/pretil/catkin_ws/install/limo_bringup
[2.672s] DEBUG:colcon.colcon_core.event_handler.log_command:Invoked command in '/home/pretil/catkin_ws/build/limo_bringup' returned '0': AMENT_PREFIX_PATH=/home/pretil/catkin_ws/install/limo_msgs:${AMENT_PREFIX_PATH} CMAKE_PREFIX_PATH=/home/pretil/catkin_ws/install/limo_msgs:/home/pretil/catkin_ws/src/limo_ros2/install/ydlidar_ros2_driver:/home/pretil/catkin_ws/src/limo_ros2/install/limo_navigation:/home/pretil/catkin_ws/src/limo_ros2/install/limo_bringup:/home/pretil/catkin_ws/src/limo_ros2/install/limo_base:/home/pretil/catkin_ws/src/limo_ros2/install/limo_msgs:/home/pretil/catkin_ws/src/limo_ros2/install/limo_gazebosim:/home/pretil/catkin_ws/src/limo_ros2/install/limo_description:/home/pretil/catkin_ws/src/limo_ros2/install/limo_car:/opt/ros/humble LD_LIBRARY_PATH=/home/pretil/catkin_ws/install/limo_msgs/lib:/home/pretil/catkin_ws/src/limo_ros2/install/limo_msgs/lib:/usr/lib/x86_64-linux-gnu/gazebo-11/plugins:/opt/ros/humble/opt/rviz_ogre_vendor/lib:/opt/ros/humble/lib/x86_64-linux-gnu:/opt/ros/humble/lib:/usr/lib/x86_64-linux-gnu/gazebo-11/plugins PYTHONPATH=/home/pretil/catkin_ws/install/limo_msgs/local/lib/python3.10/dist-packages:${PYTHONPATH} /usr/bin/cmake /home/pretil/catkin_ws/src/limo_ros2/limo_bringup -DCMAKE_INSTALL_PREFIX=/home/pretil/catkin_ws/install/limo_bringup
[2.673s] DEBUG:colcon.colcon_core.event_handler.log_command:Invoking command in '/home/pretil/catkin_ws/build/limo_bringup': AMENT_PREFIX_PATH=/home/pretil/catkin_ws/install/limo_msgs:${AMENT_PREFIX_PATH} CMAKE_PREFIX_PATH=/home/pretil/catkin_ws/install/limo_msgs:/home/pretil/catkin_ws/src/limo_ros2/install/ydlidar_ros2_driver:/home/pretil/catkin_ws/src/limo_ros2/install/limo_navigation:/home/pretil/catkin_ws/src/limo_ros2/install/limo_bringup:/home/pretil/catkin_ws/src/limo_ros2/install/limo_base:/home/pretil/catkin_ws/src/limo_ros2/install/limo_msgs:/home/pretil/catkin_ws/src/limo_ros2/install/limo_gazebosim:/home/pretil/catkin_ws/src/limo_ros2/install/limo_description:/home/pretil/catkin_ws/src/limo_ros2/install/limo_car:/opt/ros/humble LD_LIBRARY_PATH=/home/pretil/catkin_ws/install/limo_msgs/lib:/home/pretil/catkin_ws/src/limo_ros2/install/limo_msgs/lib:/usr/lib/x86_64-linux-gnu/gazebo-11/plugins:/opt/ros/humble/opt/rviz_ogre_vendor/lib:/opt/ros/humble/lib/x86_64-linux-gnu:/opt/ros/humble/lib:/usr/lib/x86_64-linux-gnu/gazebo-11/plugins PYTHONPATH=/home/pretil/catkin_ws/install/limo_msgs/local/lib/python3.10/dist-packages:${PYTHONPATH} /usr/bin/cmake --build /home/pretil/catkin_ws/build/limo_bringup -- -j12 -l12
[2.701s] DEBUG:colcon.colcon_core.event_handler.log_command:Invoked command in '/home/pretil/catkin_ws/build/limo_bringup' returned '0': AMENT_PREFIX_PATH=/home/pretil/catkin_ws/install/limo_msgs:${AMENT_PREFIX_PATH} CMAKE_PREFIX_PATH=/home/pretil/catkin_ws/install/limo_msgs:/home/pretil/catkin_ws/src/limo_ros2/install/ydlidar_ros2_driver:/home/pretil/catkin_ws/src/limo_ros2/install/limo_navigation:/home/pretil/catkin_ws/src/limo_ros2/install/limo_bringup:/home/pretil/catkin_ws/src/limo_ros2/install/limo_base:/home/pretil/catkin_ws/src/limo_ros2/install/limo_msgs:/home/pretil/catkin_ws/src/limo_ros2/install/limo_gazebosim:/home/pretil/catkin_ws/src/limo_ros2/install/limo_description:/home/pretil/catkin_ws/src/limo_ros2/install/limo_car:/opt/ros/humble LD_LIBRARY_PATH=/home/pretil/catkin_ws/install/limo_msgs/lib:/home/pretil/catkin_ws/src/limo_ros2/install/limo_msgs/lib:/usr/lib/x86_64-linux-gnu/gazebo-11/plugins:/opt/ros/humble/opt/rviz_ogre_vendor/lib:/opt/ros/humble/lib/x86_64-linux-gnu:/opt/ros/humble/lib:/usr/lib/x86_64-linux-gnu/gazebo-11/plugins PYTHONPATH=/home/pretil/catkin_ws/install/limo_msgs/local/lib/python3.10/dist-packages:${PYTHONPATH} /usr/bin/cmake --build /home/pretil/catkin_ws/build/limo_bringup -- -j12 -l12
[2.703s] DEBUG:colcon.colcon_core.event_handler.log_command:Invoking command in '/home/pretil/catkin_ws/build/limo_bringup': AMENT_PREFIX_PATH=/home/pretil/catkin_ws/install/limo_msgs:${AMENT_PREFIX_PATH} CMAKE_PREFIX_PATH=/home/pretil/catkin_ws/install/limo_msgs:/home/pretil/catkin_ws/src/limo_ros2/install/ydlidar_ros2_driver:/home/pretil/catkin_ws/src/limo_ros2/install/limo_navigation:/home/pretil/catkin_ws/src/limo_ros2/install/limo_bringup:/home/pretil/catkin_ws/src/limo_ros2/install/limo_base:/home/pretil/catkin_ws/src/limo_ros2/install/limo_msgs:/home/pretil/catkin_ws/src/limo_ros2/install/limo_gazebosim:/home/pretil/catkin_ws/src/limo_ros2/install/limo_description:/home/pretil/catkin_ws/src/limo_ros2/install/limo_car:/opt/ros/humble LD_LIBRARY_PATH=/home/pretil/catkin_ws/install/limo_msgs/lib:/home/pretil/catkin_ws/src/limo_ros2/install/limo_msgs/lib:/usr/lib/x86_64-linux-gnu/gazebo-11/plugins:/opt/ros/humble/opt/rviz_ogre_vendor/lib:/opt/ros/humble/lib/x86_64-linux-gnu:/opt/ros/humble/lib:/usr/lib/x86_64-linux-gnu/gazebo-11/plugins PYTHONPATH=/home/pretil/catkin_ws/install/limo_msgs/local/lib/python3.10/dist-packages:${PYTHONPATH} /usr/bin/cmake --install /home/pretil/catkin_ws/build/limo_bringup
[2.711s] Level 1:colcon.colcon_core.environment:create_environment_scripts_only(limo_bringup)
[2.711s] DEBUG:colcon.colcon_core.event_handler.log_command:Invoked command in '/home/pretil/catkin_ws/build/limo_bringup' returned '0': AMENT_PREFIX_PATH=/home/pretil/catkin_ws/install/limo_msgs:${AMENT_PREFIX_PATH} CMAKE_PREFIX_PATH=/home/pretil/catkin_ws/install/limo_msgs:/home/pretil/catkin_ws/src/limo_ros2/install/ydlidar_ros2_driver:/home/pretil/catkin_ws/src/limo_ros2/install/limo_navigation:/home/pretil/catkin_ws/src/limo_ros2/install/limo_bringup:/home/pretil/catkin_ws/src/limo_ros2/install/limo_base:/home/pretil/catkin_ws/src/limo_ros2/install/limo_msgs:/home/pretil/catkin_ws/src/limo_ros2/install/limo_gazebosim:/home/pretil/catkin_ws/src/limo_ros2/install/limo_description:/home/pretil/catkin_ws/src/limo_ros2/install/limo_car:/opt/ros/humble LD_LIBRARY_PATH=/home/pretil/catkin_ws/install/limo_msgs/lib:/home/pretil/catkin_ws/src/limo_ros2/install/limo_msgs/lib:/usr/lib/x86_64-linux-gnu/gazebo-11/plugins:/opt/ros/humble/opt/rviz_ogre_vendor/lib:/opt/ros/humble/lib/x86_64-linux-gnu:/opt/ros/humble/lib:/usr/lib/x86_64-linux-gnu/gazebo-11/plugins PYTHONPATH=/home/pretil/catkin_ws/install/limo_msgs/local/lib/python3.10/dist-packages:${PYTHONPATH} /usr/bin/cmake --install /home/pretil/catkin_ws/build/limo_bringup
[2.712s] Level 1:colcon.colcon_core.environment:checking '/home/pretil/catkin_ws/install/limo_bringup' for CMake module files
[2.713s] Level 1:colcon.colcon_core.environment:checking '/home/pretil/catkin_ws/install/limo_bringup' for CMake config files
[2.713s] Level 1:colcon.colcon_core.shell:create_environment_hook('limo_bringup', 'cmake_prefix_path')
[2.713s] INFO:colcon.colcon_core.shell:Creating environment hook '/home/pretil/catkin_ws/install/limo_bringup/share/limo_bringup/hook/cmake_prefix_path.ps1'
[2.714s] INFO:colcon.colcon_core.shell:Creating environment descriptor '/home/pretil/catkin_ws/install/limo_bringup/share/limo_bringup/hook/cmake_prefix_path.dsv'
[2.714s] INFO:colcon.colcon_core.shell:Creating environment hook '/home/pretil/catkin_ws/install/limo_bringup/share/limo_bringup/hook/cmake_prefix_path.sh'
[2.715s] Level 1:colcon.colcon_core.environment:checking '/home/pretil/catkin_ws/install/limo_bringup/bin'
[2.715s] Level 1:colcon.colcon_core.environment:checking '/home/pretil/catkin_ws/install/limo_bringup/lib/pkgconfig/limo_bringup.pc'
[2.715s] Level 1:colcon.colcon_core.environment:checking '/home/pretil/catkin_ws/install/limo_bringup/lib/python3.10/site-packages'
[2.716s] Level 1:colcon.colcon_core.environment:checking '/home/pretil/catkin_ws/install/limo_bringup/bin'
[2.717s] INFO:colcon.colcon_core.shell:Creating package script '/home/pretil/catkin_ws/install/limo_bringup/share/limo_bringup/package.ps1'
[2.717s] INFO:colcon.colcon_core.shell:Creating package descriptor '/home/pretil/catkin_ws/install/limo_bringup/share/limo_bringup/package.dsv'
[2.718s] INFO:colcon.colcon_core.shell:Creating package script '/home/pretil/catkin_ws/install/limo_bringup/share/limo_bringup/package.sh'
[2.718s] INFO:colcon.colcon_core.shell:Creating package script '/home/pretil/catkin_ws/install/limo_bringup/share/limo_bringup/package.bash'
[2.719s] INFO:colcon.colcon_core.shell:Creating package script '/home/pretil/catkin_ws/install/limo_bringup/share/limo_bringup/package.zsh'
[2.719s] Level 1:colcon.colcon_core.environment:create_file_with_runtime_dependencies(/home/pretil/catkin_ws/install/limo_bringup/share/colcon-core/packages/limo_bringup)
[2.720s] Level 1:colcon.colcon_core.environment:create_environment_scripts_only(limo_bringup)
[2.720s] Level 1:colcon.colcon_core.environment:checking '/home/pretil/catkin_ws/install/limo_bringup' for CMake module files
[2.721s] Level 1:colcon.colcon_core.environment:checking '/home/pretil/catkin_ws/install/limo_bringup' for CMake config files
[2.721s] Level 1:colcon.colcon_core.shell:create_environment_hook('limo_bringup', 'cmake_prefix_path')
[2.722s] INFO:colcon.colcon_core.shell:Creating environment hook '/home/pretil/catkin_ws/install/limo_bringup/share/limo_bringup/hook/cmake_prefix_path.ps1'
[2.722s] INFO:colcon.colcon_core.shell:Creating environment descriptor '/home/pretil/catkin_ws/install/limo_bringup/share/limo_bringup/hook/cmake_prefix_path.dsv'
[2.723s] INFO:colcon.colcon_core.shell:Creating environment hook '/home/pretil/catkin_ws/install/limo_bringup/share/limo_bringup/hook/cmake_prefix_path.sh'
[2.723s] Level 1:colcon.colcon_core.environment:checking '/home/pretil/catkin_ws/install/limo_bringup/bin'
[2.724s] Level 1:colcon.colcon_core.environment:checking '/home/pretil/catkin_ws/install/limo_bringup/lib/pkgconfig/limo_bringup.pc'
[2.724s] Level 1:colcon.colcon_core.environment:checking '/home/pretil/catkin_ws/install/limo_bringup/lib/python3.10/site-packages'
[2.725s] Level 1:colcon.colcon_core.environment:checking '/home/pretil/catkin_ws/install/limo_bringup/bin'
[2.725s] INFO:colcon.colcon_core.shell:Creating package script '/home/pretil/catkin_ws/install/limo_bringup/share/limo_bringup/package.ps1'
[2.726s] INFO:colcon.colcon_core.shell:Creating package descriptor '/home/pretil/catkin_ws/install/limo_bringup/share/limo_bringup/package.dsv'
[2.726s] INFO:colcon.colcon_core.shell:Creating package script '/home/pretil/catkin_ws/install/limo_bringup/share/limo_bringup/package.sh'
[2.727s] INFO:colcon.colcon_core.shell:Creating package script '/home/pretil/catkin_ws/install/limo_bringup/share/limo_bringup/package.bash'
[2.728s] INFO:colcon.colcon_core.shell:Creating package script '/home/pretil/catkin_ws/install/limo_bringup/share/limo_bringup/package.zsh'
[2.728s] Level 1:colcon.colcon_core.environment:create_file_with_runtime_dependencies(/home/pretil/catkin_ws/install/limo_bringup/share/colcon-core/packages/limo_bringup)
[3.400s] DEBUG:colcon.colcon_core.event_handler.log_command:Invoked command in '/home/pretil/catkin_ws/build/limo_base' returned '0': AMENT_PREFIX_PATH=/home/pretil/catkin_ws/install/limo_msgs:${AMENT_PREFIX_PATH} CMAKE_PREFIX_PATH=/home/pretil/catkin_ws/install/limo_msgs:/home/pretil/catkin_ws/src/limo_ros2/install/ydlidar_ros2_driver:/home/pretil/catkin_ws/src/limo_ros2/install/limo_navigation:/home/pretil/catkin_ws/src/limo_ros2/install/limo_bringup:/home/pretil/catkin_ws/src/limo_ros2/install/limo_base:/home/pretil/catkin_ws/src/limo_ros2/install/limo_msgs:/home/pretil/catkin_ws/src/limo_ros2/install/limo_gazebosim:/home/pretil/catkin_ws/src/limo_ros2/install/limo_description:/home/pretil/catkin_ws/src/limo_ros2/install/limo_car:/opt/ros/humble LD_LIBRARY_PATH=/home/pretil/catkin_ws/install/limo_msgs/lib:/home/pretil/catkin_ws/src/limo_ros2/install/limo_msgs/lib:/usr/lib/x86_64-linux-gnu/gazebo-11/plugins:/opt/ros/humble/opt/rviz_ogre_vendor/lib:/opt/ros/humble/lib/x86_64-linux-gnu:/opt/ros/humble/lib:/usr/lib/x86_64-linux-gnu/gazebo-11/plugins PYTHONPATH=/home/pretil/catkin_ws/install/limo_msgs/local/lib/python3.10/dist-packages:${PYTHONPATH} /usr/bin/cmake /home/pretil/catkin_ws/src/limo_ros2/limo_base -DCMAKE_INSTALL_PREFIX=/home/pretil/catkin_ws/install/limo_base
[3.402s] DEBUG:colcon.colcon_core.event_handler.log_command:Invoking command in '/home/pretil/catkin_ws/build/limo_base': AMENT_PREFIX_PATH=/home/pretil/catkin_ws/install/limo_msgs:${AMENT_PREFIX_PATH} CMAKE_PREFIX_PATH=/home/pretil/catkin_ws/install/limo_msgs:/home/pretil/catkin_ws/src/limo_ros2/install/ydlidar_ros2_driver:/home/pretil/catkin_ws/src/limo_ros2/install/limo_navigation:/home/pretil/catkin_ws/src/limo_ros2/install/limo_bringup:/home/pretil/catkin_ws/src/limo_ros2/install/limo_base:/home/pretil/catkin_ws/src/limo_ros2/install/limo_msgs:/home/pretil/catkin_ws/src/limo_ros2/install/limo_gazebosim:/home/pretil/catkin_ws/src/limo_ros2/install/limo_description:/home/pretil/catkin_ws/src/limo_ros2/install/limo_car:/opt/ros/humble LD_LIBRARY_PATH=/home/pretil/catkin_ws/install/limo_msgs/lib:/home/pretil/catkin_ws/src/limo_ros2/install/limo_msgs/lib:/usr/lib/x86_64-linux-gnu/gazebo-11/plugins:/opt/ros/humble/opt/rviz_ogre_vendor/lib:/opt/ros/humble/lib/x86_64-linux-gnu:/opt/ros/humble/lib:/usr/lib/x86_64-linux-gnu/gazebo-11/plugins PYTHONPATH=/home/pretil/catkin_ws/install/limo_msgs/local/lib/python3.10/dist-packages:${PYTHONPATH} /usr/bin/cmake --build /home/pretil/catkin_ws/build/limo_base -- -j12 -l12
[12.950s] DEBUG:colcon.colcon_core.event_handler.log_command:Invoked command in '/home/pretil/catkin_ws/build/limo_base' returned '0': AMENT_PREFIX_PATH=/home/pretil/catkin_ws/install/limo_msgs:${AMENT_PREFIX_PATH} CMAKE_PREFIX_PATH=/home/pretil/catkin_ws/install/limo_msgs:/home/pretil/catkin_ws/src/limo_ros2/install/ydlidar_ros2_driver:/home/pretil/catkin_ws/src/limo_ros2/install/limo_navigation:/home/pretil/catkin_ws/src/limo_ros2/install/limo_bringup:/home/pretil/catkin_ws/src/limo_ros2/install/limo_base:/home/pretil/catkin_ws/src/limo_ros2/install/limo_msgs:/home/pretil/catkin_ws/src/limo_ros2/install/limo_gazebosim:/home/pretil/catkin_ws/src/limo_ros2/install/limo_description:/home/pretil/catkin_ws/src/limo_ros2/install/limo_car:/opt/ros/humble LD_LIBRARY_PATH=/home/pretil/catkin_ws/install/limo_msgs/lib:/home/pretil/catkin_ws/src/limo_ros2/install/limo_msgs/lib:/usr/lib/x86_64-linux-gnu/gazebo-11/plugins:/opt/ros/humble/opt/rviz_ogre_vendor/lib:/opt/ros/humble/lib/x86_64-linux-gnu:/opt/ros/humble/lib:/usr/lib/x86_64-linux-gnu/gazebo-11/plugins PYTHONPATH=/home/pretil/catkin_ws/install/limo_msgs/local/lib/python3.10/dist-packages:${PYTHONPATH} /usr/bin/cmake --build /home/pretil/catkin_ws/build/limo_base -- -j12 -l12
[12.951s] DEBUG:colcon.colcon_core.event_handler.log_command:Invoking command in '/home/pretil/catkin_ws/build/limo_base': AMENT_PREFIX_PATH=/home/pretil/catkin_ws/install/limo_msgs:${AMENT_PREFIX_PATH} CMAKE_PREFIX_PATH=/home/pretil/catkin_ws/install/limo_msgs:/home/pretil/catkin_ws/src/limo_ros2/install/ydlidar_ros2_driver:/home/pretil/catkin_ws/src/limo_ros2/install/limo_navigation:/home/pretil/catkin_ws/src/limo_ros2/install/limo_bringup:/home/pretil/catkin_ws/src/limo_ros2/install/limo_base:/home/pretil/catkin_ws/src/limo_ros2/install/limo_msgs:/home/pretil/catkin_ws/src/limo_ros2/install/limo_gazebosim:/home/pretil/catkin_ws/src/limo_ros2/install/limo_description:/home/pretil/catkin_ws/src/limo_ros2/install/limo_car:/opt/ros/humble LD_LIBRARY_PATH=/home/pretil/catkin_ws/install/limo_msgs/lib:/home/pretil/catkin_ws/src/limo_ros2/install/limo_msgs/lib:/usr/lib/x86_64-linux-gnu/gazebo-11/plugins:/opt/ros/humble/opt/rviz_ogre_vendor/lib:/opt/ros/humble/lib/x86_64-linux-gnu:/opt/ros/humble/lib:/usr/lib/x86_64-linux-gnu/gazebo-11/plugins PYTHONPATH=/home/pretil/catkin_ws/install/limo_msgs/local/lib/python3.10/dist-packages:${PYTHONPATH} /usr/bin/cmake --install /home/pretil/catkin_ws/build/limo_base
[12.966s] Level 1:colcon.colcon_core.environment:create_environment_scripts_only(limo_base)
[12.967s] Level 1:colcon.colcon_core.environment:checking '/home/pretil/catkin_ws/install/limo_base' for CMake module files
[12.967s] DEBUG:colcon.colcon_core.event_handler.log_command:Invoked command in '/home/pretil/catkin_ws/build/limo_base' returned '0': AMENT_PREFIX_PATH=/home/pretil/catkin_ws/install/limo_msgs:${AMENT_PREFIX_PATH} CMAKE_PREFIX_PATH=/home/pretil/catkin_ws/install/limo_msgs:/home/pretil/catkin_ws/src/limo_ros2/install/ydlidar_ros2_driver:/home/pretil/catkin_ws/src/limo_ros2/install/limo_navigation:/home/pretil/catkin_ws/src/limo_ros2/install/limo_bringup:/home/pretil/catkin_ws/src/limo_ros2/install/limo_base:/home/pretil/catkin_ws/src/limo_ros2/install/limo_msgs:/home/pretil/catkin_ws/src/limo_ros2/install/limo_gazebosim:/home/pretil/catkin_ws/src/limo_ros2/install/limo_description:/home/pretil/catkin_ws/src/limo_ros2/install/limo_car:/opt/ros/humble LD_LIBRARY_PATH=/home/pretil/catkin_ws/install/limo_msgs/lib:/home/pretil/catkin_ws/src/limo_ros2/install/limo_msgs/lib:/usr/lib/x86_64-linux-gnu/gazebo-11/plugins:/opt/ros/humble/opt/rviz_ogre_vendor/lib:/opt/ros/humble/lib/x86_64-linux-gnu:/opt/ros/humble/lib:/usr/lib/x86_64-linux-gnu/gazebo-11/plugins PYTHONPATH=/home/pretil/catkin_ws/install/limo_msgs/local/lib/python3.10/dist-packages:${PYTHONPATH} /usr/bin/cmake --install /home/pretil/catkin_ws/build/limo_base
[12.967s] Level 1:colcon.colcon_core.environment:checking '/home/pretil/catkin_ws/install/limo_base' for CMake config files
[12.968s] Level 1:colcon.colcon_core.shell:create_environment_hook('limo_base', 'cmake_prefix_path')
[12.968s] INFO:colcon.colcon_core.shell:Creating environment hook '/home/pretil/catkin_ws/install/limo_base/share/limo_base/hook/cmake_prefix_path.ps1'
[12.968s] INFO:colcon.colcon_core.shell:Creating environment descriptor '/home/pretil/catkin_ws/install/limo_base/share/limo_base/hook/cmake_prefix_path.dsv'
[12.969s] INFO:colcon.colcon_core.shell:Creating environment hook '/home/pretil/catkin_ws/install/limo_base/share/limo_base/hook/cmake_prefix_path.sh'
[12.969s] Level 1:colcon.colcon_core.environment:checking '/home/pretil/catkin_ws/install/limo_base/lib'
[12.969s] Level 1:colcon.colcon_core.environment:checking '/home/pretil/catkin_ws/install/limo_base/bin'
[12.969s] Level 1:colcon.colcon_core.environment:checking '/home/pretil/catkin_ws/install/limo_base/lib/pkgconfig/limo_base.pc'
[12.969s] Level 1:colcon.colcon_core.environment:checking '/home/pretil/catkin_ws/install/limo_base/lib/python3.10/site-packages'
[12.970s] Level 1:colcon.colcon_core.environment:checking '/home/pretil/catkin_ws/install/limo_base/bin'
[12.970s] INFO:colcon.colcon_core.shell:Creating package script '/home/pretil/catkin_ws/install/limo_base/share/limo_base/package.ps1'
[12.971s] INFO:colcon.colcon_core.shell:Creating package descriptor '/home/pretil/catkin_ws/install/limo_base/share/limo_base/package.dsv'
[12.971s] INFO:colcon.colcon_core.shell:Creating package script '/home/pretil/catkin_ws/install/limo_base/share/limo_base/package.sh'
[12.972s] INFO:colcon.colcon_core.shell:Creating package script '/home/pretil/catkin_ws/install/limo_base/share/limo_base/package.bash'
[12.972s] INFO:colcon.colcon_core.shell:Creating package script '/home/pretil/catkin_ws/install/limo_base/share/limo_base/package.zsh'
[12.972s] Level 1:colcon.colcon_core.environment:create_file_with_runtime_dependencies(/home/pretil/catkin_ws/install/limo_base/share/colcon-core/packages/limo_base)
[12.973s] Level 1:colcon.colcon_core.environment:create_environment_scripts_only(limo_base)
[12.973s] Level 1:colcon.colcon_core.environment:checking '/home/pretil/catkin_ws/install/limo_base' for CMake module files
[12.974s] Level 1:colcon.colcon_core.environment:checking '/home/pretil/catkin_ws/install/limo_base' for CMake config files
[12.974s] Level 1:colcon.colcon_core.shell:create_environment_hook('limo_base', 'cmake_prefix_path')
[12.974s] INFO:colcon.colcon_core.shell:Creating environment hook '/home/pretil/catkin_ws/install/limo_base/share/limo_base/hook/cmake_prefix_path.ps1'
[12.974s] INFO:colcon.colcon_core.shell:Creating environment descriptor '/home/pretil/catkin_ws/install/limo_base/share/limo_base/hook/cmake_prefix_path.dsv'
[12.975s] INFO:colcon.colcon_core.shell:Creating environment hook '/home/pretil/catkin_ws/install/limo_base/share/limo_base/hook/cmake_prefix_path.sh'
[12.975s] Level 1:colcon.colcon_core.environment:checking '/home/pretil/catkin_ws/install/limo_base/lib'
[12.975s] Level 1:colcon.colcon_core.environment:checking '/home/pretil/catkin_ws/install/limo_base/bin'
[12.975s] Level 1:colcon.colcon_core.environment:checking '/home/pretil/catkin_ws/install/limo_base/lib/pkgconfig/limo_base.pc'
[12.975s] Level 1:colcon.colcon_core.environment:checking '/home/pretil/catkin_ws/install/limo_base/lib/python3.10/site-packages'
[12.976s] Level 1:colcon.colcon_core.environment:checking '/home/pretil/catkin_ws/install/limo_base/bin'
[12.976s] INFO:colcon.colcon_core.shell:Creating package script '/home/pretil/catkin_ws/install/limo_base/share/limo_base/package.ps1'
[12.977s] INFO:colcon.colcon_core.shell:Creating package descriptor '/home/pretil/catkin_ws/install/limo_base/share/limo_base/package.dsv'
[12.977s] INFO:colcon.colcon_core.shell:Creating package script '/home/pretil/catkin_ws/install/limo_base/share/limo_base/package.sh'
[12.977s] INFO:colcon.colcon_core.shell:Creating package script '/home/pretil/catkin_ws/install/limo_base/share/limo_base/package.bash'
[12.978s] INFO:colcon.colcon_core.shell:Creating package script '/home/pretil/catkin_ws/install/limo_base/share/limo_base/package.zsh'
[12.978s] Level 1:colcon.colcon_core.environment:create_file_with_runtime_dependencies(/home/pretil/catkin_ws/install/limo_base/share/colcon-core/packages/limo_base)
[12.978s] DEBUG:colcon.colcon_parallel_executor.executor.parallel:closing loop
[12.979s] DEBUG:colcon.colcon_parallel_executor.executor.parallel:loop closed
[12.979s] DEBUG:colcon.colcon_parallel_executor.executor.parallel:run_until_complete finished with '0'
[12.979s] DEBUG:colcon.colcon_core.event_reactor:joining thread
[12.984s] INFO:colcon.colcon_core.plugin_system:Skipping extension 'colcon_notification.desktop_notification.notify_send': Could not find 'notify-send'
[12.984s] INFO:colcon.colcon_core.plugin_system:Skipping extension 'colcon_notification.desktop_notification.terminal_notifier': Not used on non-Darwin systems
[12.984s] INFO:colcon.colcon_core.plugin_system:Skipping extension 'colcon_notification.desktop_notification.win32': Not used on non-Windows systems
[12.984s] INFO:colcon.colcon_notification.desktop_notification:Sending desktop notification using 'notify2'
[12.985s] DEBUG:colcon.colcon_notification.desktop_notification.notify2:Failed to initialize notify2: org.freedesktop.DBus.Error.Spawn.ExecFailed: /usr/bin/dbus-launch terminated abnormally without any error message
[12.986s] DEBUG:colcon.colcon_core.event_reactor:joined thread
[12.986s] INFO:colcon.colcon_core.shell:Creating prefix script '/home/pretil/catkin_ws/install/local_setup.ps1'
[12.987s] INFO:colcon.colcon_core.shell:Creating prefix util module '/home/pretil/catkin_ws/install/_local_setup_util_ps1.py'
[12.989s] INFO:colcon.colcon_core.shell:Creating prefix chain script '/home/pretil/catkin_ws/install/setup.ps1'
[12.990s] INFO:colcon.colcon_core.shell:Creating prefix script '/home/pretil/catkin_ws/install/local_setup.sh'
[12.991s] INFO:colcon.colcon_core.shell:Creating prefix util module '/home/pretil/catkin_ws/install/_local_setup_util_sh.py'
[12.991s] INFO:colcon.colcon_core.shell:Creating prefix chain script '/home/pretil/catkin_ws/install/setup.sh'
[12.993s] INFO:colcon.colcon_core.shell:Creating prefix script '/home/pretil/catkin_ws/install/local_setup.bash'
[12.993s] INFO:colcon.colcon_core.shell:Creating prefix chain script '/home/pretil/catkin_ws/install/setup.bash'
[12.994s] INFO:colcon.colcon_core.shell:Creating prefix script '/home/pretil/catkin_ws/install/local_setup.zsh'
[12.995s] INFO:colcon.colcon_core.shell:Creating prefix chain script '/home/pretil/catkin_ws/install/setup.zsh'
