[0.021s] Invoking command in '/home/pretil/catkin_ws/build/limo_gazebosim': CMAKE_PREFIX_PATH=${CMAKE_PREFIX_PATH}:/opt/ros/humble /usr/bin/cmake /home/pretil/catkin_ws/src/limo_ros2/limo_gazebosim -DCMAKE_INSTALL_PREFIX=/home/pretil/catkin_ws/install/limo_gazebosim
[0.084s] -- The C compiler identification is GNU 11.4.0
[0.144s] -- The CXX compiler identification is GNU 11.4.0
[0.151s] -- Detecting C compiler ABI info
[0.214s] -- Detecting C compiler ABI info - done
[0.227s] -- Check for working C compiler: /usr/bin/cc - skipped
[0.228s] -- Detecting C compile features
[0.228s] -- Detecting C compile features - done
[0.231s] -- Detecting CXX compiler ABI info
[0.302s] -- Detecting CXX compiler ABI info - done
[0.310s] -- Check for working CXX compiler: /usr/bin/c++ - skipped
[0.310s] -- Detecting CXX compile features
[0.311s] -- Detecting CXX compile features - done
[0.316s] -- Found ament_cmake: 1.3.14 (/opt/ros/humble/share/ament_cmake/cmake)
[0.471s] -- Found Python3: /usr/bin/python3 (found version "3.10.12") found components: Interpreter 
[0.606s] -- Found ament_lint_auto: 0.12.15 (/opt/ros/humble/share/ament_lint_auto/cmake)
[0.712s] -- Added test 'flake8' to check Python code syntax and style conventions
[0.713s] -- Added test 'lint_cmake' to check CMake code style
[0.714s] -- Added test 'pep257' to check Python code against some of the docstring style conventions in PEP 257
[0.716s] -- Added test 'xmllint' to check XML markup files
[0.719s] -- Configuring done
[0.723s] -- Generating done
[0.726s] -- Build files have been written to: /home/pretil/catkin_ws/build/limo_gazebosim
[0.732s] Invoked command in '/home/pretil/catkin_ws/build/limo_gazebosim' returned '0': CMAKE_PREFIX_PATH=${CMAKE_PREFIX_PATH}:/opt/ros/humble /usr/bin/cmake /home/pretil/catkin_ws/src/limo_ros2/limo_gazebosim -DCMAKE_INSTALL_PREFIX=/home/pretil/catkin_ws/install/limo_gazebosim
[0.734s] Invoking command in '/home/pretil/catkin_ws/build/limo_gazebosim': CMAKE_PREFIX_PATH=${CMAKE_PREFIX_PATH}:/opt/ros/humble /usr/bin/cmake --build /home/pretil/catkin_ws/build/limo_gazebosim -- -j12 -l12
[0.780s] Invoked command in '/home/pretil/catkin_ws/build/limo_gazebosim' returned '0': CMAKE_PREFIX_PATH=${CMAKE_PREFIX_PATH}:/opt/ros/humble /usr/bin/cmake --build /home/pretil/catkin_ws/build/limo_gazebosim -- -j12 -l12
[0.781s] Invoking command in '/home/pretil/catkin_ws/build/limo_gazebosim': CMAKE_PREFIX_PATH=${CMAKE_PREFIX_PATH}:/opt/ros/humble /usr/bin/cmake --install /home/pretil/catkin_ws/build/limo_gazebosim
[0.788s] -- Install configuration: ""
[0.788s] -- Installing: /home/pretil/catkin_ws/install/limo_gazebosim/share/limo_gazebosim/launch
[0.788s] -- Installing: /home/pretil/catkin_ws/install/limo_gazebosim/share/limo_gazebosim/launch/limo_gazebo_diff.launch.py
[0.789s] -- Installing: /home/pretil/catkin_ws/install/limo_gazebosim/share/limo_gazebosim/rviz
[0.789s] -- Installing: /home/pretil/catkin_ws/install/limo_gazebosim/share/limo_gazebosim/rviz/urdf.rviz
[0.789s] -- Installing: /home/pretil/catkin_ws/install/limo_gazebosim/share/limo_gazebosim/worlds
[0.789s] -- Installing: /home/pretil/catkin_ws/install/limo_gazebosim/share/limo_gazebosim/worlds/simple.world
[0.789s] -- Installing: /home/pretil/catkin_ws/install/limo_gazebosim/share/limo_gazebosim/models
[0.790s] -- Installing: /home/pretil/catkin_ws/install/limo_gazebosim/share/limo_gazebosim/models/simple.stl
[0.790s] -- Installing: /home/pretil/catkin_ws/install/limo_gazebosim/share/ament_index/resource_index/package_run_dependencies/limo_gazebosim
[0.790s] -- Installing: /home/pretil/catkin_ws/install/limo_gazebosim/share/ament_index/resource_index/parent_prefix_path/limo_gazebosim
[0.790s] -- Installing: /home/pretil/catkin_ws/install/limo_gazebosim/share/limo_gazebosim/environment/ament_prefix_path.sh
[0.790s] -- Installing: /home/pretil/catkin_ws/install/limo_gazebosim/share/limo_gazebosim/environment/ament_prefix_path.dsv
[0.791s] -- Installing: /home/pretil/catkin_ws/install/limo_gazebosim/share/limo_gazebosim/environment/path.sh
[0.791s] -- Installing: /home/pretil/catkin_ws/install/limo_gazebosim/share/limo_gazebosim/environment/path.dsv
[0.791s] -- Installing: /home/pretil/catkin_ws/install/limo_gazebosim/share/limo_gazebosim/local_setup.bash
[0.791s] -- Installing: /home/pretil/catkin_ws/install/limo_gazebosim/share/limo_gazebosim/local_setup.sh
[0.791s] -- Installing: /home/pretil/catkin_ws/install/limo_gazebosim/share/limo_gazebosim/local_setup.zsh
[0.791s] -- Installing: /home/pretil/catkin_ws/install/limo_gazebosim/share/limo_gazebosim/local_setup.dsv
[0.791s] -- Installing: /home/pretil/catkin_ws/install/limo_gazebosim/share/limo_gazebosim/package.dsv
[0.791s] -- Installing: /home/pretil/catkin_ws/install/limo_gazebosim/share/ament_index/resource_index/packages/limo_gazebosim
[0.792s] -- Installing: /home/pretil/catkin_ws/install/limo_gazebosim/share/limo_gazebosim/cmake/limo_gazebosimConfig.cmake
[0.792s] -- Installing: /home/pretil/catkin_ws/install/limo_gazebosim/share/limo_gazebosim/cmake/limo_gazebosimConfig-version.cmake
[0.792s] -- Installing: /home/pretil/catkin_ws/install/limo_gazebosim/share/limo_gazebosim/package.xml
[0.794s] Invoked command in '/home/pretil/catkin_ws/build/limo_gazebosim' returned '0': CMAKE_PREFIX_PATH=${CMAKE_PREFIX_PATH}:/opt/ros/humble /usr/bin/cmake --install /home/pretil/catkin_ws/build/limo_gazebosim
