-- The C compiler identification is GNU 11.4.0
-- The CXX compiler identification is GNU 11.4.0
-- Detecting C compiler ABI info
-- Detecting C compiler ABI info - done
-- Check for working C compiler: /usr/bin/cc - skipped
-- Detecting C compile features
-- Detecting C compile features - done
-- Detecting CXX compiler ABI info
-- Detecting CXX compiler ABI info - done
-- Check for working CXX compiler: /usr/bin/c++ - skipped
-- Detecting CXX compile features
-- Detecting CXX compile features - done
-- Found ament_cmake: 1.3.14 (/opt/ros/humble/share/ament_cmake/cmake)
-- Found Python3: /usr/bin/python3 (found version "3.10.12") found components: Interpreter 
-- Override CMake install command with custom implementation using symlinks instead of copying resources
-- Found ament_lint_auto: 0.12.15 (/opt/ros/humble/share/ament_lint_auto/cmake)
-- Added test 'flake8' to check Python code syntax and style conventions
-- Added test 'lint_cmake' to check CMake code style
-- Added test 'pep257' to check Python code against some of the docstring style conventions in PEP 257
-- Added test 'xmllint' to check XML markup files
-- Configuring done
-- Generating done
-- Build files have been written to: /home/pretil/catkin_ws/src/limo_ros2/build/limo_navigation
-- Install configuration: ""
-- Execute custom install script
-- Symlinking: /home/pretil/catkin_ws/src/limo_ros2/install/limo_navigation/share/limo_navigation//launch/cartographer.launch.py
-- Symlinking: /home/pretil/catkin_ws/src/limo_ros2/install/limo_navigation/share/limo_navigation//launch/limo_controller.launch.py
-- Symlinking: /home/pretil/catkin_ws/src/limo_ros2/install/limo_navigation/share/limo_navigation//launch/limo_localization.launch.py
-- Symlinking: /home/pretil/catkin_ws/src/limo_ros2/install/limo_navigation/share/limo_navigation//launch/limo_navigation.launch.py
-- Symlinking: /home/pretil/catkin_ws/src/limo_ros2/install/limo_navigation/share/limo_navigation//launch/occupancy_grid.launch.py
-- Symlinking: /home/pretil/catkin_ws/src/limo_ros2/install/limo_navigation/share/limo_navigation//launch/slam_offline_map_launch.py
-- Symlinking: /home/pretil/catkin_ws/src/limo_ros2/install/limo_navigation/share/limo_navigation//maps/simple_map.pgm
-- Symlinking: /home/pretil/catkin_ws/src/limo_ros2/install/limo_navigation/share/limo_navigation//maps/simple_map.yaml
-- Symlinking: /home/pretil/catkin_ws/src/limo_ros2/install/limo_navigation/share/limo_navigation//params/limo_lds_2d.lua
-- Symlinking: /home/pretil/catkin_ws/src/limo_ros2/install/limo_navigation/share/limo_navigation//params/mapper_params_offline.yaml
-- Symlinking: /home/pretil/catkin_ws/src/limo_ros2/install/limo_navigation/share/limo_navigation//params/nav2_params.yaml
-- Symlinking: /home/pretil/catkin_ws/src/limo_ros2/install/limo_navigation/share/limo_navigation//params/navigate_w_replanning_and_recovery.xml
-- Symlinking: /home/pretil/catkin_ws/src/limo_ros2/install/limo_navigation/share/limo_navigation//rviz/limo_navigation.rviz
-- Symlinking: /home/pretil/catkin_ws/src/limo_ros2/install/limo_navigation/share/limo_navigation//rviz/slam_toolbox_default.rviz
-- Up-to-date symlink: /home/pretil/catkin_ws/src/limo_ros2/install/limo_navigation/share/limo_navigation//launch/cartographer.launch.py
-- Up-to-date symlink: /home/pretil/catkin_ws/src/limo_ros2/install/limo_navigation/share/limo_navigation//launch/limo_controller.launch.py
-- Up-to-date symlink: /home/pretil/catkin_ws/src/limo_ros2/install/limo_navigation/share/limo_navigation//launch/limo_localization.launch.py
-- Up-to-date symlink: /home/pretil/catkin_ws/src/limo_ros2/install/limo_navigation/share/limo_navigation//launch/limo_navigation.launch.py
-- Up-to-date symlink: /home/pretil/catkin_ws/src/limo_ros2/install/limo_navigation/share/limo_navigation//launch/occupancy_grid.launch.py
-- Up-to-date symlink: /home/pretil/catkin_ws/src/limo_ros2/install/limo_navigation/share/limo_navigation//launch/slam_offline_map_launch.py
-- Symlinking: /home/pretil/catkin_ws/src/limo_ros2/install/limo_navigation/share/ament_index/resource_index/package_run_dependencies/limo_navigation
-- Symlinking: /home/pretil/catkin_ws/src/limo_ros2/install/limo_navigation/share/ament_index/resource_index/parent_prefix_path/limo_navigation
-- Symlinking: /home/pretil/catkin_ws/src/limo_ros2/install/limo_navigation/share/limo_navigation/environment/ament_prefix_path.sh
-- Symlinking: /home/pretil/catkin_ws/src/limo_ros2/install/limo_navigation/share/limo_navigation/environment/ament_prefix_path.dsv
-- Symlinking: /home/pretil/catkin_ws/src/limo_ros2/install/limo_navigation/share/limo_navigation/environment/path.sh
-- Symlinking: /home/pretil/catkin_ws/src/limo_ros2/install/limo_navigation/share/limo_navigation/environment/path.dsv
-- Symlinking: /home/pretil/catkin_ws/src/limo_ros2/install/limo_navigation/share/limo_navigation/local_setup.bash
-- Symlinking: /home/pretil/catkin_ws/src/limo_ros2/install/limo_navigation/share/limo_navigation/local_setup.sh
-- Symlinking: /home/pretil/catkin_ws/src/limo_ros2/install/limo_navigation/share/limo_navigation/local_setup.zsh
-- Symlinking: /home/pretil/catkin_ws/src/limo_ros2/install/limo_navigation/share/limo_navigation/local_setup.dsv
-- Symlinking: /home/pretil/catkin_ws/src/limo_ros2/install/limo_navigation/share/limo_navigation/package.dsv
-- Symlinking: /home/pretil/catkin_ws/src/limo_ros2/install/limo_navigation/share/ament_index/resource_index/packages/limo_navigation
-- Symlinking: /home/pretil/catkin_ws/src/limo_ros2/install/limo_navigation/share/limo_navigation/cmake/limo_navigationConfig.cmake
-- Symlinking: /home/pretil/catkin_ws/src/limo_ros2/install/limo_navigation/share/limo_navigation/cmake/limo_navigationConfig-version.cmake
-- Symlinking: /home/pretil/catkin_ws/src/limo_ros2/install/limo_navigation/share/limo_navigation/package.xml
