[0.015s] Invoking command in '/home/pretil/catkin_ws/src/limo_ros2/build/limo_navigation': CMAKE_PREFIX_PATH=${CMAKE_PREFIX_PATH}:/opt/ros/humble /usr/bin/cmake /home/pretil/catkin_ws/src/limo_ros2/limo_navigation -DAMENT_CMAKE_SYMLINK_INSTALL=1 -DCMAKE_INSTALL_PREFIX=/home/pretil/catkin_ws/src/limo_ros2/install/limo_navigation
[0.132s] -- The C compiler identification is GNU 11.4.0
[0.220s] -- The CXX compiler identification is GNU 11.4.0
[0.231s] -- Detecting C compiler ABI info
[0.293s] -- Detecting C compiler ABI info - done
[0.305s] -- Check for working C compiler: /usr/bin/cc - skipped
[0.305s] -- Detecting C compile features
[0.306s] -- Detecting C compile features - done
[0.311s] -- Detecting CXX compiler ABI info
[0.381s] -- Detecting CXX compiler ABI info - done
[0.389s] -- Check for working CXX compiler: /usr/bin/c++ - skipped
[0.389s] -- Detecting CXX compile features
[0.390s] -- Detecting CXX compile features - done
[0.394s] -- Found ament_cmake: 1.3.14 (/opt/ros/humble/share/ament_cmake/cmake)
[0.545s] -- Found Python3: /usr/bin/python3 (found version "3.10.12") found components: Interpreter 
[0.614s] -- Override CMake install command with custom implementation using symlinks instead of copying resources
[0.676s] -- Found ament_lint_auto: 0.12.15 (/opt/ros/humble/share/ament_lint_auto/cmake)
[0.767s] -- Added test 'flake8' to check Python code syntax and style conventions
[0.768s] -- Added test 'lint_cmake' to check CMake code style
[0.768s] -- Added test 'pep257' to check Python code against some of the docstring style conventions in PEP 257
[0.770s] -- Added test 'xmllint' to check XML markup files
[0.772s] -- Configuring done
[0.774s] -- Generating done
[0.776s] -- Build files have been written to: /home/pretil/catkin_ws/src/limo_ros2/build/limo_navigation
[0.780s] Invoked command in '/home/pretil/catkin_ws/src/limo_ros2/build/limo_navigation' returned '0': CMAKE_PREFIX_PATH=${CMAKE_PREFIX_PATH}:/opt/ros/humble /usr/bin/cmake /home/pretil/catkin_ws/src/limo_ros2/limo_navigation -DAMENT_CMAKE_SYMLINK_INSTALL=1 -DCMAKE_INSTALL_PREFIX=/home/pretil/catkin_ws/src/limo_ros2/install/limo_navigation
[0.781s] Invoking command in '/home/pretil/catkin_ws/src/limo_ros2/build/limo_navigation': CMAKE_PREFIX_PATH=${CMAKE_PREFIX_PATH}:/opt/ros/humble /usr/bin/cmake --build /home/pretil/catkin_ws/src/limo_ros2/build/limo_navigation -- -j12 -l12
[0.814s] Invoked command in '/home/pretil/catkin_ws/src/limo_ros2/build/limo_navigation' returned '0': CMAKE_PREFIX_PATH=${CMAKE_PREFIX_PATH}:/opt/ros/humble /usr/bin/cmake --build /home/pretil/catkin_ws/src/limo_ros2/build/limo_navigation -- -j12 -l12
[0.815s] Invoking command in '/home/pretil/catkin_ws/src/limo_ros2/build/limo_navigation': CMAKE_PREFIX_PATH=${CMAKE_PREFIX_PATH}:/opt/ros/humble /usr/bin/cmake --install /home/pretil/catkin_ws/src/limo_ros2/build/limo_navigation
[0.821s] -- Install configuration: ""
[0.821s] -- Execute custom install script
[0.822s] -- Symlinking: /home/pretil/catkin_ws/src/limo_ros2/install/limo_navigation/share/limo_navigation//launch/cartographer.launch.py
[0.829s] -- Symlinking: /home/pretil/catkin_ws/src/limo_ros2/install/limo_navigation/share/limo_navigation//launch/limo_controller.launch.py
[0.836s] -- Symlinking: /home/pretil/catkin_ws/src/limo_ros2/install/limo_navigation/share/limo_navigation//launch/limo_localization.launch.py
[0.843s] -- Symlinking: /home/pretil/catkin_ws/src/limo_ros2/install/limo_navigation/share/limo_navigation//launch/limo_navigation.launch.py
[0.850s] -- Symlinking: /home/pretil/catkin_ws/src/limo_ros2/install/limo_navigation/share/limo_navigation//launch/occupancy_grid.launch.py
[0.857s] -- Symlinking: /home/pretil/catkin_ws/src/limo_ros2/install/limo_navigation/share/limo_navigation//launch/slam_offline_map_launch.py
[0.864s] -- Symlinking: /home/pretil/catkin_ws/src/limo_ros2/install/limo_navigation/share/limo_navigation//maps/simple_map.pgm
[0.871s] -- Symlinking: /home/pretil/catkin_ws/src/limo_ros2/install/limo_navigation/share/limo_navigation//maps/simple_map.yaml
[0.878s] -- Symlinking: /home/pretil/catkin_ws/src/limo_ros2/install/limo_navigation/share/limo_navigation//params/limo_lds_2d.lua
[0.886s] -- Symlinking: /home/pretil/catkin_ws/src/limo_ros2/install/limo_navigation/share/limo_navigation//params/mapper_params_offline.yaml
[0.893s] -- Symlinking: /home/pretil/catkin_ws/src/limo_ros2/install/limo_navigation/share/limo_navigation//params/nav2_params.yaml
[0.899s] -- Symlinking: /home/pretil/catkin_ws/src/limo_ros2/install/limo_navigation/share/limo_navigation//params/navigate_w_replanning_and_recovery.xml
[0.906s] -- Symlinking: /home/pretil/catkin_ws/src/limo_ros2/install/limo_navigation/share/limo_navigation//rviz/limo_navigation.rviz
[0.913s] -- Symlinking: /home/pretil/catkin_ws/src/limo_ros2/install/limo_navigation/share/limo_navigation//rviz/slam_toolbox_default.rviz
[0.921s] -- Up-to-date symlink: /home/pretil/catkin_ws/src/limo_ros2/install/limo_navigation/share/limo_navigation//launch/cartographer.launch.py
[0.921s] -- Up-to-date symlink: /home/pretil/catkin_ws/src/limo_ros2/install/limo_navigation/share/limo_navigation//launch/limo_controller.launch.py
[0.921s] -- Up-to-date symlink: /home/pretil/catkin_ws/src/limo_ros2/install/limo_navigation/share/limo_navigation//launch/limo_localization.launch.py
[0.921s] -- Up-to-date symlink: /home/pretil/catkin_ws/src/limo_ros2/install/limo_navigation/share/limo_navigation//launch/limo_navigation.launch.py
[0.921s] -- Up-to-date symlink: /home/pretil/catkin_ws/src/limo_ros2/install/limo_navigation/share/limo_navigation//launch/occupancy_grid.launch.py
[0.921s] -- Up-to-date symlink: /home/pretil/catkin_ws/src/limo_ros2/install/limo_navigation/share/limo_navigation//launch/slam_offline_map_launch.py
[0.921s] -- Symlinking: /home/pretil/catkin_ws/src/limo_ros2/install/limo_navigation/share/ament_index/resource_index/package_run_dependencies/limo_navigation
[0.928s] -- Symlinking: /home/pretil/catkin_ws/src/limo_ros2/install/limo_navigation/share/ament_index/resource_index/parent_prefix_path/limo_navigation
[0.935s] -- Symlinking: /home/pretil/catkin_ws/src/limo_ros2/install/limo_navigation/share/limo_navigation/environment/ament_prefix_path.sh
[0.942s] -- Symlinking: /home/pretil/catkin_ws/src/limo_ros2/install/limo_navigation/share/limo_navigation/environment/ament_prefix_path.dsv
[0.950s] -- Symlinking: /home/pretil/catkin_ws/src/limo_ros2/install/limo_navigation/share/limo_navigation/environment/path.sh
[0.956s] -- Symlinking: /home/pretil/catkin_ws/src/limo_ros2/install/limo_navigation/share/limo_navigation/environment/path.dsv
[0.962s] -- Symlinking: /home/pretil/catkin_ws/src/limo_ros2/install/limo_navigation/share/limo_navigation/local_setup.bash
[0.969s] -- Symlinking: /home/pretil/catkin_ws/src/limo_ros2/install/limo_navigation/share/limo_navigation/local_setup.sh
[0.975s] -- Symlinking: /home/pretil/catkin_ws/src/limo_ros2/install/limo_navigation/share/limo_navigation/local_setup.zsh
[0.982s] -- Symlinking: /home/pretil/catkin_ws/src/limo_ros2/install/limo_navigation/share/limo_navigation/local_setup.dsv
[0.988s] -- Symlinking: /home/pretil/catkin_ws/src/limo_ros2/install/limo_navigation/share/limo_navigation/package.dsv
[0.995s] -- Symlinking: /home/pretil/catkin_ws/src/limo_ros2/install/limo_navigation/share/ament_index/resource_index/packages/limo_navigation
[1.003s] -- Symlinking: /home/pretil/catkin_ws/src/limo_ros2/install/limo_navigation/share/limo_navigation/cmake/limo_navigationConfig.cmake
[1.010s] -- Symlinking: /home/pretil/catkin_ws/src/limo_ros2/install/limo_navigation/share/limo_navigation/cmake/limo_navigationConfig-version.cmake
[1.017s] -- Symlinking: /home/pretil/catkin_ws/src/limo_ros2/install/limo_navigation/share/limo_navigation/package.xml
[1.026s] Invoked command in '/home/pretil/catkin_ws/src/limo_ros2/build/limo_navigation' returned '0': CMAKE_PREFIX_PATH=${CMAKE_PREFIX_PATH}:/opt/ros/humble /usr/bin/cmake --install /home/pretil/catkin_ws/src/limo_ros2/build/limo_navigation
