[0.098s] DEBUG:colcon:Command line arguments: ['/usr/bin/colcon', 'build', '--symlink-install']
[0.098s] DEBUG:colcon:Parsed command line arguments: Namespace(log_base=None, log_level=None, verb_name='build', build_base='build', install_base='install', merge_install=False, symlink_install=True, test_result_base=None, continue_on_error=False, executor='parallel', parallel_workers=12, event_handlers=None, ignore_user_meta=False, metas=['./colcon.meta'], base_paths=['.'], packages_ignore=None, packages_ignore_regex=None, paths=None, packages_up_to=None, packages_up_to_regex=None, packages_above=None, packages_above_and_dependencies=None, packages_above_depth=None, packages_select_by_dep=None, packages_skip_by_dep=None, packages_skip_up_to=None, packages_select_build_failed=False, packages_skip_build_finished=False, packages_select_test_failures=False, packages_skip_test_passed=False, packages_select=None, packages_skip=None, packages_select_regex=None, packages_skip_regex=None, packages_start=None, packages_end=None, cmake_args=None, cmake_target=None, cmake_target_skip_unavailable=False, cmake_clean_cache=False, cmake_clean_first=False, cmake_force_configure=False, ament_cmake_args=None, catkin_cmake_args=None, catkin_skip_building_tests=False, mixin_files=None, mixin=None, verb_parser=<colcon_mixin.mixin.mixin_argument.MixinArgumentDecorator object at 0x7fa6d9875150>, verb_extension=<colcon_core.verb.build.BuildVerb object at 0x7fa6d9874ca0>, main=<bound method BuildVerb.main of <colcon_core.verb.build.BuildVerb object at 0x7fa6d9874ca0>>, mixin_verb=('build',))
[0.246s] Level 1:colcon.colcon_core.package_discovery:discover_packages(colcon_meta) check parameters
[0.246s] Level 1:colcon.colcon_core.package_discovery:discover_packages(recursive) check parameters
[0.246s] Level 1:colcon.colcon_core.package_discovery:discover_packages(ignore) check parameters
[0.246s] Level 1:colcon.colcon_core.package_discovery:discover_packages(path) check parameters
[0.246s] Level 1:colcon.colcon_core.package_discovery:discover_packages(colcon_meta) discover
[0.247s] Level 1:colcon.colcon_core.package_discovery:discover_packages(recursive) discover
[0.247s] INFO:colcon.colcon_core.package_discovery:Crawling recursively for packages in '/home/pretil/catkin_ws/src/limo_ros2'
[0.247s] Level 1:colcon.colcon_core.package_identification:_identify(.) by extensions ['ignore', 'ignore_ament_install']
[0.247s] Level 1:colcon.colcon_core.package_identification:_identify(.) by extension 'ignore'
[0.247s] Level 1:colcon.colcon_core.package_identification:_identify(.) by extension 'ignore_ament_install'
[0.247s] Level 1:colcon.colcon_core.package_identification:_identify(.) by extensions ['colcon_pkg']
[0.247s] Level 1:colcon.colcon_core.package_identification:_identify(.) by extension 'colcon_pkg'
[0.247s] Level 1:colcon.colcon_core.package_identification:_identify(.) by extensions ['colcon_meta']
[0.247s] Level 1:colcon.colcon_core.package_identification:_identify(.) by extension 'colcon_meta'
[0.247s] Level 1:colcon.colcon_core.package_identification:_identify(.) by extensions ['ros']
[0.247s] Level 1:colcon.colcon_core.package_identification:_identify(.) by extension 'ros'
[0.257s] Level 1:colcon.colcon_core.package_identification:_identify(.) by extensions ['cmake', 'python']
[0.257s] Level 1:colcon.colcon_core.package_identification:_identify(.) by extension 'cmake'
[0.257s] Level 1:colcon.colcon_core.package_identification:_identify(.) by extension 'python'
[0.257s] Level 1:colcon.colcon_core.package_identification:_identify(.) by extensions ['python_setup_py']
[0.257s] Level 1:colcon.colcon_core.package_identification:_identify(.) by extension 'python_setup_py'
[0.257s] Level 1:colcon.colcon_core.package_identification:_identify(build) by extensions ['ignore', 'ignore_ament_install']
[0.257s] Level 1:colcon.colcon_core.package_identification:_identify(build) by extension 'ignore'
[0.257s] Level 1:colcon.colcon_core.package_identification:_identify(build) ignored
[0.257s] Level 1:colcon.colcon_core.package_identification:_identify(install) by extensions ['ignore', 'ignore_ament_install']
[0.257s] Level 1:colcon.colcon_core.package_identification:_identify(install) by extension 'ignore'
[0.257s] Level 1:colcon.colcon_core.package_identification:_identify(install) ignored
[0.257s] Level 1:colcon.colcon_core.package_identification:_identify(limo_base) by extensions ['ignore', 'ignore_ament_install']
[0.257s] Level 1:colcon.colcon_core.package_identification:_identify(limo_base) by extension 'ignore'
[0.257s] Level 1:colcon.colcon_core.package_identification:_identify(limo_base) by extension 'ignore_ament_install'
[0.257s] Level 1:colcon.colcon_core.package_identification:_identify(limo_base) by extensions ['colcon_pkg']
[0.257s] Level 1:colcon.colcon_core.package_identification:_identify(limo_base) by extension 'colcon_pkg'
[0.257s] Level 1:colcon.colcon_core.package_identification:_identify(limo_base) by extensions ['colcon_meta']
[0.257s] Level 1:colcon.colcon_core.package_identification:_identify(limo_base) by extension 'colcon_meta'
[0.258s] Level 1:colcon.colcon_core.package_identification:_identify(limo_base) by extensions ['ros']
[0.258s] Level 1:colcon.colcon_core.package_identification:_identify(limo_base) by extension 'ros'
[0.260s] DEBUG:colcon.colcon_core.package_identification:Package 'limo_base' with type 'ros.ament_cmake' and name 'limo_base'
[0.260s] Level 1:colcon.colcon_core.package_identification:_identify(limo_bringup) by extensions ['ignore', 'ignore_ament_install']
[0.260s] Level 1:colcon.colcon_core.package_identification:_identify(limo_bringup) by extension 'ignore'
[0.260s] Level 1:colcon.colcon_core.package_identification:_identify(limo_bringup) by extension 'ignore_ament_install'
[0.260s] Level 1:colcon.colcon_core.package_identification:_identify(limo_bringup) by extensions ['colcon_pkg']
[0.260s] Level 1:colcon.colcon_core.package_identification:_identify(limo_bringup) by extension 'colcon_pkg'
[0.260s] Level 1:colcon.colcon_core.package_identification:_identify(limo_bringup) by extensions ['colcon_meta']
[0.260s] Level 1:colcon.colcon_core.package_identification:_identify(limo_bringup) by extension 'colcon_meta'
[0.260s] Level 1:colcon.colcon_core.package_identification:_identify(limo_bringup) by extensions ['ros']
[0.260s] Level 1:colcon.colcon_core.package_identification:_identify(limo_bringup) by extension 'ros'
[0.262s] DEBUG:colcon.colcon_core.package_identification:Package 'limo_bringup' with type 'ros.ament_cmake' and name 'limo_bringup'
[0.262s] Level 1:colcon.colcon_core.package_identification:_identify(limo_car) by extensions ['ignore', 'ignore_ament_install']
[0.262s] Level 1:colcon.colcon_core.package_identification:_identify(limo_car) by extension 'ignore'
[0.262s] Level 1:colcon.colcon_core.package_identification:_identify(limo_car) by extension 'ignore_ament_install'
[0.262s] Level 1:colcon.colcon_core.package_identification:_identify(limo_car) by extensions ['colcon_pkg']
[0.262s] Level 1:colcon.colcon_core.package_identification:_identify(limo_car) by extension 'colcon_pkg'
[0.262s] Level 1:colcon.colcon_core.package_identification:_identify(limo_car) by extensions ['colcon_meta']
[0.262s] Level 1:colcon.colcon_core.package_identification:_identify(limo_car) by extension 'colcon_meta'
[0.262s] Level 1:colcon.colcon_core.package_identification:_identify(limo_car) by extensions ['ros']
[0.262s] Level 1:colcon.colcon_core.package_identification:_identify(limo_car) by extension 'ros'
[0.263s] DEBUG:colcon.colcon_core.package_identification:Package 'limo_car' with type 'ros.ament_cmake' and name 'limo_car'
[0.263s] Level 1:colcon.colcon_core.package_identification:_identify(limo_description) by extensions ['ignore', 'ignore_ament_install']
[0.263s] Level 1:colcon.colcon_core.package_identification:_identify(limo_description) by extension 'ignore'
[0.263s] Level 1:colcon.colcon_core.package_identification:_identify(limo_description) by extension 'ignore_ament_install'
[0.263s] Level 1:colcon.colcon_core.package_identification:_identify(limo_description) by extensions ['colcon_pkg']
[0.263s] Level 1:colcon.colcon_core.package_identification:_identify(limo_description) by extension 'colcon_pkg'
[0.263s] Level 1:colcon.colcon_core.package_identification:_identify(limo_description) by extensions ['colcon_meta']
[0.263s] Level 1:colcon.colcon_core.package_identification:_identify(limo_description) by extension 'colcon_meta'
[0.263s] Level 1:colcon.colcon_core.package_identification:_identify(limo_description) by extensions ['ros']
[0.263s] Level 1:colcon.colcon_core.package_identification:_identify(limo_description) by extension 'ros'
[0.264s] DEBUG:colcon.colcon_core.package_identification:Package 'limo_description' with type 'ros.ament_cmake' and name 'limo_description'
[0.264s] Level 1:colcon.colcon_core.package_identification:_identify(limo_gazebosim) by extensions ['ignore', 'ignore_ament_install']
[0.264s] Level 1:colcon.colcon_core.package_identification:_identify(limo_gazebosim) by extension 'ignore'
[0.264s] Level 1:colcon.colcon_core.package_identification:_identify(limo_gazebosim) by extension 'ignore_ament_install'
[0.264s] Level 1:colcon.colcon_core.package_identification:_identify(limo_gazebosim) by extensions ['colcon_pkg']
[0.264s] Level 1:colcon.colcon_core.package_identification:_identify(limo_gazebosim) by extension 'colcon_pkg'
[0.264s] Level 1:colcon.colcon_core.package_identification:_identify(limo_gazebosim) by extensions ['colcon_meta']
[0.264s] Level 1:colcon.colcon_core.package_identification:_identify(limo_gazebosim) by extension 'colcon_meta'
[0.264s] Level 1:colcon.colcon_core.package_identification:_identify(limo_gazebosim) by extensions ['ros']
[0.264s] Level 1:colcon.colcon_core.package_identification:_identify(limo_gazebosim) by extension 'ros'
[0.265s] DEBUG:colcon.colcon_core.package_identification:Package 'limo_gazebosim' with type 'ros.ament_cmake' and name 'limo_gazebosim'
[0.265s] Level 1:colcon.colcon_core.package_identification:_identify(limo_msgs) by extensions ['ignore', 'ignore_ament_install']
[0.265s] Level 1:colcon.colcon_core.package_identification:_identify(limo_msgs) by extension 'ignore'
[0.265s] Level 1:colcon.colcon_core.package_identification:_identify(limo_msgs) by extension 'ignore_ament_install'
[0.265s] Level 1:colcon.colcon_core.package_identification:_identify(limo_msgs) by extensions ['colcon_pkg']
[0.265s] Level 1:colcon.colcon_core.package_identification:_identify(limo_msgs) by extension 'colcon_pkg'
[0.265s] Level 1:colcon.colcon_core.package_identification:_identify(limo_msgs) by extensions ['colcon_meta']
[0.265s] Level 1:colcon.colcon_core.package_identification:_identify(limo_msgs) by extension 'colcon_meta'
[0.265s] Level 1:colcon.colcon_core.package_identification:_identify(limo_msgs) by extensions ['ros']
[0.265s] Level 1:colcon.colcon_core.package_identification:_identify(limo_msgs) by extension 'ros'
[0.266s] DEBUG:colcon.colcon_core.package_identification:Package 'limo_msgs' with type 'ros.ament_cmake' and name 'limo_msgs'
[0.266s] Level 1:colcon.colcon_core.package_identification:_identify(limo_navigation) by extensions ['ignore', 'ignore_ament_install']
[0.266s] Level 1:colcon.colcon_core.package_identification:_identify(limo_navigation) by extension 'ignore'
[0.266s] Level 1:colcon.colcon_core.package_identification:_identify(limo_navigation) by extension 'ignore_ament_install'
[0.266s] Level 1:colcon.colcon_core.package_identification:_identify(limo_navigation) by extensions ['colcon_pkg']
[0.266s] Level 1:colcon.colcon_core.package_identification:_identify(limo_navigation) by extension 'colcon_pkg'
[0.266s] Level 1:colcon.colcon_core.package_identification:_identify(limo_navigation) by extensions ['colcon_meta']
[0.266s] Level 1:colcon.colcon_core.package_identification:_identify(limo_navigation) by extension 'colcon_meta'
[0.266s] Level 1:colcon.colcon_core.package_identification:_identify(limo_navigation) by extensions ['ros']
[0.266s] Level 1:colcon.colcon_core.package_identification:_identify(limo_navigation) by extension 'ros'
[0.266s] DEBUG:colcon.colcon_core.package_identification:Package 'limo_navigation' with type 'ros.ament_cmake' and name 'limo_navigation'
[0.267s] Level 1:colcon.colcon_core.package_identification:_identify(log) by extensions ['ignore', 'ignore_ament_install']
[0.267s] Level 1:colcon.colcon_core.package_identification:_identify(log) by extension 'ignore'
[0.267s] Level 1:colcon.colcon_core.package_identification:_identify(log) ignored
[0.267s] Level 1:colcon.colcon_core.package_identification:_identify(ydlidar_ros2) by extensions ['ignore', 'ignore_ament_install']
[0.267s] Level 1:colcon.colcon_core.package_identification:_identify(ydlidar_ros2) by extension 'ignore'
[0.267s] Level 1:colcon.colcon_core.package_identification:_identify(ydlidar_ros2) by extension 'ignore_ament_install'
[0.267s] Level 1:colcon.colcon_core.package_identification:_identify(ydlidar_ros2) by extensions ['colcon_pkg']
[0.267s] Level 1:colcon.colcon_core.package_identification:_identify(ydlidar_ros2) by extension 'colcon_pkg'
[0.267s] Level 1:colcon.colcon_core.package_identification:_identify(ydlidar_ros2) by extensions ['colcon_meta']
[0.267s] Level 1:colcon.colcon_core.package_identification:_identify(ydlidar_ros2) by extension 'colcon_meta'
[0.267s] Level 1:colcon.colcon_core.package_identification:_identify(ydlidar_ros2) by extensions ['ros']
[0.267s] Level 1:colcon.colcon_core.package_identification:_identify(ydlidar_ros2) by extension 'ros'
[0.268s] DEBUG:colcon.colcon_core.package_identification:Package 'ydlidar_ros2' with type 'ros.ament_cmake' and name 'ydlidar_ros2_driver'
[0.268s] Level 1:colcon.colcon_core.package_discovery:discover_packages(recursive) using defaults
[0.268s] Level 1:colcon.colcon_core.package_discovery:discover_packages(ignore) discover
[0.268s] Level 1:colcon.colcon_core.package_discovery:discover_packages(ignore) using defaults
[0.268s] Level 1:colcon.colcon_core.package_discovery:discover_packages(path) discover
[0.268s] Level 1:colcon.colcon_core.package_discovery:discover_packages(path) using defaults
[0.293s] Level 5:colcon.colcon_core.verb:set package 'limo_car' build argument 'cmake_args' from command line to 'None'
[0.293s] Level 5:colcon.colcon_core.verb:set package 'limo_car' build argument 'cmake_target' from command line to 'None'
[0.297s] Level 5:colcon.colcon_core.verb:set package 'limo_car' build argument 'cmake_target_skip_unavailable' from command line to 'False'
[0.297s] Level 5:colcon.colcon_core.verb:set package 'limo_car' build argument 'cmake_clean_cache' from command line to 'False'
[0.297s] Level 5:colcon.colcon_core.verb:set package 'limo_car' build argument 'cmake_clean_first' from command line to 'False'
[0.297s] Level 5:colcon.colcon_core.verb:set package 'limo_car' build argument 'cmake_force_configure' from command line to 'False'
[0.297s] Level 5:colcon.colcon_core.verb:set package 'limo_car' build argument 'ament_cmake_args' from command line to 'None'
[0.298s] Level 5:colcon.colcon_core.verb:set package 'limo_car' build argument 'catkin_cmake_args' from command line to 'None'
[0.298s] Level 5:colcon.colcon_core.verb:set package 'limo_car' build argument 'catkin_skip_building_tests' from command line to 'False'
[0.298s] DEBUG:colcon.colcon_core.verb:Building package 'limo_car' with the following arguments: {'ament_cmake_args': None, 'build_base': '/home/pretil/catkin_ws/src/limo_ros2/build/limo_car', 'catkin_cmake_args': None, 'catkin_skip_building_tests': False, 'cmake_args': None, 'cmake_clean_cache': False, 'cmake_clean_first': False, 'cmake_force_configure': False, 'cmake_target': None, 'cmake_target_skip_unavailable': False, 'install_base': '/home/pretil/catkin_ws/src/limo_ros2/install/limo_car', 'merge_install': False, 'path': '/home/pretil/catkin_ws/src/limo_ros2/limo_car', 'symlink_install': True, 'test_result_base': None}
[0.298s] Level 5:colcon.colcon_core.verb:set package 'limo_description' build argument 'cmake_args' from command line to 'None'
[0.298s] Level 5:colcon.colcon_core.verb:set package 'limo_description' build argument 'cmake_target' from command line to 'None'
[0.298s] Level 5:colcon.colcon_core.verb:set package 'limo_description' build argument 'cmake_target_skip_unavailable' from command line to 'False'
[0.298s] Level 5:colcon.colcon_core.verb:set package 'limo_description' build argument 'cmake_clean_cache' from command line to 'False'
[0.298s] Level 5:colcon.colcon_core.verb:set package 'limo_description' build argument 'cmake_clean_first' from command line to 'False'
[0.298s] Level 5:colcon.colcon_core.verb:set package 'limo_description' build argument 'cmake_force_configure' from command line to 'False'
[0.298s] Level 5:colcon.colcon_core.verb:set package 'limo_description' build argument 'ament_cmake_args' from command line to 'None'
[0.298s] Level 5:colcon.colcon_core.verb:set package 'limo_description' build argument 'catkin_cmake_args' from command line to 'None'
[0.298s] Level 5:colcon.colcon_core.verb:set package 'limo_description' build argument 'catkin_skip_building_tests' from command line to 'False'
[0.298s] DEBUG:colcon.colcon_core.verb:Building package 'limo_description' with the following arguments: {'ament_cmake_args': None, 'build_base': '/home/pretil/catkin_ws/src/limo_ros2/build/limo_description', 'catkin_cmake_args': None, 'catkin_skip_building_tests': False, 'cmake_args': None, 'cmake_clean_cache': False, 'cmake_clean_first': False, 'cmake_force_configure': False, 'cmake_target': None, 'cmake_target_skip_unavailable': False, 'install_base': '/home/pretil/catkin_ws/src/limo_ros2/install/limo_description', 'merge_install': False, 'path': '/home/pretil/catkin_ws/src/limo_ros2/limo_description', 'symlink_install': True, 'test_result_base': None}
[0.298s] Level 5:colcon.colcon_core.verb:set package 'limo_gazebosim' build argument 'cmake_args' from command line to 'None'
[0.299s] Level 5:colcon.colcon_core.verb:set package 'limo_gazebosim' build argument 'cmake_target' from command line to 'None'
[0.299s] Level 5:colcon.colcon_core.verb:set package 'limo_gazebosim' build argument 'cmake_target_skip_unavailable' from command line to 'False'
[0.299s] Level 5:colcon.colcon_core.verb:set package 'limo_gazebosim' build argument 'cmake_clean_cache' from command line to 'False'
[0.299s] Level 5:colcon.colcon_core.verb:set package 'limo_gazebosim' build argument 'cmake_clean_first' from command line to 'False'
[0.299s] Level 5:colcon.colcon_core.verb:set package 'limo_gazebosim' build argument 'cmake_force_configure' from command line to 'False'
[0.299s] Level 5:colcon.colcon_core.verb:set package 'limo_gazebosim' build argument 'ament_cmake_args' from command line to 'None'
[0.299s] Level 5:colcon.colcon_core.verb:set package 'limo_gazebosim' build argument 'catkin_cmake_args' from command line to 'None'
[0.299s] Level 5:colcon.colcon_core.verb:set package 'limo_gazebosim' build argument 'catkin_skip_building_tests' from command line to 'False'
[0.299s] DEBUG:colcon.colcon_core.verb:Building package 'limo_gazebosim' with the following arguments: {'ament_cmake_args': None, 'build_base': '/home/pretil/catkin_ws/src/limo_ros2/build/limo_gazebosim', 'catkin_cmake_args': None, 'catkin_skip_building_tests': False, 'cmake_args': None, 'cmake_clean_cache': False, 'cmake_clean_first': False, 'cmake_force_configure': False, 'cmake_target': None, 'cmake_target_skip_unavailable': False, 'install_base': '/home/pretil/catkin_ws/src/limo_ros2/install/limo_gazebosim', 'merge_install': False, 'path': '/home/pretil/catkin_ws/src/limo_ros2/limo_gazebosim', 'symlink_install': True, 'test_result_base': None}
[0.299s] Level 5:colcon.colcon_core.verb:set package 'limo_msgs' build argument 'cmake_args' from command line to 'None'
[0.299s] Level 5:colcon.colcon_core.verb:set package 'limo_msgs' build argument 'cmake_target' from command line to 'None'
[0.299s] Level 5:colcon.colcon_core.verb:set package 'limo_msgs' build argument 'cmake_target_skip_unavailable' from command line to 'False'
[0.299s] Level 5:colcon.colcon_core.verb:set package 'limo_msgs' build argument 'cmake_clean_cache' from command line to 'False'
[0.299s] Level 5:colcon.colcon_core.verb:set package 'limo_msgs' build argument 'cmake_clean_first' from command line to 'False'
[0.299s] Level 5:colcon.colcon_core.verb:set package 'limo_msgs' build argument 'cmake_force_configure' from command line to 'False'
[0.299s] Level 5:colcon.colcon_core.verb:set package 'limo_msgs' build argument 'ament_cmake_args' from command line to 'None'
[0.299s] Level 5:colcon.colcon_core.verb:set package 'limo_msgs' build argument 'catkin_cmake_args' from command line to 'None'
[0.299s] Level 5:colcon.colcon_core.verb:set package 'limo_msgs' build argument 'catkin_skip_building_tests' from command line to 'False'
[0.299s] DEBUG:colcon.colcon_core.verb:Building package 'limo_msgs' with the following arguments: {'ament_cmake_args': None, 'build_base': '/home/pretil/catkin_ws/src/limo_ros2/build/limo_msgs', 'catkin_cmake_args': None, 'catkin_skip_building_tests': False, 'cmake_args': None, 'cmake_clean_cache': False, 'cmake_clean_first': False, 'cmake_force_configure': False, 'cmake_target': None, 'cmake_target_skip_unavailable': False, 'install_base': '/home/pretil/catkin_ws/src/limo_ros2/install/limo_msgs', 'merge_install': False, 'path': '/home/pretil/catkin_ws/src/limo_ros2/limo_msgs', 'symlink_install': True, 'test_result_base': None}
[0.300s] Level 5:colcon.colcon_core.verb:set package 'limo_navigation' build argument 'cmake_args' from command line to 'None'
[0.300s] Level 5:colcon.colcon_core.verb:set package 'limo_navigation' build argument 'cmake_target' from command line to 'None'
[0.300s] Level 5:colcon.colcon_core.verb:set package 'limo_navigation' build argument 'cmake_target_skip_unavailable' from command line to 'False'
[0.300s] Level 5:colcon.colcon_core.verb:set package 'limo_navigation' build argument 'cmake_clean_cache' from command line to 'False'
[0.300s] Level 5:colcon.colcon_core.verb:set package 'limo_navigation' build argument 'cmake_clean_first' from command line to 'False'
[0.300s] Level 5:colcon.colcon_core.verb:set package 'limo_navigation' build argument 'cmake_force_configure' from command line to 'False'
[0.300s] Level 5:colcon.colcon_core.verb:set package 'limo_navigation' build argument 'ament_cmake_args' from command line to 'None'
[0.300s] Level 5:colcon.colcon_core.verb:set package 'limo_navigation' build argument 'catkin_cmake_args' from command line to 'None'
[0.300s] Level 5:colcon.colcon_core.verb:set package 'limo_navigation' build argument 'catkin_skip_building_tests' from command line to 'False'
[0.300s] DEBUG:colcon.colcon_core.verb:Building package 'limo_navigation' with the following arguments: {'ament_cmake_args': None, 'build_base': '/home/pretil/catkin_ws/src/limo_ros2/build/limo_navigation', 'catkin_cmake_args': None, 'catkin_skip_building_tests': False, 'cmake_args': None, 'cmake_clean_cache': False, 'cmake_clean_first': False, 'cmake_force_configure': False, 'cmake_target': None, 'cmake_target_skip_unavailable': False, 'install_base': '/home/pretil/catkin_ws/src/limo_ros2/install/limo_navigation', 'merge_install': False, 'path': '/home/pretil/catkin_ws/src/limo_ros2/limo_navigation', 'symlink_install': True, 'test_result_base': None}
[0.300s] Level 5:colcon.colcon_core.verb:set package 'ydlidar_ros2_driver' build argument 'cmake_args' from command line to 'None'
[0.300s] Level 5:colcon.colcon_core.verb:set package 'ydlidar_ros2_driver' build argument 'cmake_target' from command line to 'None'
[0.300s] Level 5:colcon.colcon_core.verb:set package 'ydlidar_ros2_driver' build argument 'cmake_target_skip_unavailable' from command line to 'False'
[0.300s] Level 5:colcon.colcon_core.verb:set package 'ydlidar_ros2_driver' build argument 'cmake_clean_cache' from command line to 'False'
[0.300s] Level 5:colcon.colcon_core.verb:set package 'ydlidar_ros2_driver' build argument 'cmake_clean_first' from command line to 'False'
[0.300s] Level 5:colcon.colcon_core.verb:set package 'ydlidar_ros2_driver' build argument 'cmake_force_configure' from command line to 'False'
[0.300s] Level 5:colcon.colcon_core.verb:set package 'ydlidar_ros2_driver' build argument 'ament_cmake_args' from command line to 'None'
[0.300s] Level 5:colcon.colcon_core.verb:set package 'ydlidar_ros2_driver' build argument 'catkin_cmake_args' from command line to 'None'
[0.300s] Level 5:colcon.colcon_core.verb:set package 'ydlidar_ros2_driver' build argument 'catkin_skip_building_tests' from command line to 'False'
[0.300s] DEBUG:colcon.colcon_core.verb:Building package 'ydlidar_ros2_driver' with the following arguments: {'ament_cmake_args': None, 'build_base': '/home/pretil/catkin_ws/src/limo_ros2/build/ydlidar_ros2_driver', 'catkin_cmake_args': None, 'catkin_skip_building_tests': False, 'cmake_args': None, 'cmake_clean_cache': False, 'cmake_clean_first': False, 'cmake_force_configure': False, 'cmake_target': None, 'cmake_target_skip_unavailable': False, 'install_base': '/home/pretil/catkin_ws/src/limo_ros2/install/ydlidar_ros2_driver', 'merge_install': False, 'path': '/home/pretil/catkin_ws/src/limo_ros2/ydlidar_ros2', 'symlink_install': True, 'test_result_base': None}
[0.301s] Level 5:colcon.colcon_core.verb:set package 'limo_base' build argument 'cmake_args' from command line to 'None'
[0.301s] Level 5:colcon.colcon_core.verb:set package 'limo_base' build argument 'cmake_target' from command line to 'None'
[0.301s] Level 5:colcon.colcon_core.verb:set package 'limo_base' build argument 'cmake_target_skip_unavailable' from command line to 'False'
[0.301s] Level 5:colcon.colcon_core.verb:set package 'limo_base' build argument 'cmake_clean_cache' from command line to 'False'
[0.301s] Level 5:colcon.colcon_core.verb:set package 'limo_base' build argument 'cmake_clean_first' from command line to 'False'
[0.301s] Level 5:colcon.colcon_core.verb:set package 'limo_base' build argument 'cmake_force_configure' from command line to 'False'
[0.301s] Level 5:colcon.colcon_core.verb:set package 'limo_base' build argument 'ament_cmake_args' from command line to 'None'
[0.301s] Level 5:colcon.colcon_core.verb:set package 'limo_base' build argument 'catkin_cmake_args' from command line to 'None'
[0.301s] Level 5:colcon.colcon_core.verb:set package 'limo_base' build argument 'catkin_skip_building_tests' from command line to 'False'
[0.301s] DEBUG:colcon.colcon_core.verb:Building package 'limo_base' with the following arguments: {'ament_cmake_args': None, 'build_base': '/home/pretil/catkin_ws/src/limo_ros2/build/limo_base', 'catkin_cmake_args': None, 'catkin_skip_building_tests': False, 'cmake_args': None, 'cmake_clean_cache': False, 'cmake_clean_first': False, 'cmake_force_configure': False, 'cmake_target': None, 'cmake_target_skip_unavailable': False, 'install_base': '/home/pretil/catkin_ws/src/limo_ros2/install/limo_base', 'merge_install': False, 'path': '/home/pretil/catkin_ws/src/limo_ros2/limo_base', 'symlink_install': True, 'test_result_base': None}
[0.301s] Level 5:colcon.colcon_core.verb:set package 'limo_bringup' build argument 'cmake_args' from command line to 'None'
[0.301s] Level 5:colcon.colcon_core.verb:set package 'limo_bringup' build argument 'cmake_target' from command line to 'None'
[0.301s] Level 5:colcon.colcon_core.verb:set package 'limo_bringup' build argument 'cmake_target_skip_unavailable' from command line to 'False'
[0.301s] Level 5:colcon.colcon_core.verb:set package 'limo_bringup' build argument 'cmake_clean_cache' from command line to 'False'
[0.301s] Level 5:colcon.colcon_core.verb:set package 'limo_bringup' build argument 'cmake_clean_first' from command line to 'False'
[0.301s] Level 5:colcon.colcon_core.verb:set package 'limo_bringup' build argument 'cmake_force_configure' from command line to 'False'
[0.301s] Level 5:colcon.colcon_core.verb:set package 'limo_bringup' build argument 'ament_cmake_args' from command line to 'None'
[0.301s] Level 5:colcon.colcon_core.verb:set package 'limo_bringup' build argument 'catkin_cmake_args' from command line to 'None'
[0.301s] Level 5:colcon.colcon_core.verb:set package 'limo_bringup' build argument 'catkin_skip_building_tests' from command line to 'False'
[0.302s] DEBUG:colcon.colcon_core.verb:Building package 'limo_bringup' with the following arguments: {'ament_cmake_args': None, 'build_base': '/home/pretil/catkin_ws/src/limo_ros2/build/limo_bringup', 'catkin_cmake_args': None, 'catkin_skip_building_tests': False, 'cmake_args': None, 'cmake_clean_cache': False, 'cmake_clean_first': False, 'cmake_force_configure': False, 'cmake_target': None, 'cmake_target_skip_unavailable': False, 'install_base': '/home/pretil/catkin_ws/src/limo_ros2/install/limo_bringup', 'merge_install': False, 'path': '/home/pretil/catkin_ws/src/limo_ros2/limo_bringup', 'symlink_install': True, 'test_result_base': None}
[0.302s] INFO:colcon.colcon_core.executor:Executing jobs using 'parallel' executor
[0.303s] DEBUG:colcon.colcon_parallel_executor.executor.parallel:run_until_complete
[0.303s] INFO:colcon.colcon_ros.task.ament_cmake.build:Building ROS package in '/home/pretil/catkin_ws/src/limo_ros2/limo_msgs' with build type 'ament_cmake'
[0.303s] INFO:colcon.colcon_cmake.task.cmake.build:Building CMake package in '/home/pretil/catkin_ws/src/limo_ros2/limo_msgs'
[0.305s] INFO:colcon.colcon_core.plugin_system:Skipping extension 'colcon_core.shell.bat': Not used on non-Windows systems
[0.306s] INFO:colcon.colcon_core.shell:Skip shell extension 'powershell' for command environment: Not usable outside of PowerShell
[0.306s] DEBUG:colcon.colcon_core.shell:Skip shell extension 'dsv' for command environment
[0.306s] WARNING:colcon.colcon_core.prefix_path.colcon:The path '/home/pretil/catkin_ws/install' in the environment variable COLCON_PREFIX_PATH doesn't exist
[0.307s] WARNING:colcon.colcon_ros.prefix_path.ament:The path '/home/pretil/catkin_ws/install/limo_base' in the environment variable AMENT_PREFIX_PATH doesn't exist
[0.307s] WARNING:colcon.colcon_ros.prefix_path.ament:The path '/home/pretil/catkin_ws/install/limo_msgs' in the environment variable AMENT_PREFIX_PATH doesn't exist
[0.307s] WARNING:colcon.colcon_ros.prefix_path.ament:The path '/home/pretil/catkin_ws/install/limo_description' in the environment variable AMENT_PREFIX_PATH doesn't exist
[0.307s] WARNING:colcon.colcon_ros.prefix_path.ament:The path '/home/pretil/catkin_ws/install/limo_car' in the environment variable AMENT_PREFIX_PATH doesn't exist
[0.307s] WARNING:colcon.colcon_ros.prefix_path.catkin:The path '/home/pretil/catkin_ws/install/limo_base' in the environment variable CMAKE_PREFIX_PATH doesn't exist
[0.307s] WARNING:colcon.colcon_ros.prefix_path.catkin:The path '/home/pretil/catkin_ws/install/limo_msgs' in the environment variable CMAKE_PREFIX_PATH doesn't exist
[0.308s] WARNING:colcon.colcon_ros.prefix_path.catkin:The path '/home/pretil/catkin_ws/install/limo_description' in the environment variable CMAKE_PREFIX_PATH doesn't exist
[0.308s] WARNING:colcon.colcon_ros.prefix_path.catkin:The path '/home/pretil/catkin_ws/install/limo_car' in the environment variable CMAKE_PREFIX_PATH doesn't exist
[0.311s] INFO:colcon.colcon_ros.task.ament_cmake.build:Building ROS package in '/home/pretil/catkin_ws/src/limo_ros2/limo_car' with build type 'ament_cmake'
[0.312s] INFO:colcon.colcon_cmake.task.cmake.build:Building CMake package in '/home/pretil/catkin_ws/src/limo_ros2/limo_car'
[0.312s] INFO:colcon.colcon_core.shell:Skip shell extension 'powershell' for command environment: Not usable outside of PowerShell
[0.312s] DEBUG:colcon.colcon_core.shell:Skip shell extension 'dsv' for command environment
[0.316s] INFO:colcon.colcon_ros.task.ament_cmake.build:Building ROS package in '/home/pretil/catkin_ws/src/limo_ros2/limo_description' with build type 'ament_cmake'
[0.316s] INFO:colcon.colcon_cmake.task.cmake.build:Building CMake package in '/home/pretil/catkin_ws/src/limo_ros2/limo_description'
[0.316s] INFO:colcon.colcon_core.shell:Skip shell extension 'powershell' for command environment: Not usable outside of PowerShell
[0.316s] DEBUG:colcon.colcon_core.shell:Skip shell extension 'dsv' for command environment
[0.320s] INFO:colcon.colcon_ros.task.ament_cmake.build:Building ROS package in '/home/pretil/catkin_ws/src/limo_ros2/limo_gazebosim' with build type 'ament_cmake'
[0.320s] INFO:colcon.colcon_cmake.task.cmake.build:Building CMake package in '/home/pretil/catkin_ws/src/limo_ros2/limo_gazebosim'
[0.320s] INFO:colcon.colcon_core.shell:Skip shell extension 'powershell' for command environment: Not usable outside of PowerShell
[0.320s] DEBUG:colcon.colcon_core.shell:Skip shell extension 'dsv' for command environment
[0.324s] INFO:colcon.colcon_ros.task.ament_cmake.build:Building ROS package in '/home/pretil/catkin_ws/src/limo_ros2/limo_navigation' with build type 'ament_cmake'
[0.324s] INFO:colcon.colcon_cmake.task.cmake.build:Building CMake package in '/home/pretil/catkin_ws/src/limo_ros2/limo_navigation'
[0.325s] INFO:colcon.colcon_core.shell:Skip shell extension 'powershell' for command environment: Not usable outside of PowerShell
[0.325s] DEBUG:colcon.colcon_core.shell:Skip shell extension 'dsv' for command environment
[0.329s] INFO:colcon.colcon_ros.task.ament_cmake.build:Building ROS package in '/home/pretil/catkin_ws/src/limo_ros2/ydlidar_ros2' with build type 'ament_cmake'
[0.329s] INFO:colcon.colcon_cmake.task.cmake.build:Building CMake package in '/home/pretil/catkin_ws/src/limo_ros2/ydlidar_ros2'
[0.329s] INFO:colcon.colcon_core.shell:Skip shell extension 'powershell' for command environment: Not usable outside of PowerShell
[0.329s] DEBUG:colcon.colcon_core.shell:Skip shell extension 'dsv' for command environment
[0.337s] DEBUG:colcon.colcon_core.event_handler.log_command:Invoking command in '/home/pretil/catkin_ws/src/limo_ros2/build/limo_msgs': CMAKE_PREFIX_PATH=${CMAKE_PREFIX_PATH}:/opt/ros/humble /usr/bin/cmake --build /home/pretil/catkin_ws/src/limo_ros2/build/limo_msgs -- -j12 -l12
[0.340s] DEBUG:colcon.colcon_core.event_handler.log_command:Invoking command in '/home/pretil/catkin_ws/src/limo_ros2/build/limo_car': CMAKE_PREFIX_PATH=${CMAKE_PREFIX_PATH}:/opt/ros/humble /usr/bin/cmake --build /home/pretil/catkin_ws/src/limo_ros2/build/limo_car -- -j12 -l12
[0.341s] DEBUG:colcon.colcon_core.event_handler.log_command:Invoking command in '/home/pretil/catkin_ws/src/limo_ros2/build/limo_description': CMAKE_PREFIX_PATH=${CMAKE_PREFIX_PATH}:/opt/ros/humble /usr/bin/cmake --build /home/pretil/catkin_ws/src/limo_ros2/build/limo_description -- -j12 -l12
[0.343s] DEBUG:colcon.colcon_core.event_handler.log_command:Invoking command in '/home/pretil/catkin_ws/src/limo_ros2/build/limo_gazebosim': CMAKE_PREFIX_PATH=${CMAKE_PREFIX_PATH}:/opt/ros/humble /usr/bin/cmake --build /home/pretil/catkin_ws/src/limo_ros2/build/limo_gazebosim -- -j12 -l12
[0.347s] DEBUG:colcon.colcon_core.event_handler.log_command:Invoking command in '/home/pretil/catkin_ws/src/limo_ros2/build/limo_navigation': CMAKE_PREFIX_PATH=${CMAKE_PREFIX_PATH}:/opt/ros/humble /usr/bin/cmake --build /home/pretil/catkin_ws/src/limo_ros2/build/limo_navigation -- -j12 -l12
[0.351s] DEBUG:colcon.colcon_core.event_handler.log_command:Invoking command in '/home/pretil/catkin_ws/src/limo_ros2/build/ydlidar_ros2_driver': CMAKE_PREFIX_PATH=${CMAKE_PREFIX_PATH}:/opt/ros/humble /usr/bin/cmake --build /home/pretil/catkin_ws/src/limo_ros2/build/ydlidar_ros2_driver -- -j12 -l12
[0.371s] DEBUG:colcon.colcon_core.event_handler.log_command:Invoked command in '/home/pretil/catkin_ws/src/limo_ros2/build/limo_car' returned '0': CMAKE_PREFIX_PATH=${CMAKE_PREFIX_PATH}:/opt/ros/humble /usr/bin/cmake --build /home/pretil/catkin_ws/src/limo_ros2/build/limo_car -- -j12 -l12
[0.380s] DEBUG:colcon.colcon_core.event_handler.log_command:Invoking command in '/home/pretil/catkin_ws/src/limo_ros2/build/limo_car': CMAKE_PREFIX_PATH=${CMAKE_PREFIX_PATH}:/opt/ros/humble /usr/bin/cmake --install /home/pretil/catkin_ws/src/limo_ros2/build/limo_car
[0.382s] DEBUG:colcon.colcon_core.event_handler.log_command:Invoked command in '/home/pretil/catkin_ws/src/limo_ros2/build/limo_description' returned '0': CMAKE_PREFIX_PATH=${CMAKE_PREFIX_PATH}:/opt/ros/humble /usr/bin/cmake --build /home/pretil/catkin_ws/src/limo_ros2/build/limo_description -- -j12 -l12
[0.383s] DEBUG:colcon.colcon_core.event_handler.log_command:Invoking command in '/home/pretil/catkin_ws/src/limo_ros2/build/limo_description': CMAKE_PREFIX_PATH=${CMAKE_PREFIX_PATH}:/opt/ros/humble /usr/bin/cmake --install /home/pretil/catkin_ws/src/limo_ros2/build/limo_description
[0.384s] DEBUG:colcon.colcon_core.event_handler.log_command:Invoked command in '/home/pretil/catkin_ws/src/limo_ros2/build/limo_gazebosim' returned '0': CMAKE_PREFIX_PATH=${CMAKE_PREFIX_PATH}:/opt/ros/humble /usr/bin/cmake --build /home/pretil/catkin_ws/src/limo_ros2/build/limo_gazebosim -- -j12 -l12
[0.386s] DEBUG:colcon.colcon_core.event_handler.log_command:Invoking command in '/home/pretil/catkin_ws/src/limo_ros2/build/limo_gazebosim': CMAKE_PREFIX_PATH=${CMAKE_PREFIX_PATH}:/opt/ros/humble /usr/bin/cmake --install /home/pretil/catkin_ws/src/limo_ros2/build/limo_gazebosim
[0.387s] DEBUG:colcon.colcon_core.event_handler.log_command:Invoked command in '/home/pretil/catkin_ws/src/limo_ros2/build/limo_navigation' returned '0': CMAKE_PREFIX_PATH=${CMAKE_PREFIX_PATH}:/opt/ros/humble /usr/bin/cmake --build /home/pretil/catkin_ws/src/limo_ros2/build/limo_navigation -- -j12 -l12
[0.390s] DEBUG:colcon.colcon_core.event_handler.log_command:Invoking command in '/home/pretil/catkin_ws/src/limo_ros2/build/limo_navigation': CMAKE_PREFIX_PATH=${CMAKE_PREFIX_PATH}:/opt/ros/humble /usr/bin/cmake --install /home/pretil/catkin_ws/src/limo_ros2/build/limo_navigation
[0.409s] Level 1:colcon.colcon_core.environment:create_environment_scripts_only(limo_car)
[0.413s] DEBUG:colcon.colcon_core.event_handler.log_command:Invoked command in '/home/pretil/catkin_ws/src/limo_ros2/build/limo_car' returned '0': CMAKE_PREFIX_PATH=${CMAKE_PREFIX_PATH}:/opt/ros/humble /usr/bin/cmake --install /home/pretil/catkin_ws/src/limo_ros2/build/limo_car
[0.419s] Level 1:colcon.colcon_core.environment:checking '/home/pretil/catkin_ws/src/limo_ros2/install/limo_car' for CMake module files
[0.420s] Level 1:colcon.colcon_core.environment:checking '/home/pretil/catkin_ws/src/limo_ros2/install/limo_car' for CMake config files
[0.421s] Level 1:colcon.colcon_core.shell:create_environment_hook('limo_car', 'cmake_prefix_path')
[0.422s] INFO:colcon.colcon_core.shell:Creating environment hook '/home/pretil/catkin_ws/src/limo_ros2/install/limo_car/share/limo_car/hook/cmake_prefix_path.ps1'
[0.423s] INFO:colcon.colcon_core.shell:Creating environment descriptor '/home/pretil/catkin_ws/src/limo_ros2/install/limo_car/share/limo_car/hook/cmake_prefix_path.dsv'
[0.423s] INFO:colcon.colcon_core.shell:Creating environment hook '/home/pretil/catkin_ws/src/limo_ros2/install/limo_car/share/limo_car/hook/cmake_prefix_path.sh'
[0.425s] Level 1:colcon.colcon_core.environment:checking '/home/pretil/catkin_ws/src/limo_ros2/install/limo_car/bin'
[0.425s] Level 1:colcon.colcon_core.environment:checking '/home/pretil/catkin_ws/src/limo_ros2/install/limo_car/lib/pkgconfig/limo_car.pc'
[0.427s] Level 1:colcon.colcon_core.environment:checking '/home/pretil/catkin_ws/src/limo_ros2/install/limo_car/lib/python3.10/site-packages'
[0.428s] Level 1:colcon.colcon_core.environment:checking '/home/pretil/catkin_ws/src/limo_ros2/install/limo_car/bin'
[0.428s] INFO:colcon.colcon_core.shell:Creating package script '/home/pretil/catkin_ws/src/limo_ros2/install/limo_car/share/limo_car/package.ps1'
[0.430s] INFO:colcon.colcon_core.shell:Creating package descriptor '/home/pretil/catkin_ws/src/limo_ros2/install/limo_car/share/limo_car/package.dsv'
[0.431s] INFO:colcon.colcon_core.shell:Creating package script '/home/pretil/catkin_ws/src/limo_ros2/install/limo_car/share/limo_car/package.sh'
[0.432s] INFO:colcon.colcon_core.shell:Creating package script '/home/pretil/catkin_ws/src/limo_ros2/install/limo_car/share/limo_car/package.bash'
[0.433s] INFO:colcon.colcon_core.shell:Creating package script '/home/pretil/catkin_ws/src/limo_ros2/install/limo_car/share/limo_car/package.zsh'
[0.434s] Level 1:colcon.colcon_core.environment:create_file_with_runtime_dependencies(/home/pretil/catkin_ws/src/limo_ros2/install/limo_car/share/colcon-core/packages/limo_car)
[0.435s] Level 1:colcon.colcon_core.environment:create_environment_scripts_only(limo_car)
[0.436s] Level 1:colcon.colcon_core.environment:checking '/home/pretil/catkin_ws/src/limo_ros2/install/limo_car' for CMake module files
[0.437s] Level 1:colcon.colcon_core.environment:checking '/home/pretil/catkin_ws/src/limo_ros2/install/limo_car' for CMake config files
[0.438s] Level 1:colcon.colcon_core.shell:create_environment_hook('limo_car', 'cmake_prefix_path')
[0.438s] INFO:colcon.colcon_core.shell:Creating environment hook '/home/pretil/catkin_ws/src/limo_ros2/install/limo_car/share/limo_car/hook/cmake_prefix_path.ps1'
[0.439s] INFO:colcon.colcon_core.shell:Creating environment descriptor '/home/pretil/catkin_ws/src/limo_ros2/install/limo_car/share/limo_car/hook/cmake_prefix_path.dsv'
[0.439s] INFO:colcon.colcon_core.shell:Creating environment hook '/home/pretil/catkin_ws/src/limo_ros2/install/limo_car/share/limo_car/hook/cmake_prefix_path.sh'
[0.440s] Level 1:colcon.colcon_core.environment:checking '/home/pretil/catkin_ws/src/limo_ros2/install/limo_car/bin'
[0.440s] Level 1:colcon.colcon_core.environment:checking '/home/pretil/catkin_ws/src/limo_ros2/install/limo_car/lib/pkgconfig/limo_car.pc'
[0.440s] Level 1:colcon.colcon_core.environment:checking '/home/pretil/catkin_ws/src/limo_ros2/install/limo_car/lib/python3.10/site-packages'
[0.441s] Level 1:colcon.colcon_core.environment:checking '/home/pretil/catkin_ws/src/limo_ros2/install/limo_car/bin'
[0.441s] INFO:colcon.colcon_core.shell:Creating package script '/home/pretil/catkin_ws/src/limo_ros2/install/limo_car/share/limo_car/package.ps1'
[0.442s] INFO:colcon.colcon_core.shell:Creating package descriptor '/home/pretil/catkin_ws/src/limo_ros2/install/limo_car/share/limo_car/package.dsv'
[0.443s] INFO:colcon.colcon_core.shell:Creating package script '/home/pretil/catkin_ws/src/limo_ros2/install/limo_car/share/limo_car/package.sh'
[0.444s] INFO:colcon.colcon_core.shell:Creating package script '/home/pretil/catkin_ws/src/limo_ros2/install/limo_car/share/limo_car/package.bash'
[0.444s] INFO:colcon.colcon_core.shell:Creating package script '/home/pretil/catkin_ws/src/limo_ros2/install/limo_car/share/limo_car/package.zsh'
[0.445s] Level 1:colcon.colcon_core.environment:create_file_with_runtime_dependencies(/home/pretil/catkin_ws/src/limo_ros2/install/limo_car/share/colcon-core/packages/limo_car)
[0.446s] Level 1:colcon.colcon_core.environment:create_environment_scripts_only(limo_description)
[0.446s] Level 1:colcon.colcon_core.environment:checking '/home/pretil/catkin_ws/src/limo_ros2/install/limo_description' for CMake module files
[0.447s] DEBUG:colcon.colcon_core.event_handler.log_command:Invoked command in '/home/pretil/catkin_ws/src/limo_ros2/build/limo_description' returned '0': CMAKE_PREFIX_PATH=${CMAKE_PREFIX_PATH}:/opt/ros/humble /usr/bin/cmake --install /home/pretil/catkin_ws/src/limo_ros2/build/limo_description
[0.447s] Level 1:colcon.colcon_core.environment:checking '/home/pretil/catkin_ws/src/limo_ros2/install/limo_description' for CMake config files
[0.448s] Level 1:colcon.colcon_core.shell:create_environment_hook('limo_description', 'cmake_prefix_path')
[0.448s] INFO:colcon.colcon_core.shell:Creating environment hook '/home/pretil/catkin_ws/src/limo_ros2/install/limo_description/share/limo_description/hook/cmake_prefix_path.ps1'
[0.449s] INFO:colcon.colcon_core.shell:Creating environment descriptor '/home/pretil/catkin_ws/src/limo_ros2/install/limo_description/share/limo_description/hook/cmake_prefix_path.dsv'
[0.449s] INFO:colcon.colcon_core.shell:Creating environment hook '/home/pretil/catkin_ws/src/limo_ros2/install/limo_description/share/limo_description/hook/cmake_prefix_path.sh'
[0.450s] Level 1:colcon.colcon_core.environment:checking '/home/pretil/catkin_ws/src/limo_ros2/install/limo_description/bin'
[0.450s] Level 1:colcon.colcon_core.environment:checking '/home/pretil/catkin_ws/src/limo_ros2/install/limo_description/lib/pkgconfig/limo_description.pc'
[0.451s] Level 1:colcon.colcon_core.environment:checking '/home/pretil/catkin_ws/src/limo_ros2/install/limo_description/lib/python3.10/site-packages'
[0.451s] Level 1:colcon.colcon_core.environment:checking '/home/pretil/catkin_ws/src/limo_ros2/install/limo_description/bin'
[0.452s] INFO:colcon.colcon_core.shell:Creating package script '/home/pretil/catkin_ws/src/limo_ros2/install/limo_description/share/limo_description/package.ps1'
[0.453s] INFO:colcon.colcon_core.shell:Creating package descriptor '/home/pretil/catkin_ws/src/limo_ros2/install/limo_description/share/limo_description/package.dsv'
[0.453s] INFO:colcon.colcon_core.shell:Creating package script '/home/pretil/catkin_ws/src/limo_ros2/install/limo_description/share/limo_description/package.sh'
[0.454s] INFO:colcon.colcon_core.shell:Creating package script '/home/pretil/catkin_ws/src/limo_ros2/install/limo_description/share/limo_description/package.bash'
[0.454s] INFO:colcon.colcon_core.shell:Creating package script '/home/pretil/catkin_ws/src/limo_ros2/install/limo_description/share/limo_description/package.zsh'
[0.455s] Level 1:colcon.colcon_core.environment:create_file_with_runtime_dependencies(/home/pretil/catkin_ws/src/limo_ros2/install/limo_description/share/colcon-core/packages/limo_description)
[0.456s] Level 1:colcon.colcon_core.environment:create_environment_scripts_only(limo_description)
[0.456s] Level 1:colcon.colcon_core.environment:checking '/home/pretil/catkin_ws/src/limo_ros2/install/limo_description' for CMake module files
[0.457s] Level 1:colcon.colcon_core.environment:checking '/home/pretil/catkin_ws/src/limo_ros2/install/limo_description' for CMake config files
[0.458s] Level 1:colcon.colcon_core.shell:create_environment_hook('limo_description', 'cmake_prefix_path')
[0.458s] INFO:colcon.colcon_core.shell:Creating environment hook '/home/pretil/catkin_ws/src/limo_ros2/install/limo_description/share/limo_description/hook/cmake_prefix_path.ps1'
[0.458s] INFO:colcon.colcon_core.shell:Creating environment descriptor '/home/pretil/catkin_ws/src/limo_ros2/install/limo_description/share/limo_description/hook/cmake_prefix_path.dsv'
[0.459s] INFO:colcon.colcon_core.shell:Creating environment hook '/home/pretil/catkin_ws/src/limo_ros2/install/limo_description/share/limo_description/hook/cmake_prefix_path.sh'
[0.460s] Level 1:colcon.colcon_core.environment:checking '/home/pretil/catkin_ws/src/limo_ros2/install/limo_description/bin'
[0.460s] Level 1:colcon.colcon_core.environment:checking '/home/pretil/catkin_ws/src/limo_ros2/install/limo_description/lib/pkgconfig/limo_description.pc'
[0.460s] Level 1:colcon.colcon_core.environment:checking '/home/pretil/catkin_ws/src/limo_ros2/install/limo_description/lib/python3.10/site-packages'
[0.461s] Level 1:colcon.colcon_core.environment:checking '/home/pretil/catkin_ws/src/limo_ros2/install/limo_description/bin'
[0.461s] INFO:colcon.colcon_core.shell:Creating package script '/home/pretil/catkin_ws/src/limo_ros2/install/limo_description/share/limo_description/package.ps1'
[0.462s] INFO:colcon.colcon_core.shell:Creating package descriptor '/home/pretil/catkin_ws/src/limo_ros2/install/limo_description/share/limo_description/package.dsv'
[0.463s] INFO:colcon.colcon_core.shell:Creating package script '/home/pretil/catkin_ws/src/limo_ros2/install/limo_description/share/limo_description/package.sh'
[0.464s] INFO:colcon.colcon_core.shell:Creating package script '/home/pretil/catkin_ws/src/limo_ros2/install/limo_description/share/limo_description/package.bash'
[0.464s] INFO:colcon.colcon_core.shell:Creating package script '/home/pretil/catkin_ws/src/limo_ros2/install/limo_description/share/limo_description/package.zsh'
[0.464s] Level 1:colcon.colcon_core.environment:create_file_with_runtime_dependencies(/home/pretil/catkin_ws/src/limo_ros2/install/limo_description/share/colcon-core/packages/limo_description)
[0.466s] Level 1:colcon.colcon_core.environment:create_environment_scripts_only(limo_navigation)
[0.466s] Level 1:colcon.colcon_core.environment:checking '/home/pretil/catkin_ws/src/limo_ros2/install/limo_navigation' for CMake module files
[0.467s] DEBUG:colcon.colcon_core.event_handler.log_command:Invoked command in '/home/pretil/catkin_ws/src/limo_ros2/build/limo_navigation' returned '0': CMAKE_PREFIX_PATH=${CMAKE_PREFIX_PATH}:/opt/ros/humble /usr/bin/cmake --install /home/pretil/catkin_ws/src/limo_ros2/build/limo_navigation
[0.467s] Level 1:colcon.colcon_core.environment:checking '/home/pretil/catkin_ws/src/limo_ros2/install/limo_navigation' for CMake config files
[0.468s] Level 1:colcon.colcon_core.shell:create_environment_hook('limo_navigation', 'cmake_prefix_path')
[0.468s] INFO:colcon.colcon_core.shell:Creating environment hook '/home/pretil/catkin_ws/src/limo_ros2/install/limo_navigation/share/limo_navigation/hook/cmake_prefix_path.ps1'
[0.469s] INFO:colcon.colcon_core.shell:Creating environment descriptor '/home/pretil/catkin_ws/src/limo_ros2/install/limo_navigation/share/limo_navigation/hook/cmake_prefix_path.dsv'
[0.469s] INFO:colcon.colcon_core.shell:Creating environment hook '/home/pretil/catkin_ws/src/limo_ros2/install/limo_navigation/share/limo_navigation/hook/cmake_prefix_path.sh'
[0.469s] Level 1:colcon.colcon_core.environment:checking '/home/pretil/catkin_ws/src/limo_ros2/install/limo_navigation/bin'
[0.470s] Level 1:colcon.colcon_core.environment:checking '/home/pretil/catkin_ws/src/limo_ros2/install/limo_navigation/lib/pkgconfig/limo_navigation.pc'
[0.470s] Level 1:colcon.colcon_core.environment:checking '/home/pretil/catkin_ws/src/limo_ros2/install/limo_navigation/lib/python3.10/site-packages'
[0.470s] Level 1:colcon.colcon_core.environment:checking '/home/pretil/catkin_ws/src/limo_ros2/install/limo_navigation/bin'
[0.470s] INFO:colcon.colcon_core.shell:Creating package script '/home/pretil/catkin_ws/src/limo_ros2/install/limo_navigation/share/limo_navigation/package.ps1'
[0.471s] INFO:colcon.colcon_core.shell:Creating package descriptor '/home/pretil/catkin_ws/src/limo_ros2/install/limo_navigation/share/limo_navigation/package.dsv'
[0.472s] INFO:colcon.colcon_core.shell:Creating package script '/home/pretil/catkin_ws/src/limo_ros2/install/limo_navigation/share/limo_navigation/package.sh'
[0.472s] INFO:colcon.colcon_core.shell:Creating package script '/home/pretil/catkin_ws/src/limo_ros2/install/limo_navigation/share/limo_navigation/package.bash'
[0.472s] INFO:colcon.colcon_core.shell:Creating package script '/home/pretil/catkin_ws/src/limo_ros2/install/limo_navigation/share/limo_navigation/package.zsh'
[0.473s] Level 1:colcon.colcon_core.environment:create_file_with_runtime_dependencies(/home/pretil/catkin_ws/src/limo_ros2/install/limo_navigation/share/colcon-core/packages/limo_navigation)
[0.473s] Level 1:colcon.colcon_core.environment:create_environment_scripts_only(limo_navigation)
[0.473s] Level 1:colcon.colcon_core.environment:checking '/home/pretil/catkin_ws/src/limo_ros2/install/limo_navigation' for CMake module files
[0.474s] Level 1:colcon.colcon_core.environment:checking '/home/pretil/catkin_ws/src/limo_ros2/install/limo_navigation' for CMake config files
[0.474s] Level 1:colcon.colcon_core.shell:create_environment_hook('limo_navigation', 'cmake_prefix_path')
[0.474s] INFO:colcon.colcon_core.shell:Creating environment hook '/home/pretil/catkin_ws/src/limo_ros2/install/limo_navigation/share/limo_navigation/hook/cmake_prefix_path.ps1'
[0.475s] INFO:colcon.colcon_core.shell:Creating environment descriptor '/home/pretil/catkin_ws/src/limo_ros2/install/limo_navigation/share/limo_navigation/hook/cmake_prefix_path.dsv'
[0.475s] INFO:colcon.colcon_core.shell:Creating environment hook '/home/pretil/catkin_ws/src/limo_ros2/install/limo_navigation/share/limo_navigation/hook/cmake_prefix_path.sh'
[0.476s] Level 1:colcon.colcon_core.environment:checking '/home/pretil/catkin_ws/src/limo_ros2/install/limo_navigation/bin'
[0.476s] Level 1:colcon.colcon_core.environment:checking '/home/pretil/catkin_ws/src/limo_ros2/install/limo_navigation/lib/pkgconfig/limo_navigation.pc'
[0.476s] Level 1:colcon.colcon_core.environment:checking '/home/pretil/catkin_ws/src/limo_ros2/install/limo_navigation/lib/python3.10/site-packages'
[0.476s] Level 1:colcon.colcon_core.environment:checking '/home/pretil/catkin_ws/src/limo_ros2/install/limo_navigation/bin'
[0.477s] INFO:colcon.colcon_core.shell:Creating package script '/home/pretil/catkin_ws/src/limo_ros2/install/limo_navigation/share/limo_navigation/package.ps1'
[0.477s] INFO:colcon.colcon_core.shell:Creating package descriptor '/home/pretil/catkin_ws/src/limo_ros2/install/limo_navigation/share/limo_navigation/package.dsv'
[0.478s] INFO:colcon.colcon_core.shell:Creating package script '/home/pretil/catkin_ws/src/limo_ros2/install/limo_navigation/share/limo_navigation/package.sh'
[0.478s] INFO:colcon.colcon_core.shell:Creating package script '/home/pretil/catkin_ws/src/limo_ros2/install/limo_navigation/share/limo_navigation/package.bash'
[0.479s] INFO:colcon.colcon_core.shell:Creating package script '/home/pretil/catkin_ws/src/limo_ros2/install/limo_navigation/share/limo_navigation/package.zsh'
[0.479s] Level 1:colcon.colcon_core.environment:create_file_with_runtime_dependencies(/home/pretil/catkin_ws/src/limo_ros2/install/limo_navigation/share/colcon-core/packages/limo_navigation)
[0.481s] DEBUG:colcon.colcon_core.event_handler.log_command:Invoked command in '/home/pretil/catkin_ws/src/limo_ros2/build/ydlidar_ros2_driver' returned '0': CMAKE_PREFIX_PATH=${CMAKE_PREFIX_PATH}:/opt/ros/humble /usr/bin/cmake --build /home/pretil/catkin_ws/src/limo_ros2/build/ydlidar_ros2_driver -- -j12 -l12
[0.481s] Level 1:colcon.colcon_core.environment:create_environment_scripts_only(limo_gazebosim)
[0.482s] Level 1:colcon.colcon_core.environment:checking '/home/pretil/catkin_ws/src/limo_ros2/install/limo_gazebosim' for CMake module files
[0.482s] DEBUG:colcon.colcon_core.event_handler.log_command:Invoking command in '/home/pretil/catkin_ws/src/limo_ros2/build/ydlidar_ros2_driver': CMAKE_PREFIX_PATH=${CMAKE_PREFIX_PATH}:/opt/ros/humble /usr/bin/cmake --install /home/pretil/catkin_ws/src/limo_ros2/build/ydlidar_ros2_driver
[0.483s] DEBUG:colcon.colcon_core.event_handler.log_command:Invoked command in '/home/pretil/catkin_ws/src/limo_ros2/build/limo_gazebosim' returned '0': CMAKE_PREFIX_PATH=${CMAKE_PREFIX_PATH}:/opt/ros/humble /usr/bin/cmake --install /home/pretil/catkin_ws/src/limo_ros2/build/limo_gazebosim
[0.483s] Level 1:colcon.colcon_core.environment:checking '/home/pretil/catkin_ws/src/limo_ros2/install/limo_gazebosim' for CMake config files
[0.483s] Level 1:colcon.colcon_core.shell:create_environment_hook('limo_gazebosim', 'cmake_prefix_path')
[0.484s] INFO:colcon.colcon_core.shell:Creating environment hook '/home/pretil/catkin_ws/src/limo_ros2/install/limo_gazebosim/share/limo_gazebosim/hook/cmake_prefix_path.ps1'
[0.484s] INFO:colcon.colcon_core.shell:Creating environment descriptor '/home/pretil/catkin_ws/src/limo_ros2/install/limo_gazebosim/share/limo_gazebosim/hook/cmake_prefix_path.dsv'
[0.484s] INFO:colcon.colcon_core.shell:Creating environment hook '/home/pretil/catkin_ws/src/limo_ros2/install/limo_gazebosim/share/limo_gazebosim/hook/cmake_prefix_path.sh'
[0.485s] Level 1:colcon.colcon_core.environment:checking '/home/pretil/catkin_ws/src/limo_ros2/install/limo_gazebosim/bin'
[0.485s] Level 1:colcon.colcon_core.environment:checking '/home/pretil/catkin_ws/src/limo_ros2/install/limo_gazebosim/lib/pkgconfig/limo_gazebosim.pc'
[0.485s] Level 1:colcon.colcon_core.environment:checking '/home/pretil/catkin_ws/src/limo_ros2/install/limo_gazebosim/lib/python3.10/site-packages'
[0.486s] Level 1:colcon.colcon_core.environment:checking '/home/pretil/catkin_ws/src/limo_ros2/install/limo_gazebosim/bin'
[0.486s] INFO:colcon.colcon_core.shell:Creating package script '/home/pretil/catkin_ws/src/limo_ros2/install/limo_gazebosim/share/limo_gazebosim/package.ps1'
[0.486s] INFO:colcon.colcon_core.shell:Creating package descriptor '/home/pretil/catkin_ws/src/limo_ros2/install/limo_gazebosim/share/limo_gazebosim/package.dsv'
[0.487s] INFO:colcon.colcon_core.shell:Creating package script '/home/pretil/catkin_ws/src/limo_ros2/install/limo_gazebosim/share/limo_gazebosim/package.sh'
[0.488s] INFO:colcon.colcon_core.shell:Creating package script '/home/pretil/catkin_ws/src/limo_ros2/install/limo_gazebosim/share/limo_gazebosim/package.bash'
[0.489s] INFO:colcon.colcon_core.shell:Creating package script '/home/pretil/catkin_ws/src/limo_ros2/install/limo_gazebosim/share/limo_gazebosim/package.zsh'
[0.490s] Level 1:colcon.colcon_core.environment:create_file_with_runtime_dependencies(/home/pretil/catkin_ws/src/limo_ros2/install/limo_gazebosim/share/colcon-core/packages/limo_gazebosim)
[0.491s] Level 1:colcon.colcon_core.environment:create_environment_scripts_only(limo_gazebosim)
[0.491s] Level 1:colcon.colcon_core.environment:checking '/home/pretil/catkin_ws/src/limo_ros2/install/limo_gazebosim' for CMake module files
[0.493s] Level 1:colcon.colcon_core.environment:checking '/home/pretil/catkin_ws/src/limo_ros2/install/limo_gazebosim' for CMake config files
[0.493s] Level 1:colcon.colcon_core.shell:create_environment_hook('limo_gazebosim', 'cmake_prefix_path')
[0.493s] INFO:colcon.colcon_core.shell:Creating environment hook '/home/pretil/catkin_ws/src/limo_ros2/install/limo_gazebosim/share/limo_gazebosim/hook/cmake_prefix_path.ps1'
[0.494s] INFO:colcon.colcon_core.shell:Creating environment descriptor '/home/pretil/catkin_ws/src/limo_ros2/install/limo_gazebosim/share/limo_gazebosim/hook/cmake_prefix_path.dsv'
[0.495s] INFO:colcon.colcon_core.shell:Creating environment hook '/home/pretil/catkin_ws/src/limo_ros2/install/limo_gazebosim/share/limo_gazebosim/hook/cmake_prefix_path.sh'
[0.496s] Level 1:colcon.colcon_core.environment:checking '/home/pretil/catkin_ws/src/limo_ros2/install/limo_gazebosim/bin'
[0.496s] Level 1:colcon.colcon_core.environment:checking '/home/pretil/catkin_ws/src/limo_ros2/install/limo_gazebosim/lib/pkgconfig/limo_gazebosim.pc'
[0.496s] Level 1:colcon.colcon_core.environment:checking '/home/pretil/catkin_ws/src/limo_ros2/install/limo_gazebosim/lib/python3.10/site-packages'
[0.497s] Level 1:colcon.colcon_core.environment:checking '/home/pretil/catkin_ws/src/limo_ros2/install/limo_gazebosim/bin'
[0.497s] INFO:colcon.colcon_core.shell:Creating package script '/home/pretil/catkin_ws/src/limo_ros2/install/limo_gazebosim/share/limo_gazebosim/package.ps1'
[0.499s] INFO:colcon.colcon_core.shell:Creating package descriptor '/home/pretil/catkin_ws/src/limo_ros2/install/limo_gazebosim/share/limo_gazebosim/package.dsv'
[0.500s] INFO:colcon.colcon_core.shell:Creating package script '/home/pretil/catkin_ws/src/limo_ros2/install/limo_gazebosim/share/limo_gazebosim/package.sh'
[0.500s] INFO:colcon.colcon_core.shell:Creating package script '/home/pretil/catkin_ws/src/limo_ros2/install/limo_gazebosim/share/limo_gazebosim/package.bash'
[0.500s] INFO:colcon.colcon_core.shell:Creating package script '/home/pretil/catkin_ws/src/limo_ros2/install/limo_gazebosim/share/limo_gazebosim/package.zsh'
[0.501s] Level 1:colcon.colcon_core.environment:create_file_with_runtime_dependencies(/home/pretil/catkin_ws/src/limo_ros2/install/limo_gazebosim/share/colcon-core/packages/limo_gazebosim)
[0.502s] Level 1:colcon.colcon_core.environment:create_environment_scripts_only(ydlidar_ros2_driver)
[0.502s] Level 1:colcon.colcon_core.environment:checking '/home/pretil/catkin_ws/src/limo_ros2/install/ydlidar_ros2_driver' for CMake module files
[0.502s] DEBUG:colcon.colcon_core.event_handler.log_command:Invoked command in '/home/pretil/catkin_ws/src/limo_ros2/build/ydlidar_ros2_driver' returned '0': CMAKE_PREFIX_PATH=${CMAKE_PREFIX_PATH}:/opt/ros/humble /usr/bin/cmake --install /home/pretil/catkin_ws/src/limo_ros2/build/ydlidar_ros2_driver
[0.503s] Level 1:colcon.colcon_core.environment:checking '/home/pretil/catkin_ws/src/limo_ros2/install/ydlidar_ros2_driver' for CMake config files
[0.503s] Level 1:colcon.colcon_core.shell:create_environment_hook('ydlidar_ros2_driver', 'cmake_prefix_path')
[0.504s] INFO:colcon.colcon_core.shell:Creating environment hook '/home/pretil/catkin_ws/src/limo_ros2/install/ydlidar_ros2_driver/share/ydlidar_ros2_driver/hook/cmake_prefix_path.ps1'
[0.504s] INFO:colcon.colcon_core.shell:Creating environment descriptor '/home/pretil/catkin_ws/src/limo_ros2/install/ydlidar_ros2_driver/share/ydlidar_ros2_driver/hook/cmake_prefix_path.dsv'
[0.504s] INFO:colcon.colcon_core.shell:Creating environment hook '/home/pretil/catkin_ws/src/limo_ros2/install/ydlidar_ros2_driver/share/ydlidar_ros2_driver/hook/cmake_prefix_path.sh'
[0.505s] Level 1:colcon.colcon_core.environment:checking '/home/pretil/catkin_ws/src/limo_ros2/install/ydlidar_ros2_driver/lib'
[0.505s] Level 1:colcon.colcon_core.environment:checking '/home/pretil/catkin_ws/src/limo_ros2/install/ydlidar_ros2_driver/bin'
[0.505s] Level 1:colcon.colcon_core.environment:checking '/home/pretil/catkin_ws/src/limo_ros2/install/ydlidar_ros2_driver/lib/pkgconfig/ydlidar_ros2_driver.pc'
[0.505s] Level 1:colcon.colcon_core.environment:checking '/home/pretil/catkin_ws/src/limo_ros2/install/ydlidar_ros2_driver/lib/python3.10/site-packages'
[0.506s] Level 1:colcon.colcon_core.environment:checking '/home/pretil/catkin_ws/src/limo_ros2/install/ydlidar_ros2_driver/bin'
[0.506s] INFO:colcon.colcon_core.shell:Creating package script '/home/pretil/catkin_ws/src/limo_ros2/install/ydlidar_ros2_driver/share/ydlidar_ros2_driver/package.ps1'
[0.506s] INFO:colcon.colcon_core.shell:Creating package descriptor '/home/pretil/catkin_ws/src/limo_ros2/install/ydlidar_ros2_driver/share/ydlidar_ros2_driver/package.dsv'
[0.507s] INFO:colcon.colcon_core.shell:Creating package script '/home/pretil/catkin_ws/src/limo_ros2/install/ydlidar_ros2_driver/share/ydlidar_ros2_driver/package.sh'
[0.507s] INFO:colcon.colcon_core.shell:Creating package script '/home/pretil/catkin_ws/src/limo_ros2/install/ydlidar_ros2_driver/share/ydlidar_ros2_driver/package.bash'
[0.508s] INFO:colcon.colcon_core.shell:Creating package script '/home/pretil/catkin_ws/src/limo_ros2/install/ydlidar_ros2_driver/share/ydlidar_ros2_driver/package.zsh'
[0.508s] Level 1:colcon.colcon_core.environment:create_file_with_runtime_dependencies(/home/pretil/catkin_ws/src/limo_ros2/install/ydlidar_ros2_driver/share/colcon-core/packages/ydlidar_ros2_driver)
[0.508s] Level 1:colcon.colcon_core.environment:create_environment_scripts_only(ydlidar_ros2_driver)
[0.509s] Level 1:colcon.colcon_core.environment:checking '/home/pretil/catkin_ws/src/limo_ros2/install/ydlidar_ros2_driver' for CMake module files
[0.509s] Level 1:colcon.colcon_core.environment:checking '/home/pretil/catkin_ws/src/limo_ros2/install/ydlidar_ros2_driver' for CMake config files
[0.509s] Level 1:colcon.colcon_core.shell:create_environment_hook('ydlidar_ros2_driver', 'cmake_prefix_path')
[0.510s] INFO:colcon.colcon_core.shell:Creating environment hook '/home/pretil/catkin_ws/src/limo_ros2/install/ydlidar_ros2_driver/share/ydlidar_ros2_driver/hook/cmake_prefix_path.ps1'
[0.510s] INFO:colcon.colcon_core.shell:Creating environment descriptor '/home/pretil/catkin_ws/src/limo_ros2/install/ydlidar_ros2_driver/share/ydlidar_ros2_driver/hook/cmake_prefix_path.dsv'
[0.510s] INFO:colcon.colcon_core.shell:Creating environment hook '/home/pretil/catkin_ws/src/limo_ros2/install/ydlidar_ros2_driver/share/ydlidar_ros2_driver/hook/cmake_prefix_path.sh'
[0.511s] Level 1:colcon.colcon_core.environment:checking '/home/pretil/catkin_ws/src/limo_ros2/install/ydlidar_ros2_driver/lib'
[0.511s] Level 1:colcon.colcon_core.environment:checking '/home/pretil/catkin_ws/src/limo_ros2/install/ydlidar_ros2_driver/bin'
[0.511s] Level 1:colcon.colcon_core.environment:checking '/home/pretil/catkin_ws/src/limo_ros2/install/ydlidar_ros2_driver/lib/pkgconfig/ydlidar_ros2_driver.pc'
[0.511s] Level 1:colcon.colcon_core.environment:checking '/home/pretil/catkin_ws/src/limo_ros2/install/ydlidar_ros2_driver/lib/python3.10/site-packages'
[0.512s] Level 1:colcon.colcon_core.environment:checking '/home/pretil/catkin_ws/src/limo_ros2/install/ydlidar_ros2_driver/bin'
[0.512s] INFO:colcon.colcon_core.shell:Creating package script '/home/pretil/catkin_ws/src/limo_ros2/install/ydlidar_ros2_driver/share/ydlidar_ros2_driver/package.ps1'
[0.513s] INFO:colcon.colcon_core.shell:Creating package descriptor '/home/pretil/catkin_ws/src/limo_ros2/install/ydlidar_ros2_driver/share/ydlidar_ros2_driver/package.dsv'
[0.513s] INFO:colcon.colcon_core.shell:Creating package script '/home/pretil/catkin_ws/src/limo_ros2/install/ydlidar_ros2_driver/share/ydlidar_ros2_driver/package.sh'
[0.514s] INFO:colcon.colcon_core.shell:Creating package script '/home/pretil/catkin_ws/src/limo_ros2/install/ydlidar_ros2_driver/share/ydlidar_ros2_driver/package.bash'
[0.514s] INFO:colcon.colcon_core.shell:Creating package script '/home/pretil/catkin_ws/src/limo_ros2/install/ydlidar_ros2_driver/share/ydlidar_ros2_driver/package.zsh'
[0.514s] Level 1:colcon.colcon_core.environment:create_file_with_runtime_dependencies(/home/pretil/catkin_ws/src/limo_ros2/install/ydlidar_ros2_driver/share/colcon-core/packages/ydlidar_ros2_driver)
[0.680s] DEBUG:colcon.colcon_core.event_handler.log_command:Invoked command in '/home/pretil/catkin_ws/src/limo_ros2/build/limo_msgs' returned '0': CMAKE_PREFIX_PATH=${CMAKE_PREFIX_PATH}:/opt/ros/humble /usr/bin/cmake --build /home/pretil/catkin_ws/src/limo_ros2/build/limo_msgs -- -j12 -l12
[0.682s] DEBUG:colcon.colcon_core.event_handler.log_command:Invoking command in '/home/pretil/catkin_ws/src/limo_ros2/build/limo_msgs': CMAKE_PREFIX_PATH=${CMAKE_PREFIX_PATH}:/opt/ros/humble /usr/bin/cmake --install /home/pretil/catkin_ws/src/limo_ros2/build/limo_msgs
[0.742s] Level 1:colcon.colcon_core.environment:create_environment_scripts_only(limo_msgs)
[0.742s] DEBUG:colcon.colcon_core.event_handler.log_command:Invoked command in '/home/pretil/catkin_ws/src/limo_ros2/build/limo_msgs' returned '0': CMAKE_PREFIX_PATH=${CMAKE_PREFIX_PATH}:/opt/ros/humble /usr/bin/cmake --install /home/pretil/catkin_ws/src/limo_ros2/build/limo_msgs
[0.742s] Level 1:colcon.colcon_core.environment:checking '/home/pretil/catkin_ws/src/limo_ros2/install/limo_msgs' for CMake module files
[0.743s] Level 1:colcon.colcon_core.environment:checking '/home/pretil/catkin_ws/src/limo_ros2/install/limo_msgs' for CMake config files
[0.743s] Level 1:colcon.colcon_core.shell:create_environment_hook('limo_msgs', 'cmake_prefix_path')
[0.744s] INFO:colcon.colcon_core.shell:Creating environment hook '/home/pretil/catkin_ws/src/limo_ros2/install/limo_msgs/share/limo_msgs/hook/cmake_prefix_path.ps1'
[0.744s] INFO:colcon.colcon_core.shell:Creating environment descriptor '/home/pretil/catkin_ws/src/limo_ros2/install/limo_msgs/share/limo_msgs/hook/cmake_prefix_path.dsv'
[0.744s] INFO:colcon.colcon_core.shell:Creating environment hook '/home/pretil/catkin_ws/src/limo_ros2/install/limo_msgs/share/limo_msgs/hook/cmake_prefix_path.sh'
[0.745s] Level 1:colcon.colcon_core.environment:checking '/home/pretil/catkin_ws/src/limo_ros2/install/limo_msgs/lib'
[0.745s] Level 1:colcon.colcon_core.shell:create_environment_hook('limo_msgs', 'ld_library_path_lib')
[0.745s] INFO:colcon.colcon_core.shell:Creating environment hook '/home/pretil/catkin_ws/src/limo_ros2/install/limo_msgs/share/limo_msgs/hook/ld_library_path_lib.ps1'
[0.745s] INFO:colcon.colcon_core.shell:Creating environment descriptor '/home/pretil/catkin_ws/src/limo_ros2/install/limo_msgs/share/limo_msgs/hook/ld_library_path_lib.dsv'
[0.746s] INFO:colcon.colcon_core.shell:Creating environment hook '/home/pretil/catkin_ws/src/limo_ros2/install/limo_msgs/share/limo_msgs/hook/ld_library_path_lib.sh'
[0.746s] Level 1:colcon.colcon_core.environment:checking '/home/pretil/catkin_ws/src/limo_ros2/install/limo_msgs/bin'
[0.746s] Level 1:colcon.colcon_core.environment:checking '/home/pretil/catkin_ws/src/limo_ros2/install/limo_msgs/lib/pkgconfig/limo_msgs.pc'
[0.746s] Level 1:colcon.colcon_core.environment:checking '/home/pretil/catkin_ws/src/limo_ros2/install/limo_msgs/lib/python3.10/site-packages'
[0.747s] Level 1:colcon.colcon_core.environment:checking '/home/pretil/catkin_ws/src/limo_ros2/install/limo_msgs/bin'
[0.747s] INFO:colcon.colcon_core.shell:Creating package script '/home/pretil/catkin_ws/src/limo_ros2/install/limo_msgs/share/limo_msgs/package.ps1'
[0.748s] INFO:colcon.colcon_core.shell:Creating package descriptor '/home/pretil/catkin_ws/src/limo_ros2/install/limo_msgs/share/limo_msgs/package.dsv'
[0.748s] INFO:colcon.colcon_core.shell:Creating package script '/home/pretil/catkin_ws/src/limo_ros2/install/limo_msgs/share/limo_msgs/package.sh'
[0.748s] INFO:colcon.colcon_core.shell:Creating package script '/home/pretil/catkin_ws/src/limo_ros2/install/limo_msgs/share/limo_msgs/package.bash'
[0.749s] INFO:colcon.colcon_core.shell:Creating package script '/home/pretil/catkin_ws/src/limo_ros2/install/limo_msgs/share/limo_msgs/package.zsh'
[0.749s] Level 1:colcon.colcon_core.environment:create_file_with_runtime_dependencies(/home/pretil/catkin_ws/src/limo_ros2/install/limo_msgs/share/colcon-core/packages/limo_msgs)
[0.750s] Level 1:colcon.colcon_core.environment:create_environment_scripts_only(limo_msgs)
[0.750s] Level 1:colcon.colcon_core.environment:checking '/home/pretil/catkin_ws/src/limo_ros2/install/limo_msgs' for CMake module files
[0.750s] Level 1:colcon.colcon_core.environment:checking '/home/pretil/catkin_ws/src/limo_ros2/install/limo_msgs' for CMake config files
[0.751s] Level 1:colcon.colcon_core.shell:create_environment_hook('limo_msgs', 'cmake_prefix_path')
[0.751s] INFO:colcon.colcon_core.shell:Creating environment hook '/home/pretil/catkin_ws/src/limo_ros2/install/limo_msgs/share/limo_msgs/hook/cmake_prefix_path.ps1'
[0.751s] INFO:colcon.colcon_core.shell:Creating environment descriptor '/home/pretil/catkin_ws/src/limo_ros2/install/limo_msgs/share/limo_msgs/hook/cmake_prefix_path.dsv'
[0.752s] INFO:colcon.colcon_core.shell:Creating environment hook '/home/pretil/catkin_ws/src/limo_ros2/install/limo_msgs/share/limo_msgs/hook/cmake_prefix_path.sh'
[0.752s] Level 1:colcon.colcon_core.environment:checking '/home/pretil/catkin_ws/src/limo_ros2/install/limo_msgs/lib'
[0.752s] Level 1:colcon.colcon_core.shell:create_environment_hook('limo_msgs', 'ld_library_path_lib')
[0.752s] INFO:colcon.colcon_core.shell:Creating environment hook '/home/pretil/catkin_ws/src/limo_ros2/install/limo_msgs/share/limo_msgs/hook/ld_library_path_lib.ps1'
[0.753s] INFO:colcon.colcon_core.shell:Creating environment descriptor '/home/pretil/catkin_ws/src/limo_ros2/install/limo_msgs/share/limo_msgs/hook/ld_library_path_lib.dsv'
[0.753s] INFO:colcon.colcon_core.shell:Creating environment hook '/home/pretil/catkin_ws/src/limo_ros2/install/limo_msgs/share/limo_msgs/hook/ld_library_path_lib.sh'
[0.753s] Level 1:colcon.colcon_core.environment:checking '/home/pretil/catkin_ws/src/limo_ros2/install/limo_msgs/bin'
[0.753s] Level 1:colcon.colcon_core.environment:checking '/home/pretil/catkin_ws/src/limo_ros2/install/limo_msgs/lib/pkgconfig/limo_msgs.pc'
[0.754s] Level 1:colcon.colcon_core.environment:checking '/home/pretil/catkin_ws/src/limo_ros2/install/limo_msgs/lib/python3.10/site-packages'
[0.754s] Level 1:colcon.colcon_core.environment:checking '/home/pretil/catkin_ws/src/limo_ros2/install/limo_msgs/bin'
[0.754s] INFO:colcon.colcon_core.shell:Creating package script '/home/pretil/catkin_ws/src/limo_ros2/install/limo_msgs/share/limo_msgs/package.ps1'
[0.755s] INFO:colcon.colcon_core.shell:Creating package descriptor '/home/pretil/catkin_ws/src/limo_ros2/install/limo_msgs/share/limo_msgs/package.dsv'
[0.755s] INFO:colcon.colcon_core.shell:Creating package script '/home/pretil/catkin_ws/src/limo_ros2/install/limo_msgs/share/limo_msgs/package.sh'
[0.756s] INFO:colcon.colcon_core.shell:Creating package script '/home/pretil/catkin_ws/src/limo_ros2/install/limo_msgs/share/limo_msgs/package.bash'
[0.756s] INFO:colcon.colcon_core.shell:Creating package script '/home/pretil/catkin_ws/src/limo_ros2/install/limo_msgs/share/limo_msgs/package.zsh'
[0.756s] Level 1:colcon.colcon_core.environment:create_file_with_runtime_dependencies(/home/pretil/catkin_ws/src/limo_ros2/install/limo_msgs/share/colcon-core/packages/limo_msgs)
[0.757s] INFO:colcon.colcon_ros.task.ament_cmake.build:Building ROS package in '/home/pretil/catkin_ws/src/limo_ros2/limo_base' with build type 'ament_cmake'
[0.757s] INFO:colcon.colcon_cmake.task.cmake.build:Building CMake package in '/home/pretil/catkin_ws/src/limo_ros2/limo_base'
[0.757s] INFO:colcon.colcon_core.shell:Skip shell extension 'powershell' for command environment: Not usable outside of PowerShell
[0.757s] DEBUG:colcon.colcon_core.shell:Skip shell extension 'dsv' for command environment
[0.762s] INFO:colcon.colcon_ros.task.ament_cmake.build:Building ROS package in '/home/pretil/catkin_ws/src/limo_ros2/limo_bringup' with build type 'ament_cmake'
[0.762s] INFO:colcon.colcon_cmake.task.cmake.build:Building CMake package in '/home/pretil/catkin_ws/src/limo_ros2/limo_bringup'
[0.762s] INFO:colcon.colcon_core.shell:Skip shell extension 'powershell' for command environment: Not usable outside of PowerShell
[0.762s] DEBUG:colcon.colcon_core.shell:Skip shell extension 'dsv' for command environment
[0.769s] DEBUG:colcon.colcon_core.event_handler.log_command:Invoking command in '/home/pretil/catkin_ws/src/limo_ros2/build/limo_base': CMAKE_PREFIX_PATH=/home/pretil/catkin_ws/src/limo_ros2/install/limo_msgs:/home/pretil/catkin_ws/src/limo_ros2/install/ydlidar_ros2_driver:/home/pretil/catkin_ws/src/limo_ros2/install/limo_navigation:/home/pretil/catkin_ws/src/limo_ros2/install/limo_bringup:/home/pretil/catkin_ws/src/limo_ros2/install/limo_base:/home/pretil/catkin_ws/src/limo_ros2/install/limo_gazebosim:/home/pretil/catkin_ws/src/limo_ros2/install/limo_description:/home/pretil/catkin_ws/src/limo_ros2/install/limo_car:/home/pretil/catkin_ws/install/limo_base:/home/pretil/catkin_ws/install/limo_msgs:/home/pretil/catkin_ws/install/limo_description:/home/pretil/catkin_ws/install/limo_car:/opt/ros/humble LD_LIBRARY_PATH=/home/pretil/catkin_ws/src/limo_ros2/install/limo_msgs/lib:/home/pretil/catkin_ws/install/limo_msgs/lib:/usr/lib/x86_64-linux-gnu/gazebo-11/plugins:/opt/ros/humble/opt/rviz_ogre_vendor/lib:/opt/ros/humble/lib/x86_64-linux-gnu:/opt/ros/humble/lib:/usr/lib/x86_64-linux-gnu/gazebo-11/plugins:/usr/lib/x86_64-linux-gnu/gazebo-11/plugins:/usr/lib/x86_64-linux-gnu/gazebo-11/plugins /usr/bin/cmake --build /home/pretil/catkin_ws/src/limo_ros2/build/limo_base -- -j12 -l12
[0.772s] DEBUG:colcon.colcon_core.event_handler.log_command:Invoking command in '/home/pretil/catkin_ws/src/limo_ros2/build/limo_bringup': CMAKE_PREFIX_PATH=/home/pretil/catkin_ws/src/limo_ros2/install/limo_msgs:/home/pretil/catkin_ws/src/limo_ros2/install/ydlidar_ros2_driver:/home/pretil/catkin_ws/src/limo_ros2/install/limo_navigation:/home/pretil/catkin_ws/src/limo_ros2/install/limo_bringup:/home/pretil/catkin_ws/src/limo_ros2/install/limo_base:/home/pretil/catkin_ws/src/limo_ros2/install/limo_gazebosim:/home/pretil/catkin_ws/src/limo_ros2/install/limo_description:/home/pretil/catkin_ws/src/limo_ros2/install/limo_car:/home/pretil/catkin_ws/install/limo_base:/home/pretil/catkin_ws/install/limo_msgs:/home/pretil/catkin_ws/install/limo_description:/home/pretil/catkin_ws/install/limo_car:/opt/ros/humble LD_LIBRARY_PATH=/home/pretil/catkin_ws/src/limo_ros2/install/limo_msgs/lib:/home/pretil/catkin_ws/install/limo_msgs/lib:/usr/lib/x86_64-linux-gnu/gazebo-11/plugins:/opt/ros/humble/opt/rviz_ogre_vendor/lib:/opt/ros/humble/lib/x86_64-linux-gnu:/opt/ros/humble/lib:/usr/lib/x86_64-linux-gnu/gazebo-11/plugins:/usr/lib/x86_64-linux-gnu/gazebo-11/plugins:/usr/lib/x86_64-linux-gnu/gazebo-11/plugins /usr/bin/cmake --build /home/pretil/catkin_ws/src/limo_ros2/build/limo_bringup -- -j12 -l12
[0.798s] DEBUG:colcon.colcon_core.event_handler.log_command:Invoked command in '/home/pretil/catkin_ws/src/limo_ros2/build/limo_bringup' returned '0': CMAKE_PREFIX_PATH=/home/pretil/catkin_ws/src/limo_ros2/install/limo_msgs:/home/pretil/catkin_ws/src/limo_ros2/install/ydlidar_ros2_driver:/home/pretil/catkin_ws/src/limo_ros2/install/limo_navigation:/home/pretil/catkin_ws/src/limo_ros2/install/limo_bringup:/home/pretil/catkin_ws/src/limo_ros2/install/limo_base:/home/pretil/catkin_ws/src/limo_ros2/install/limo_gazebosim:/home/pretil/catkin_ws/src/limo_ros2/install/limo_description:/home/pretil/catkin_ws/src/limo_ros2/install/limo_car:/home/pretil/catkin_ws/install/limo_base:/home/pretil/catkin_ws/install/limo_msgs:/home/pretil/catkin_ws/install/limo_description:/home/pretil/catkin_ws/install/limo_car:/opt/ros/humble LD_LIBRARY_PATH=/home/pretil/catkin_ws/src/limo_ros2/install/limo_msgs/lib:/home/pretil/catkin_ws/install/limo_msgs/lib:/usr/lib/x86_64-linux-gnu/gazebo-11/plugins:/opt/ros/humble/opt/rviz_ogre_vendor/lib:/opt/ros/humble/lib/x86_64-linux-gnu:/opt/ros/humble/lib:/usr/lib/x86_64-linux-gnu/gazebo-11/plugins:/usr/lib/x86_64-linux-gnu/gazebo-11/plugins:/usr/lib/x86_64-linux-gnu/gazebo-11/plugins /usr/bin/cmake --build /home/pretil/catkin_ws/src/limo_ros2/build/limo_bringup -- -j12 -l12
[0.799s] DEBUG:colcon.colcon_core.event_handler.log_command:Invoking command in '/home/pretil/catkin_ws/src/limo_ros2/build/limo_bringup': CMAKE_PREFIX_PATH=/home/pretil/catkin_ws/src/limo_ros2/install/limo_msgs:/home/pretil/catkin_ws/src/limo_ros2/install/ydlidar_ros2_driver:/home/pretil/catkin_ws/src/limo_ros2/install/limo_navigation:/home/pretil/catkin_ws/src/limo_ros2/install/limo_bringup:/home/pretil/catkin_ws/src/limo_ros2/install/limo_base:/home/pretil/catkin_ws/src/limo_ros2/install/limo_gazebosim:/home/pretil/catkin_ws/src/limo_ros2/install/limo_description:/home/pretil/catkin_ws/src/limo_ros2/install/limo_car:/home/pretil/catkin_ws/install/limo_base:/home/pretil/catkin_ws/install/limo_msgs:/home/pretil/catkin_ws/install/limo_description:/home/pretil/catkin_ws/install/limo_car:/opt/ros/humble LD_LIBRARY_PATH=/home/pretil/catkin_ws/src/limo_ros2/install/limo_msgs/lib:/home/pretil/catkin_ws/install/limo_msgs/lib:/usr/lib/x86_64-linux-gnu/gazebo-11/plugins:/opt/ros/humble/opt/rviz_ogre_vendor/lib:/opt/ros/humble/lib/x86_64-linux-gnu:/opt/ros/humble/lib:/usr/lib/x86_64-linux-gnu/gazebo-11/plugins:/usr/lib/x86_64-linux-gnu/gazebo-11/plugins:/usr/lib/x86_64-linux-gnu/gazebo-11/plugins /usr/bin/cmake --install /home/pretil/catkin_ws/src/limo_ros2/build/limo_bringup
[0.816s] Level 1:colcon.colcon_core.environment:create_environment_scripts_only(limo_bringup)
[0.816s] Level 1:colcon.colcon_core.environment:checking '/home/pretil/catkin_ws/src/limo_ros2/install/limo_bringup' for CMake module files
[0.817s] DEBUG:colcon.colcon_core.event_handler.log_command:Invoked command in '/home/pretil/catkin_ws/src/limo_ros2/build/limo_bringup' returned '0': CMAKE_PREFIX_PATH=/home/pretil/catkin_ws/src/limo_ros2/install/limo_msgs:/home/pretil/catkin_ws/src/limo_ros2/install/ydlidar_ros2_driver:/home/pretil/catkin_ws/src/limo_ros2/install/limo_navigation:/home/pretil/catkin_ws/src/limo_ros2/install/limo_bringup:/home/pretil/catkin_ws/src/limo_ros2/install/limo_base:/home/pretil/catkin_ws/src/limo_ros2/install/limo_gazebosim:/home/pretil/catkin_ws/src/limo_ros2/install/limo_description:/home/pretil/catkin_ws/src/limo_ros2/install/limo_car:/home/pretil/catkin_ws/install/limo_base:/home/pretil/catkin_ws/install/limo_msgs:/home/pretil/catkin_ws/install/limo_description:/home/pretil/catkin_ws/install/limo_car:/opt/ros/humble LD_LIBRARY_PATH=/home/pretil/catkin_ws/src/limo_ros2/install/limo_msgs/lib:/home/pretil/catkin_ws/install/limo_msgs/lib:/usr/lib/x86_64-linux-gnu/gazebo-11/plugins:/opt/ros/humble/opt/rviz_ogre_vendor/lib:/opt/ros/humble/lib/x86_64-linux-gnu:/opt/ros/humble/lib:/usr/lib/x86_64-linux-gnu/gazebo-11/plugins:/usr/lib/x86_64-linux-gnu/gazebo-11/plugins:/usr/lib/x86_64-linux-gnu/gazebo-11/plugins /usr/bin/cmake --install /home/pretil/catkin_ws/src/limo_ros2/build/limo_bringup
[0.817s] Level 1:colcon.colcon_core.environment:checking '/home/pretil/catkin_ws/src/limo_ros2/install/limo_bringup' for CMake config files
[0.818s] Level 1:colcon.colcon_core.shell:create_environment_hook('limo_bringup', 'cmake_prefix_path')
[0.818s] INFO:colcon.colcon_core.shell:Creating environment hook '/home/pretil/catkin_ws/src/limo_ros2/install/limo_bringup/share/limo_bringup/hook/cmake_prefix_path.ps1'
[0.818s] INFO:colcon.colcon_core.shell:Creating environment descriptor '/home/pretil/catkin_ws/src/limo_ros2/install/limo_bringup/share/limo_bringup/hook/cmake_prefix_path.dsv'
[0.819s] INFO:colcon.colcon_core.shell:Creating environment hook '/home/pretil/catkin_ws/src/limo_ros2/install/limo_bringup/share/limo_bringup/hook/cmake_prefix_path.sh'
[0.819s] Level 1:colcon.colcon_core.environment:checking '/home/pretil/catkin_ws/src/limo_ros2/install/limo_bringup/bin'
[0.819s] Level 1:colcon.colcon_core.environment:checking '/home/pretil/catkin_ws/src/limo_ros2/install/limo_bringup/lib/pkgconfig/limo_bringup.pc'
[0.819s] Level 1:colcon.colcon_core.environment:checking '/home/pretil/catkin_ws/src/limo_ros2/install/limo_bringup/lib/python3.10/site-packages'
[0.820s] Level 1:colcon.colcon_core.environment:checking '/home/pretil/catkin_ws/src/limo_ros2/install/limo_bringup/bin'
[0.820s] INFO:colcon.colcon_core.shell:Creating package script '/home/pretil/catkin_ws/src/limo_ros2/install/limo_bringup/share/limo_bringup/package.ps1'
[0.821s] INFO:colcon.colcon_core.shell:Creating package descriptor '/home/pretil/catkin_ws/src/limo_ros2/install/limo_bringup/share/limo_bringup/package.dsv'
[0.821s] INFO:colcon.colcon_core.shell:Creating package script '/home/pretil/catkin_ws/src/limo_ros2/install/limo_bringup/share/limo_bringup/package.sh'
[0.821s] INFO:colcon.colcon_core.shell:Creating package script '/home/pretil/catkin_ws/src/limo_ros2/install/limo_bringup/share/limo_bringup/package.bash'
[0.822s] INFO:colcon.colcon_core.shell:Creating package script '/home/pretil/catkin_ws/src/limo_ros2/install/limo_bringup/share/limo_bringup/package.zsh'
[0.822s] Level 1:colcon.colcon_core.environment:create_file_with_runtime_dependencies(/home/pretil/catkin_ws/src/limo_ros2/install/limo_bringup/share/colcon-core/packages/limo_bringup)
[0.822s] Level 1:colcon.colcon_core.environment:create_environment_scripts_only(limo_bringup)
[0.823s] Level 1:colcon.colcon_core.environment:checking '/home/pretil/catkin_ws/src/limo_ros2/install/limo_bringup' for CMake module files
[0.823s] Level 1:colcon.colcon_core.environment:checking '/home/pretil/catkin_ws/src/limo_ros2/install/limo_bringup' for CMake config files
[0.823s] Level 1:colcon.colcon_core.shell:create_environment_hook('limo_bringup', 'cmake_prefix_path')
[0.824s] INFO:colcon.colcon_core.shell:Creating environment hook '/home/pretil/catkin_ws/src/limo_ros2/install/limo_bringup/share/limo_bringup/hook/cmake_prefix_path.ps1'
[0.824s] INFO:colcon.colcon_core.shell:Creating environment descriptor '/home/pretil/catkin_ws/src/limo_ros2/install/limo_bringup/share/limo_bringup/hook/cmake_prefix_path.dsv'
[0.824s] INFO:colcon.colcon_core.shell:Creating environment hook '/home/pretil/catkin_ws/src/limo_ros2/install/limo_bringup/share/limo_bringup/hook/cmake_prefix_path.sh'
[0.825s] Level 1:colcon.colcon_core.environment:checking '/home/pretil/catkin_ws/src/limo_ros2/install/limo_bringup/bin'
[0.825s] Level 1:colcon.colcon_core.environment:checking '/home/pretil/catkin_ws/src/limo_ros2/install/limo_bringup/lib/pkgconfig/limo_bringup.pc'
[0.825s] Level 1:colcon.colcon_core.environment:checking '/home/pretil/catkin_ws/src/limo_ros2/install/limo_bringup/lib/python3.10/site-packages'
[0.825s] Level 1:colcon.colcon_core.environment:checking '/home/pretil/catkin_ws/src/limo_ros2/install/limo_bringup/bin'
[0.826s] INFO:colcon.colcon_core.shell:Creating package script '/home/pretil/catkin_ws/src/limo_ros2/install/limo_bringup/share/limo_bringup/package.ps1'
[0.826s] INFO:colcon.colcon_core.shell:Creating package descriptor '/home/pretil/catkin_ws/src/limo_ros2/install/limo_bringup/share/limo_bringup/package.dsv'
[0.827s] INFO:colcon.colcon_core.shell:Creating package script '/home/pretil/catkin_ws/src/limo_ros2/install/limo_bringup/share/limo_bringup/package.sh'
[0.827s] INFO:colcon.colcon_core.shell:Creating package script '/home/pretil/catkin_ws/src/limo_ros2/install/limo_bringup/share/limo_bringup/package.bash'
[0.828s] INFO:colcon.colcon_core.shell:Creating package script '/home/pretil/catkin_ws/src/limo_ros2/install/limo_bringup/share/limo_bringup/package.zsh'
[0.828s] Level 1:colcon.colcon_core.environment:create_file_with_runtime_dependencies(/home/pretil/catkin_ws/src/limo_ros2/install/limo_bringup/share/colcon-core/packages/limo_bringup)
[0.829s] DEBUG:colcon.colcon_core.event_handler.log_command:Invoked command in '/home/pretil/catkin_ws/src/limo_ros2/build/limo_base' returned '0': CMAKE_PREFIX_PATH=/home/pretil/catkin_ws/src/limo_ros2/install/limo_msgs:/home/pretil/catkin_ws/src/limo_ros2/install/ydlidar_ros2_driver:/home/pretil/catkin_ws/src/limo_ros2/install/limo_navigation:/home/pretil/catkin_ws/src/limo_ros2/install/limo_bringup:/home/pretil/catkin_ws/src/limo_ros2/install/limo_base:/home/pretil/catkin_ws/src/limo_ros2/install/limo_gazebosim:/home/pretil/catkin_ws/src/limo_ros2/install/limo_description:/home/pretil/catkin_ws/src/limo_ros2/install/limo_car:/home/pretil/catkin_ws/install/limo_base:/home/pretil/catkin_ws/install/limo_msgs:/home/pretil/catkin_ws/install/limo_description:/home/pretil/catkin_ws/install/limo_car:/opt/ros/humble LD_LIBRARY_PATH=/home/pretil/catkin_ws/src/limo_ros2/install/limo_msgs/lib:/home/pretil/catkin_ws/install/limo_msgs/lib:/usr/lib/x86_64-linux-gnu/gazebo-11/plugins:/opt/ros/humble/opt/rviz_ogre_vendor/lib:/opt/ros/humble/lib/x86_64-linux-gnu:/opt/ros/humble/lib:/usr/lib/x86_64-linux-gnu/gazebo-11/plugins:/usr/lib/x86_64-linux-gnu/gazebo-11/plugins:/usr/lib/x86_64-linux-gnu/gazebo-11/plugins /usr/bin/cmake --build /home/pretil/catkin_ws/src/limo_ros2/build/limo_base -- -j12 -l12
[0.830s] DEBUG:colcon.colcon_core.event_handler.log_command:Invoking command in '/home/pretil/catkin_ws/src/limo_ros2/build/limo_base': CMAKE_PREFIX_PATH=/home/pretil/catkin_ws/src/limo_ros2/install/limo_msgs:/home/pretil/catkin_ws/src/limo_ros2/install/ydlidar_ros2_driver:/home/pretil/catkin_ws/src/limo_ros2/install/limo_navigation:/home/pretil/catkin_ws/src/limo_ros2/install/limo_bringup:/home/pretil/catkin_ws/src/limo_ros2/install/limo_base:/home/pretil/catkin_ws/src/limo_ros2/install/limo_gazebosim:/home/pretil/catkin_ws/src/limo_ros2/install/limo_description:/home/pretil/catkin_ws/src/limo_ros2/install/limo_car:/home/pretil/catkin_ws/install/limo_base:/home/pretil/catkin_ws/install/limo_msgs:/home/pretil/catkin_ws/install/limo_description:/home/pretil/catkin_ws/install/limo_car:/opt/ros/humble LD_LIBRARY_PATH=/home/pretil/catkin_ws/src/limo_ros2/install/limo_msgs/lib:/home/pretil/catkin_ws/install/limo_msgs/lib:/usr/lib/x86_64-linux-gnu/gazebo-11/plugins:/opt/ros/humble/opt/rviz_ogre_vendor/lib:/opt/ros/humble/lib/x86_64-linux-gnu:/opt/ros/humble/lib:/usr/lib/x86_64-linux-gnu/gazebo-11/plugins:/usr/lib/x86_64-linux-gnu/gazebo-11/plugins:/usr/lib/x86_64-linux-gnu/gazebo-11/plugins /usr/bin/cmake --install /home/pretil/catkin_ws/src/limo_ros2/build/limo_base
[0.848s] Level 1:colcon.colcon_core.environment:create_environment_scripts_only(limo_base)
[0.848s] Level 1:colcon.colcon_core.environment:checking '/home/pretil/catkin_ws/src/limo_ros2/install/limo_base' for CMake module files
[0.848s] DEBUG:colcon.colcon_core.event_handler.log_command:Invoked command in '/home/pretil/catkin_ws/src/limo_ros2/build/limo_base' returned '0': CMAKE_PREFIX_PATH=/home/pretil/catkin_ws/src/limo_ros2/install/limo_msgs:/home/pretil/catkin_ws/src/limo_ros2/install/ydlidar_ros2_driver:/home/pretil/catkin_ws/src/limo_ros2/install/limo_navigation:/home/pretil/catkin_ws/src/limo_ros2/install/limo_bringup:/home/pretil/catkin_ws/src/limo_ros2/install/limo_base:/home/pretil/catkin_ws/src/limo_ros2/install/limo_gazebosim:/home/pretil/catkin_ws/src/limo_ros2/install/limo_description:/home/pretil/catkin_ws/src/limo_ros2/install/limo_car:/home/pretil/catkin_ws/install/limo_base:/home/pretil/catkin_ws/install/limo_msgs:/home/pretil/catkin_ws/install/limo_description:/home/pretil/catkin_ws/install/limo_car:/opt/ros/humble LD_LIBRARY_PATH=/home/pretil/catkin_ws/src/limo_ros2/install/limo_msgs/lib:/home/pretil/catkin_ws/install/limo_msgs/lib:/usr/lib/x86_64-linux-gnu/gazebo-11/plugins:/opt/ros/humble/opt/rviz_ogre_vendor/lib:/opt/ros/humble/lib/x86_64-linux-gnu:/opt/ros/humble/lib:/usr/lib/x86_64-linux-gnu/gazebo-11/plugins:/usr/lib/x86_64-linux-gnu/gazebo-11/plugins:/usr/lib/x86_64-linux-gnu/gazebo-11/plugins /usr/bin/cmake --install /home/pretil/catkin_ws/src/limo_ros2/build/limo_base
[0.849s] Level 1:colcon.colcon_core.environment:checking '/home/pretil/catkin_ws/src/limo_ros2/install/limo_base' for CMake config files
[0.849s] Level 1:colcon.colcon_core.shell:create_environment_hook('limo_base', 'cmake_prefix_path')
[0.849s] INFO:colcon.colcon_core.shell:Creating environment hook '/home/pretil/catkin_ws/src/limo_ros2/install/limo_base/share/limo_base/hook/cmake_prefix_path.ps1'
[0.850s] INFO:colcon.colcon_core.shell:Creating environment descriptor '/home/pretil/catkin_ws/src/limo_ros2/install/limo_base/share/limo_base/hook/cmake_prefix_path.dsv'
[0.850s] INFO:colcon.colcon_core.shell:Creating environment hook '/home/pretil/catkin_ws/src/limo_ros2/install/limo_base/share/limo_base/hook/cmake_prefix_path.sh'
[0.851s] Level 1:colcon.colcon_core.environment:checking '/home/pretil/catkin_ws/src/limo_ros2/install/limo_base/lib'
[0.851s] Level 1:colcon.colcon_core.environment:checking '/home/pretil/catkin_ws/src/limo_ros2/install/limo_base/bin'
[0.851s] Level 1:colcon.colcon_core.environment:checking '/home/pretil/catkin_ws/src/limo_ros2/install/limo_base/lib/pkgconfig/limo_base.pc'
[0.851s] Level 1:colcon.colcon_core.environment:checking '/home/pretil/catkin_ws/src/limo_ros2/install/limo_base/lib/python3.10/site-packages'
[0.851s] Level 1:colcon.colcon_core.environment:checking '/home/pretil/catkin_ws/src/limo_ros2/install/limo_base/bin'
[0.852s] INFO:colcon.colcon_core.shell:Creating package script '/home/pretil/catkin_ws/src/limo_ros2/install/limo_base/share/limo_base/package.ps1'
[0.852s] INFO:colcon.colcon_core.shell:Creating package descriptor '/home/pretil/catkin_ws/src/limo_ros2/install/limo_base/share/limo_base/package.dsv'
[0.853s] INFO:colcon.colcon_core.shell:Creating package script '/home/pretil/catkin_ws/src/limo_ros2/install/limo_base/share/limo_base/package.sh'
[0.853s] INFO:colcon.colcon_core.shell:Creating package script '/home/pretil/catkin_ws/src/limo_ros2/install/limo_base/share/limo_base/package.bash'
[0.853s] INFO:colcon.colcon_core.shell:Creating package script '/home/pretil/catkin_ws/src/limo_ros2/install/limo_base/share/limo_base/package.zsh'
[0.854s] Level 1:colcon.colcon_core.environment:create_file_with_runtime_dependencies(/home/pretil/catkin_ws/src/limo_ros2/install/limo_base/share/colcon-core/packages/limo_base)
[0.854s] Level 1:colcon.colcon_core.environment:create_environment_scripts_only(limo_base)
[0.854s] Level 1:colcon.colcon_core.environment:checking '/home/pretil/catkin_ws/src/limo_ros2/install/limo_base' for CMake module files
[0.855s] Level 1:colcon.colcon_core.environment:checking '/home/pretil/catkin_ws/src/limo_ros2/install/limo_base' for CMake config files
[0.855s] Level 1:colcon.colcon_core.shell:create_environment_hook('limo_base', 'cmake_prefix_path')
[0.855s] INFO:colcon.colcon_core.shell:Creating environment hook '/home/pretil/catkin_ws/src/limo_ros2/install/limo_base/share/limo_base/hook/cmake_prefix_path.ps1'
[0.856s] INFO:colcon.colcon_core.shell:Creating environment descriptor '/home/pretil/catkin_ws/src/limo_ros2/install/limo_base/share/limo_base/hook/cmake_prefix_path.dsv'
[0.856s] INFO:colcon.colcon_core.shell:Creating environment hook '/home/pretil/catkin_ws/src/limo_ros2/install/limo_base/share/limo_base/hook/cmake_prefix_path.sh'
[0.857s] Level 1:colcon.colcon_core.environment:checking '/home/pretil/catkin_ws/src/limo_ros2/install/limo_base/lib'
[0.857s] Level 1:colcon.colcon_core.environment:checking '/home/pretil/catkin_ws/src/limo_ros2/install/limo_base/bin'
[0.857s] Level 1:colcon.colcon_core.environment:checking '/home/pretil/catkin_ws/src/limo_ros2/install/limo_base/lib/pkgconfig/limo_base.pc'
[0.857s] Level 1:colcon.colcon_core.environment:checking '/home/pretil/catkin_ws/src/limo_ros2/install/limo_base/lib/python3.10/site-packages'
[0.857s] Level 1:colcon.colcon_core.environment:checking '/home/pretil/catkin_ws/src/limo_ros2/install/limo_base/bin'
[0.858s] INFO:colcon.colcon_core.shell:Creating package script '/home/pretil/catkin_ws/src/limo_ros2/install/limo_base/share/limo_base/package.ps1'
[0.858s] INFO:colcon.colcon_core.shell:Creating package descriptor '/home/pretil/catkin_ws/src/limo_ros2/install/limo_base/share/limo_base/package.dsv'
[0.859s] INFO:colcon.colcon_core.shell:Creating package script '/home/pretil/catkin_ws/src/limo_ros2/install/limo_base/share/limo_base/package.sh'
[0.859s] INFO:colcon.colcon_core.shell:Creating package script '/home/pretil/catkin_ws/src/limo_ros2/install/limo_base/share/limo_base/package.bash'
[0.860s] INFO:colcon.colcon_core.shell:Creating package script '/home/pretil/catkin_ws/src/limo_ros2/install/limo_base/share/limo_base/package.zsh'
[0.860s] Level 1:colcon.colcon_core.environment:create_file_with_runtime_dependencies(/home/pretil/catkin_ws/src/limo_ros2/install/limo_base/share/colcon-core/packages/limo_base)
[0.860s] DEBUG:colcon.colcon_parallel_executor.executor.parallel:closing loop
[0.860s] DEBUG:colcon.colcon_parallel_executor.executor.parallel:loop closed
[0.860s] DEBUG:colcon.colcon_parallel_executor.executor.parallel:run_until_complete finished with '0'
[0.860s] DEBUG:colcon.colcon_core.event_reactor:joining thread
[0.865s] INFO:colcon.colcon_core.plugin_system:Skipping extension 'colcon_notification.desktop_notification.notify_send': Could not find 'notify-send'
[0.866s] INFO:colcon.colcon_core.plugin_system:Skipping extension 'colcon_notification.desktop_notification.terminal_notifier': Not used on non-Darwin systems
[0.866s] INFO:colcon.colcon_core.plugin_system:Skipping extension 'colcon_notification.desktop_notification.win32': Not used on non-Windows systems
[0.866s] INFO:colcon.colcon_notification.desktop_notification:Sending desktop notification using 'notify2'
[0.867s] DEBUG:colcon.colcon_notification.desktop_notification.notify2:Failed to initialize notify2: org.freedesktop.DBus.Error.Spawn.ExecFailed: /usr/bin/dbus-launch terminated abnormally without any error message
[0.867s] DEBUG:colcon.colcon_core.event_reactor:joined thread
[0.868s] INFO:colcon.colcon_core.shell:Creating prefix script '/home/pretil/catkin_ws/src/limo_ros2/install/local_setup.ps1'
[0.869s] INFO:colcon.colcon_core.shell:Creating prefix util module '/home/pretil/catkin_ws/src/limo_ros2/install/_local_setup_util_ps1.py'
[0.870s] INFO:colcon.colcon_core.shell:Creating prefix chain script '/home/pretil/catkin_ws/src/limo_ros2/install/setup.ps1'
[0.872s] INFO:colcon.colcon_core.shell:Creating prefix script '/home/pretil/catkin_ws/src/limo_ros2/install/local_setup.sh'
[0.872s] INFO:colcon.colcon_core.shell:Creating prefix util module '/home/pretil/catkin_ws/src/limo_ros2/install/_local_setup_util_sh.py'
[0.873s] INFO:colcon.colcon_core.shell:Creating prefix chain script '/home/pretil/catkin_ws/src/limo_ros2/install/setup.sh'
[0.874s] INFO:colcon.colcon_core.shell:Creating prefix script '/home/pretil/catkin_ws/src/limo_ros2/install/local_setup.bash'
[0.874s] INFO:colcon.colcon_core.shell:Creating prefix chain script '/home/pretil/catkin_ws/src/limo_ros2/install/setup.bash'
[0.876s] INFO:colcon.colcon_core.shell:Creating prefix script '/home/pretil/catkin_ws/src/limo_ros2/install/local_setup.zsh'
[0.876s] INFO:colcon.colcon_core.shell:Creating prefix chain script '/home/pretil/catkin_ws/src/limo_ros2/install/setup.zsh'
