[0.012s] Invoking command in '/home/pretil/catkin_ws/src/limo_ros2/build/limo_base': CMAKE_PREFIX_PATH=/home/pretil/catkin_ws/src/limo_ros2/install/limo_msgs:/home/pretil/catkin_ws/src/limo_ros2/install/ydlidar_ros2_driver:/home/pretil/catkin_ws/src/limo_ros2/install/limo_navigation:/home/pretil/catkin_ws/src/limo_ros2/install/limo_bringup:/home/pretil/catkin_ws/src/limo_ros2/install/limo_base:/home/pretil/catkin_ws/src/limo_ros2/install/limo_gazebosim:/home/pretil/catkin_ws/src/limo_ros2/install/limo_description:/home/pretil/catkin_ws/src/limo_ros2/install/limo_car:/home/pretil/catkin_ws/install/limo_base:/home/pretil/catkin_ws/install/limo_msgs:/home/pretil/catkin_ws/install/limo_description:/home/pretil/catkin_ws/install/limo_car:/opt/ros/humble LD_LIBRARY_PATH=/home/pretil/catkin_ws/src/limo_ros2/install/limo_msgs/lib:/home/pretil/catkin_ws/install/limo_msgs/lib:/usr/lib/x86_64-linux-gnu/gazebo-11/plugins:/opt/ros/humble/opt/rviz_ogre_vendor/lib:/opt/ros/humble/lib/x86_64-linux-gnu:/opt/ros/humble/lib:/usr/lib/x86_64-linux-gnu/gazebo-11/plugins:/usr/lib/x86_64-linux-gnu/gazebo-11/plugins:/usr/lib/x86_64-linux-gnu/gazebo-11/plugins /usr/bin/cmake --build /home/pretil/catkin_ws/src/limo_ros2/build/limo_base -- -j12 -l12
[0.056s] [ 33%] Built target tf_pub
[0.059s] [100%] Built target limo_base
[0.071s] Invoked command in '/home/pretil/catkin_ws/src/limo_ros2/build/limo_base' returned '0': CMAKE_PREFIX_PATH=/home/pretil/catkin_ws/src/limo_ros2/install/limo_msgs:/home/pretil/catkin_ws/src/limo_ros2/install/ydlidar_ros2_driver:/home/pretil/catkin_ws/src/limo_ros2/install/limo_navigation:/home/pretil/catkin_ws/src/limo_ros2/install/limo_bringup:/home/pretil/catkin_ws/src/limo_ros2/install/limo_base:/home/pretil/catkin_ws/src/limo_ros2/install/limo_gazebosim:/home/pretil/catkin_ws/src/limo_ros2/install/limo_description:/home/pretil/catkin_ws/src/limo_ros2/install/limo_car:/home/pretil/catkin_ws/install/limo_base:/home/pretil/catkin_ws/install/limo_msgs:/home/pretil/catkin_ws/install/limo_description:/home/pretil/catkin_ws/install/limo_car:/opt/ros/humble LD_LIBRARY_PATH=/home/pretil/catkin_ws/src/limo_ros2/install/limo_msgs/lib:/home/pretil/catkin_ws/install/limo_msgs/lib:/usr/lib/x86_64-linux-gnu/gazebo-11/plugins:/opt/ros/humble/opt/rviz_ogre_vendor/lib:/opt/ros/humble/lib/x86_64-linux-gnu:/opt/ros/humble/lib:/usr/lib/x86_64-linux-gnu/gazebo-11/plugins:/usr/lib/x86_64-linux-gnu/gazebo-11/plugins:/usr/lib/x86_64-linux-gnu/gazebo-11/plugins /usr/bin/cmake --build /home/pretil/catkin_ws/src/limo_ros2/build/limo_base -- -j12 -l12
[0.072s] Invoking command in '/home/pretil/catkin_ws/src/limo_ros2/build/limo_base': CMAKE_PREFIX_PATH=/home/pretil/catkin_ws/src/limo_ros2/install/limo_msgs:/home/pretil/catkin_ws/src/limo_ros2/install/ydlidar_ros2_driver:/home/pretil/catkin_ws/src/limo_ros2/install/limo_navigation:/home/pretil/catkin_ws/src/limo_ros2/install/limo_bringup:/home/pretil/catkin_ws/src/limo_ros2/install/limo_base:/home/pretil/catkin_ws/src/limo_ros2/install/limo_gazebosim:/home/pretil/catkin_ws/src/limo_ros2/install/limo_description:/home/pretil/catkin_ws/src/limo_ros2/install/limo_car:/home/pretil/catkin_ws/install/limo_base:/home/pretil/catkin_ws/install/limo_msgs:/home/pretil/catkin_ws/install/limo_description:/home/pretil/catkin_ws/install/limo_car:/opt/ros/humble LD_LIBRARY_PATH=/home/pretil/catkin_ws/src/limo_ros2/install/limo_msgs/lib:/home/pretil/catkin_ws/install/limo_msgs/lib:/usr/lib/x86_64-linux-gnu/gazebo-11/plugins:/opt/ros/humble/opt/rviz_ogre_vendor/lib:/opt/ros/humble/lib/x86_64-linux-gnu:/opt/ros/humble/lib:/usr/lib/x86_64-linux-gnu/gazebo-11/plugins:/usr/lib/x86_64-linux-gnu/gazebo-11/plugins:/usr/lib/x86_64-linux-gnu/gazebo-11/plugins /usr/bin/cmake --install /home/pretil/catkin_ws/src/limo_ros2/build/limo_base
[0.078s] -- Install configuration: ""
[0.078s] -- Execute custom install script
[0.079s] -- Up-to-date symlink: /home/pretil/catkin_ws/src/limo_ros2/install/limo_base/include/limo_base/limo_driver.h
[0.079s] -- Up-to-date symlink: /home/pretil/catkin_ws/src/limo_ros2/install/limo_base/include/limo_base/limo_protocol.h
[0.079s] -- Up-to-date symlink: /home/pretil/catkin_ws/src/limo_ros2/install/limo_base/include/limo_base/serial_port.h
[0.079s] -- Up-to-date symlink: /home/pretil/catkin_ws/src/limo_ros2/install/limo_base/lib/limo_base/limo_base
[0.079s] -- Up-to-date symlink: /home/pretil/catkin_ws/src/limo_ros2/install/limo_base/lib/limo_base/tf_pub
[0.080s] -- Up-to-date symlink: /home/pretil/catkin_ws/src/limo_ros2/install/limo_base/share/limo_base//launch/limo_base.launch.py
[0.080s] -- Up-to-date symlink: /home/pretil/catkin_ws/src/limo_ros2/install/limo_base/share/limo_base//launch/open_ydlidar_launch.py
[0.080s] -- Up-to-date symlink: /home/pretil/catkin_ws/src/limo_ros2/install/limo_base/share/limo_base//launch/start_limo.launch.py
[0.080s] -- Up-to-date symlink: /home/pretil/catkin_ws/src/limo_ros2/install/limo_base/share/limo_base//src/limo_base_node.cpp
[0.080s] -- Up-to-date symlink: /home/pretil/catkin_ws/src/limo_ros2/install/limo_base/share/limo_base//src/limo_driver.cpp
[0.080s] -- Up-to-date symlink: /home/pretil/catkin_ws/src/limo_ros2/install/limo_base/share/limo_base//src/serial_port.cpp
[0.080s] -- Up-to-date symlink: /home/pretil/catkin_ws/src/limo_ros2/install/limo_base/share/limo_base//src/tf_pub.cpp
[0.081s] -- Up-to-date symlink: /home/pretil/catkin_ws/src/limo_ros2/install/limo_base/share/ament_index/resource_index/package_run_dependencies/limo_base
[0.081s] -- Up-to-date symlink: /home/pretil/catkin_ws/src/limo_ros2/install/limo_base/share/ament_index/resource_index/parent_prefix_path/limo_base
[0.081s] -- Up-to-date symlink: /home/pretil/catkin_ws/src/limo_ros2/install/limo_base/share/limo_base/environment/ament_prefix_path.sh
[0.081s] -- Up-to-date symlink: /home/pretil/catkin_ws/src/limo_ros2/install/limo_base/share/limo_base/environment/ament_prefix_path.dsv
[0.081s] -- Up-to-date symlink: /home/pretil/catkin_ws/src/limo_ros2/install/limo_base/share/limo_base/environment/path.sh
[0.081s] -- Up-to-date symlink: /home/pretil/catkin_ws/src/limo_ros2/install/limo_base/share/limo_base/environment/path.dsv
[0.081s] -- Up-to-date symlink: /home/pretil/catkin_ws/src/limo_ros2/install/limo_base/share/limo_base/local_setup.bash
[0.082s] -- Up-to-date symlink: /home/pretil/catkin_ws/src/limo_ros2/install/limo_base/share/limo_base/local_setup.sh
[0.082s] -- Up-to-date symlink: /home/pretil/catkin_ws/src/limo_ros2/install/limo_base/share/limo_base/local_setup.zsh
[0.082s] -- Up-to-date symlink: /home/pretil/catkin_ws/src/limo_ros2/install/limo_base/share/limo_base/local_setup.dsv
[0.082s] -- Symlinking: /home/pretil/catkin_ws/src/limo_ros2/install/limo_base/share/limo_base/package.dsv
[0.088s] -- Up-to-date symlink: /home/pretil/catkin_ws/src/limo_ros2/install/limo_base/share/ament_index/resource_index/packages/limo_base
[0.088s] -- Up-to-date symlink: /home/pretil/catkin_ws/src/limo_ros2/install/limo_base/share/limo_base/cmake/ament_cmake_export_include_directories-extras.cmake
[0.089s] -- Up-to-date symlink: /home/pretil/catkin_ws/src/limo_ros2/install/limo_base/share/limo_base/cmake/limo_baseConfig.cmake
[0.089s] -- Up-to-date symlink: /home/pretil/catkin_ws/src/limo_ros2/install/limo_base/share/limo_base/cmake/limo_baseConfig-version.cmake
[0.089s] -- Up-to-date symlink: /home/pretil/catkin_ws/src/limo_ros2/install/limo_base/share/limo_base/package.xml
[0.091s] Invoked command in '/home/pretil/catkin_ws/src/limo_ros2/build/limo_base' returned '0': CMAKE_PREFIX_PATH=/home/pretil/catkin_ws/src/limo_ros2/install/limo_msgs:/home/pretil/catkin_ws/src/limo_ros2/install/ydlidar_ros2_driver:/home/pretil/catkin_ws/src/limo_ros2/install/limo_navigation:/home/pretil/catkin_ws/src/limo_ros2/install/limo_bringup:/home/pretil/catkin_ws/src/limo_ros2/install/limo_base:/home/pretil/catkin_ws/src/limo_ros2/install/limo_gazebosim:/home/pretil/catkin_ws/src/limo_ros2/install/limo_description:/home/pretil/catkin_ws/src/limo_ros2/install/limo_car:/home/pretil/catkin_ws/install/limo_base:/home/pretil/catkin_ws/install/limo_msgs:/home/pretil/catkin_ws/install/limo_description:/home/pretil/catkin_ws/install/limo_car:/opt/ros/humble LD_LIBRARY_PATH=/home/pretil/catkin_ws/src/limo_ros2/install/limo_msgs/lib:/home/pretil/catkin_ws/install/limo_msgs/lib:/usr/lib/x86_64-linux-gnu/gazebo-11/plugins:/opt/ros/humble/opt/rviz_ogre_vendor/lib:/opt/ros/humble/lib/x86_64-linux-gnu:/opt/ros/humble/lib:/usr/lib/x86_64-linux-gnu/gazebo-11/plugins:/usr/lib/x86_64-linux-gnu/gazebo-11/plugins:/usr/lib/x86_64-linux-gnu/gazebo-11/plugins /usr/bin/cmake --install /home/pretil/catkin_ws/src/limo_ros2/build/limo_base
