[0.033s] Invoking command in '/home/pretil/catkin_ws/build/limo_msgs': CMAKE_PREFIX_PATH=${CMAKE_PREFIX_PATH}:/opt/ros/humble /usr/bin/cmake /home/pretil/catkin_ws/src/limo_ros2/limo_msgs -DCMAKE_INSTALL_PREFIX=/home/pretil/catkin_ws/install/limo_msgs
[0.092s] -- The C compiler identification is GNU 11.4.0
[0.150s] -- The CXX compiler identification is GNU 11.4.0
[0.157s] -- Detecting C compiler ABI info
[0.221s] -- Detecting C compiler ABI info - done
[0.229s] -- Check for working C compiler: /usr/bin/cc - skipped
[0.230s] -- Detecting C compile features
[0.230s] -- Detecting C compile features - done
[0.235s] -- Detecting CXX compiler ABI info
[0.311s] -- Detecting CXX compiler ABI info - done
[0.320s] -- Check for working CXX compiler: /usr/bin/c++ - skipped
[0.320s] -- Detecting CXX compile features
[0.321s] -- Detecting CXX compile features - done
[0.327s] -- Found ament_cmake: 1.3.14 (/opt/ros/humble/share/ament_cmake/cmake)
[0.493s] -- Found Python3: /usr/bin/python3 (found version "3.10.12") found components: Interpreter 
[0.614s] -- Found std_msgs: 4.9.1 (/opt/ros/humble/share/std_msgs/cmake)
[0.666s] -- Found rosidl_generator_c: 3.1.8 (/opt/ros/humble/share/rosidl_generator_c/cmake)
[0.675s] -- Found rosidl_adapter: 3.1.8 (/opt/ros/humble/share/rosidl_adapter/cmake)
[0.687s] -- Found rosidl_generator_cpp: 3.1.8 (/opt/ros/humble/share/rosidl_generator_cpp/cmake)
[0.703s] -- Using all available rosidl_typesupport_c: rosidl_typesupport_fastrtps_c;rosidl_typesupport_introspection_c
[0.728s] -- Using all available rosidl_typesupport_cpp: rosidl_typesupport_fastrtps_cpp;rosidl_typesupport_introspection_cpp
[0.766s] -- Found rosidl_default_generators: 1.2.1 (/opt/ros/humble/share/rosidl_default_generators/cmake)
[1.066s] -- Found ament_cmake_ros: 0.10.0 (/opt/ros/humble/share/ament_cmake_ros/cmake)
[1.398s] -- Using all available rosidl_typesupport_c: rosidl_typesupport_fastrtps_c;rosidl_typesupport_introspection_c
[1.524s] -- Using all available rosidl_typesupport_cpp: rosidl_typesupport_fastrtps_cpp;rosidl_typesupport_introspection_cpp
[1.543s] -- Found PythonInterp: /usr/bin/python3 (found suitable version "3.10.12", minimum required is "3.6") 
[1.546s] -- Found python_cmake_module: 0.10.0 (/opt/ros/humble/share/python_cmake_module/cmake)
[1.568s] -- Found PythonLibs: /usr/lib/x86_64-linux-gnu/libpython3.10.so (found suitable version "3.10.12", minimum required is "3.5") 
[1.568s] -- Using PYTHON_EXECUTABLE: /usr/bin/python3
[1.569s] -- Using PYTHON_INCLUDE_DIRS: /usr/include/python3.10
[1.569s] -- Using PYTHON_LIBRARIES: /usr/lib/x86_64-linux-gnu/libpython3.10.so
[1.586s] -- Found PythonExtra: .so  
[1.695s] -- Found ament_lint_auto: 0.12.15 (/opt/ros/humble/share/ament_lint_auto/cmake)
[1.729s] -- Added test 'copyright' to check source files copyright and LICENSE
[1.731s] -- Added test 'lint_cmake' to check CMake code style
[1.732s] -- Added test 'xmllint' to check XML markup files
[1.735s] -- Configuring done
[1.763s] -- Generating done
[1.774s] -- Build files have been written to: /home/pretil/catkin_ws/build/limo_msgs
