[0.024s] Invoking command in '/home/pretil/catkin_ws/src/limo_ros2/build/limo_gazebosim': CMAKE_PREFIX_PATH=${CMAKE_PREFIX_PATH}:/opt/ros/humble /usr/bin/cmake --build /home/pretil/catkin_ws/src/limo_ros2/build/limo_gazebosim -- -j12 -l12
[0.068s] Invoked command in '/home/pretil/catkin_ws/src/limo_ros2/build/limo_gazebosim' returned '0': CMAKE_PREFIX_PATH=${CMAKE_PREFIX_PATH}:/opt/ros/humble /usr/bin/cmake --build /home/pretil/catkin_ws/src/limo_ros2/build/limo_gazebosim -- -j12 -l12
[0.070s] Invoking command in '/home/pretil/catkin_ws/src/limo_ros2/build/limo_gazebosim': CMAKE_PREFIX_PATH=${CMAKE_PREFIX_PATH}:/opt/ros/humble /usr/bin/cmake --install /home/pretil/catkin_ws/src/limo_ros2/build/limo_gazebosim
[0.092s] -- Install configuration: ""
[0.092s] -- Execute custom install script
[0.092s] -- Up-to-date symlink: /home/pretil/catkin_ws/src/limo_ros2/install/limo_gazebosim/share/limo_gazebosim/launch/limo_gazebo_diff.launch.py
[0.092s] -- Up-to-date symlink: /home/pretil/catkin_ws/src/limo_ros2/install/limo_gazebosim/share/limo_gazebosim/rviz/urdf.rviz
[0.092s] -- Up-to-date symlink: /home/pretil/catkin_ws/src/limo_ros2/install/limo_gazebosim/share/limo_gazebosim/worlds/simple.world
[0.092s] -- Up-to-date symlink: /home/pretil/catkin_ws/src/limo_ros2/install/limo_gazebosim/share/limo_gazebosim/models/simple.stl
[0.092s] -- Up-to-date symlink: /home/pretil/catkin_ws/src/limo_ros2/install/limo_gazebosim/share/ament_index/resource_index/package_run_dependencies/limo_gazebosim
[0.092s] -- Up-to-date symlink: /home/pretil/catkin_ws/src/limo_ros2/install/limo_gazebosim/share/ament_index/resource_index/parent_prefix_path/limo_gazebosim
[0.093s] -- Up-to-date symlink: /home/pretil/catkin_ws/src/limo_ros2/install/limo_gazebosim/share/limo_gazebosim/environment/ament_prefix_path.sh
[0.093s] -- Up-to-date symlink: /home/pretil/catkin_ws/src/limo_ros2/install/limo_gazebosim/share/limo_gazebosim/environment/ament_prefix_path.dsv
[0.093s] -- Up-to-date symlink: /home/pretil/catkin_ws/src/limo_ros2/install/limo_gazebosim/share/limo_gazebosim/environment/path.sh
[0.093s] -- Up-to-date symlink: /home/pretil/catkin_ws/src/limo_ros2/install/limo_gazebosim/share/limo_gazebosim/environment/path.dsv
[0.093s] -- Up-to-date symlink: /home/pretil/catkin_ws/src/limo_ros2/install/limo_gazebosim/share/limo_gazebosim/local_setup.bash
[0.093s] -- Up-to-date symlink: /home/pretil/catkin_ws/src/limo_ros2/install/limo_gazebosim/share/limo_gazebosim/local_setup.sh
[0.093s] -- Up-to-date symlink: /home/pretil/catkin_ws/src/limo_ros2/install/limo_gazebosim/share/limo_gazebosim/local_setup.zsh
[0.093s] -- Up-to-date symlink: /home/pretil/catkin_ws/src/limo_ros2/install/limo_gazebosim/share/limo_gazebosim/local_setup.dsv
[0.093s] -- Symlinking: /home/pretil/catkin_ws/src/limo_ros2/install/limo_gazebosim/share/limo_gazebosim/package.dsv
[0.097s] -- Up-to-date symlink: /home/pretil/catkin_ws/src/limo_ros2/install/limo_gazebosim/share/ament_index/resource_index/packages/limo_gazebosim
[0.097s] -- Up-to-date symlink: /home/pretil/catkin_ws/src/limo_ros2/install/limo_gazebosim/share/limo_gazebosim/cmake/limo_gazebosimConfig.cmake
[0.097s] -- Up-to-date symlink: /home/pretil/catkin_ws/src/limo_ros2/install/limo_gazebosim/share/limo_gazebosim/cmake/limo_gazebosimConfig-version.cmake
[0.097s] -- Up-to-date symlink: /home/pretil/catkin_ws/src/limo_ros2/install/limo_gazebosim/share/limo_gazebosim/package.xml
[0.099s] Invoked command in '/home/pretil/catkin_ws/src/limo_ros2/build/limo_gazebosim' returned '0': CMAKE_PREFIX_PATH=${CMAKE_PREFIX_PATH}:/opt/ros/humble /usr/bin/cmake --install /home/pretil/catkin_ws/src/limo_ros2/build/limo_gazebosim
