[0.107s] DEBUG:colcon:Command line arguments: ['/usr/bin/colcon', 'build', '--symlink-install']
[0.107s] DEBUG:colcon:Parsed command line arguments: Namespace(log_base=None, log_level=None, verb_name='build', build_base='build', install_base='install', merge_install=False, symlink_install=True, test_result_base=None, continue_on_error=False, executor='parallel', parallel_workers=12, event_handlers=None, ignore_user_meta=False, metas=['./colcon.meta'], base_paths=['.'], packages_ignore=None, packages_ignore_regex=None, paths=None, packages_up_to=None, packages_up_to_regex=None, packages_above=None, packages_above_and_dependencies=None, packages_above_depth=None, packages_select_by_dep=None, packages_skip_by_dep=None, packages_skip_up_to=None, packages_select_build_failed=False, packages_skip_build_finished=False, packages_select_test_failures=False, packages_skip_test_passed=False, packages_select=None, packages_skip=None, packages_select_regex=None, packages_skip_regex=None, packages_start=None, packages_end=None, cmake_args=None, cmake_target=None, cmake_target_skip_unavailable=False, cmake_clean_cache=False, cmake_clean_first=False, cmake_force_configure=False, ament_cmake_args=None, catkin_cmake_args=None, catkin_skip_building_tests=False, mixin_files=None, mixin=None, verb_parser=<colcon_mixin.mixin.mixin_argument.MixinArgumentDecorator object at 0x7ff5e75c1090>, verb_extension=<colcon_core.verb.build.BuildVerb object at 0x7ff5e75c0be0>, main=<bound method BuildVerb.main of <colcon_core.verb.build.BuildVerb object at 0x7ff5e75c0be0>>, mixin_verb=('build',))
[0.263s] Level 1:colcon.colcon_core.package_discovery:discover_packages(colcon_meta) check parameters
[0.263s] Level 1:colcon.colcon_core.package_discovery:discover_packages(recursive) check parameters
[0.263s] Level 1:colcon.colcon_core.package_discovery:discover_packages(ignore) check parameters
[0.263s] Level 1:colcon.colcon_core.package_discovery:discover_packages(path) check parameters
[0.263s] Level 1:colcon.colcon_core.package_discovery:discover_packages(colcon_meta) discover
[0.263s] Level 1:colcon.colcon_core.package_discovery:discover_packages(recursive) discover
[0.263s] INFO:colcon.colcon_core.package_discovery:Crawling recursively for packages in '/home/pretil/catkin_ws/src/limo_ros2'
[0.263s] Level 1:colcon.colcon_core.package_identification:_identify(.) by extensions ['ignore', 'ignore_ament_install']
[0.263s] Level 1:colcon.colcon_core.package_identification:_identify(.) by extension 'ignore'
[0.263s] Level 1:colcon.colcon_core.package_identification:_identify(.) by extension 'ignore_ament_install'
[0.263s] Level 1:colcon.colcon_core.package_identification:_identify(.) by extensions ['colcon_pkg']
[0.264s] Level 1:colcon.colcon_core.package_identification:_identify(.) by extension 'colcon_pkg'
[0.264s] Level 1:colcon.colcon_core.package_identification:_identify(.) by extensions ['colcon_meta']
[0.264s] Level 1:colcon.colcon_core.package_identification:_identify(.) by extension 'colcon_meta'
[0.264s] Level 1:colcon.colcon_core.package_identification:_identify(.) by extensions ['ros']
[0.264s] Level 1:colcon.colcon_core.package_identification:_identify(.) by extension 'ros'
[0.274s] Level 1:colcon.colcon_core.package_identification:_identify(.) by extensions ['cmake', 'python']
[0.274s] Level 1:colcon.colcon_core.package_identification:_identify(.) by extension 'cmake'
[0.274s] Level 1:colcon.colcon_core.package_identification:_identify(.) by extension 'python'
[0.274s] Level 1:colcon.colcon_core.package_identification:_identify(.) by extensions ['python_setup_py']
[0.274s] Level 1:colcon.colcon_core.package_identification:_identify(.) by extension 'python_setup_py'
[0.274s] Level 1:colcon.colcon_core.package_identification:_identify(build) by extensions ['ignore', 'ignore_ament_install']
[0.274s] Level 1:colcon.colcon_core.package_identification:_identify(build) by extension 'ignore'
[0.274s] Level 1:colcon.colcon_core.package_identification:_identify(build) ignored
[0.274s] Level 1:colcon.colcon_core.package_identification:_identify(install) by extensions ['ignore', 'ignore_ament_install']
[0.274s] Level 1:colcon.colcon_core.package_identification:_identify(install) by extension 'ignore'
[0.274s] Level 1:colcon.colcon_core.package_identification:_identify(install) ignored
[0.274s] Level 1:colcon.colcon_core.package_identification:_identify(limo_base) by extensions ['ignore', 'ignore_ament_install']
[0.274s] Level 1:colcon.colcon_core.package_identification:_identify(limo_base) by extension 'ignore'
[0.275s] Level 1:colcon.colcon_core.package_identification:_identify(limo_base) by extension 'ignore_ament_install'
[0.275s] Level 1:colcon.colcon_core.package_identification:_identify(limo_base) by extensions ['colcon_pkg']
[0.275s] Level 1:colcon.colcon_core.package_identification:_identify(limo_base) by extension 'colcon_pkg'
[0.275s] Level 1:colcon.colcon_core.package_identification:_identify(limo_base) by extensions ['colcon_meta']
[0.275s] Level 1:colcon.colcon_core.package_identification:_identify(limo_base) by extension 'colcon_meta'
[0.275s] Level 1:colcon.colcon_core.package_identification:_identify(limo_base) by extensions ['ros']
[0.275s] Level 1:colcon.colcon_core.package_identification:_identify(limo_base) by extension 'ros'
[0.277s] DEBUG:colcon.colcon_core.package_identification:Package 'limo_base' with type 'ros.ament_cmake' and name 'limo_base'
[0.277s] Level 1:colcon.colcon_core.package_identification:_identify(limo_bringup) by extensions ['ignore', 'ignore_ament_install']
[0.277s] Level 1:colcon.colcon_core.package_identification:_identify(limo_bringup) by extension 'ignore'
[0.277s] Level 1:colcon.colcon_core.package_identification:_identify(limo_bringup) by extension 'ignore_ament_install'
[0.278s] Level 1:colcon.colcon_core.package_identification:_identify(limo_bringup) by extensions ['colcon_pkg']
[0.278s] Level 1:colcon.colcon_core.package_identification:_identify(limo_bringup) by extension 'colcon_pkg'
[0.278s] Level 1:colcon.colcon_core.package_identification:_identify(limo_bringup) by extensions ['colcon_meta']
[0.278s] Level 1:colcon.colcon_core.package_identification:_identify(limo_bringup) by extension 'colcon_meta'
[0.278s] Level 1:colcon.colcon_core.package_identification:_identify(limo_bringup) by extensions ['ros']
[0.278s] Level 1:colcon.colcon_core.package_identification:_identify(limo_bringup) by extension 'ros'
[0.279s] DEBUG:colcon.colcon_core.package_identification:Package 'limo_bringup' with type 'ros.ament_cmake' and name 'limo_bringup'
[0.279s] Level 1:colcon.colcon_core.package_identification:_identify(limo_car) by extensions ['ignore', 'ignore_ament_install']
[0.279s] Level 1:colcon.colcon_core.package_identification:_identify(limo_car) by extension 'ignore'
[0.279s] Level 1:colcon.colcon_core.package_identification:_identify(limo_car) by extension 'ignore_ament_install'
[0.279s] Level 1:colcon.colcon_core.package_identification:_identify(limo_car) by extensions ['colcon_pkg']
[0.279s] Level 1:colcon.colcon_core.package_identification:_identify(limo_car) by extension 'colcon_pkg'
[0.279s] Level 1:colcon.colcon_core.package_identification:_identify(limo_car) by extensions ['colcon_meta']
[0.279s] Level 1:colcon.colcon_core.package_identification:_identify(limo_car) by extension 'colcon_meta'
[0.279s] Level 1:colcon.colcon_core.package_identification:_identify(limo_car) by extensions ['ros']
[0.279s] Level 1:colcon.colcon_core.package_identification:_identify(limo_car) by extension 'ros'
[0.280s] DEBUG:colcon.colcon_core.package_identification:Package 'limo_car' with type 'ros.ament_cmake' and name 'limo_car'
[0.280s] Level 1:colcon.colcon_core.package_identification:_identify(limo_description) by extensions ['ignore', 'ignore_ament_install']
[0.281s] Level 1:colcon.colcon_core.package_identification:_identify(limo_description) by extension 'ignore'
[0.281s] Level 1:colcon.colcon_core.package_identification:_identify(limo_description) by extension 'ignore_ament_install'
[0.281s] Level 1:colcon.colcon_core.package_identification:_identify(limo_description) by extensions ['colcon_pkg']
[0.281s] Level 1:colcon.colcon_core.package_identification:_identify(limo_description) by extension 'colcon_pkg'
[0.281s] Level 1:colcon.colcon_core.package_identification:_identify(limo_description) by extensions ['colcon_meta']
[0.281s] Level 1:colcon.colcon_core.package_identification:_identify(limo_description) by extension 'colcon_meta'
[0.281s] Level 1:colcon.colcon_core.package_identification:_identify(limo_description) by extensions ['ros']
[0.281s] Level 1:colcon.colcon_core.package_identification:_identify(limo_description) by extension 'ros'
[0.281s] DEBUG:colcon.colcon_core.package_identification:Package 'limo_description' with type 'ros.ament_cmake' and name 'limo_description'
[0.281s] Level 1:colcon.colcon_core.package_identification:_identify(limo_gazebosim) by extensions ['ignore', 'ignore_ament_install']
[0.282s] Level 1:colcon.colcon_core.package_identification:_identify(limo_gazebosim) by extension 'ignore'
[0.282s] Level 1:colcon.colcon_core.package_identification:_identify(limo_gazebosim) by extension 'ignore_ament_install'
[0.282s] Level 1:colcon.colcon_core.package_identification:_identify(limo_gazebosim) by extensions ['colcon_pkg']
[0.282s] Level 1:colcon.colcon_core.package_identification:_identify(limo_gazebosim) by extension 'colcon_pkg'
[0.282s] Level 1:colcon.colcon_core.package_identification:_identify(limo_gazebosim) by extensions ['colcon_meta']
[0.282s] Level 1:colcon.colcon_core.package_identification:_identify(limo_gazebosim) by extension 'colcon_meta'
[0.282s] Level 1:colcon.colcon_core.package_identification:_identify(limo_gazebosim) by extensions ['ros']
[0.282s] Level 1:colcon.colcon_core.package_identification:_identify(limo_gazebosim) by extension 'ros'
[0.282s] DEBUG:colcon.colcon_core.package_identification:Package 'limo_gazebosim' with type 'ros.ament_cmake' and name 'limo_gazebosim'
[0.282s] Level 1:colcon.colcon_core.package_identification:_identify(limo_msgs) by extensions ['ignore', 'ignore_ament_install']
[0.282s] Level 1:colcon.colcon_core.package_identification:_identify(limo_msgs) by extension 'ignore'
[0.282s] Level 1:colcon.colcon_core.package_identification:_identify(limo_msgs) by extension 'ignore_ament_install'
[0.283s] Level 1:colcon.colcon_core.package_identification:_identify(limo_msgs) by extensions ['colcon_pkg']
[0.283s] Level 1:colcon.colcon_core.package_identification:_identify(limo_msgs) by extension 'colcon_pkg'
[0.283s] Level 1:colcon.colcon_core.package_identification:_identify(limo_msgs) by extensions ['colcon_meta']
[0.283s] Level 1:colcon.colcon_core.package_identification:_identify(limo_msgs) by extension 'colcon_meta'
[0.283s] Level 1:colcon.colcon_core.package_identification:_identify(limo_msgs) by extensions ['ros']
[0.283s] Level 1:colcon.colcon_core.package_identification:_identify(limo_msgs) by extension 'ros'
[0.283s] DEBUG:colcon.colcon_core.package_identification:Package 'limo_msgs' with type 'ros.ament_cmake' and name 'limo_msgs'
[0.283s] Level 1:colcon.colcon_core.package_identification:_identify(limo_navigation) by extensions ['ignore', 'ignore_ament_install']
[0.283s] Level 1:colcon.colcon_core.package_identification:_identify(limo_navigation) by extension 'ignore'
[0.283s] Level 1:colcon.colcon_core.package_identification:_identify(limo_navigation) by extension 'ignore_ament_install'
[0.284s] Level 1:colcon.colcon_core.package_identification:_identify(limo_navigation) by extensions ['colcon_pkg']
[0.284s] Level 1:colcon.colcon_core.package_identification:_identify(limo_navigation) by extension 'colcon_pkg'
[0.284s] Level 1:colcon.colcon_core.package_identification:_identify(limo_navigation) by extensions ['colcon_meta']
[0.284s] Level 1:colcon.colcon_core.package_identification:_identify(limo_navigation) by extension 'colcon_meta'
[0.284s] Level 1:colcon.colcon_core.package_identification:_identify(limo_navigation) by extensions ['ros']
[0.284s] Level 1:colcon.colcon_core.package_identification:_identify(limo_navigation) by extension 'ros'
[0.284s] DEBUG:colcon.colcon_core.package_identification:Package 'limo_navigation' with type 'ros.ament_cmake' and name 'limo_navigation'
[0.284s] Level 1:colcon.colcon_core.package_identification:_identify(log) by extensions ['ignore', 'ignore_ament_install']
[0.284s] Level 1:colcon.colcon_core.package_identification:_identify(log) by extension 'ignore'
[0.284s] Level 1:colcon.colcon_core.package_identification:_identify(log) ignored
[0.284s] Level 1:colcon.colcon_core.package_identification:_identify(ydlidar_ros2) by extensions ['ignore', 'ignore_ament_install']
[0.285s] Level 1:colcon.colcon_core.package_identification:_identify(ydlidar_ros2) by extension 'ignore'
[0.285s] Level 1:colcon.colcon_core.package_identification:_identify(ydlidar_ros2) by extension 'ignore_ament_install'
[0.285s] Level 1:colcon.colcon_core.package_identification:_identify(ydlidar_ros2) by extensions ['colcon_pkg']
[0.285s] Level 1:colcon.colcon_core.package_identification:_identify(ydlidar_ros2) by extension 'colcon_pkg'
[0.285s] Level 1:colcon.colcon_core.package_identification:_identify(ydlidar_ros2) by extensions ['colcon_meta']
[0.285s] Level 1:colcon.colcon_core.package_identification:_identify(ydlidar_ros2) by extension 'colcon_meta'
[0.285s] Level 1:colcon.colcon_core.package_identification:_identify(ydlidar_ros2) by extensions ['ros']
[0.285s] Level 1:colcon.colcon_core.package_identification:_identify(ydlidar_ros2) by extension 'ros'
[0.285s] DEBUG:colcon.colcon_core.package_identification:Package 'ydlidar_ros2' with type 'ros.ament_cmake' and name 'ydlidar_ros2_driver'
[0.285s] Level 1:colcon.colcon_core.package_discovery:discover_packages(recursive) using defaults
[0.286s] Level 1:colcon.colcon_core.package_discovery:discover_packages(ignore) discover
[0.286s] Level 1:colcon.colcon_core.package_discovery:discover_packages(ignore) using defaults
[0.286s] Level 1:colcon.colcon_core.package_discovery:discover_packages(path) discover
[0.286s] Level 1:colcon.colcon_core.package_discovery:discover_packages(path) using defaults
[0.312s] Level 5:colcon.colcon_core.verb:set package 'limo_car' build argument 'cmake_args' from command line to 'None'
[0.312s] Level 5:colcon.colcon_core.verb:set package 'limo_car' build argument 'cmake_target' from command line to 'None'
[0.312s] Level 5:colcon.colcon_core.verb:set package 'limo_car' build argument 'cmake_target_skip_unavailable' from command line to 'False'
[0.312s] Level 5:colcon.colcon_core.verb:set package 'limo_car' build argument 'cmake_clean_cache' from command line to 'False'
[0.312s] Level 5:colcon.colcon_core.verb:set package 'limo_car' build argument 'cmake_clean_first' from command line to 'False'
[0.312s] Level 5:colcon.colcon_core.verb:set package 'limo_car' build argument 'cmake_force_configure' from command line to 'False'
[0.312s] Level 5:colcon.colcon_core.verb:set package 'limo_car' build argument 'ament_cmake_args' from command line to 'None'
[0.312s] Level 5:colcon.colcon_core.verb:set package 'limo_car' build argument 'catkin_cmake_args' from command line to 'None'
[0.312s] Level 5:colcon.colcon_core.verb:set package 'limo_car' build argument 'catkin_skip_building_tests' from command line to 'False'
[0.312s] DEBUG:colcon.colcon_core.verb:Building package 'limo_car' with the following arguments: {'ament_cmake_args': None, 'build_base': '/home/pretil/catkin_ws/src/limo_ros2/build/limo_car', 'catkin_cmake_args': None, 'catkin_skip_building_tests': False, 'cmake_args': None, 'cmake_clean_cache': False, 'cmake_clean_first': False, 'cmake_force_configure': False, 'cmake_target': None, 'cmake_target_skip_unavailable': False, 'install_base': '/home/pretil/catkin_ws/src/limo_ros2/install/limo_car', 'merge_install': False, 'path': '/home/pretil/catkin_ws/src/limo_ros2/limo_car', 'symlink_install': True, 'test_result_base': None}
[0.313s] Level 5:colcon.colcon_core.verb:set package 'limo_description' build argument 'cmake_args' from command line to 'None'
[0.313s] Level 5:colcon.colcon_core.verb:set package 'limo_description' build argument 'cmake_target' from command line to 'None'
[0.313s] Level 5:colcon.colcon_core.verb:set package 'limo_description' build argument 'cmake_target_skip_unavailable' from command line to 'False'
[0.313s] Level 5:colcon.colcon_core.verb:set package 'limo_description' build argument 'cmake_clean_cache' from command line to 'False'
[0.313s] Level 5:colcon.colcon_core.verb:set package 'limo_description' build argument 'cmake_clean_first' from command line to 'False'
[0.313s] Level 5:colcon.colcon_core.verb:set package 'limo_description' build argument 'cmake_force_configure' from command line to 'False'
[0.313s] Level 5:colcon.colcon_core.verb:set package 'limo_description' build argument 'ament_cmake_args' from command line to 'None'
[0.313s] Level 5:colcon.colcon_core.verb:set package 'limo_description' build argument 'catkin_cmake_args' from command line to 'None'
[0.313s] Level 5:colcon.colcon_core.verb:set package 'limo_description' build argument 'catkin_skip_building_tests' from command line to 'False'
[0.313s] DEBUG:colcon.colcon_core.verb:Building package 'limo_description' with the following arguments: {'ament_cmake_args': None, 'build_base': '/home/pretil/catkin_ws/src/limo_ros2/build/limo_description', 'catkin_cmake_args': None, 'catkin_skip_building_tests': False, 'cmake_args': None, 'cmake_clean_cache': False, 'cmake_clean_first': False, 'cmake_force_configure': False, 'cmake_target': None, 'cmake_target_skip_unavailable': False, 'install_base': '/home/pretil/catkin_ws/src/limo_ros2/install/limo_description', 'merge_install': False, 'path': '/home/pretil/catkin_ws/src/limo_ros2/limo_description', 'symlink_install': True, 'test_result_base': None}
[0.313s] Level 5:colcon.colcon_core.verb:set package 'limo_gazebosim' build argument 'cmake_args' from command line to 'None'
[0.313s] Level 5:colcon.colcon_core.verb:set package 'limo_gazebosim' build argument 'cmake_target' from command line to 'None'
[0.313s] Level 5:colcon.colcon_core.verb:set package 'limo_gazebosim' build argument 'cmake_target_skip_unavailable' from command line to 'False'
[0.313s] Level 5:colcon.colcon_core.verb:set package 'limo_gazebosim' build argument 'cmake_clean_cache' from command line to 'False'
[0.313s] Level 5:colcon.colcon_core.verb:set package 'limo_gazebosim' build argument 'cmake_clean_first' from command line to 'False'
[0.313s] Level 5:colcon.colcon_core.verb:set package 'limo_gazebosim' build argument 'cmake_force_configure' from command line to 'False'
[0.313s] Level 5:colcon.colcon_core.verb:set package 'limo_gazebosim' build argument 'ament_cmake_args' from command line to 'None'
[0.313s] Level 5:colcon.colcon_core.verb:set package 'limo_gazebosim' build argument 'catkin_cmake_args' from command line to 'None'
[0.313s] Level 5:colcon.colcon_core.verb:set package 'limo_gazebosim' build argument 'catkin_skip_building_tests' from command line to 'False'
[0.313s] DEBUG:colcon.colcon_core.verb:Building package 'limo_gazebosim' with the following arguments: {'ament_cmake_args': None, 'build_base': '/home/pretil/catkin_ws/src/limo_ros2/build/limo_gazebosim', 'catkin_cmake_args': None, 'catkin_skip_building_tests': False, 'cmake_args': None, 'cmake_clean_cache': False, 'cmake_clean_first': False, 'cmake_force_configure': False, 'cmake_target': None, 'cmake_target_skip_unavailable': False, 'install_base': '/home/pretil/catkin_ws/src/limo_ros2/install/limo_gazebosim', 'merge_install': False, 'path': '/home/pretil/catkin_ws/src/limo_ros2/limo_gazebosim', 'symlink_install': True, 'test_result_base': None}
[0.314s] Level 5:colcon.colcon_core.verb:set package 'limo_msgs' build argument 'cmake_args' from command line to 'None'
[0.314s] Level 5:colcon.colcon_core.verb:set package 'limo_msgs' build argument 'cmake_target' from command line to 'None'
[0.314s] Level 5:colcon.colcon_core.verb:set package 'limo_msgs' build argument 'cmake_target_skip_unavailable' from command line to 'False'
[0.314s] Level 5:colcon.colcon_core.verb:set package 'limo_msgs' build argument 'cmake_clean_cache' from command line to 'False'
[0.314s] Level 5:colcon.colcon_core.verb:set package 'limo_msgs' build argument 'cmake_clean_first' from command line to 'False'
[0.314s] Level 5:colcon.colcon_core.verb:set package 'limo_msgs' build argument 'cmake_force_configure' from command line to 'False'
[0.314s] Level 5:colcon.colcon_core.verb:set package 'limo_msgs' build argument 'ament_cmake_args' from command line to 'None'
[0.314s] Level 5:colcon.colcon_core.verb:set package 'limo_msgs' build argument 'catkin_cmake_args' from command line to 'None'
[0.314s] Level 5:colcon.colcon_core.verb:set package 'limo_msgs' build argument 'catkin_skip_building_tests' from command line to 'False'
[0.314s] DEBUG:colcon.colcon_core.verb:Building package 'limo_msgs' with the following arguments: {'ament_cmake_args': None, 'build_base': '/home/pretil/catkin_ws/src/limo_ros2/build/limo_msgs', 'catkin_cmake_args': None, 'catkin_skip_building_tests': False, 'cmake_args': None, 'cmake_clean_cache': False, 'cmake_clean_first': False, 'cmake_force_configure': False, 'cmake_target': None, 'cmake_target_skip_unavailable': False, 'install_base': '/home/pretil/catkin_ws/src/limo_ros2/install/limo_msgs', 'merge_install': False, 'path': '/home/pretil/catkin_ws/src/limo_ros2/limo_msgs', 'symlink_install': True, 'test_result_base': None}
[0.314s] Level 5:colcon.colcon_core.verb:set package 'limo_navigation' build argument 'cmake_args' from command line to 'None'
[0.314s] Level 5:colcon.colcon_core.verb:set package 'limo_navigation' build argument 'cmake_target' from command line to 'None'
[0.314s] Level 5:colcon.colcon_core.verb:set package 'limo_navigation' build argument 'cmake_target_skip_unavailable' from command line to 'False'
[0.314s] Level 5:colcon.colcon_core.verb:set package 'limo_navigation' build argument 'cmake_clean_cache' from command line to 'False'
[0.314s] Level 5:colcon.colcon_core.verb:set package 'limo_navigation' build argument 'cmake_clean_first' from command line to 'False'
[0.314s] Level 5:colcon.colcon_core.verb:set package 'limo_navigation' build argument 'cmake_force_configure' from command line to 'False'
[0.314s] Level 5:colcon.colcon_core.verb:set package 'limo_navigation' build argument 'ament_cmake_args' from command line to 'None'
[0.314s] Level 5:colcon.colcon_core.verb:set package 'limo_navigation' build argument 'catkin_cmake_args' from command line to 'None'
[0.315s] Level 5:colcon.colcon_core.verb:set package 'limo_navigation' build argument 'catkin_skip_building_tests' from command line to 'False'
[0.315s] DEBUG:colcon.colcon_core.verb:Building package 'limo_navigation' with the following arguments: {'ament_cmake_args': None, 'build_base': '/home/pretil/catkin_ws/src/limo_ros2/build/limo_navigation', 'catkin_cmake_args': None, 'catkin_skip_building_tests': False, 'cmake_args': None, 'cmake_clean_cache': False, 'cmake_clean_first': False, 'cmake_force_configure': False, 'cmake_target': None, 'cmake_target_skip_unavailable': False, 'install_base': '/home/pretil/catkin_ws/src/limo_ros2/install/limo_navigation', 'merge_install': False, 'path': '/home/pretil/catkin_ws/src/limo_ros2/limo_navigation', 'symlink_install': True, 'test_result_base': None}
[0.315s] Level 5:colcon.colcon_core.verb:set package 'ydlidar_ros2_driver' build argument 'cmake_args' from command line to 'None'
[0.315s] Level 5:colcon.colcon_core.verb:set package 'ydlidar_ros2_driver' build argument 'cmake_target' from command line to 'None'
[0.315s] Level 5:colcon.colcon_core.verb:set package 'ydlidar_ros2_driver' build argument 'cmake_target_skip_unavailable' from command line to 'False'
[0.315s] Level 5:colcon.colcon_core.verb:set package 'ydlidar_ros2_driver' build argument 'cmake_clean_cache' from command line to 'False'
[0.315s] Level 5:colcon.colcon_core.verb:set package 'ydlidar_ros2_driver' build argument 'cmake_clean_first' from command line to 'False'
[0.315s] Level 5:colcon.colcon_core.verb:set package 'ydlidar_ros2_driver' build argument 'cmake_force_configure' from command line to 'False'
[0.315s] Level 5:colcon.colcon_core.verb:set package 'ydlidar_ros2_driver' build argument 'ament_cmake_args' from command line to 'None'
[0.315s] Level 5:colcon.colcon_core.verb:set package 'ydlidar_ros2_driver' build argument 'catkin_cmake_args' from command line to 'None'
[0.315s] Level 5:colcon.colcon_core.verb:set package 'ydlidar_ros2_driver' build argument 'catkin_skip_building_tests' from command line to 'False'
[0.315s] DEBUG:colcon.colcon_core.verb:Building package 'ydlidar_ros2_driver' with the following arguments: {'ament_cmake_args': None, 'build_base': '/home/pretil/catkin_ws/src/limo_ros2/build/ydlidar_ros2_driver', 'catkin_cmake_args': None, 'catkin_skip_building_tests': False, 'cmake_args': None, 'cmake_clean_cache': False, 'cmake_clean_first': False, 'cmake_force_configure': False, 'cmake_target': None, 'cmake_target_skip_unavailable': False, 'install_base': '/home/pretil/catkin_ws/src/limo_ros2/install/ydlidar_ros2_driver', 'merge_install': False, 'path': '/home/pretil/catkin_ws/src/limo_ros2/ydlidar_ros2', 'symlink_install': True, 'test_result_base': None}
[0.315s] Level 5:colcon.colcon_core.verb:set package 'limo_base' build argument 'cmake_args' from command line to 'None'
[0.316s] Level 5:colcon.colcon_core.verb:set package 'limo_base' build argument 'cmake_target' from command line to 'None'
[0.316s] Level 5:colcon.colcon_core.verb:set package 'limo_base' build argument 'cmake_target_skip_unavailable' from command line to 'False'
[0.316s] Level 5:colcon.colcon_core.verb:set package 'limo_base' build argument 'cmake_clean_cache' from command line to 'False'
[0.316s] Level 5:colcon.colcon_core.verb:set package 'limo_base' build argument 'cmake_clean_first' from command line to 'False'
[0.316s] Level 5:colcon.colcon_core.verb:set package 'limo_base' build argument 'cmake_force_configure' from command line to 'False'
[0.316s] Level 5:colcon.colcon_core.verb:set package 'limo_base' build argument 'ament_cmake_args' from command line to 'None'
[0.316s] Level 5:colcon.colcon_core.verb:set package 'limo_base' build argument 'catkin_cmake_args' from command line to 'None'
[0.316s] Level 5:colcon.colcon_core.verb:set package 'limo_base' build argument 'catkin_skip_building_tests' from command line to 'False'
[0.316s] DEBUG:colcon.colcon_core.verb:Building package 'limo_base' with the following arguments: {'ament_cmake_args': None, 'build_base': '/home/pretil/catkin_ws/src/limo_ros2/build/limo_base', 'catkin_cmake_args': None, 'catkin_skip_building_tests': False, 'cmake_args': None, 'cmake_clean_cache': False, 'cmake_clean_first': False, 'cmake_force_configure': False, 'cmake_target': None, 'cmake_target_skip_unavailable': False, 'install_base': '/home/pretil/catkin_ws/src/limo_ros2/install/limo_base', 'merge_install': False, 'path': '/home/pretil/catkin_ws/src/limo_ros2/limo_base', 'symlink_install': True, 'test_result_base': None}
[0.316s] Level 5:colcon.colcon_core.verb:set package 'limo_bringup' build argument 'cmake_args' from command line to 'None'
[0.316s] Level 5:colcon.colcon_core.verb:set package 'limo_bringup' build argument 'cmake_target' from command line to 'None'
[0.316s] Level 5:colcon.colcon_core.verb:set package 'limo_bringup' build argument 'cmake_target_skip_unavailable' from command line to 'False'
[0.316s] Level 5:colcon.colcon_core.verb:set package 'limo_bringup' build argument 'cmake_clean_cache' from command line to 'False'
[0.316s] Level 5:colcon.colcon_core.verb:set package 'limo_bringup' build argument 'cmake_clean_first' from command line to 'False'
[0.316s] Level 5:colcon.colcon_core.verb:set package 'limo_bringup' build argument 'cmake_force_configure' from command line to 'False'
[0.316s] Level 5:colcon.colcon_core.verb:set package 'limo_bringup' build argument 'ament_cmake_args' from command line to 'None'
[0.316s] Level 5:colcon.colcon_core.verb:set package 'limo_bringup' build argument 'catkin_cmake_args' from command line to 'None'
[0.316s] Level 5:colcon.colcon_core.verb:set package 'limo_bringup' build argument 'catkin_skip_building_tests' from command line to 'False'
[0.316s] DEBUG:colcon.colcon_core.verb:Building package 'limo_bringup' with the following arguments: {'ament_cmake_args': None, 'build_base': '/home/pretil/catkin_ws/src/limo_ros2/build/limo_bringup', 'catkin_cmake_args': None, 'catkin_skip_building_tests': False, 'cmake_args': None, 'cmake_clean_cache': False, 'cmake_clean_first': False, 'cmake_force_configure': False, 'cmake_target': None, 'cmake_target_skip_unavailable': False, 'install_base': '/home/pretil/catkin_ws/src/limo_ros2/install/limo_bringup', 'merge_install': False, 'path': '/home/pretil/catkin_ws/src/limo_ros2/limo_bringup', 'symlink_install': True, 'test_result_base': None}
[0.316s] INFO:colcon.colcon_core.executor:Executing jobs using 'parallel' executor
[0.317s] DEBUG:colcon.colcon_parallel_executor.executor.parallel:run_until_complete
[0.317s] INFO:colcon.colcon_ros.task.ament_cmake.build:Building ROS package in '/home/pretil/catkin_ws/src/limo_ros2/limo_msgs' with build type 'ament_cmake'
[0.317s] INFO:colcon.colcon_cmake.task.cmake.build:Building CMake package in '/home/pretil/catkin_ws/src/limo_ros2/limo_msgs'
[0.320s] INFO:colcon.colcon_core.plugin_system:Skipping extension 'colcon_core.shell.bat': Not used on non-Windows systems
[0.320s] INFO:colcon.colcon_core.shell:Skip shell extension 'powershell' for command environment: Not usable outside of PowerShell
[0.320s] DEBUG:colcon.colcon_core.shell:Skip shell extension 'dsv' for command environment
[0.326s] INFO:colcon.colcon_ros.task.ament_cmake.build:Building ROS package in '/home/pretil/catkin_ws/src/limo_ros2/limo_car' with build type 'ament_cmake'
[0.326s] INFO:colcon.colcon_cmake.task.cmake.build:Building CMake package in '/home/pretil/catkin_ws/src/limo_ros2/limo_car'
[0.326s] INFO:colcon.colcon_core.shell:Skip shell extension 'powershell' for command environment: Not usable outside of PowerShell
[0.326s] DEBUG:colcon.colcon_core.shell:Skip shell extension 'dsv' for command environment
[0.331s] INFO:colcon.colcon_ros.task.ament_cmake.build:Building ROS package in '/home/pretil/catkin_ws/src/limo_ros2/limo_description' with build type 'ament_cmake'
[0.331s] INFO:colcon.colcon_cmake.task.cmake.build:Building CMake package in '/home/pretil/catkin_ws/src/limo_ros2/limo_description'
[0.331s] INFO:colcon.colcon_core.shell:Skip shell extension 'powershell' for command environment: Not usable outside of PowerShell
[0.331s] DEBUG:colcon.colcon_core.shell:Skip shell extension 'dsv' for command environment
[0.336s] INFO:colcon.colcon_ros.task.ament_cmake.build:Building ROS package in '/home/pretil/catkin_ws/src/limo_ros2/limo_gazebosim' with build type 'ament_cmake'
[0.336s] INFO:colcon.colcon_cmake.task.cmake.build:Building CMake package in '/home/pretil/catkin_ws/src/limo_ros2/limo_gazebosim'
[0.336s] INFO:colcon.colcon_core.shell:Skip shell extension 'powershell' for command environment: Not usable outside of PowerShell
[0.336s] DEBUG:colcon.colcon_core.shell:Skip shell extension 'dsv' for command environment
[0.341s] INFO:colcon.colcon_ros.task.ament_cmake.build:Building ROS package in '/home/pretil/catkin_ws/src/limo_ros2/limo_navigation' with build type 'ament_cmake'
[0.341s] INFO:colcon.colcon_cmake.task.cmake.build:Building CMake package in '/home/pretil/catkin_ws/src/limo_ros2/limo_navigation'
[0.341s] INFO:colcon.colcon_core.shell:Skip shell extension 'powershell' for command environment: Not usable outside of PowerShell
[0.341s] DEBUG:colcon.colcon_core.shell:Skip shell extension 'dsv' for command environment
[0.346s] INFO:colcon.colcon_ros.task.ament_cmake.build:Building ROS package in '/home/pretil/catkin_ws/src/limo_ros2/ydlidar_ros2' with build type 'ament_cmake'
[0.346s] INFO:colcon.colcon_cmake.task.cmake.build:Building CMake package in '/home/pretil/catkin_ws/src/limo_ros2/ydlidar_ros2'
[0.346s] INFO:colcon.colcon_core.shell:Skip shell extension 'powershell' for command environment: Not usable outside of PowerShell
[0.346s] DEBUG:colcon.colcon_core.shell:Skip shell extension 'dsv' for command environment
[0.355s] DEBUG:colcon.colcon_core.event_handler.log_command:Invoking command in '/home/pretil/catkin_ws/src/limo_ros2/build/limo_msgs': CMAKE_PREFIX_PATH=${CMAKE_PREFIX_PATH}:/opt/ros/humble /usr/bin/cmake --build /home/pretil/catkin_ws/src/limo_ros2/build/limo_msgs -- -j12 -l12
[0.358s] DEBUG:colcon.colcon_core.event_handler.log_command:Invoking command in '/home/pretil/catkin_ws/src/limo_ros2/build/limo_car': CMAKE_PREFIX_PATH=${CMAKE_PREFIX_PATH}:/opt/ros/humble /usr/bin/cmake --build /home/pretil/catkin_ws/src/limo_ros2/build/limo_car -- -j12 -l12
[0.359s] DEBUG:colcon.colcon_core.event_handler.log_command:Invoking command in '/home/pretil/catkin_ws/src/limo_ros2/build/limo_description': CMAKE_PREFIX_PATH=${CMAKE_PREFIX_PATH}:/opt/ros/humble /usr/bin/cmake --build /home/pretil/catkin_ws/src/limo_ros2/build/limo_description -- -j12 -l12
[0.361s] DEBUG:colcon.colcon_core.event_handler.log_command:Invoking command in '/home/pretil/catkin_ws/src/limo_ros2/build/limo_gazebosim': CMAKE_PREFIX_PATH=${CMAKE_PREFIX_PATH}:/opt/ros/humble /usr/bin/cmake --build /home/pretil/catkin_ws/src/limo_ros2/build/limo_gazebosim -- -j12 -l12
[0.365s] DEBUG:colcon.colcon_core.event_handler.log_command:Invoking command in '/home/pretil/catkin_ws/src/limo_ros2/build/limo_navigation': CMAKE_PREFIX_PATH=${CMAKE_PREFIX_PATH}:/opt/ros/humble /usr/bin/cmake --build /home/pretil/catkin_ws/src/limo_ros2/build/limo_navigation -- -j12 -l12
[0.369s] DEBUG:colcon.colcon_core.event_handler.log_command:Invoking command in '/home/pretil/catkin_ws/src/limo_ros2/build/ydlidar_ros2_driver': CMAKE_PREFIX_PATH=${CMAKE_PREFIX_PATH}:/opt/ros/humble /usr/bin/cmake --build /home/pretil/catkin_ws/src/limo_ros2/build/ydlidar_ros2_driver -- -j12 -l12
[0.393s] DEBUG:colcon.colcon_core.event_handler.log_command:Invoked command in '/home/pretil/catkin_ws/src/limo_ros2/build/limo_car' returned '0': CMAKE_PREFIX_PATH=${CMAKE_PREFIX_PATH}:/opt/ros/humble /usr/bin/cmake --build /home/pretil/catkin_ws/src/limo_ros2/build/limo_car -- -j12 -l12
[0.403s] DEBUG:colcon.colcon_core.event_handler.log_command:Invoking command in '/home/pretil/catkin_ws/src/limo_ros2/build/limo_car': CMAKE_PREFIX_PATH=${CMAKE_PREFIX_PATH}:/opt/ros/humble /usr/bin/cmake --install /home/pretil/catkin_ws/src/limo_ros2/build/limo_car
[0.406s] DEBUG:colcon.colcon_core.event_handler.log_command:Invoked command in '/home/pretil/catkin_ws/src/limo_ros2/build/limo_description' returned '0': CMAKE_PREFIX_PATH=${CMAKE_PREFIX_PATH}:/opt/ros/humble /usr/bin/cmake --build /home/pretil/catkin_ws/src/limo_ros2/build/limo_description -- -j12 -l12
[0.408s] DEBUG:colcon.colcon_core.event_handler.log_command:Invoking command in '/home/pretil/catkin_ws/src/limo_ros2/build/limo_description': CMAKE_PREFIX_PATH=${CMAKE_PREFIX_PATH}:/opt/ros/humble /usr/bin/cmake --install /home/pretil/catkin_ws/src/limo_ros2/build/limo_description
[0.409s] DEBUG:colcon.colcon_core.event_handler.log_command:Invoked command in '/home/pretil/catkin_ws/src/limo_ros2/build/limo_navigation' returned '0': CMAKE_PREFIX_PATH=${CMAKE_PREFIX_PATH}:/opt/ros/humble /usr/bin/cmake --build /home/pretil/catkin_ws/src/limo_ros2/build/limo_navigation -- -j12 -l12
[0.416s] DEBUG:colcon.colcon_core.event_handler.log_command:Invoking command in '/home/pretil/catkin_ws/src/limo_ros2/build/limo_navigation': CMAKE_PREFIX_PATH=${CMAKE_PREFIX_PATH}:/opt/ros/humble /usr/bin/cmake --install /home/pretil/catkin_ws/src/limo_ros2/build/limo_navigation
[0.421s] DEBUG:colcon.colcon_core.event_handler.log_command:Invoked command in '/home/pretil/catkin_ws/src/limo_ros2/build/limo_gazebosim' returned '0': CMAKE_PREFIX_PATH=${CMAKE_PREFIX_PATH}:/opt/ros/humble /usr/bin/cmake --build /home/pretil/catkin_ws/src/limo_ros2/build/limo_gazebosim -- -j12 -l12
[0.425s] DEBUG:colcon.colcon_core.event_handler.log_command:Invoking command in '/home/pretil/catkin_ws/src/limo_ros2/build/limo_gazebosim': CMAKE_PREFIX_PATH=${CMAKE_PREFIX_PATH}:/opt/ros/humble /usr/bin/cmake --install /home/pretil/catkin_ws/src/limo_ros2/build/limo_gazebosim
[0.435s] Level 1:colcon.colcon_core.environment:create_environment_scripts_only(limo_car)
[0.441s] DEBUG:colcon.colcon_core.event_handler.log_command:Invoked command in '/home/pretil/catkin_ws/src/limo_ros2/build/limo_car' returned '0': CMAKE_PREFIX_PATH=${CMAKE_PREFIX_PATH}:/opt/ros/humble /usr/bin/cmake --install /home/pretil/catkin_ws/src/limo_ros2/build/limo_car
[0.442s] Level 1:colcon.colcon_core.environment:checking '/home/pretil/catkin_ws/src/limo_ros2/install/limo_car' for CMake module files
[0.444s] Level 1:colcon.colcon_core.environment:checking '/home/pretil/catkin_ws/src/limo_ros2/install/limo_car' for CMake config files
[0.445s] Level 1:colcon.colcon_core.shell:create_environment_hook('limo_car', 'cmake_prefix_path')
[0.445s] INFO:colcon.colcon_core.shell:Creating environment hook '/home/pretil/catkin_ws/src/limo_ros2/install/limo_car/share/limo_car/hook/cmake_prefix_path.ps1'
[0.446s] INFO:colcon.colcon_core.shell:Creating environment descriptor '/home/pretil/catkin_ws/src/limo_ros2/install/limo_car/share/limo_car/hook/cmake_prefix_path.dsv'
[0.447s] INFO:colcon.colcon_core.shell:Creating environment hook '/home/pretil/catkin_ws/src/limo_ros2/install/limo_car/share/limo_car/hook/cmake_prefix_path.sh'
[0.448s] Level 1:colcon.colcon_core.environment:checking '/home/pretil/catkin_ws/src/limo_ros2/install/limo_car/bin'
[0.448s] Level 1:colcon.colcon_core.environment:checking '/home/pretil/catkin_ws/src/limo_ros2/install/limo_car/lib/pkgconfig/limo_car.pc'
[0.450s] Level 1:colcon.colcon_core.environment:checking '/home/pretil/catkin_ws/src/limo_ros2/install/limo_car/lib/python3.10/site-packages'
[0.450s] Level 1:colcon.colcon_core.environment:checking '/home/pretil/catkin_ws/src/limo_ros2/install/limo_car/bin'
[0.451s] INFO:colcon.colcon_core.shell:Creating package script '/home/pretil/catkin_ws/src/limo_ros2/install/limo_car/share/limo_car/package.ps1'
[0.452s] INFO:colcon.colcon_core.shell:Creating package descriptor '/home/pretil/catkin_ws/src/limo_ros2/install/limo_car/share/limo_car/package.dsv'
[0.453s] INFO:colcon.colcon_core.shell:Creating package script '/home/pretil/catkin_ws/src/limo_ros2/install/limo_car/share/limo_car/package.sh'
[0.453s] INFO:colcon.colcon_core.shell:Creating package script '/home/pretil/catkin_ws/src/limo_ros2/install/limo_car/share/limo_car/package.bash'
[0.454s] INFO:colcon.colcon_core.shell:Creating package script '/home/pretil/catkin_ws/src/limo_ros2/install/limo_car/share/limo_car/package.zsh'
[0.455s] Level 1:colcon.colcon_core.environment:create_file_with_runtime_dependencies(/home/pretil/catkin_ws/src/limo_ros2/install/limo_car/share/colcon-core/packages/limo_car)
[0.456s] Level 1:colcon.colcon_core.environment:create_environment_scripts_only(limo_car)
[0.456s] Level 1:colcon.colcon_core.environment:checking '/home/pretil/catkin_ws/src/limo_ros2/install/limo_car' for CMake module files
[0.456s] Level 1:colcon.colcon_core.environment:checking '/home/pretil/catkin_ws/src/limo_ros2/install/limo_car' for CMake config files
[0.457s] Level 1:colcon.colcon_core.shell:create_environment_hook('limo_car', 'cmake_prefix_path')
[0.457s] INFO:colcon.colcon_core.shell:Creating environment hook '/home/pretil/catkin_ws/src/limo_ros2/install/limo_car/share/limo_car/hook/cmake_prefix_path.ps1'
[0.457s] INFO:colcon.colcon_core.shell:Creating environment descriptor '/home/pretil/catkin_ws/src/limo_ros2/install/limo_car/share/limo_car/hook/cmake_prefix_path.dsv'
[0.458s] INFO:colcon.colcon_core.shell:Creating environment hook '/home/pretil/catkin_ws/src/limo_ros2/install/limo_car/share/limo_car/hook/cmake_prefix_path.sh'
[0.458s] Level 1:colcon.colcon_core.environment:checking '/home/pretil/catkin_ws/src/limo_ros2/install/limo_car/bin'
[0.458s] Level 1:colcon.colcon_core.environment:checking '/home/pretil/catkin_ws/src/limo_ros2/install/limo_car/lib/pkgconfig/limo_car.pc'
[0.458s] Level 1:colcon.colcon_core.environment:checking '/home/pretil/catkin_ws/src/limo_ros2/install/limo_car/lib/python3.10/site-packages'
[0.459s] Level 1:colcon.colcon_core.environment:checking '/home/pretil/catkin_ws/src/limo_ros2/install/limo_car/bin'
[0.459s] INFO:colcon.colcon_core.shell:Creating package script '/home/pretil/catkin_ws/src/limo_ros2/install/limo_car/share/limo_car/package.ps1'
[0.460s] INFO:colcon.colcon_core.shell:Creating package descriptor '/home/pretil/catkin_ws/src/limo_ros2/install/limo_car/share/limo_car/package.dsv'
[0.460s] INFO:colcon.colcon_core.shell:Creating package script '/home/pretil/catkin_ws/src/limo_ros2/install/limo_car/share/limo_car/package.sh'
[0.461s] INFO:colcon.colcon_core.shell:Creating package script '/home/pretil/catkin_ws/src/limo_ros2/install/limo_car/share/limo_car/package.bash'
[0.461s] INFO:colcon.colcon_core.shell:Creating package script '/home/pretil/catkin_ws/src/limo_ros2/install/limo_car/share/limo_car/package.zsh'
[0.461s] Level 1:colcon.colcon_core.environment:create_file_with_runtime_dependencies(/home/pretil/catkin_ws/src/limo_ros2/install/limo_car/share/colcon-core/packages/limo_car)
[0.463s] DEBUG:colcon.colcon_core.event_handler.log_command:Invoked command in '/home/pretil/catkin_ws/src/limo_ros2/build/ydlidar_ros2_driver' returned '0': CMAKE_PREFIX_PATH=${CMAKE_PREFIX_PATH}:/opt/ros/humble /usr/bin/cmake --build /home/pretil/catkin_ws/src/limo_ros2/build/ydlidar_ros2_driver -- -j12 -l12
[0.464s] Level 1:colcon.colcon_core.environment:create_environment_scripts_only(limo_description)
[0.464s] DEBUG:colcon.colcon_core.event_handler.log_command:Invoking command in '/home/pretil/catkin_ws/src/limo_ros2/build/ydlidar_ros2_driver': CMAKE_PREFIX_PATH=${CMAKE_PREFIX_PATH}:/opt/ros/humble /usr/bin/cmake --install /home/pretil/catkin_ws/src/limo_ros2/build/ydlidar_ros2_driver
[0.465s] Level 1:colcon.colcon_core.environment:checking '/home/pretil/catkin_ws/src/limo_ros2/install/limo_description' for CMake module files
[0.465s] DEBUG:colcon.colcon_core.event_handler.log_command:Invoked command in '/home/pretil/catkin_ws/src/limo_ros2/build/limo_description' returned '0': CMAKE_PREFIX_PATH=${CMAKE_PREFIX_PATH}:/opt/ros/humble /usr/bin/cmake --install /home/pretil/catkin_ws/src/limo_ros2/build/limo_description
[0.465s] Level 1:colcon.colcon_core.environment:checking '/home/pretil/catkin_ws/src/limo_ros2/install/limo_description' for CMake config files
[0.466s] Level 1:colcon.colcon_core.shell:create_environment_hook('limo_description', 'cmake_prefix_path')
[0.466s] INFO:colcon.colcon_core.shell:Creating environment hook '/home/pretil/catkin_ws/src/limo_ros2/install/limo_description/share/limo_description/hook/cmake_prefix_path.ps1'
[0.466s] INFO:colcon.colcon_core.shell:Creating environment descriptor '/home/pretil/catkin_ws/src/limo_ros2/install/limo_description/share/limo_description/hook/cmake_prefix_path.dsv'
[0.467s] INFO:colcon.colcon_core.shell:Creating environment hook '/home/pretil/catkin_ws/src/limo_ros2/install/limo_description/share/limo_description/hook/cmake_prefix_path.sh'
[0.467s] Level 1:colcon.colcon_core.environment:checking '/home/pretil/catkin_ws/src/limo_ros2/install/limo_description/bin'
[0.467s] Level 1:colcon.colcon_core.environment:checking '/home/pretil/catkin_ws/src/limo_ros2/install/limo_description/lib/pkgconfig/limo_description.pc'
[0.468s] Level 1:colcon.colcon_core.environment:checking '/home/pretil/catkin_ws/src/limo_ros2/install/limo_description/lib/python3.10/site-packages'
[0.468s] Level 1:colcon.colcon_core.environment:checking '/home/pretil/catkin_ws/src/limo_ros2/install/limo_description/bin'
[0.468s] INFO:colcon.colcon_core.shell:Creating package script '/home/pretil/catkin_ws/src/limo_ros2/install/limo_description/share/limo_description/package.ps1'
[0.469s] INFO:colcon.colcon_core.shell:Creating package descriptor '/home/pretil/catkin_ws/src/limo_ros2/install/limo_description/share/limo_description/package.dsv'
[0.469s] INFO:colcon.colcon_core.shell:Creating package script '/home/pretil/catkin_ws/src/limo_ros2/install/limo_description/share/limo_description/package.sh'
[0.469s] INFO:colcon.colcon_core.shell:Creating package script '/home/pretil/catkin_ws/src/limo_ros2/install/limo_description/share/limo_description/package.bash'
[0.470s] INFO:colcon.colcon_core.shell:Creating package script '/home/pretil/catkin_ws/src/limo_ros2/install/limo_description/share/limo_description/package.zsh'
[0.470s] Level 1:colcon.colcon_core.environment:create_file_with_runtime_dependencies(/home/pretil/catkin_ws/src/limo_ros2/install/limo_description/share/colcon-core/packages/limo_description)
[0.471s] Level 1:colcon.colcon_core.environment:create_environment_scripts_only(limo_description)
[0.471s] Level 1:colcon.colcon_core.environment:checking '/home/pretil/catkin_ws/src/limo_ros2/install/limo_description' for CMake module files
[0.472s] Level 1:colcon.colcon_core.environment:checking '/home/pretil/catkin_ws/src/limo_ros2/install/limo_description' for CMake config files
[0.472s] Level 1:colcon.colcon_core.shell:create_environment_hook('limo_description', 'cmake_prefix_path')
[0.472s] INFO:colcon.colcon_core.shell:Creating environment hook '/home/pretil/catkin_ws/src/limo_ros2/install/limo_description/share/limo_description/hook/cmake_prefix_path.ps1'
[0.473s] INFO:colcon.colcon_core.shell:Creating environment descriptor '/home/pretil/catkin_ws/src/limo_ros2/install/limo_description/share/limo_description/hook/cmake_prefix_path.dsv'
[0.473s] INFO:colcon.colcon_core.shell:Creating environment hook '/home/pretil/catkin_ws/src/limo_ros2/install/limo_description/share/limo_description/hook/cmake_prefix_path.sh'
[0.473s] Level 1:colcon.colcon_core.environment:checking '/home/pretil/catkin_ws/src/limo_ros2/install/limo_description/bin'
[0.473s] Level 1:colcon.colcon_core.environment:checking '/home/pretil/catkin_ws/src/limo_ros2/install/limo_description/lib/pkgconfig/limo_description.pc'
[0.474s] Level 1:colcon.colcon_core.environment:checking '/home/pretil/catkin_ws/src/limo_ros2/install/limo_description/lib/python3.10/site-packages'
[0.474s] Level 1:colcon.colcon_core.environment:checking '/home/pretil/catkin_ws/src/limo_ros2/install/limo_description/bin'
[0.474s] INFO:colcon.colcon_core.shell:Creating package script '/home/pretil/catkin_ws/src/limo_ros2/install/limo_description/share/limo_description/package.ps1'
[0.475s] INFO:colcon.colcon_core.shell:Creating package descriptor '/home/pretil/catkin_ws/src/limo_ros2/install/limo_description/share/limo_description/package.dsv'
[0.475s] INFO:colcon.colcon_core.shell:Creating package script '/home/pretil/catkin_ws/src/limo_ros2/install/limo_description/share/limo_description/package.sh'
[0.476s] INFO:colcon.colcon_core.shell:Creating package script '/home/pretil/catkin_ws/src/limo_ros2/install/limo_description/share/limo_description/package.bash'
[0.477s] INFO:colcon.colcon_core.shell:Creating package script '/home/pretil/catkin_ws/src/limo_ros2/install/limo_description/share/limo_description/package.zsh'
[0.477s] Level 1:colcon.colcon_core.environment:create_file_with_runtime_dependencies(/home/pretil/catkin_ws/src/limo_ros2/install/limo_description/share/colcon-core/packages/limo_description)
[0.477s] Level 1:colcon.colcon_core.environment:create_environment_scripts_only(limo_navigation)
[0.478s] Level 1:colcon.colcon_core.environment:checking '/home/pretil/catkin_ws/src/limo_ros2/install/limo_navigation' for CMake module files
[0.478s] DEBUG:colcon.colcon_core.event_handler.log_command:Invoked command in '/home/pretil/catkin_ws/src/limo_ros2/build/limo_navigation' returned '0': CMAKE_PREFIX_PATH=${CMAKE_PREFIX_PATH}:/opt/ros/humble /usr/bin/cmake --install /home/pretil/catkin_ws/src/limo_ros2/build/limo_navigation
[0.479s] Level 1:colcon.colcon_core.environment:checking '/home/pretil/catkin_ws/src/limo_ros2/install/limo_navigation' for CMake config files
[0.479s] Level 1:colcon.colcon_core.shell:create_environment_hook('limo_navigation', 'cmake_prefix_path')
[0.480s] INFO:colcon.colcon_core.shell:Creating environment hook '/home/pretil/catkin_ws/src/limo_ros2/install/limo_navigation/share/limo_navigation/hook/cmake_prefix_path.ps1'
[0.480s] INFO:colcon.colcon_core.shell:Creating environment descriptor '/home/pretil/catkin_ws/src/limo_ros2/install/limo_navigation/share/limo_navigation/hook/cmake_prefix_path.dsv'
[0.480s] INFO:colcon.colcon_core.shell:Creating environment hook '/home/pretil/catkin_ws/src/limo_ros2/install/limo_navigation/share/limo_navigation/hook/cmake_prefix_path.sh'
[0.481s] Level 1:colcon.colcon_core.environment:checking '/home/pretil/catkin_ws/src/limo_ros2/install/limo_navigation/bin'
[0.481s] Level 1:colcon.colcon_core.environment:checking '/home/pretil/catkin_ws/src/limo_ros2/install/limo_navigation/lib/pkgconfig/limo_navigation.pc'
[0.481s] Level 1:colcon.colcon_core.environment:checking '/home/pretil/catkin_ws/src/limo_ros2/install/limo_navigation/lib/python3.10/site-packages'
[0.482s] Level 1:colcon.colcon_core.environment:checking '/home/pretil/catkin_ws/src/limo_ros2/install/limo_navigation/bin'
[0.482s] INFO:colcon.colcon_core.shell:Creating package script '/home/pretil/catkin_ws/src/limo_ros2/install/limo_navigation/share/limo_navigation/package.ps1'
[0.482s] INFO:colcon.colcon_core.shell:Creating package descriptor '/home/pretil/catkin_ws/src/limo_ros2/install/limo_navigation/share/limo_navigation/package.dsv'
[0.483s] INFO:colcon.colcon_core.shell:Creating package script '/home/pretil/catkin_ws/src/limo_ros2/install/limo_navigation/share/limo_navigation/package.sh'
[0.483s] INFO:colcon.colcon_core.shell:Creating package script '/home/pretil/catkin_ws/src/limo_ros2/install/limo_navigation/share/limo_navigation/package.bash'
[0.484s] INFO:colcon.colcon_core.shell:Creating package script '/home/pretil/catkin_ws/src/limo_ros2/install/limo_navigation/share/limo_navigation/package.zsh'
[0.484s] Level 1:colcon.colcon_core.environment:create_file_with_runtime_dependencies(/home/pretil/catkin_ws/src/limo_ros2/install/limo_navigation/share/colcon-core/packages/limo_navigation)
[0.485s] Level 1:colcon.colcon_core.environment:create_environment_scripts_only(limo_navigation)
[0.485s] Level 1:colcon.colcon_core.environment:checking '/home/pretil/catkin_ws/src/limo_ros2/install/limo_navigation' for CMake module files
[0.485s] Level 1:colcon.colcon_core.environment:checking '/home/pretil/catkin_ws/src/limo_ros2/install/limo_navigation' for CMake config files
[0.486s] Level 1:colcon.colcon_core.shell:create_environment_hook('limo_navigation', 'cmake_prefix_path')
[0.486s] INFO:colcon.colcon_core.shell:Creating environment hook '/home/pretil/catkin_ws/src/limo_ros2/install/limo_navigation/share/limo_navigation/hook/cmake_prefix_path.ps1'
[0.486s] INFO:colcon.colcon_core.shell:Creating environment descriptor '/home/pretil/catkin_ws/src/limo_ros2/install/limo_navigation/share/limo_navigation/hook/cmake_prefix_path.dsv'
[0.487s] INFO:colcon.colcon_core.shell:Creating environment hook '/home/pretil/catkin_ws/src/limo_ros2/install/limo_navigation/share/limo_navigation/hook/cmake_prefix_path.sh'
[0.487s] Level 1:colcon.colcon_core.environment:checking '/home/pretil/catkin_ws/src/limo_ros2/install/limo_navigation/bin'
[0.487s] Level 1:colcon.colcon_core.environment:checking '/home/pretil/catkin_ws/src/limo_ros2/install/limo_navigation/lib/pkgconfig/limo_navigation.pc'
[0.488s] Level 1:colcon.colcon_core.environment:checking '/home/pretil/catkin_ws/src/limo_ros2/install/limo_navigation/lib/python3.10/site-packages'
[0.488s] Level 1:colcon.colcon_core.environment:checking '/home/pretil/catkin_ws/src/limo_ros2/install/limo_navigation/bin'
[0.488s] INFO:colcon.colcon_core.shell:Creating package script '/home/pretil/catkin_ws/src/limo_ros2/install/limo_navigation/share/limo_navigation/package.ps1'
[0.489s] INFO:colcon.colcon_core.shell:Creating package descriptor '/home/pretil/catkin_ws/src/limo_ros2/install/limo_navigation/share/limo_navigation/package.dsv'
[0.489s] INFO:colcon.colcon_core.shell:Creating package script '/home/pretil/catkin_ws/src/limo_ros2/install/limo_navigation/share/limo_navigation/package.sh'
[0.490s] INFO:colcon.colcon_core.shell:Creating package script '/home/pretil/catkin_ws/src/limo_ros2/install/limo_navigation/share/limo_navigation/package.bash'
[0.490s] INFO:colcon.colcon_core.shell:Creating package script '/home/pretil/catkin_ws/src/limo_ros2/install/limo_navigation/share/limo_navigation/package.zsh'
[0.491s] Level 1:colcon.colcon_core.environment:create_file_with_runtime_dependencies(/home/pretil/catkin_ws/src/limo_ros2/install/limo_navigation/share/colcon-core/packages/limo_navigation)
[0.491s] Level 1:colcon.colcon_core.environment:create_environment_scripts_only(limo_gazebosim)
[0.491s] Level 1:colcon.colcon_core.environment:checking '/home/pretil/catkin_ws/src/limo_ros2/install/limo_gazebosim' for CMake module files
[0.492s] DEBUG:colcon.colcon_core.event_handler.log_command:Invoked command in '/home/pretil/catkin_ws/src/limo_ros2/build/limo_gazebosim' returned '0': CMAKE_PREFIX_PATH=${CMAKE_PREFIX_PATH}:/opt/ros/humble /usr/bin/cmake --install /home/pretil/catkin_ws/src/limo_ros2/build/limo_gazebosim
[0.492s] Level 1:colcon.colcon_core.environment:checking '/home/pretil/catkin_ws/src/limo_ros2/install/limo_gazebosim' for CMake config files
[0.493s] Level 1:colcon.colcon_core.shell:create_environment_hook('limo_gazebosim', 'cmake_prefix_path')
[0.493s] INFO:colcon.colcon_core.shell:Creating environment hook '/home/pretil/catkin_ws/src/limo_ros2/install/limo_gazebosim/share/limo_gazebosim/hook/cmake_prefix_path.ps1'
[0.493s] INFO:colcon.colcon_core.shell:Creating environment descriptor '/home/pretil/catkin_ws/src/limo_ros2/install/limo_gazebosim/share/limo_gazebosim/hook/cmake_prefix_path.dsv'
[0.494s] INFO:colcon.colcon_core.shell:Creating environment hook '/home/pretil/catkin_ws/src/limo_ros2/install/limo_gazebosim/share/limo_gazebosim/hook/cmake_prefix_path.sh'
[0.494s] Level 1:colcon.colcon_core.environment:checking '/home/pretil/catkin_ws/src/limo_ros2/install/limo_gazebosim/bin'
[0.494s] Level 1:colcon.colcon_core.environment:checking '/home/pretil/catkin_ws/src/limo_ros2/install/limo_gazebosim/lib/pkgconfig/limo_gazebosim.pc'
[0.494s] Level 1:colcon.colcon_core.environment:checking '/home/pretil/catkin_ws/src/limo_ros2/install/limo_gazebosim/lib/python3.10/site-packages'
[0.495s] Level 1:colcon.colcon_core.environment:checking '/home/pretil/catkin_ws/src/limo_ros2/install/limo_gazebosim/bin'
[0.495s] INFO:colcon.colcon_core.shell:Creating package script '/home/pretil/catkin_ws/src/limo_ros2/install/limo_gazebosim/share/limo_gazebosim/package.ps1'
[0.496s] INFO:colcon.colcon_core.shell:Creating package descriptor '/home/pretil/catkin_ws/src/limo_ros2/install/limo_gazebosim/share/limo_gazebosim/package.dsv'
[0.496s] INFO:colcon.colcon_core.shell:Creating package script '/home/pretil/catkin_ws/src/limo_ros2/install/limo_gazebosim/share/limo_gazebosim/package.sh'
[0.496s] INFO:colcon.colcon_core.shell:Creating package script '/home/pretil/catkin_ws/src/limo_ros2/install/limo_gazebosim/share/limo_gazebosim/package.bash'
[0.497s] INFO:colcon.colcon_core.shell:Creating package script '/home/pretil/catkin_ws/src/limo_ros2/install/limo_gazebosim/share/limo_gazebosim/package.zsh'
[0.497s] Level 1:colcon.colcon_core.environment:create_file_with_runtime_dependencies(/home/pretil/catkin_ws/src/limo_ros2/install/limo_gazebosim/share/colcon-core/packages/limo_gazebosim)
[0.498s] Level 1:colcon.colcon_core.environment:create_environment_scripts_only(limo_gazebosim)
[0.498s] Level 1:colcon.colcon_core.environment:checking '/home/pretil/catkin_ws/src/limo_ros2/install/limo_gazebosim' for CMake module files
[0.499s] Level 1:colcon.colcon_core.environment:checking '/home/pretil/catkin_ws/src/limo_ros2/install/limo_gazebosim' for CMake config files
[0.499s] Level 1:colcon.colcon_core.shell:create_environment_hook('limo_gazebosim', 'cmake_prefix_path')
[0.499s] INFO:colcon.colcon_core.shell:Creating environment hook '/home/pretil/catkin_ws/src/limo_ros2/install/limo_gazebosim/share/limo_gazebosim/hook/cmake_prefix_path.ps1'
[0.500s] INFO:colcon.colcon_core.shell:Creating environment descriptor '/home/pretil/catkin_ws/src/limo_ros2/install/limo_gazebosim/share/limo_gazebosim/hook/cmake_prefix_path.dsv'
[0.500s] INFO:colcon.colcon_core.shell:Creating environment hook '/home/pretil/catkin_ws/src/limo_ros2/install/limo_gazebosim/share/limo_gazebosim/hook/cmake_prefix_path.sh'
[0.500s] Level 1:colcon.colcon_core.environment:checking '/home/pretil/catkin_ws/src/limo_ros2/install/limo_gazebosim/bin'
[0.500s] Level 1:colcon.colcon_core.environment:checking '/home/pretil/catkin_ws/src/limo_ros2/install/limo_gazebosim/lib/pkgconfig/limo_gazebosim.pc'
[0.501s] Level 1:colcon.colcon_core.environment:checking '/home/pretil/catkin_ws/src/limo_ros2/install/limo_gazebosim/lib/python3.10/site-packages'
[0.501s] Level 1:colcon.colcon_core.environment:checking '/home/pretil/catkin_ws/src/limo_ros2/install/limo_gazebosim/bin'
[0.501s] INFO:colcon.colcon_core.shell:Creating package script '/home/pretil/catkin_ws/src/limo_ros2/install/limo_gazebosim/share/limo_gazebosim/package.ps1'
[0.502s] INFO:colcon.colcon_core.shell:Creating package descriptor '/home/pretil/catkin_ws/src/limo_ros2/install/limo_gazebosim/share/limo_gazebosim/package.dsv'
[0.502s] INFO:colcon.colcon_core.shell:Creating package script '/home/pretil/catkin_ws/src/limo_ros2/install/limo_gazebosim/share/limo_gazebosim/package.sh'
[0.503s] INFO:colcon.colcon_core.shell:Creating package script '/home/pretil/catkin_ws/src/limo_ros2/install/limo_gazebosim/share/limo_gazebosim/package.bash'
[0.503s] INFO:colcon.colcon_core.shell:Creating package script '/home/pretil/catkin_ws/src/limo_ros2/install/limo_gazebosim/share/limo_gazebosim/package.zsh'
[0.504s] Level 1:colcon.colcon_core.environment:create_file_with_runtime_dependencies(/home/pretil/catkin_ws/src/limo_ros2/install/limo_gazebosim/share/colcon-core/packages/limo_gazebosim)
[0.505s] Level 1:colcon.colcon_core.environment:create_environment_scripts_only(ydlidar_ros2_driver)
[0.505s] Level 1:colcon.colcon_core.environment:checking '/home/pretil/catkin_ws/src/limo_ros2/install/ydlidar_ros2_driver' for CMake module files
[0.507s] DEBUG:colcon.colcon_core.event_handler.log_command:Invoked command in '/home/pretil/catkin_ws/src/limo_ros2/build/ydlidar_ros2_driver' returned '0': CMAKE_PREFIX_PATH=${CMAKE_PREFIX_PATH}:/opt/ros/humble /usr/bin/cmake --install /home/pretil/catkin_ws/src/limo_ros2/build/ydlidar_ros2_driver
[0.508s] Level 1:colcon.colcon_core.environment:checking '/home/pretil/catkin_ws/src/limo_ros2/install/ydlidar_ros2_driver' for CMake config files
[0.509s] Level 1:colcon.colcon_core.shell:create_environment_hook('ydlidar_ros2_driver', 'cmake_prefix_path')
[0.509s] INFO:colcon.colcon_core.shell:Creating environment hook '/home/pretil/catkin_ws/src/limo_ros2/install/ydlidar_ros2_driver/share/ydlidar_ros2_driver/hook/cmake_prefix_path.ps1'
[0.510s] INFO:colcon.colcon_core.shell:Creating environment descriptor '/home/pretil/catkin_ws/src/limo_ros2/install/ydlidar_ros2_driver/share/ydlidar_ros2_driver/hook/cmake_prefix_path.dsv'
[0.510s] INFO:colcon.colcon_core.shell:Creating environment hook '/home/pretil/catkin_ws/src/limo_ros2/install/ydlidar_ros2_driver/share/ydlidar_ros2_driver/hook/cmake_prefix_path.sh'
[0.511s] Level 1:colcon.colcon_core.environment:checking '/home/pretil/catkin_ws/src/limo_ros2/install/ydlidar_ros2_driver/lib'
[0.511s] Level 1:colcon.colcon_core.environment:checking '/home/pretil/catkin_ws/src/limo_ros2/install/ydlidar_ros2_driver/bin'
[0.511s] Level 1:colcon.colcon_core.environment:checking '/home/pretil/catkin_ws/src/limo_ros2/install/ydlidar_ros2_driver/lib/pkgconfig/ydlidar_ros2_driver.pc'
[0.511s] Level 1:colcon.colcon_core.environment:checking '/home/pretil/catkin_ws/src/limo_ros2/install/ydlidar_ros2_driver/lib/python3.10/site-packages'
[0.511s] Level 1:colcon.colcon_core.environment:checking '/home/pretil/catkin_ws/src/limo_ros2/install/ydlidar_ros2_driver/bin'
[0.512s] INFO:colcon.colcon_core.shell:Creating package script '/home/pretil/catkin_ws/src/limo_ros2/install/ydlidar_ros2_driver/share/ydlidar_ros2_driver/package.ps1'
[0.512s] INFO:colcon.colcon_core.shell:Creating package descriptor '/home/pretil/catkin_ws/src/limo_ros2/install/ydlidar_ros2_driver/share/ydlidar_ros2_driver/package.dsv'
[0.513s] INFO:colcon.colcon_core.shell:Creating package script '/home/pretil/catkin_ws/src/limo_ros2/install/ydlidar_ros2_driver/share/ydlidar_ros2_driver/package.sh'
[0.513s] INFO:colcon.colcon_core.shell:Creating package script '/home/pretil/catkin_ws/src/limo_ros2/install/ydlidar_ros2_driver/share/ydlidar_ros2_driver/package.bash'
[0.514s] INFO:colcon.colcon_core.shell:Creating package script '/home/pretil/catkin_ws/src/limo_ros2/install/ydlidar_ros2_driver/share/ydlidar_ros2_driver/package.zsh'
[0.514s] Level 1:colcon.colcon_core.environment:create_file_with_runtime_dependencies(/home/pretil/catkin_ws/src/limo_ros2/install/ydlidar_ros2_driver/share/colcon-core/packages/ydlidar_ros2_driver)
[0.515s] Level 1:colcon.colcon_core.environment:create_environment_scripts_only(ydlidar_ros2_driver)
[0.515s] Level 1:colcon.colcon_core.environment:checking '/home/pretil/catkin_ws/src/limo_ros2/install/ydlidar_ros2_driver' for CMake module files
[0.515s] Level 1:colcon.colcon_core.environment:checking '/home/pretil/catkin_ws/src/limo_ros2/install/ydlidar_ros2_driver' for CMake config files
[0.516s] Level 1:colcon.colcon_core.shell:create_environment_hook('ydlidar_ros2_driver', 'cmake_prefix_path')
[0.516s] INFO:colcon.colcon_core.shell:Creating environment hook '/home/pretil/catkin_ws/src/limo_ros2/install/ydlidar_ros2_driver/share/ydlidar_ros2_driver/hook/cmake_prefix_path.ps1'
[0.516s] INFO:colcon.colcon_core.shell:Creating environment descriptor '/home/pretil/catkin_ws/src/limo_ros2/install/ydlidar_ros2_driver/share/ydlidar_ros2_driver/hook/cmake_prefix_path.dsv'
[0.517s] INFO:colcon.colcon_core.shell:Creating environment hook '/home/pretil/catkin_ws/src/limo_ros2/install/ydlidar_ros2_driver/share/ydlidar_ros2_driver/hook/cmake_prefix_path.sh'
[0.517s] Level 1:colcon.colcon_core.environment:checking '/home/pretil/catkin_ws/src/limo_ros2/install/ydlidar_ros2_driver/lib'
[0.518s] Level 1:colcon.colcon_core.environment:checking '/home/pretil/catkin_ws/src/limo_ros2/install/ydlidar_ros2_driver/bin'
[0.518s] Level 1:colcon.colcon_core.environment:checking '/home/pretil/catkin_ws/src/limo_ros2/install/ydlidar_ros2_driver/lib/pkgconfig/ydlidar_ros2_driver.pc'
[0.518s] Level 1:colcon.colcon_core.environment:checking '/home/pretil/catkin_ws/src/limo_ros2/install/ydlidar_ros2_driver/lib/python3.10/site-packages'
[0.518s] Level 1:colcon.colcon_core.environment:checking '/home/pretil/catkin_ws/src/limo_ros2/install/ydlidar_ros2_driver/bin'
[0.519s] INFO:colcon.colcon_core.shell:Creating package script '/home/pretil/catkin_ws/src/limo_ros2/install/ydlidar_ros2_driver/share/ydlidar_ros2_driver/package.ps1'
[0.520s] INFO:colcon.colcon_core.shell:Creating package descriptor '/home/pretil/catkin_ws/src/limo_ros2/install/ydlidar_ros2_driver/share/ydlidar_ros2_driver/package.dsv'
[0.520s] INFO:colcon.colcon_core.shell:Creating package script '/home/pretil/catkin_ws/src/limo_ros2/install/ydlidar_ros2_driver/share/ydlidar_ros2_driver/package.sh'
[0.521s] INFO:colcon.colcon_core.shell:Creating package script '/home/pretil/catkin_ws/src/limo_ros2/install/ydlidar_ros2_driver/share/ydlidar_ros2_driver/package.bash'
[0.521s] INFO:colcon.colcon_core.shell:Creating package script '/home/pretil/catkin_ws/src/limo_ros2/install/ydlidar_ros2_driver/share/ydlidar_ros2_driver/package.zsh'
[0.521s] Level 1:colcon.colcon_core.environment:create_file_with_runtime_dependencies(/home/pretil/catkin_ws/src/limo_ros2/install/ydlidar_ros2_driver/share/colcon-core/packages/ydlidar_ros2_driver)
[0.688s] DEBUG:colcon.colcon_core.event_handler.log_command:Invoked command in '/home/pretil/catkin_ws/src/limo_ros2/build/limo_msgs' returned '0': CMAKE_PREFIX_PATH=${CMAKE_PREFIX_PATH}:/opt/ros/humble /usr/bin/cmake --build /home/pretil/catkin_ws/src/limo_ros2/build/limo_msgs -- -j12 -l12
[0.690s] DEBUG:colcon.colcon_core.event_handler.log_command:Invoking command in '/home/pretil/catkin_ws/src/limo_ros2/build/limo_msgs': CMAKE_PREFIX_PATH=${CMAKE_PREFIX_PATH}:/opt/ros/humble /usr/bin/cmake --install /home/pretil/catkin_ws/src/limo_ros2/build/limo_msgs
[0.749s] Level 1:colcon.colcon_core.environment:create_environment_scripts_only(limo_msgs)
[0.749s] DEBUG:colcon.colcon_core.event_handler.log_command:Invoked command in '/home/pretil/catkin_ws/src/limo_ros2/build/limo_msgs' returned '0': CMAKE_PREFIX_PATH=${CMAKE_PREFIX_PATH}:/opt/ros/humble /usr/bin/cmake --install /home/pretil/catkin_ws/src/limo_ros2/build/limo_msgs
[0.750s] Level 1:colcon.colcon_core.environment:checking '/home/pretil/catkin_ws/src/limo_ros2/install/limo_msgs' for CMake module files
[0.750s] Level 1:colcon.colcon_core.environment:checking '/home/pretil/catkin_ws/src/limo_ros2/install/limo_msgs' for CMake config files
[0.751s] Level 1:colcon.colcon_core.shell:create_environment_hook('limo_msgs', 'cmake_prefix_path')
[0.751s] INFO:colcon.colcon_core.shell:Creating environment hook '/home/pretil/catkin_ws/src/limo_ros2/install/limo_msgs/share/limo_msgs/hook/cmake_prefix_path.ps1'
[0.752s] INFO:colcon.colcon_core.shell:Creating environment descriptor '/home/pretil/catkin_ws/src/limo_ros2/install/limo_msgs/share/limo_msgs/hook/cmake_prefix_path.dsv'
[0.752s] INFO:colcon.colcon_core.shell:Creating environment hook '/home/pretil/catkin_ws/src/limo_ros2/install/limo_msgs/share/limo_msgs/hook/cmake_prefix_path.sh'
[0.753s] Level 1:colcon.colcon_core.environment:checking '/home/pretil/catkin_ws/src/limo_ros2/install/limo_msgs/lib'
[0.753s] Level 1:colcon.colcon_core.shell:create_environment_hook('limo_msgs', 'ld_library_path_lib')
[0.753s] INFO:colcon.colcon_core.shell:Creating environment hook '/home/pretil/catkin_ws/src/limo_ros2/install/limo_msgs/share/limo_msgs/hook/ld_library_path_lib.ps1'
[0.753s] INFO:colcon.colcon_core.shell:Creating environment descriptor '/home/pretil/catkin_ws/src/limo_ros2/install/limo_msgs/share/limo_msgs/hook/ld_library_path_lib.dsv'
[0.753s] INFO:colcon.colcon_core.shell:Creating environment hook '/home/pretil/catkin_ws/src/limo_ros2/install/limo_msgs/share/limo_msgs/hook/ld_library_path_lib.sh'
[0.754s] Level 1:colcon.colcon_core.environment:checking '/home/pretil/catkin_ws/src/limo_ros2/install/limo_msgs/bin'
[0.754s] Level 1:colcon.colcon_core.environment:checking '/home/pretil/catkin_ws/src/limo_ros2/install/limo_msgs/lib/pkgconfig/limo_msgs.pc'
[0.754s] Level 1:colcon.colcon_core.environment:checking '/home/pretil/catkin_ws/src/limo_ros2/install/limo_msgs/lib/python3.10/site-packages'
[0.754s] Level 1:colcon.colcon_core.environment:checking '/home/pretil/catkin_ws/src/limo_ros2/install/limo_msgs/bin'
[0.755s] INFO:colcon.colcon_core.shell:Creating package script '/home/pretil/catkin_ws/src/limo_ros2/install/limo_msgs/share/limo_msgs/package.ps1'
[0.755s] INFO:colcon.colcon_core.shell:Creating package descriptor '/home/pretil/catkin_ws/src/limo_ros2/install/limo_msgs/share/limo_msgs/package.dsv'
[0.756s] INFO:colcon.colcon_core.shell:Creating package script '/home/pretil/catkin_ws/src/limo_ros2/install/limo_msgs/share/limo_msgs/package.sh'
[0.756s] INFO:colcon.colcon_core.shell:Creating package script '/home/pretil/catkin_ws/src/limo_ros2/install/limo_msgs/share/limo_msgs/package.bash'
[0.756s] INFO:colcon.colcon_core.shell:Creating package script '/home/pretil/catkin_ws/src/limo_ros2/install/limo_msgs/share/limo_msgs/package.zsh'
[0.757s] Level 1:colcon.colcon_core.environment:create_file_with_runtime_dependencies(/home/pretil/catkin_ws/src/limo_ros2/install/limo_msgs/share/colcon-core/packages/limo_msgs)
[0.757s] Level 1:colcon.colcon_core.environment:create_environment_scripts_only(limo_msgs)
[0.757s] Level 1:colcon.colcon_core.environment:checking '/home/pretil/catkin_ws/src/limo_ros2/install/limo_msgs' for CMake module files
[0.758s] Level 1:colcon.colcon_core.environment:checking '/home/pretil/catkin_ws/src/limo_ros2/install/limo_msgs' for CMake config files
[0.758s] Level 1:colcon.colcon_core.shell:create_environment_hook('limo_msgs', 'cmake_prefix_path')
[0.759s] INFO:colcon.colcon_core.shell:Creating environment hook '/home/pretil/catkin_ws/src/limo_ros2/install/limo_msgs/share/limo_msgs/hook/cmake_prefix_path.ps1'
[0.759s] INFO:colcon.colcon_core.shell:Creating environment descriptor '/home/pretil/catkin_ws/src/limo_ros2/install/limo_msgs/share/limo_msgs/hook/cmake_prefix_path.dsv'
[0.759s] INFO:colcon.colcon_core.shell:Creating environment hook '/home/pretil/catkin_ws/src/limo_ros2/install/limo_msgs/share/limo_msgs/hook/cmake_prefix_path.sh'
[0.760s] Level 1:colcon.colcon_core.environment:checking '/home/pretil/catkin_ws/src/limo_ros2/install/limo_msgs/lib'
[0.760s] Level 1:colcon.colcon_core.shell:create_environment_hook('limo_msgs', 'ld_library_path_lib')
[0.760s] INFO:colcon.colcon_core.shell:Creating environment hook '/home/pretil/catkin_ws/src/limo_ros2/install/limo_msgs/share/limo_msgs/hook/ld_library_path_lib.ps1'
[0.760s] INFO:colcon.colcon_core.shell:Creating environment descriptor '/home/pretil/catkin_ws/src/limo_ros2/install/limo_msgs/share/limo_msgs/hook/ld_library_path_lib.dsv'
[0.761s] INFO:colcon.colcon_core.shell:Creating environment hook '/home/pretil/catkin_ws/src/limo_ros2/install/limo_msgs/share/limo_msgs/hook/ld_library_path_lib.sh'
[0.761s] Level 1:colcon.colcon_core.environment:checking '/home/pretil/catkin_ws/src/limo_ros2/install/limo_msgs/bin'
[0.761s] Level 1:colcon.colcon_core.environment:checking '/home/pretil/catkin_ws/src/limo_ros2/install/limo_msgs/lib/pkgconfig/limo_msgs.pc'
[0.761s] Level 1:colcon.colcon_core.environment:checking '/home/pretil/catkin_ws/src/limo_ros2/install/limo_msgs/lib/python3.10/site-packages'
[0.762s] Level 1:colcon.colcon_core.environment:checking '/home/pretil/catkin_ws/src/limo_ros2/install/limo_msgs/bin'
[0.762s] INFO:colcon.colcon_core.shell:Creating package script '/home/pretil/catkin_ws/src/limo_ros2/install/limo_msgs/share/limo_msgs/package.ps1'
[0.762s] INFO:colcon.colcon_core.shell:Creating package descriptor '/home/pretil/catkin_ws/src/limo_ros2/install/limo_msgs/share/limo_msgs/package.dsv'
[0.763s] INFO:colcon.colcon_core.shell:Creating package script '/home/pretil/catkin_ws/src/limo_ros2/install/limo_msgs/share/limo_msgs/package.sh'
[0.763s] INFO:colcon.colcon_core.shell:Creating package script '/home/pretil/catkin_ws/src/limo_ros2/install/limo_msgs/share/limo_msgs/package.bash'
[0.764s] INFO:colcon.colcon_core.shell:Creating package script '/home/pretil/catkin_ws/src/limo_ros2/install/limo_msgs/share/limo_msgs/package.zsh'
[0.764s] Level 1:colcon.colcon_core.environment:create_file_with_runtime_dependencies(/home/pretil/catkin_ws/src/limo_ros2/install/limo_msgs/share/colcon-core/packages/limo_msgs)
[0.764s] INFO:colcon.colcon_ros.task.ament_cmake.build:Building ROS package in '/home/pretil/catkin_ws/src/limo_ros2/limo_base' with build type 'ament_cmake'
[0.764s] INFO:colcon.colcon_cmake.task.cmake.build:Building CMake package in '/home/pretil/catkin_ws/src/limo_ros2/limo_base'
[0.765s] INFO:colcon.colcon_core.shell:Skip shell extension 'powershell' for command environment: Not usable outside of PowerShell
[0.765s] DEBUG:colcon.colcon_core.shell:Skip shell extension 'dsv' for command environment
[0.770s] INFO:colcon.colcon_ros.task.ament_cmake.build:Building ROS package in '/home/pretil/catkin_ws/src/limo_ros2/limo_bringup' with build type 'ament_cmake'
[0.770s] INFO:colcon.colcon_cmake.task.cmake.build:Building CMake package in '/home/pretil/catkin_ws/src/limo_ros2/limo_bringup'
[0.770s] INFO:colcon.colcon_core.shell:Skip shell extension 'powershell' for command environment: Not usable outside of PowerShell
[0.770s] DEBUG:colcon.colcon_core.shell:Skip shell extension 'dsv' for command environment
[0.779s] DEBUG:colcon.colcon_core.event_handler.log_command:Invoking command in '/home/pretil/catkin_ws/src/limo_ros2/build/limo_base': CMAKE_PREFIX_PATH=/home/pretil/catkin_ws/src/limo_ros2/install/limo_msgs:/home/pretil/catkin_ws/src/limo_ros2/install/ydlidar_ros2_driver:/home/pretil/catkin_ws/src/limo_ros2/install/limo_navigation:/home/pretil/catkin_ws/src/limo_ros2/install/limo_bringup:/home/pretil/catkin_ws/src/limo_ros2/install/limo_base:/home/pretil/catkin_ws/src/limo_ros2/install/limo_gazebosim:/home/pretil/catkin_ws/src/limo_ros2/install/limo_description:/home/pretil/catkin_ws/src/limo_ros2/install/limo_car:/home/pretil/catkin_ws/install/limo_base:/home/pretil/catkin_ws/install/limo_msgs:/home/pretil/catkin_ws/install/limo_description:/home/pretil/catkin_ws/install/limo_car:/opt/ros/humble LD_LIBRARY_PATH=/home/pretil/catkin_ws/src/limo_ros2/install/limo_msgs/lib:/home/pretil/catkin_ws/install/limo_msgs/lib:/usr/lib/x86_64-linux-gnu/gazebo-11/plugins:/opt/ros/humble/opt/rviz_ogre_vendor/lib:/opt/ros/humble/lib/x86_64-linux-gnu:/opt/ros/humble/lib:/usr/lib/x86_64-linux-gnu/gazebo-11/plugins:/usr/lib/x86_64-linux-gnu/gazebo-11/plugins:/usr/lib/x86_64-linux-gnu/gazebo-11/plugins /usr/bin/cmake --build /home/pretil/catkin_ws/src/limo_ros2/build/limo_base -- -j12 -l12
[0.781s] DEBUG:colcon.colcon_core.event_handler.log_command:Invoking command in '/home/pretil/catkin_ws/src/limo_ros2/build/limo_bringup': CMAKE_PREFIX_PATH=/home/pretil/catkin_ws/src/limo_ros2/install/limo_msgs:/home/pretil/catkin_ws/src/limo_ros2/install/ydlidar_ros2_driver:/home/pretil/catkin_ws/src/limo_ros2/install/limo_navigation:/home/pretil/catkin_ws/src/limo_ros2/install/limo_bringup:/home/pretil/catkin_ws/src/limo_ros2/install/limo_base:/home/pretil/catkin_ws/src/limo_ros2/install/limo_gazebosim:/home/pretil/catkin_ws/src/limo_ros2/install/limo_description:/home/pretil/catkin_ws/src/limo_ros2/install/limo_car:/home/pretil/catkin_ws/install/limo_base:/home/pretil/catkin_ws/install/limo_msgs:/home/pretil/catkin_ws/install/limo_description:/home/pretil/catkin_ws/install/limo_car:/opt/ros/humble LD_LIBRARY_PATH=/home/pretil/catkin_ws/src/limo_ros2/install/limo_msgs/lib:/home/pretil/catkin_ws/install/limo_msgs/lib:/usr/lib/x86_64-linux-gnu/gazebo-11/plugins:/opt/ros/humble/opt/rviz_ogre_vendor/lib:/opt/ros/humble/lib/x86_64-linux-gnu:/opt/ros/humble/lib:/usr/lib/x86_64-linux-gnu/gazebo-11/plugins:/usr/lib/x86_64-linux-gnu/gazebo-11/plugins:/usr/lib/x86_64-linux-gnu/gazebo-11/plugins /usr/bin/cmake --build /home/pretil/catkin_ws/src/limo_ros2/build/limo_bringup -- -j12 -l12
[0.807s] DEBUG:colcon.colcon_core.event_handler.log_command:Invoked command in '/home/pretil/catkin_ws/src/limo_ros2/build/limo_bringup' returned '0': CMAKE_PREFIX_PATH=/home/pretil/catkin_ws/src/limo_ros2/install/limo_msgs:/home/pretil/catkin_ws/src/limo_ros2/install/ydlidar_ros2_driver:/home/pretil/catkin_ws/src/limo_ros2/install/limo_navigation:/home/pretil/catkin_ws/src/limo_ros2/install/limo_bringup:/home/pretil/catkin_ws/src/limo_ros2/install/limo_base:/home/pretil/catkin_ws/src/limo_ros2/install/limo_gazebosim:/home/pretil/catkin_ws/src/limo_ros2/install/limo_description:/home/pretil/catkin_ws/src/limo_ros2/install/limo_car:/home/pretil/catkin_ws/install/limo_base:/home/pretil/catkin_ws/install/limo_msgs:/home/pretil/catkin_ws/install/limo_description:/home/pretil/catkin_ws/install/limo_car:/opt/ros/humble LD_LIBRARY_PATH=/home/pretil/catkin_ws/src/limo_ros2/install/limo_msgs/lib:/home/pretil/catkin_ws/install/limo_msgs/lib:/usr/lib/x86_64-linux-gnu/gazebo-11/plugins:/opt/ros/humble/opt/rviz_ogre_vendor/lib:/opt/ros/humble/lib/x86_64-linux-gnu:/opt/ros/humble/lib:/usr/lib/x86_64-linux-gnu/gazebo-11/plugins:/usr/lib/x86_64-linux-gnu/gazebo-11/plugins:/usr/lib/x86_64-linux-gnu/gazebo-11/plugins /usr/bin/cmake --build /home/pretil/catkin_ws/src/limo_ros2/build/limo_bringup -- -j12 -l12
[0.808s] DEBUG:colcon.colcon_core.event_handler.log_command:Invoking command in '/home/pretil/catkin_ws/src/limo_ros2/build/limo_bringup': CMAKE_PREFIX_PATH=/home/pretil/catkin_ws/src/limo_ros2/install/limo_msgs:/home/pretil/catkin_ws/src/limo_ros2/install/ydlidar_ros2_driver:/home/pretil/catkin_ws/src/limo_ros2/install/limo_navigation:/home/pretil/catkin_ws/src/limo_ros2/install/limo_bringup:/home/pretil/catkin_ws/src/limo_ros2/install/limo_base:/home/pretil/catkin_ws/src/limo_ros2/install/limo_gazebosim:/home/pretil/catkin_ws/src/limo_ros2/install/limo_description:/home/pretil/catkin_ws/src/limo_ros2/install/limo_car:/home/pretil/catkin_ws/install/limo_base:/home/pretil/catkin_ws/install/limo_msgs:/home/pretil/catkin_ws/install/limo_description:/home/pretil/catkin_ws/install/limo_car:/opt/ros/humble LD_LIBRARY_PATH=/home/pretil/catkin_ws/src/limo_ros2/install/limo_msgs/lib:/home/pretil/catkin_ws/install/limo_msgs/lib:/usr/lib/x86_64-linux-gnu/gazebo-11/plugins:/opt/ros/humble/opt/rviz_ogre_vendor/lib:/opt/ros/humble/lib/x86_64-linux-gnu:/opt/ros/humble/lib:/usr/lib/x86_64-linux-gnu/gazebo-11/plugins:/usr/lib/x86_64-linux-gnu/gazebo-11/plugins:/usr/lib/x86_64-linux-gnu/gazebo-11/plugins /usr/bin/cmake --install /home/pretil/catkin_ws/src/limo_ros2/build/limo_bringup
[0.825s] Level 1:colcon.colcon_core.environment:create_environment_scripts_only(limo_bringup)
[0.826s] Level 1:colcon.colcon_core.environment:checking '/home/pretil/catkin_ws/src/limo_ros2/install/limo_bringup' for CMake module files
[0.826s] DEBUG:colcon.colcon_core.event_handler.log_command:Invoked command in '/home/pretil/catkin_ws/src/limo_ros2/build/limo_bringup' returned '0': CMAKE_PREFIX_PATH=/home/pretil/catkin_ws/src/limo_ros2/install/limo_msgs:/home/pretil/catkin_ws/src/limo_ros2/install/ydlidar_ros2_driver:/home/pretil/catkin_ws/src/limo_ros2/install/limo_navigation:/home/pretil/catkin_ws/src/limo_ros2/install/limo_bringup:/home/pretil/catkin_ws/src/limo_ros2/install/limo_base:/home/pretil/catkin_ws/src/limo_ros2/install/limo_gazebosim:/home/pretil/catkin_ws/src/limo_ros2/install/limo_description:/home/pretil/catkin_ws/src/limo_ros2/install/limo_car:/home/pretil/catkin_ws/install/limo_base:/home/pretil/catkin_ws/install/limo_msgs:/home/pretil/catkin_ws/install/limo_description:/home/pretil/catkin_ws/install/limo_car:/opt/ros/humble LD_LIBRARY_PATH=/home/pretil/catkin_ws/src/limo_ros2/install/limo_msgs/lib:/home/pretil/catkin_ws/install/limo_msgs/lib:/usr/lib/x86_64-linux-gnu/gazebo-11/plugins:/opt/ros/humble/opt/rviz_ogre_vendor/lib:/opt/ros/humble/lib/x86_64-linux-gnu:/opt/ros/humble/lib:/usr/lib/x86_64-linux-gnu/gazebo-11/plugins:/usr/lib/x86_64-linux-gnu/gazebo-11/plugins:/usr/lib/x86_64-linux-gnu/gazebo-11/plugins /usr/bin/cmake --install /home/pretil/catkin_ws/src/limo_ros2/build/limo_bringup
[0.826s] Level 1:colcon.colcon_core.environment:checking '/home/pretil/catkin_ws/src/limo_ros2/install/limo_bringup' for CMake config files
[0.827s] Level 1:colcon.colcon_core.shell:create_environment_hook('limo_bringup', 'cmake_prefix_path')
[0.827s] INFO:colcon.colcon_core.shell:Creating environment hook '/home/pretil/catkin_ws/src/limo_ros2/install/limo_bringup/share/limo_bringup/hook/cmake_prefix_path.ps1'
[0.827s] INFO:colcon.colcon_core.shell:Creating environment descriptor '/home/pretil/catkin_ws/src/limo_ros2/install/limo_bringup/share/limo_bringup/hook/cmake_prefix_path.dsv'
[0.828s] INFO:colcon.colcon_core.shell:Creating environment hook '/home/pretil/catkin_ws/src/limo_ros2/install/limo_bringup/share/limo_bringup/hook/cmake_prefix_path.sh'
[0.828s] Level 1:colcon.colcon_core.environment:checking '/home/pretil/catkin_ws/src/limo_ros2/install/limo_bringup/bin'
[0.828s] Level 1:colcon.colcon_core.environment:checking '/home/pretil/catkin_ws/src/limo_ros2/install/limo_bringup/lib/pkgconfig/limo_bringup.pc'
[0.829s] Level 1:colcon.colcon_core.environment:checking '/home/pretil/catkin_ws/src/limo_ros2/install/limo_bringup/lib/python3.10/site-packages'
[0.829s] Level 1:colcon.colcon_core.environment:checking '/home/pretil/catkin_ws/src/limo_ros2/install/limo_bringup/bin'
[0.830s] INFO:colcon.colcon_core.shell:Creating package script '/home/pretil/catkin_ws/src/limo_ros2/install/limo_bringup/share/limo_bringup/package.ps1'
[0.830s] INFO:colcon.colcon_core.shell:Creating package descriptor '/home/pretil/catkin_ws/src/limo_ros2/install/limo_bringup/share/limo_bringup/package.dsv'
[0.831s] INFO:colcon.colcon_core.shell:Creating package script '/home/pretil/catkin_ws/src/limo_ros2/install/limo_bringup/share/limo_bringup/package.sh'
[0.831s] INFO:colcon.colcon_core.shell:Creating package script '/home/pretil/catkin_ws/src/limo_ros2/install/limo_bringup/share/limo_bringup/package.bash'
[0.831s] INFO:colcon.colcon_core.shell:Creating package script '/home/pretil/catkin_ws/src/limo_ros2/install/limo_bringup/share/limo_bringup/package.zsh'
[0.832s] Level 1:colcon.colcon_core.environment:create_file_with_runtime_dependencies(/home/pretil/catkin_ws/src/limo_ros2/install/limo_bringup/share/colcon-core/packages/limo_bringup)
[0.832s] Level 1:colcon.colcon_core.environment:create_environment_scripts_only(limo_bringup)
[0.833s] Level 1:colcon.colcon_core.environment:checking '/home/pretil/catkin_ws/src/limo_ros2/install/limo_bringup' for CMake module files
[0.833s] Level 1:colcon.colcon_core.environment:checking '/home/pretil/catkin_ws/src/limo_ros2/install/limo_bringup' for CMake config files
[0.833s] Level 1:colcon.colcon_core.shell:create_environment_hook('limo_bringup', 'cmake_prefix_path')
[0.834s] INFO:colcon.colcon_core.shell:Creating environment hook '/home/pretil/catkin_ws/src/limo_ros2/install/limo_bringup/share/limo_bringup/hook/cmake_prefix_path.ps1'
[0.834s] INFO:colcon.colcon_core.shell:Creating environment descriptor '/home/pretil/catkin_ws/src/limo_ros2/install/limo_bringup/share/limo_bringup/hook/cmake_prefix_path.dsv'
[0.834s] INFO:colcon.colcon_core.shell:Creating environment hook '/home/pretil/catkin_ws/src/limo_ros2/install/limo_bringup/share/limo_bringup/hook/cmake_prefix_path.sh'
[0.835s] Level 1:colcon.colcon_core.environment:checking '/home/pretil/catkin_ws/src/limo_ros2/install/limo_bringup/bin'
[0.835s] Level 1:colcon.colcon_core.environment:checking '/home/pretil/catkin_ws/src/limo_ros2/install/limo_bringup/lib/pkgconfig/limo_bringup.pc'
[0.835s] Level 1:colcon.colcon_core.environment:checking '/home/pretil/catkin_ws/src/limo_ros2/install/limo_bringup/lib/python3.10/site-packages'
[0.836s] Level 1:colcon.colcon_core.environment:checking '/home/pretil/catkin_ws/src/limo_ros2/install/limo_bringup/bin'
[0.836s] INFO:colcon.colcon_core.shell:Creating package script '/home/pretil/catkin_ws/src/limo_ros2/install/limo_bringup/share/limo_bringup/package.ps1'
[0.836s] INFO:colcon.colcon_core.shell:Creating package descriptor '/home/pretil/catkin_ws/src/limo_ros2/install/limo_bringup/share/limo_bringup/package.dsv'
[0.837s] INFO:colcon.colcon_core.shell:Creating package script '/home/pretil/catkin_ws/src/limo_ros2/install/limo_bringup/share/limo_bringup/package.sh'
[0.837s] INFO:colcon.colcon_core.shell:Creating package script '/home/pretil/catkin_ws/src/limo_ros2/install/limo_bringup/share/limo_bringup/package.bash'
[0.838s] INFO:colcon.colcon_core.shell:Creating package script '/home/pretil/catkin_ws/src/limo_ros2/install/limo_bringup/share/limo_bringup/package.zsh'
[0.838s] Level 1:colcon.colcon_core.environment:create_file_with_runtime_dependencies(/home/pretil/catkin_ws/src/limo_ros2/install/limo_bringup/share/colcon-core/packages/limo_bringup)
[0.839s] DEBUG:colcon.colcon_core.event_handler.log_command:Invoked command in '/home/pretil/catkin_ws/src/limo_ros2/build/limo_base' returned '0': CMAKE_PREFIX_PATH=/home/pretil/catkin_ws/src/limo_ros2/install/limo_msgs:/home/pretil/catkin_ws/src/limo_ros2/install/ydlidar_ros2_driver:/home/pretil/catkin_ws/src/limo_ros2/install/limo_navigation:/home/pretil/catkin_ws/src/limo_ros2/install/limo_bringup:/home/pretil/catkin_ws/src/limo_ros2/install/limo_base:/home/pretil/catkin_ws/src/limo_ros2/install/limo_gazebosim:/home/pretil/catkin_ws/src/limo_ros2/install/limo_description:/home/pretil/catkin_ws/src/limo_ros2/install/limo_car:/home/pretil/catkin_ws/install/limo_base:/home/pretil/catkin_ws/install/limo_msgs:/home/pretil/catkin_ws/install/limo_description:/home/pretil/catkin_ws/install/limo_car:/opt/ros/humble LD_LIBRARY_PATH=/home/pretil/catkin_ws/src/limo_ros2/install/limo_msgs/lib:/home/pretil/catkin_ws/install/limo_msgs/lib:/usr/lib/x86_64-linux-gnu/gazebo-11/plugins:/opt/ros/humble/opt/rviz_ogre_vendor/lib:/opt/ros/humble/lib/x86_64-linux-gnu:/opt/ros/humble/lib:/usr/lib/x86_64-linux-gnu/gazebo-11/plugins:/usr/lib/x86_64-linux-gnu/gazebo-11/plugins:/usr/lib/x86_64-linux-gnu/gazebo-11/plugins /usr/bin/cmake --build /home/pretil/catkin_ws/src/limo_ros2/build/limo_base -- -j12 -l12
[0.840s] DEBUG:colcon.colcon_core.event_handler.log_command:Invoking command in '/home/pretil/catkin_ws/src/limo_ros2/build/limo_base': CMAKE_PREFIX_PATH=/home/pretil/catkin_ws/src/limo_ros2/install/limo_msgs:/home/pretil/catkin_ws/src/limo_ros2/install/ydlidar_ros2_driver:/home/pretil/catkin_ws/src/limo_ros2/install/limo_navigation:/home/pretil/catkin_ws/src/limo_ros2/install/limo_bringup:/home/pretil/catkin_ws/src/limo_ros2/install/limo_base:/home/pretil/catkin_ws/src/limo_ros2/install/limo_gazebosim:/home/pretil/catkin_ws/src/limo_ros2/install/limo_description:/home/pretil/catkin_ws/src/limo_ros2/install/limo_car:/home/pretil/catkin_ws/install/limo_base:/home/pretil/catkin_ws/install/limo_msgs:/home/pretil/catkin_ws/install/limo_description:/home/pretil/catkin_ws/install/limo_car:/opt/ros/humble LD_LIBRARY_PATH=/home/pretil/catkin_ws/src/limo_ros2/install/limo_msgs/lib:/home/pretil/catkin_ws/install/limo_msgs/lib:/usr/lib/x86_64-linux-gnu/gazebo-11/plugins:/opt/ros/humble/opt/rviz_ogre_vendor/lib:/opt/ros/humble/lib/x86_64-linux-gnu:/opt/ros/humble/lib:/usr/lib/x86_64-linux-gnu/gazebo-11/plugins:/usr/lib/x86_64-linux-gnu/gazebo-11/plugins:/usr/lib/x86_64-linux-gnu/gazebo-11/plugins /usr/bin/cmake --install /home/pretil/catkin_ws/src/limo_ros2/build/limo_base
[0.858s] Level 1:colcon.colcon_core.environment:create_environment_scripts_only(limo_base)
[0.859s] Level 1:colcon.colcon_core.environment:checking '/home/pretil/catkin_ws/src/limo_ros2/install/limo_base' for CMake module files
[0.859s] DEBUG:colcon.colcon_core.event_handler.log_command:Invoked command in '/home/pretil/catkin_ws/src/limo_ros2/build/limo_base' returned '0': CMAKE_PREFIX_PATH=/home/pretil/catkin_ws/src/limo_ros2/install/limo_msgs:/home/pretil/catkin_ws/src/limo_ros2/install/ydlidar_ros2_driver:/home/pretil/catkin_ws/src/limo_ros2/install/limo_navigation:/home/pretil/catkin_ws/src/limo_ros2/install/limo_bringup:/home/pretil/catkin_ws/src/limo_ros2/install/limo_base:/home/pretil/catkin_ws/src/limo_ros2/install/limo_gazebosim:/home/pretil/catkin_ws/src/limo_ros2/install/limo_description:/home/pretil/catkin_ws/src/limo_ros2/install/limo_car:/home/pretil/catkin_ws/install/limo_base:/home/pretil/catkin_ws/install/limo_msgs:/home/pretil/catkin_ws/install/limo_description:/home/pretil/catkin_ws/install/limo_car:/opt/ros/humble LD_LIBRARY_PATH=/home/pretil/catkin_ws/src/limo_ros2/install/limo_msgs/lib:/home/pretil/catkin_ws/install/limo_msgs/lib:/usr/lib/x86_64-linux-gnu/gazebo-11/plugins:/opt/ros/humble/opt/rviz_ogre_vendor/lib:/opt/ros/humble/lib/x86_64-linux-gnu:/opt/ros/humble/lib:/usr/lib/x86_64-linux-gnu/gazebo-11/plugins:/usr/lib/x86_64-linux-gnu/gazebo-11/plugins:/usr/lib/x86_64-linux-gnu/gazebo-11/plugins /usr/bin/cmake --install /home/pretil/catkin_ws/src/limo_ros2/build/limo_base
[0.859s] Level 1:colcon.colcon_core.environment:checking '/home/pretil/catkin_ws/src/limo_ros2/install/limo_base' for CMake config files
[0.860s] Level 1:colcon.colcon_core.shell:create_environment_hook('limo_base', 'cmake_prefix_path')
[0.860s] INFO:colcon.colcon_core.shell:Creating environment hook '/home/pretil/catkin_ws/src/limo_ros2/install/limo_base/share/limo_base/hook/cmake_prefix_path.ps1'
[0.860s] INFO:colcon.colcon_core.shell:Creating environment descriptor '/home/pretil/catkin_ws/src/limo_ros2/install/limo_base/share/limo_base/hook/cmake_prefix_path.dsv'
[0.861s] INFO:colcon.colcon_core.shell:Creating environment hook '/home/pretil/catkin_ws/src/limo_ros2/install/limo_base/share/limo_base/hook/cmake_prefix_path.sh'
[0.861s] Level 1:colcon.colcon_core.environment:checking '/home/pretil/catkin_ws/src/limo_ros2/install/limo_base/lib'
[0.861s] Level 1:colcon.colcon_core.environment:checking '/home/pretil/catkin_ws/src/limo_ros2/install/limo_base/bin'
[0.861s] Level 1:colcon.colcon_core.environment:checking '/home/pretil/catkin_ws/src/limo_ros2/install/limo_base/lib/pkgconfig/limo_base.pc'
[0.861s] Level 1:colcon.colcon_core.environment:checking '/home/pretil/catkin_ws/src/limo_ros2/install/limo_base/lib/python3.10/site-packages'
[0.862s] Level 1:colcon.colcon_core.environment:checking '/home/pretil/catkin_ws/src/limo_ros2/install/limo_base/bin'
[0.862s] INFO:colcon.colcon_core.shell:Creating package script '/home/pretil/catkin_ws/src/limo_ros2/install/limo_base/share/limo_base/package.ps1'
[0.863s] INFO:colcon.colcon_core.shell:Creating package descriptor '/home/pretil/catkin_ws/src/limo_ros2/install/limo_base/share/limo_base/package.dsv'
[0.863s] INFO:colcon.colcon_core.shell:Creating package script '/home/pretil/catkin_ws/src/limo_ros2/install/limo_base/share/limo_base/package.sh'
[0.863s] INFO:colcon.colcon_core.shell:Creating package script '/home/pretil/catkin_ws/src/limo_ros2/install/limo_base/share/limo_base/package.bash'
[0.864s] INFO:colcon.colcon_core.shell:Creating package script '/home/pretil/catkin_ws/src/limo_ros2/install/limo_base/share/limo_base/package.zsh'
[0.864s] Level 1:colcon.colcon_core.environment:create_file_with_runtime_dependencies(/home/pretil/catkin_ws/src/limo_ros2/install/limo_base/share/colcon-core/packages/limo_base)
[0.864s] Level 1:colcon.colcon_core.environment:create_environment_scripts_only(limo_base)
[0.865s] Level 1:colcon.colcon_core.environment:checking '/home/pretil/catkin_ws/src/limo_ros2/install/limo_base' for CMake module files
[0.865s] Level 1:colcon.colcon_core.environment:checking '/home/pretil/catkin_ws/src/limo_ros2/install/limo_base' for CMake config files
[0.865s] Level 1:colcon.colcon_core.shell:create_environment_hook('limo_base', 'cmake_prefix_path')
[0.866s] INFO:colcon.colcon_core.shell:Creating environment hook '/home/pretil/catkin_ws/src/limo_ros2/install/limo_base/share/limo_base/hook/cmake_prefix_path.ps1'
[0.866s] INFO:colcon.colcon_core.shell:Creating environment descriptor '/home/pretil/catkin_ws/src/limo_ros2/install/limo_base/share/limo_base/hook/cmake_prefix_path.dsv'
[0.866s] INFO:colcon.colcon_core.shell:Creating environment hook '/home/pretil/catkin_ws/src/limo_ros2/install/limo_base/share/limo_base/hook/cmake_prefix_path.sh'
[0.867s] Level 1:colcon.colcon_core.environment:checking '/home/pretil/catkin_ws/src/limo_ros2/install/limo_base/lib'
[0.867s] Level 1:colcon.colcon_core.environment:checking '/home/pretil/catkin_ws/src/limo_ros2/install/limo_base/bin'
[0.867s] Level 1:colcon.colcon_core.environment:checking '/home/pretil/catkin_ws/src/limo_ros2/install/limo_base/lib/pkgconfig/limo_base.pc'
[0.867s] Level 1:colcon.colcon_core.environment:checking '/home/pretil/catkin_ws/src/limo_ros2/install/limo_base/lib/python3.10/site-packages'
[0.867s] Level 1:colcon.colcon_core.environment:checking '/home/pretil/catkin_ws/src/limo_ros2/install/limo_base/bin'
[0.868s] INFO:colcon.colcon_core.shell:Creating package script '/home/pretil/catkin_ws/src/limo_ros2/install/limo_base/share/limo_base/package.ps1'
[0.868s] INFO:colcon.colcon_core.shell:Creating package descriptor '/home/pretil/catkin_ws/src/limo_ros2/install/limo_base/share/limo_base/package.dsv'
[0.869s] INFO:colcon.colcon_core.shell:Creating package script '/home/pretil/catkin_ws/src/limo_ros2/install/limo_base/share/limo_base/package.sh'
[0.869s] INFO:colcon.colcon_core.shell:Creating package script '/home/pretil/catkin_ws/src/limo_ros2/install/limo_base/share/limo_base/package.bash'
[0.869s] INFO:colcon.colcon_core.shell:Creating package script '/home/pretil/catkin_ws/src/limo_ros2/install/limo_base/share/limo_base/package.zsh'
[0.870s] Level 1:colcon.colcon_core.environment:create_file_with_runtime_dependencies(/home/pretil/catkin_ws/src/limo_ros2/install/limo_base/share/colcon-core/packages/limo_base)
[0.870s] DEBUG:colcon.colcon_parallel_executor.executor.parallel:closing loop
[0.870s] DEBUG:colcon.colcon_parallel_executor.executor.parallel:loop closed
[0.870s] DEBUG:colcon.colcon_parallel_executor.executor.parallel:run_until_complete finished with '0'
[0.870s] DEBUG:colcon.colcon_core.event_reactor:joining thread
[0.875s] INFO:colcon.colcon_core.plugin_system:Skipping extension 'colcon_notification.desktop_notification.notify_send': Could not find 'notify-send'
[0.875s] INFO:colcon.colcon_core.plugin_system:Skipping extension 'colcon_notification.desktop_notification.terminal_notifier': Not used on non-Darwin systems
[0.875s] INFO:colcon.colcon_core.plugin_system:Skipping extension 'colcon_notification.desktop_notification.win32': Not used on non-Windows systems
[0.875s] INFO:colcon.colcon_notification.desktop_notification:Sending desktop notification using 'notify2'
[0.877s] DEBUG:colcon.colcon_notification.desktop_notification.notify2:Failed to initialize notify2: org.freedesktop.DBus.Error.Spawn.ExecFailed: /usr/bin/dbus-launch terminated abnormally without any error message
[0.877s] DEBUG:colcon.colcon_core.event_reactor:joined thread
[0.878s] INFO:colcon.colcon_core.shell:Creating prefix script '/home/pretil/catkin_ws/src/limo_ros2/install/local_setup.ps1'
[0.879s] INFO:colcon.colcon_core.shell:Creating prefix util module '/home/pretil/catkin_ws/src/limo_ros2/install/_local_setup_util_ps1.py'
[0.880s] INFO:colcon.colcon_core.shell:Creating prefix chain script '/home/pretil/catkin_ws/src/limo_ros2/install/setup.ps1'
[0.882s] INFO:colcon.colcon_core.shell:Creating prefix script '/home/pretil/catkin_ws/src/limo_ros2/install/local_setup.sh'
[0.882s] INFO:colcon.colcon_core.shell:Creating prefix util module '/home/pretil/catkin_ws/src/limo_ros2/install/_local_setup_util_sh.py'
[0.883s] INFO:colcon.colcon_core.shell:Creating prefix chain script '/home/pretil/catkin_ws/src/limo_ros2/install/setup.sh'
[0.884s] INFO:colcon.colcon_core.shell:Creating prefix script '/home/pretil/catkin_ws/src/limo_ros2/install/local_setup.bash'
[0.885s] INFO:colcon.colcon_core.shell:Creating prefix chain script '/home/pretil/catkin_ws/src/limo_ros2/install/setup.bash'
[0.886s] INFO:colcon.colcon_core.shell:Creating prefix script '/home/pretil/catkin_ws/src/limo_ros2/install/local_setup.zsh'
[0.887s] INFO:colcon.colcon_core.shell:Creating prefix chain script '/home/pretil/catkin_ws/src/limo_ros2/install/setup.zsh'
