[0.111s] DEBUG:colcon:Command line arguments: ['/usr/bin/colcon', 'build']
[0.111s] DEBUG:colcon:Parsed command line arguments: Namespace(log_base=None, log_level=None, verb_name='build', build_base='build', install_base='install', merge_install=False, symlink_install=False, test_result_base=None, continue_on_error=False, executor='parallel', parallel_workers=12, event_handlers=None, ignore_user_meta=False, metas=['./colcon.meta'], base_paths=['.'], packages_ignore=None, packages_ignore_regex=None, paths=None, packages_up_to=None, packages_up_to_regex=None, packages_above=None, packages_above_and_dependencies=None, packages_above_depth=None, packages_select_by_dep=None, packages_skip_by_dep=None, packages_skip_up_to=None, packages_select_build_failed=False, packages_skip_build_finished=False, packages_select_test_failures=False, packages_skip_test_passed=False, packages_select=None, packages_skip=None, packages_select_regex=None, packages_skip_regex=None, packages_start=None, packages_end=None, cmake_args=None, cmake_target=None, cmake_target_skip_unavailable=False, cmake_clean_cache=False, cmake_clean_first=False, cmake_force_configure=False, ament_cmake_args=None, catkin_cmake_args=None, catkin_skip_building_tests=False, mixin_files=None, mixin=None, verb_parser=<colcon_mixin.mixin.mixin_argument.MixinArgumentDecorator object at 0x7fac510d8e20>, verb_extension=<colcon_core.verb.build.BuildVerb object at 0x7fac510d8970>, main=<bound method BuildVerb.main of <colcon_core.verb.build.BuildVerb object at 0x7fac510d8970>>, mixin_verb=('build',))
[0.279s] Level 1:colcon.colcon_core.package_discovery:discover_packages(colcon_meta) check parameters
[0.279s] Level 1:colcon.colcon_core.package_discovery:discover_packages(recursive) check parameters
[0.279s] Level 1:colcon.colcon_core.package_discovery:discover_packages(ignore) check parameters
[0.280s] Level 1:colcon.colcon_core.package_discovery:discover_packages(path) check parameters
[0.280s] Level 1:colcon.colcon_core.package_discovery:discover_packages(colcon_meta) discover
[0.280s] Level 1:colcon.colcon_core.package_discovery:discover_packages(recursive) discover
[0.280s] INFO:colcon.colcon_core.package_discovery:Crawling recursively for packages in '/home/pretil/catkin_ws/src/limo_ros2'
[0.280s] Level 1:colcon.colcon_core.package_identification:_identify(.) by extensions ['ignore', 'ignore_ament_install']
[0.280s] Level 1:colcon.colcon_core.package_identification:_identify(.) by extension 'ignore'
[0.280s] Level 1:colcon.colcon_core.package_identification:_identify(.) by extension 'ignore_ament_install'
[0.280s] Level 1:colcon.colcon_core.package_identification:_identify(.) by extensions ['colcon_pkg']
[0.280s] Level 1:colcon.colcon_core.package_identification:_identify(.) by extension 'colcon_pkg'
[0.280s] Level 1:colcon.colcon_core.package_identification:_identify(.) by extensions ['colcon_meta']
[0.280s] Level 1:colcon.colcon_core.package_identification:_identify(.) by extension 'colcon_meta'
[0.280s] Level 1:colcon.colcon_core.package_identification:_identify(.) by extensions ['ros']
[0.280s] Level 1:colcon.colcon_core.package_identification:_identify(.) by extension 'ros'
[0.291s] Level 1:colcon.colcon_core.package_identification:_identify(.) by extensions ['cmake', 'python']
[0.291s] Level 1:colcon.colcon_core.package_identification:_identify(.) by extension 'cmake'
[0.291s] Level 1:colcon.colcon_core.package_identification:_identify(.) by extension 'python'
[0.291s] Level 1:colcon.colcon_core.package_identification:_identify(.) by extensions ['python_setup_py']
[0.291s] Level 1:colcon.colcon_core.package_identification:_identify(.) by extension 'python_setup_py'
[0.291s] Level 1:colcon.colcon_core.package_identification:_identify(build) by extensions ['ignore', 'ignore_ament_install']
[0.291s] Level 1:colcon.colcon_core.package_identification:_identify(build) by extension 'ignore'
[0.291s] Level 1:colcon.colcon_core.package_identification:_identify(build) ignored
[0.292s] Level 1:colcon.colcon_core.package_identification:_identify(install) by extensions ['ignore', 'ignore_ament_install']
[0.292s] Level 1:colcon.colcon_core.package_identification:_identify(install) by extension 'ignore'
[0.292s] Level 1:colcon.colcon_core.package_identification:_identify(install) ignored
[0.292s] Level 1:colcon.colcon_core.package_identification:_identify(limo_base) by extensions ['ignore', 'ignore_ament_install']
[0.292s] Level 1:colcon.colcon_core.package_identification:_identify(limo_base) by extension 'ignore'
[0.292s] Level 1:colcon.colcon_core.package_identification:_identify(limo_base) by extension 'ignore_ament_install'
[0.292s] Level 1:colcon.colcon_core.package_identification:_identify(limo_base) by extensions ['colcon_pkg']
[0.292s] Level 1:colcon.colcon_core.package_identification:_identify(limo_base) by extension 'colcon_pkg'
[0.292s] Level 1:colcon.colcon_core.package_identification:_identify(limo_base) by extensions ['colcon_meta']
[0.292s] Level 1:colcon.colcon_core.package_identification:_identify(limo_base) by extension 'colcon_meta'
[0.292s] Level 1:colcon.colcon_core.package_identification:_identify(limo_base) by extensions ['ros']
[0.292s] Level 1:colcon.colcon_core.package_identification:_identify(limo_base) by extension 'ros'
[0.295s] DEBUG:colcon.colcon_core.package_identification:Package 'limo_base' with type 'ros.ament_cmake' and name 'limo_base'
[0.295s] Level 1:colcon.colcon_core.package_identification:_identify(limo_bringup) by extensions ['ignore', 'ignore_ament_install']
[0.295s] Level 1:colcon.colcon_core.package_identification:_identify(limo_bringup) by extension 'ignore'
[0.295s] Level 1:colcon.colcon_core.package_identification:_identify(limo_bringup) by extension 'ignore_ament_install'
[0.295s] Level 1:colcon.colcon_core.package_identification:_identify(limo_bringup) by extensions ['colcon_pkg']
[0.295s] Level 1:colcon.colcon_core.package_identification:_identify(limo_bringup) by extension 'colcon_pkg'
[0.295s] Level 1:colcon.colcon_core.package_identification:_identify(limo_bringup) by extensions ['colcon_meta']
[0.295s] Level 1:colcon.colcon_core.package_identification:_identify(limo_bringup) by extension 'colcon_meta'
[0.295s] Level 1:colcon.colcon_core.package_identification:_identify(limo_bringup) by extensions ['ros']
[0.295s] Level 1:colcon.colcon_core.package_identification:_identify(limo_bringup) by extension 'ros'
[0.297s] DEBUG:colcon.colcon_core.package_identification:Package 'limo_bringup' with type 'ros.ament_cmake' and name 'limo_bringup'
[0.297s] Level 1:colcon.colcon_core.package_identification:_identify(limo_car) by extensions ['ignore', 'ignore_ament_install']
[0.297s] Level 1:colcon.colcon_core.package_identification:_identify(limo_car) by extension 'ignore'
[0.297s] Level 1:colcon.colcon_core.package_identification:_identify(limo_car) by extension 'ignore_ament_install'
[0.297s] Level 1:colcon.colcon_core.package_identification:_identify(limo_car) by extensions ['colcon_pkg']
[0.297s] Level 1:colcon.colcon_core.package_identification:_identify(limo_car) by extension 'colcon_pkg'
[0.297s] Level 1:colcon.colcon_core.package_identification:_identify(limo_car) by extensions ['colcon_meta']
[0.297s] Level 1:colcon.colcon_core.package_identification:_identify(limo_car) by extension 'colcon_meta'
[0.297s] Level 1:colcon.colcon_core.package_identification:_identify(limo_car) by extensions ['ros']
[0.297s] Level 1:colcon.colcon_core.package_identification:_identify(limo_car) by extension 'ros'
[0.298s] DEBUG:colcon.colcon_core.package_identification:Package 'limo_car' with type 'ros.ament_cmake' and name 'limo_car'
[0.298s] Level 1:colcon.colcon_core.package_identification:_identify(limo_description) by extensions ['ignore', 'ignore_ament_install']
[0.298s] Level 1:colcon.colcon_core.package_identification:_identify(limo_description) by extension 'ignore'
[0.298s] Level 1:colcon.colcon_core.package_identification:_identify(limo_description) by extension 'ignore_ament_install'
[0.299s] Level 1:colcon.colcon_core.package_identification:_identify(limo_description) by extensions ['colcon_pkg']
[0.299s] Level 1:colcon.colcon_core.package_identification:_identify(limo_description) by extension 'colcon_pkg'
[0.299s] Level 1:colcon.colcon_core.package_identification:_identify(limo_description) by extensions ['colcon_meta']
[0.299s] Level 1:colcon.colcon_core.package_identification:_identify(limo_description) by extension 'colcon_meta'
[0.299s] Level 1:colcon.colcon_core.package_identification:_identify(limo_description) by extensions ['ros']
[0.299s] Level 1:colcon.colcon_core.package_identification:_identify(limo_description) by extension 'ros'
[0.299s] DEBUG:colcon.colcon_core.package_identification:Package 'limo_description' with type 'ros.ament_cmake' and name 'limo_description'
[0.299s] Level 1:colcon.colcon_core.package_identification:_identify(limo_gazebosim) by extensions ['ignore', 'ignore_ament_install']
[0.299s] Level 1:colcon.colcon_core.package_identification:_identify(limo_gazebosim) by extension 'ignore'
[0.299s] Level 1:colcon.colcon_core.package_identification:_identify(limo_gazebosim) by extension 'ignore_ament_install'
[0.300s] Level 1:colcon.colcon_core.package_identification:_identify(limo_gazebosim) by extensions ['colcon_pkg']
[0.300s] Level 1:colcon.colcon_core.package_identification:_identify(limo_gazebosim) by extension 'colcon_pkg'
[0.300s] Level 1:colcon.colcon_core.package_identification:_identify(limo_gazebosim) by extensions ['colcon_meta']
[0.300s] Level 1:colcon.colcon_core.package_identification:_identify(limo_gazebosim) by extension 'colcon_meta'
[0.300s] Level 1:colcon.colcon_core.package_identification:_identify(limo_gazebosim) by extensions ['ros']
[0.300s] Level 1:colcon.colcon_core.package_identification:_identify(limo_gazebosim) by extension 'ros'
[0.300s] DEBUG:colcon.colcon_core.package_identification:Package 'limo_gazebosim' with type 'ros.ament_cmake' and name 'limo_gazebosim'
[0.300s] Level 1:colcon.colcon_core.package_identification:_identify(limo_msgs) by extensions ['ignore', 'ignore_ament_install']
[0.300s] Level 1:colcon.colcon_core.package_identification:_identify(limo_msgs) by extension 'ignore'
[0.300s] Level 1:colcon.colcon_core.package_identification:_identify(limo_msgs) by extension 'ignore_ament_install'
[0.300s] Level 1:colcon.colcon_core.package_identification:_identify(limo_msgs) by extensions ['colcon_pkg']
[0.301s] Level 1:colcon.colcon_core.package_identification:_identify(limo_msgs) by extension 'colcon_pkg'
[0.301s] Level 1:colcon.colcon_core.package_identification:_identify(limo_msgs) by extensions ['colcon_meta']
[0.301s] Level 1:colcon.colcon_core.package_identification:_identify(limo_msgs) by extension 'colcon_meta'
[0.301s] Level 1:colcon.colcon_core.package_identification:_identify(limo_msgs) by extensions ['ros']
[0.301s] Level 1:colcon.colcon_core.package_identification:_identify(limo_msgs) by extension 'ros'
[0.301s] DEBUG:colcon.colcon_core.package_identification:Package 'limo_msgs' with type 'ros.ament_cmake' and name 'limo_msgs'
[0.301s] Level 1:colcon.colcon_core.package_identification:_identify(limo_navigation) by extensions ['ignore', 'ignore_ament_install']
[0.301s] Level 1:colcon.colcon_core.package_identification:_identify(limo_navigation) by extension 'ignore'
[0.302s] Level 1:colcon.colcon_core.package_identification:_identify(limo_navigation) by extension 'ignore_ament_install'
[0.302s] Level 1:colcon.colcon_core.package_identification:_identify(limo_navigation) by extensions ['colcon_pkg']
[0.302s] Level 1:colcon.colcon_core.package_identification:_identify(limo_navigation) by extension 'colcon_pkg'
[0.302s] Level 1:colcon.colcon_core.package_identification:_identify(limo_navigation) by extensions ['colcon_meta']
[0.302s] Level 1:colcon.colcon_core.package_identification:_identify(limo_navigation) by extension 'colcon_meta'
[0.302s] Level 1:colcon.colcon_core.package_identification:_identify(limo_navigation) by extensions ['ros']
[0.302s] Level 1:colcon.colcon_core.package_identification:_identify(limo_navigation) by extension 'ros'
[0.302s] DEBUG:colcon.colcon_core.package_identification:Package 'limo_navigation' with type 'ros.ament_cmake' and name 'limo_navigation'
[0.302s] Level 1:colcon.colcon_core.package_identification:_identify(log) by extensions ['ignore', 'ignore_ament_install']
[0.302s] Level 1:colcon.colcon_core.package_identification:_identify(log) by extension 'ignore'
[0.303s] Level 1:colcon.colcon_core.package_identification:_identify(log) ignored
[0.303s] Level 1:colcon.colcon_core.package_identification:_identify(ydlidar_ros2) by extensions ['ignore', 'ignore_ament_install']
[0.303s] Level 1:colcon.colcon_core.package_identification:_identify(ydlidar_ros2) by extension 'ignore'
[0.303s] Level 1:colcon.colcon_core.package_identification:_identify(ydlidar_ros2) by extension 'ignore_ament_install'
[0.303s] Level 1:colcon.colcon_core.package_identification:_identify(ydlidar_ros2) by extensions ['colcon_pkg']
[0.303s] Level 1:colcon.colcon_core.package_identification:_identify(ydlidar_ros2) by extension 'colcon_pkg'
[0.303s] Level 1:colcon.colcon_core.package_identification:_identify(ydlidar_ros2) by extensions ['colcon_meta']
[0.303s] Level 1:colcon.colcon_core.package_identification:_identify(ydlidar_ros2) by extension 'colcon_meta'
[0.303s] Level 1:colcon.colcon_core.package_identification:_identify(ydlidar_ros2) by extensions ['ros']
[0.303s] Level 1:colcon.colcon_core.package_identification:_identify(ydlidar_ros2) by extension 'ros'
[0.304s] DEBUG:colcon.colcon_core.package_identification:Package 'ydlidar_ros2' with type 'ros.ament_cmake' and name 'ydlidar_ros2_driver'
[0.304s] Level 1:colcon.colcon_core.package_discovery:discover_packages(recursive) using defaults
[0.304s] Level 1:colcon.colcon_core.package_discovery:discover_packages(ignore) discover
[0.304s] Level 1:colcon.colcon_core.package_discovery:discover_packages(ignore) using defaults
[0.304s] Level 1:colcon.colcon_core.package_discovery:discover_packages(path) discover
[0.304s] Level 1:colcon.colcon_core.package_discovery:discover_packages(path) using defaults
[0.332s] Level 5:colcon.colcon_core.verb:set package 'limo_car' build argument 'cmake_args' from command line to 'None'
[0.332s] Level 5:colcon.colcon_core.verb:set package 'limo_car' build argument 'cmake_target' from command line to 'None'
[0.332s] Level 5:colcon.colcon_core.verb:set package 'limo_car' build argument 'cmake_target_skip_unavailable' from command line to 'False'
[0.332s] Level 5:colcon.colcon_core.verb:set package 'limo_car' build argument 'cmake_clean_cache' from command line to 'False'
[0.332s] Level 5:colcon.colcon_core.verb:set package 'limo_car' build argument 'cmake_clean_first' from command line to 'False'
[0.332s] Level 5:colcon.colcon_core.verb:set package 'limo_car' build argument 'cmake_force_configure' from command line to 'False'
[0.332s] Level 5:colcon.colcon_core.verb:set package 'limo_car' build argument 'ament_cmake_args' from command line to 'None'
[0.332s] Level 5:colcon.colcon_core.verb:set package 'limo_car' build argument 'catkin_cmake_args' from command line to 'None'
[0.332s] Level 5:colcon.colcon_core.verb:set package 'limo_car' build argument 'catkin_skip_building_tests' from command line to 'False'
[0.332s] DEBUG:colcon.colcon_core.verb:Building package 'limo_car' with the following arguments: {'ament_cmake_args': None, 'build_base': '/home/pretil/catkin_ws/src/limo_ros2/build/limo_car', 'catkin_cmake_args': None, 'catkin_skip_building_tests': False, 'cmake_args': None, 'cmake_clean_cache': False, 'cmake_clean_first': False, 'cmake_force_configure': False, 'cmake_target': None, 'cmake_target_skip_unavailable': False, 'install_base': '/home/pretil/catkin_ws/src/limo_ros2/install/limo_car', 'merge_install': False, 'path': '/home/pretil/catkin_ws/src/limo_ros2/limo_car', 'symlink_install': False, 'test_result_base': None}
[0.333s] Level 5:colcon.colcon_core.verb:set package 'limo_description' build argument 'cmake_args' from command line to 'None'
[0.333s] Level 5:colcon.colcon_core.verb:set package 'limo_description' build argument 'cmake_target' from command line to 'None'
[0.333s] Level 5:colcon.colcon_core.verb:set package 'limo_description' build argument 'cmake_target_skip_unavailable' from command line to 'False'
[0.333s] Level 5:colcon.colcon_core.verb:set package 'limo_description' build argument 'cmake_clean_cache' from command line to 'False'
[0.333s] Level 5:colcon.colcon_core.verb:set package 'limo_description' build argument 'cmake_clean_first' from command line to 'False'
[0.333s] Level 5:colcon.colcon_core.verb:set package 'limo_description' build argument 'cmake_force_configure' from command line to 'False'
[0.333s] Level 5:colcon.colcon_core.verb:set package 'limo_description' build argument 'ament_cmake_args' from command line to 'None'
[0.333s] Level 5:colcon.colcon_core.verb:set package 'limo_description' build argument 'catkin_cmake_args' from command line to 'None'
[0.333s] Level 5:colcon.colcon_core.verb:set package 'limo_description' build argument 'catkin_skip_building_tests' from command line to 'False'
[0.333s] DEBUG:colcon.colcon_core.verb:Building package 'limo_description' with the following arguments: {'ament_cmake_args': None, 'build_base': '/home/pretil/catkin_ws/src/limo_ros2/build/limo_description', 'catkin_cmake_args': None, 'catkin_skip_building_tests': False, 'cmake_args': None, 'cmake_clean_cache': False, 'cmake_clean_first': False, 'cmake_force_configure': False, 'cmake_target': None, 'cmake_target_skip_unavailable': False, 'install_base': '/home/pretil/catkin_ws/src/limo_ros2/install/limo_description', 'merge_install': False, 'path': '/home/pretil/catkin_ws/src/limo_ros2/limo_description', 'symlink_install': False, 'test_result_base': None}
[0.334s] Level 5:colcon.colcon_core.verb:set package 'limo_gazebosim' build argument 'cmake_args' from command line to 'None'
[0.334s] Level 5:colcon.colcon_core.verb:set package 'limo_gazebosim' build argument 'cmake_target' from command line to 'None'
[0.334s] Level 5:colcon.colcon_core.verb:set package 'limo_gazebosim' build argument 'cmake_target_skip_unavailable' from command line to 'False'
[0.334s] Level 5:colcon.colcon_core.verb:set package 'limo_gazebosim' build argument 'cmake_clean_cache' from command line to 'False'
[0.334s] Level 5:colcon.colcon_core.verb:set package 'limo_gazebosim' build argument 'cmake_clean_first' from command line to 'False'
[0.334s] Level 5:colcon.colcon_core.verb:set package 'limo_gazebosim' build argument 'cmake_force_configure' from command line to 'False'
[0.334s] Level 5:colcon.colcon_core.verb:set package 'limo_gazebosim' build argument 'ament_cmake_args' from command line to 'None'
[0.334s] Level 5:colcon.colcon_core.verb:set package 'limo_gazebosim' build argument 'catkin_cmake_args' from command line to 'None'
[0.334s] Level 5:colcon.colcon_core.verb:set package 'limo_gazebosim' build argument 'catkin_skip_building_tests' from command line to 'False'
[0.334s] DEBUG:colcon.colcon_core.verb:Building package 'limo_gazebosim' with the following arguments: {'ament_cmake_args': None, 'build_base': '/home/pretil/catkin_ws/src/limo_ros2/build/limo_gazebosim', 'catkin_cmake_args': None, 'catkin_skip_building_tests': False, 'cmake_args': None, 'cmake_clean_cache': False, 'cmake_clean_first': False, 'cmake_force_configure': False, 'cmake_target': None, 'cmake_target_skip_unavailable': False, 'install_base': '/home/pretil/catkin_ws/src/limo_ros2/install/limo_gazebosim', 'merge_install': False, 'path': '/home/pretil/catkin_ws/src/limo_ros2/limo_gazebosim', 'symlink_install': False, 'test_result_base': None}
[0.334s] Level 5:colcon.colcon_core.verb:set package 'limo_msgs' build argument 'cmake_args' from command line to 'None'
[0.334s] Level 5:colcon.colcon_core.verb:set package 'limo_msgs' build argument 'cmake_target' from command line to 'None'
[0.334s] Level 5:colcon.colcon_core.verb:set package 'limo_msgs' build argument 'cmake_target_skip_unavailable' from command line to 'False'
[0.334s] Level 5:colcon.colcon_core.verb:set package 'limo_msgs' build argument 'cmake_clean_cache' from command line to 'False'
[0.334s] Level 5:colcon.colcon_core.verb:set package 'limo_msgs' build argument 'cmake_clean_first' from command line to 'False'
[0.334s] Level 5:colcon.colcon_core.verb:set package 'limo_msgs' build argument 'cmake_force_configure' from command line to 'False'
[0.334s] Level 5:colcon.colcon_core.verb:set package 'limo_msgs' build argument 'ament_cmake_args' from command line to 'None'
[0.334s] Level 5:colcon.colcon_core.verb:set package 'limo_msgs' build argument 'catkin_cmake_args' from command line to 'None'
[0.334s] Level 5:colcon.colcon_core.verb:set package 'limo_msgs' build argument 'catkin_skip_building_tests' from command line to 'False'
[0.334s] DEBUG:colcon.colcon_core.verb:Building package 'limo_msgs' with the following arguments: {'ament_cmake_args': None, 'build_base': '/home/pretil/catkin_ws/src/limo_ros2/build/limo_msgs', 'catkin_cmake_args': None, 'catkin_skip_building_tests': False, 'cmake_args': None, 'cmake_clean_cache': False, 'cmake_clean_first': False, 'cmake_force_configure': False, 'cmake_target': None, 'cmake_target_skip_unavailable': False, 'install_base': '/home/pretil/catkin_ws/src/limo_ros2/install/limo_msgs', 'merge_install': False, 'path': '/home/pretil/catkin_ws/src/limo_ros2/limo_msgs', 'symlink_install': False, 'test_result_base': None}
[0.335s] Level 5:colcon.colcon_core.verb:set package 'limo_navigation' build argument 'cmake_args' from command line to 'None'
[0.335s] Level 5:colcon.colcon_core.verb:set package 'limo_navigation' build argument 'cmake_target' from command line to 'None'
[0.335s] Level 5:colcon.colcon_core.verb:set package 'limo_navigation' build argument 'cmake_target_skip_unavailable' from command line to 'False'
[0.335s] Level 5:colcon.colcon_core.verb:set package 'limo_navigation' build argument 'cmake_clean_cache' from command line to 'False'
[0.335s] Level 5:colcon.colcon_core.verb:set package 'limo_navigation' build argument 'cmake_clean_first' from command line to 'False'
[0.335s] Level 5:colcon.colcon_core.verb:set package 'limo_navigation' build argument 'cmake_force_configure' from command line to 'False'
[0.335s] Level 5:colcon.colcon_core.verb:set package 'limo_navigation' build argument 'ament_cmake_args' from command line to 'None'
[0.335s] Level 5:colcon.colcon_core.verb:set package 'limo_navigation' build argument 'catkin_cmake_args' from command line to 'None'
[0.335s] Level 5:colcon.colcon_core.verb:set package 'limo_navigation' build argument 'catkin_skip_building_tests' from command line to 'False'
[0.335s] DEBUG:colcon.colcon_core.verb:Building package 'limo_navigation' with the following arguments: {'ament_cmake_args': None, 'build_base': '/home/pretil/catkin_ws/src/limo_ros2/build/limo_navigation', 'catkin_cmake_args': None, 'catkin_skip_building_tests': False, 'cmake_args': None, 'cmake_clean_cache': False, 'cmake_clean_first': False, 'cmake_force_configure': False, 'cmake_target': None, 'cmake_target_skip_unavailable': False, 'install_base': '/home/pretil/catkin_ws/src/limo_ros2/install/limo_navigation', 'merge_install': False, 'path': '/home/pretil/catkin_ws/src/limo_ros2/limo_navigation', 'symlink_install': False, 'test_result_base': None}
[0.335s] Level 5:colcon.colcon_core.verb:set package 'ydlidar_ros2_driver' build argument 'cmake_args' from command line to 'None'
[0.335s] Level 5:colcon.colcon_core.verb:set package 'ydlidar_ros2_driver' build argument 'cmake_target' from command line to 'None'
[0.335s] Level 5:colcon.colcon_core.verb:set package 'ydlidar_ros2_driver' build argument 'cmake_target_skip_unavailable' from command line to 'False'
[0.335s] Level 5:colcon.colcon_core.verb:set package 'ydlidar_ros2_driver' build argument 'cmake_clean_cache' from command line to 'False'
[0.335s] Level 5:colcon.colcon_core.verb:set package 'ydlidar_ros2_driver' build argument 'cmake_clean_first' from command line to 'False'
[0.336s] Level 5:colcon.colcon_core.verb:set package 'ydlidar_ros2_driver' build argument 'cmake_force_configure' from command line to 'False'
[0.336s] Level 5:colcon.colcon_core.verb:set package 'ydlidar_ros2_driver' build argument 'ament_cmake_args' from command line to 'None'
[0.336s] Level 5:colcon.colcon_core.verb:set package 'ydlidar_ros2_driver' build argument 'catkin_cmake_args' from command line to 'None'
[0.336s] Level 5:colcon.colcon_core.verb:set package 'ydlidar_ros2_driver' build argument 'catkin_skip_building_tests' from command line to 'False'
[0.336s] DEBUG:colcon.colcon_core.verb:Building package 'ydlidar_ros2_driver' with the following arguments: {'ament_cmake_args': None, 'build_base': '/home/pretil/catkin_ws/src/limo_ros2/build/ydlidar_ros2_driver', 'catkin_cmake_args': None, 'catkin_skip_building_tests': False, 'cmake_args': None, 'cmake_clean_cache': False, 'cmake_clean_first': False, 'cmake_force_configure': False, 'cmake_target': None, 'cmake_target_skip_unavailable': False, 'install_base': '/home/pretil/catkin_ws/src/limo_ros2/install/ydlidar_ros2_driver', 'merge_install': False, 'path': '/home/pretil/catkin_ws/src/limo_ros2/ydlidar_ros2', 'symlink_install': False, 'test_result_base': None}
[0.336s] Level 5:colcon.colcon_core.verb:set package 'limo_base' build argument 'cmake_args' from command line to 'None'
[0.336s] Level 5:colcon.colcon_core.verb:set package 'limo_base' build argument 'cmake_target' from command line to 'None'
[0.336s] Level 5:colcon.colcon_core.verb:set package 'limo_base' build argument 'cmake_target_skip_unavailable' from command line to 'False'
[0.336s] Level 5:colcon.colcon_core.verb:set package 'limo_base' build argument 'cmake_clean_cache' from command line to 'False'
[0.336s] Level 5:colcon.colcon_core.verb:set package 'limo_base' build argument 'cmake_clean_first' from command line to 'False'
[0.336s] Level 5:colcon.colcon_core.verb:set package 'limo_base' build argument 'cmake_force_configure' from command line to 'False'
[0.336s] Level 5:colcon.colcon_core.verb:set package 'limo_base' build argument 'ament_cmake_args' from command line to 'None'
[0.336s] Level 5:colcon.colcon_core.verb:set package 'limo_base' build argument 'catkin_cmake_args' from command line to 'None'
[0.336s] Level 5:colcon.colcon_core.verb:set package 'limo_base' build argument 'catkin_skip_building_tests' from command line to 'False'
[0.336s] DEBUG:colcon.colcon_core.verb:Building package 'limo_base' with the following arguments: {'ament_cmake_args': None, 'build_base': '/home/pretil/catkin_ws/src/limo_ros2/build/limo_base', 'catkin_cmake_args': None, 'catkin_skip_building_tests': False, 'cmake_args': None, 'cmake_clean_cache': False, 'cmake_clean_first': False, 'cmake_force_configure': False, 'cmake_target': None, 'cmake_target_skip_unavailable': False, 'install_base': '/home/pretil/catkin_ws/src/limo_ros2/install/limo_base', 'merge_install': False, 'path': '/home/pretil/catkin_ws/src/limo_ros2/limo_base', 'symlink_install': False, 'test_result_base': None}
[0.337s] Level 5:colcon.colcon_core.verb:set package 'limo_bringup' build argument 'cmake_args' from command line to 'None'
[0.337s] Level 5:colcon.colcon_core.verb:set package 'limo_bringup' build argument 'cmake_target' from command line to 'None'
[0.337s] Level 5:colcon.colcon_core.verb:set package 'limo_bringup' build argument 'cmake_target_skip_unavailable' from command line to 'False'
[0.337s] Level 5:colcon.colcon_core.verb:set package 'limo_bringup' build argument 'cmake_clean_cache' from command line to 'False'
[0.337s] Level 5:colcon.colcon_core.verb:set package 'limo_bringup' build argument 'cmake_clean_first' from command line to 'False'
[0.337s] Level 5:colcon.colcon_core.verb:set package 'limo_bringup' build argument 'cmake_force_configure' from command line to 'False'
[0.337s] Level 5:colcon.colcon_core.verb:set package 'limo_bringup' build argument 'ament_cmake_args' from command line to 'None'
[0.337s] Level 5:colcon.colcon_core.verb:set package 'limo_bringup' build argument 'catkin_cmake_args' from command line to 'None'
[0.337s] Level 5:colcon.colcon_core.verb:set package 'limo_bringup' build argument 'catkin_skip_building_tests' from command line to 'False'
[0.337s] DEBUG:colcon.colcon_core.verb:Building package 'limo_bringup' with the following arguments: {'ament_cmake_args': None, 'build_base': '/home/pretil/catkin_ws/src/limo_ros2/build/limo_bringup', 'catkin_cmake_args': None, 'catkin_skip_building_tests': False, 'cmake_args': None, 'cmake_clean_cache': False, 'cmake_clean_first': False, 'cmake_force_configure': False, 'cmake_target': None, 'cmake_target_skip_unavailable': False, 'install_base': '/home/pretil/catkin_ws/src/limo_ros2/install/limo_bringup', 'merge_install': False, 'path': '/home/pretil/catkin_ws/src/limo_ros2/limo_bringup', 'symlink_install': False, 'test_result_base': None}
[0.337s] INFO:colcon.colcon_core.executor:Executing jobs using 'parallel' executor
[0.338s] DEBUG:colcon.colcon_parallel_executor.executor.parallel:run_until_complete
[0.338s] INFO:colcon.colcon_ros.task.ament_cmake.build:Building ROS package in '/home/pretil/catkin_ws/src/limo_ros2/limo_msgs' with build type 'ament_cmake'
[0.338s] INFO:colcon.colcon_cmake.task.cmake.build:Building CMake package in '/home/pretil/catkin_ws/src/limo_ros2/limo_msgs'
[0.341s] INFO:colcon.colcon_core.plugin_system:Skipping extension 'colcon_core.shell.bat': Not used on non-Windows systems
[0.341s] INFO:colcon.colcon_core.shell:Skip shell extension 'powershell' for command environment: Not usable outside of PowerShell
[0.341s] DEBUG:colcon.colcon_core.shell:Skip shell extension 'dsv' for command environment
[0.347s] INFO:colcon.colcon_ros.task.ament_cmake.build:Building ROS package in '/home/pretil/catkin_ws/src/limo_ros2/limo_car' with build type 'ament_cmake'
[0.347s] INFO:colcon.colcon_cmake.task.cmake.build:Building CMake package in '/home/pretil/catkin_ws/src/limo_ros2/limo_car'
[0.347s] INFO:colcon.colcon_core.shell:Skip shell extension 'powershell' for command environment: Not usable outside of PowerShell
[0.347s] DEBUG:colcon.colcon_core.shell:Skip shell extension 'dsv' for command environment
[0.351s] INFO:colcon.colcon_ros.task.ament_cmake.build:Building ROS package in '/home/pretil/catkin_ws/src/limo_ros2/limo_description' with build type 'ament_cmake'
[0.352s] INFO:colcon.colcon_cmake.task.cmake.build:Building CMake package in '/home/pretil/catkin_ws/src/limo_ros2/limo_description'
[0.352s] INFO:colcon.colcon_core.shell:Skip shell extension 'powershell' for command environment: Not usable outside of PowerShell
[0.352s] DEBUG:colcon.colcon_core.shell:Skip shell extension 'dsv' for command environment
[0.356s] INFO:colcon.colcon_ros.task.ament_cmake.build:Building ROS package in '/home/pretil/catkin_ws/src/limo_ros2/limo_gazebosim' with build type 'ament_cmake'
[0.356s] INFO:colcon.colcon_cmake.task.cmake.build:Building CMake package in '/home/pretil/catkin_ws/src/limo_ros2/limo_gazebosim'
[0.356s] INFO:colcon.colcon_core.shell:Skip shell extension 'powershell' for command environment: Not usable outside of PowerShell
[0.356s] DEBUG:colcon.colcon_core.shell:Skip shell extension 'dsv' for command environment
[0.360s] INFO:colcon.colcon_ros.task.ament_cmake.build:Building ROS package in '/home/pretil/catkin_ws/src/limo_ros2/limo_navigation' with build type 'ament_cmake'
[0.361s] INFO:colcon.colcon_cmake.task.cmake.build:Building CMake package in '/home/pretil/catkin_ws/src/limo_ros2/limo_navigation'
[0.361s] INFO:colcon.colcon_core.shell:Skip shell extension 'powershell' for command environment: Not usable outside of PowerShell
[0.361s] DEBUG:colcon.colcon_core.shell:Skip shell extension 'dsv' for command environment
[0.365s] INFO:colcon.colcon_ros.task.ament_cmake.build:Building ROS package in '/home/pretil/catkin_ws/src/limo_ros2/ydlidar_ros2' with build type 'ament_cmake'
[0.365s] INFO:colcon.colcon_cmake.task.cmake.build:Building CMake package in '/home/pretil/catkin_ws/src/limo_ros2/ydlidar_ros2'
[0.365s] INFO:colcon.colcon_core.shell:Skip shell extension 'powershell' for command environment: Not usable outside of PowerShell
[0.365s] DEBUG:colcon.colcon_core.shell:Skip shell extension 'dsv' for command environment
[0.373s] DEBUG:colcon.colcon_core.event_handler.log_command:Invoking command in '/home/pretil/catkin_ws/src/limo_ros2/build/limo_msgs': CMAKE_PREFIX_PATH=${CMAKE_PREFIX_PATH}:/opt/ros/humble /usr/bin/cmake --build /home/pretil/catkin_ws/src/limo_ros2/build/limo_msgs -- -j12 -l12
[0.376s] DEBUG:colcon.colcon_core.event_handler.log_command:Invoking command in '/home/pretil/catkin_ws/src/limo_ros2/build/limo_car': CMAKE_PREFIX_PATH=${CMAKE_PREFIX_PATH}:/opt/ros/humble /usr/bin/cmake --build /home/pretil/catkin_ws/src/limo_ros2/build/limo_car -- -j12 -l12
[0.378s] DEBUG:colcon.colcon_core.event_handler.log_command:Invoking command in '/home/pretil/catkin_ws/src/limo_ros2/build/limo_description': CMAKE_PREFIX_PATH=${CMAKE_PREFIX_PATH}:/opt/ros/humble /usr/bin/cmake --build /home/pretil/catkin_ws/src/limo_ros2/build/limo_description -- -j12 -l12
[0.380s] DEBUG:colcon.colcon_core.event_handler.log_command:Invoking command in '/home/pretil/catkin_ws/src/limo_ros2/build/limo_gazebosim': CMAKE_PREFIX_PATH=${CMAKE_PREFIX_PATH}:/opt/ros/humble /usr/bin/cmake --build /home/pretil/catkin_ws/src/limo_ros2/build/limo_gazebosim -- -j12 -l12
[0.383s] DEBUG:colcon.colcon_core.event_handler.log_command:Invoking command in '/home/pretil/catkin_ws/src/limo_ros2/build/limo_navigation': CMAKE_PREFIX_PATH=${CMAKE_PREFIX_PATH}:/opt/ros/humble /usr/bin/cmake --build /home/pretil/catkin_ws/src/limo_ros2/build/limo_navigation -- -j12 -l12
[0.387s] DEBUG:colcon.colcon_core.event_handler.log_command:Invoking command in '/home/pretil/catkin_ws/src/limo_ros2/build/ydlidar_ros2_driver': CMAKE_PREFIX_PATH=${CMAKE_PREFIX_PATH}:/opt/ros/humble /usr/bin/cmake /home/pretil/catkin_ws/src/limo_ros2/ydlidar_ros2 -DCMAKE_INSTALL_PREFIX=/home/pretil/catkin_ws/src/limo_ros2/install/ydlidar_ros2_driver
[0.411s] DEBUG:colcon.colcon_core.event_handler.log_command:Invoked command in '/home/pretil/catkin_ws/src/limo_ros2/build/limo_description' returned '0': CMAKE_PREFIX_PATH=${CMAKE_PREFIX_PATH}:/opt/ros/humble /usr/bin/cmake --build /home/pretil/catkin_ws/src/limo_ros2/build/limo_description -- -j12 -l12
[0.420s] DEBUG:colcon.colcon_core.event_handler.log_command:Invoking command in '/home/pretil/catkin_ws/src/limo_ros2/build/limo_description': CMAKE_PREFIX_PATH=${CMAKE_PREFIX_PATH}:/opt/ros/humble /usr/bin/cmake --install /home/pretil/catkin_ws/src/limo_ros2/build/limo_description
[0.421s] DEBUG:colcon.colcon_core.event_handler.log_command:Invoked command in '/home/pretil/catkin_ws/src/limo_ros2/build/limo_car' returned '0': CMAKE_PREFIX_PATH=${CMAKE_PREFIX_PATH}:/opt/ros/humble /usr/bin/cmake --build /home/pretil/catkin_ws/src/limo_ros2/build/limo_car -- -j12 -l12
[0.423s] DEBUG:colcon.colcon_core.event_handler.log_command:Invoking command in '/home/pretil/catkin_ws/src/limo_ros2/build/limo_car': CMAKE_PREFIX_PATH=${CMAKE_PREFIX_PATH}:/opt/ros/humble /usr/bin/cmake --install /home/pretil/catkin_ws/src/limo_ros2/build/limo_car
[0.427s] DEBUG:colcon.colcon_core.event_handler.log_command:Invoked command in '/home/pretil/catkin_ws/src/limo_ros2/build/limo_navigation' returned '0': CMAKE_PREFIX_PATH=${CMAKE_PREFIX_PATH}:/opt/ros/humble /usr/bin/cmake --build /home/pretil/catkin_ws/src/limo_ros2/build/limo_navigation -- -j12 -l12
[0.431s] DEBUG:colcon.colcon_core.event_handler.log_command:Invoking command in '/home/pretil/catkin_ws/src/limo_ros2/build/limo_navigation': CMAKE_PREFIX_PATH=${CMAKE_PREFIX_PATH}:/opt/ros/humble /usr/bin/cmake --install /home/pretil/catkin_ws/src/limo_ros2/build/limo_navigation
[0.435s] DEBUG:colcon.colcon_core.event_handler.log_command:Invoked command in '/home/pretil/catkin_ws/src/limo_ros2/build/limo_gazebosim' returned '0': CMAKE_PREFIX_PATH=${CMAKE_PREFIX_PATH}:/opt/ros/humble /usr/bin/cmake --build /home/pretil/catkin_ws/src/limo_ros2/build/limo_gazebosim -- -j12 -l12
[0.437s] DEBUG:colcon.colcon_core.event_handler.log_command:Invoking command in '/home/pretil/catkin_ws/src/limo_ros2/build/limo_gazebosim': CMAKE_PREFIX_PATH=${CMAKE_PREFIX_PATH}:/opt/ros/humble /usr/bin/cmake --install /home/pretil/catkin_ws/src/limo_ros2/build/limo_gazebosim
[0.447s] Level 1:colcon.colcon_core.environment:create_environment_scripts_only(limo_description)
[0.456s] Level 1:colcon.colcon_core.environment:checking '/home/pretil/catkin_ws/src/limo_ros2/install/limo_description' for CMake module files
[0.459s] Level 1:colcon.colcon_core.environment:checking '/home/pretil/catkin_ws/src/limo_ros2/install/limo_description' for CMake config files
[0.461s] Level 1:colcon.colcon_core.shell:create_environment_hook('limo_description', 'cmake_prefix_path')
[0.461s] INFO:colcon.colcon_core.shell:Creating environment hook '/home/pretil/catkin_ws/src/limo_ros2/install/limo_description/share/limo_description/hook/cmake_prefix_path.ps1'
[0.463s] INFO:colcon.colcon_core.shell:Creating environment descriptor '/home/pretil/catkin_ws/src/limo_ros2/install/limo_description/share/limo_description/hook/cmake_prefix_path.dsv'
[0.463s] INFO:colcon.colcon_core.shell:Creating environment hook '/home/pretil/catkin_ws/src/limo_ros2/install/limo_description/share/limo_description/hook/cmake_prefix_path.sh'
[0.464s] DEBUG:colcon.colcon_core.event_handler.log_command:Invoked command in '/home/pretil/catkin_ws/src/limo_ros2/build/limo_description' returned '0': CMAKE_PREFIX_PATH=${CMAKE_PREFIX_PATH}:/opt/ros/humble /usr/bin/cmake --install /home/pretil/catkin_ws/src/limo_ros2/build/limo_description
[0.465s] Level 1:colcon.colcon_core.environment:checking '/home/pretil/catkin_ws/src/limo_ros2/install/limo_description/bin'
[0.465s] Level 1:colcon.colcon_core.environment:checking '/home/pretil/catkin_ws/src/limo_ros2/install/limo_description/lib/pkgconfig/limo_description.pc'
[0.467s] Level 1:colcon.colcon_core.environment:checking '/home/pretil/catkin_ws/src/limo_ros2/install/limo_description/lib/python3.10/site-packages'
[0.468s] Level 1:colcon.colcon_core.environment:checking '/home/pretil/catkin_ws/src/limo_ros2/install/limo_description/bin'
[0.468s] INFO:colcon.colcon_core.shell:Creating package script '/home/pretil/catkin_ws/src/limo_ros2/install/limo_description/share/limo_description/package.ps1'
[0.470s] INFO:colcon.colcon_core.shell:Creating package descriptor '/home/pretil/catkin_ws/src/limo_ros2/install/limo_description/share/limo_description/package.dsv'
[0.471s] INFO:colcon.colcon_core.shell:Creating package script '/home/pretil/catkin_ws/src/limo_ros2/install/limo_description/share/limo_description/package.sh'
[0.472s] INFO:colcon.colcon_core.shell:Creating package script '/home/pretil/catkin_ws/src/limo_ros2/install/limo_description/share/limo_description/package.bash'
[0.473s] INFO:colcon.colcon_core.shell:Creating package script '/home/pretil/catkin_ws/src/limo_ros2/install/limo_description/share/limo_description/package.zsh'
[0.474s] Level 1:colcon.colcon_core.environment:create_file_with_runtime_dependencies(/home/pretil/catkin_ws/src/limo_ros2/install/limo_description/share/colcon-core/packages/limo_description)
[0.474s] Level 1:colcon.colcon_core.environment:create_environment_scripts_only(limo_description)
[0.474s] Level 1:colcon.colcon_core.environment:checking '/home/pretil/catkin_ws/src/limo_ros2/install/limo_description' for CMake module files
[0.475s] Level 1:colcon.colcon_core.environment:checking '/home/pretil/catkin_ws/src/limo_ros2/install/limo_description' for CMake config files
[0.475s] Level 1:colcon.colcon_core.shell:create_environment_hook('limo_description', 'cmake_prefix_path')
[0.475s] INFO:colcon.colcon_core.shell:Creating environment hook '/home/pretil/catkin_ws/src/limo_ros2/install/limo_description/share/limo_description/hook/cmake_prefix_path.ps1'
[0.476s] INFO:colcon.colcon_core.shell:Creating environment descriptor '/home/pretil/catkin_ws/src/limo_ros2/install/limo_description/share/limo_description/hook/cmake_prefix_path.dsv'
[0.476s] INFO:colcon.colcon_core.shell:Creating environment hook '/home/pretil/catkin_ws/src/limo_ros2/install/limo_description/share/limo_description/hook/cmake_prefix_path.sh'
[0.477s] Level 1:colcon.colcon_core.environment:checking '/home/pretil/catkin_ws/src/limo_ros2/install/limo_description/bin'
[0.477s] Level 1:colcon.colcon_core.environment:checking '/home/pretil/catkin_ws/src/limo_ros2/install/limo_description/lib/pkgconfig/limo_description.pc'
[0.477s] Level 1:colcon.colcon_core.environment:checking '/home/pretil/catkin_ws/src/limo_ros2/install/limo_description/lib/python3.10/site-packages'
[0.478s] Level 1:colcon.colcon_core.environment:checking '/home/pretil/catkin_ws/src/limo_ros2/install/limo_description/bin'
[0.478s] INFO:colcon.colcon_core.shell:Creating package script '/home/pretil/catkin_ws/src/limo_ros2/install/limo_description/share/limo_description/package.ps1'
[0.479s] INFO:colcon.colcon_core.shell:Creating package descriptor '/home/pretil/catkin_ws/src/limo_ros2/install/limo_description/share/limo_description/package.dsv'
[0.479s] INFO:colcon.colcon_core.shell:Creating package script '/home/pretil/catkin_ws/src/limo_ros2/install/limo_description/share/limo_description/package.sh'
[0.480s] INFO:colcon.colcon_core.shell:Creating package script '/home/pretil/catkin_ws/src/limo_ros2/install/limo_description/share/limo_description/package.bash'
[0.480s] INFO:colcon.colcon_core.shell:Creating package script '/home/pretil/catkin_ws/src/limo_ros2/install/limo_description/share/limo_description/package.zsh'
[0.480s] Level 1:colcon.colcon_core.environment:create_file_with_runtime_dependencies(/home/pretil/catkin_ws/src/limo_ros2/install/limo_description/share/colcon-core/packages/limo_description)
[0.482s] Level 1:colcon.colcon_core.environment:create_environment_scripts_only(limo_gazebosim)
[0.482s] Level 1:colcon.colcon_core.environment:checking '/home/pretil/catkin_ws/src/limo_ros2/install/limo_gazebosim' for CMake module files
[0.482s] DEBUG:colcon.colcon_core.event_handler.log_command:Invoked command in '/home/pretil/catkin_ws/src/limo_ros2/build/limo_gazebosim' returned '0': CMAKE_PREFIX_PATH=${CMAKE_PREFIX_PATH}:/opt/ros/humble /usr/bin/cmake --install /home/pretil/catkin_ws/src/limo_ros2/build/limo_gazebosim
[0.483s] Level 1:colcon.colcon_core.environment:checking '/home/pretil/catkin_ws/src/limo_ros2/install/limo_gazebosim' for CMake config files
[0.483s] Level 1:colcon.colcon_core.shell:create_environment_hook('limo_gazebosim', 'cmake_prefix_path')
[0.483s] INFO:colcon.colcon_core.shell:Creating environment hook '/home/pretil/catkin_ws/src/limo_ros2/install/limo_gazebosim/share/limo_gazebosim/hook/cmake_prefix_path.ps1'
[0.484s] INFO:colcon.colcon_core.shell:Creating environment descriptor '/home/pretil/catkin_ws/src/limo_ros2/install/limo_gazebosim/share/limo_gazebosim/hook/cmake_prefix_path.dsv'
[0.484s] INFO:colcon.colcon_core.shell:Creating environment hook '/home/pretil/catkin_ws/src/limo_ros2/install/limo_gazebosim/share/limo_gazebosim/hook/cmake_prefix_path.sh'
[0.485s] Level 1:colcon.colcon_core.environment:checking '/home/pretil/catkin_ws/src/limo_ros2/install/limo_gazebosim/bin'
[0.485s] Level 1:colcon.colcon_core.environment:checking '/home/pretil/catkin_ws/src/limo_ros2/install/limo_gazebosim/lib/pkgconfig/limo_gazebosim.pc'
[0.485s] Level 1:colcon.colcon_core.environment:checking '/home/pretil/catkin_ws/src/limo_ros2/install/limo_gazebosim/lib/python3.10/site-packages'
[0.485s] Level 1:colcon.colcon_core.environment:checking '/home/pretil/catkin_ws/src/limo_ros2/install/limo_gazebosim/bin'
[0.486s] INFO:colcon.colcon_core.shell:Creating package script '/home/pretil/catkin_ws/src/limo_ros2/install/limo_gazebosim/share/limo_gazebosim/package.ps1'
[0.486s] INFO:colcon.colcon_core.shell:Creating package descriptor '/home/pretil/catkin_ws/src/limo_ros2/install/limo_gazebosim/share/limo_gazebosim/package.dsv'
[0.487s] INFO:colcon.colcon_core.shell:Creating package script '/home/pretil/catkin_ws/src/limo_ros2/install/limo_gazebosim/share/limo_gazebosim/package.sh'
[0.487s] INFO:colcon.colcon_core.shell:Creating package script '/home/pretil/catkin_ws/src/limo_ros2/install/limo_gazebosim/share/limo_gazebosim/package.bash'
[0.487s] INFO:colcon.colcon_core.shell:Creating package script '/home/pretil/catkin_ws/src/limo_ros2/install/limo_gazebosim/share/limo_gazebosim/package.zsh'
[0.488s] Level 1:colcon.colcon_core.environment:create_file_with_runtime_dependencies(/home/pretil/catkin_ws/src/limo_ros2/install/limo_gazebosim/share/colcon-core/packages/limo_gazebosim)
[0.489s] Level 1:colcon.colcon_core.environment:create_environment_scripts_only(limo_gazebosim)
[0.489s] Level 1:colcon.colcon_core.environment:checking '/home/pretil/catkin_ws/src/limo_ros2/install/limo_gazebosim' for CMake module files
[0.489s] Level 1:colcon.colcon_core.environment:checking '/home/pretil/catkin_ws/src/limo_ros2/install/limo_gazebosim' for CMake config files
[0.490s] Level 1:colcon.colcon_core.shell:create_environment_hook('limo_gazebosim', 'cmake_prefix_path')
[0.490s] INFO:colcon.colcon_core.shell:Creating environment hook '/home/pretil/catkin_ws/src/limo_ros2/install/limo_gazebosim/share/limo_gazebosim/hook/cmake_prefix_path.ps1'
[0.490s] INFO:colcon.colcon_core.shell:Creating environment descriptor '/home/pretil/catkin_ws/src/limo_ros2/install/limo_gazebosim/share/limo_gazebosim/hook/cmake_prefix_path.dsv'
[0.491s] INFO:colcon.colcon_core.shell:Creating environment hook '/home/pretil/catkin_ws/src/limo_ros2/install/limo_gazebosim/share/limo_gazebosim/hook/cmake_prefix_path.sh'
[0.491s] Level 1:colcon.colcon_core.environment:checking '/home/pretil/catkin_ws/src/limo_ros2/install/limo_gazebosim/bin'
[0.491s] Level 1:colcon.colcon_core.environment:checking '/home/pretil/catkin_ws/src/limo_ros2/install/limo_gazebosim/lib/pkgconfig/limo_gazebosim.pc'
[0.491s] Level 1:colcon.colcon_core.environment:checking '/home/pretil/catkin_ws/src/limo_ros2/install/limo_gazebosim/lib/python3.10/site-packages'
[0.492s] Level 1:colcon.colcon_core.environment:checking '/home/pretil/catkin_ws/src/limo_ros2/install/limo_gazebosim/bin'
[0.492s] INFO:colcon.colcon_core.shell:Creating package script '/home/pretil/catkin_ws/src/limo_ros2/install/limo_gazebosim/share/limo_gazebosim/package.ps1'
[0.493s] INFO:colcon.colcon_core.shell:Creating package descriptor '/home/pretil/catkin_ws/src/limo_ros2/install/limo_gazebosim/share/limo_gazebosim/package.dsv'
[0.493s] INFO:colcon.colcon_core.shell:Creating package script '/home/pretil/catkin_ws/src/limo_ros2/install/limo_gazebosim/share/limo_gazebosim/package.sh'
[0.493s] INFO:colcon.colcon_core.shell:Creating package script '/home/pretil/catkin_ws/src/limo_ros2/install/limo_gazebosim/share/limo_gazebosim/package.bash'
[0.494s] INFO:colcon.colcon_core.shell:Creating package script '/home/pretil/catkin_ws/src/limo_ros2/install/limo_gazebosim/share/limo_gazebosim/package.zsh'
[0.494s] Level 1:colcon.colcon_core.environment:create_file_with_runtime_dependencies(/home/pretil/catkin_ws/src/limo_ros2/install/limo_gazebosim/share/colcon-core/packages/limo_gazebosim)
[0.495s] Level 1:colcon.colcon_core.environment:create_environment_scripts_only(limo_car)
[0.495s] Level 1:colcon.colcon_core.environment:checking '/home/pretil/catkin_ws/src/limo_ros2/install/limo_car' for CMake module files
[0.496s] DEBUG:colcon.colcon_core.event_handler.log_command:Invoked command in '/home/pretil/catkin_ws/src/limo_ros2/build/limo_car' returned '0': CMAKE_PREFIX_PATH=${CMAKE_PREFIX_PATH}:/opt/ros/humble /usr/bin/cmake --install /home/pretil/catkin_ws/src/limo_ros2/build/limo_car
[0.496s] Level 1:colcon.colcon_core.environment:checking '/home/pretil/catkin_ws/src/limo_ros2/install/limo_car' for CMake config files
[0.497s] Level 1:colcon.colcon_core.shell:create_environment_hook('limo_car', 'cmake_prefix_path')
[0.497s] INFO:colcon.colcon_core.shell:Creating environment hook '/home/pretil/catkin_ws/src/limo_ros2/install/limo_car/share/limo_car/hook/cmake_prefix_path.ps1'
[0.498s] INFO:colcon.colcon_core.shell:Creating environment descriptor '/home/pretil/catkin_ws/src/limo_ros2/install/limo_car/share/limo_car/hook/cmake_prefix_path.dsv'
[0.498s] INFO:colcon.colcon_core.shell:Creating environment hook '/home/pretil/catkin_ws/src/limo_ros2/install/limo_car/share/limo_car/hook/cmake_prefix_path.sh'
[0.498s] Level 1:colcon.colcon_core.environment:checking '/home/pretil/catkin_ws/src/limo_ros2/install/limo_car/bin'
[0.499s] Level 1:colcon.colcon_core.environment:checking '/home/pretil/catkin_ws/src/limo_ros2/install/limo_car/lib/pkgconfig/limo_car.pc'
[0.499s] Level 1:colcon.colcon_core.environment:checking '/home/pretil/catkin_ws/src/limo_ros2/install/limo_car/lib/python3.10/site-packages'
[0.499s] Level 1:colcon.colcon_core.environment:checking '/home/pretil/catkin_ws/src/limo_ros2/install/limo_car/bin'
[0.499s] INFO:colcon.colcon_core.shell:Creating package script '/home/pretil/catkin_ws/src/limo_ros2/install/limo_car/share/limo_car/package.ps1'
[0.500s] INFO:colcon.colcon_core.shell:Creating package descriptor '/home/pretil/catkin_ws/src/limo_ros2/install/limo_car/share/limo_car/package.dsv'
[0.500s] INFO:colcon.colcon_core.shell:Creating package script '/home/pretil/catkin_ws/src/limo_ros2/install/limo_car/share/limo_car/package.sh'
[0.501s] INFO:colcon.colcon_core.shell:Creating package script '/home/pretil/catkin_ws/src/limo_ros2/install/limo_car/share/limo_car/package.bash'
[0.501s] INFO:colcon.colcon_core.shell:Creating package script '/home/pretil/catkin_ws/src/limo_ros2/install/limo_car/share/limo_car/package.zsh'
[0.501s] Level 1:colcon.colcon_core.environment:create_file_with_runtime_dependencies(/home/pretil/catkin_ws/src/limo_ros2/install/limo_car/share/colcon-core/packages/limo_car)
[0.502s] Level 1:colcon.colcon_core.environment:create_environment_scripts_only(limo_car)
[0.502s] Level 1:colcon.colcon_core.environment:checking '/home/pretil/catkin_ws/src/limo_ros2/install/limo_car' for CMake module files
[0.503s] Level 1:colcon.colcon_core.environment:checking '/home/pretil/catkin_ws/src/limo_ros2/install/limo_car' for CMake config files
[0.503s] Level 1:colcon.colcon_core.shell:create_environment_hook('limo_car', 'cmake_prefix_path')
[0.503s] INFO:colcon.colcon_core.shell:Creating environment hook '/home/pretil/catkin_ws/src/limo_ros2/install/limo_car/share/limo_car/hook/cmake_prefix_path.ps1'
[0.504s] INFO:colcon.colcon_core.shell:Creating environment descriptor '/home/pretil/catkin_ws/src/limo_ros2/install/limo_car/share/limo_car/hook/cmake_prefix_path.dsv'
[0.504s] INFO:colcon.colcon_core.shell:Creating environment hook '/home/pretil/catkin_ws/src/limo_ros2/install/limo_car/share/limo_car/hook/cmake_prefix_path.sh'
[0.505s] Level 1:colcon.colcon_core.environment:checking '/home/pretil/catkin_ws/src/limo_ros2/install/limo_car/bin'
[0.505s] Level 1:colcon.colcon_core.environment:checking '/home/pretil/catkin_ws/src/limo_ros2/install/limo_car/lib/pkgconfig/limo_car.pc'
[0.505s] Level 1:colcon.colcon_core.environment:checking '/home/pretil/catkin_ws/src/limo_ros2/install/limo_car/lib/python3.10/site-packages'
[0.505s] Level 1:colcon.colcon_core.environment:checking '/home/pretil/catkin_ws/src/limo_ros2/install/limo_car/bin'
[0.506s] INFO:colcon.colcon_core.shell:Creating package script '/home/pretil/catkin_ws/src/limo_ros2/install/limo_car/share/limo_car/package.ps1'
[0.506s] INFO:colcon.colcon_core.shell:Creating package descriptor '/home/pretil/catkin_ws/src/limo_ros2/install/limo_car/share/limo_car/package.dsv'
[0.507s] INFO:colcon.colcon_core.shell:Creating package script '/home/pretil/catkin_ws/src/limo_ros2/install/limo_car/share/limo_car/package.sh'
[0.507s] INFO:colcon.colcon_core.shell:Creating package script '/home/pretil/catkin_ws/src/limo_ros2/install/limo_car/share/limo_car/package.bash'
[0.508s] INFO:colcon.colcon_core.shell:Creating package script '/home/pretil/catkin_ws/src/limo_ros2/install/limo_car/share/limo_car/package.zsh'
[0.508s] Level 1:colcon.colcon_core.environment:create_file_with_runtime_dependencies(/home/pretil/catkin_ws/src/limo_ros2/install/limo_car/share/colcon-core/packages/limo_car)
[0.508s] Level 1:colcon.colcon_core.environment:create_environment_scripts_only(limo_navigation)
[0.509s] Level 1:colcon.colcon_core.environment:checking '/home/pretil/catkin_ws/src/limo_ros2/install/limo_navigation' for CMake module files
[0.509s] DEBUG:colcon.colcon_core.event_handler.log_command:Invoked command in '/home/pretil/catkin_ws/src/limo_ros2/build/limo_navigation' returned '0': CMAKE_PREFIX_PATH=${CMAKE_PREFIX_PATH}:/opt/ros/humble /usr/bin/cmake --install /home/pretil/catkin_ws/src/limo_ros2/build/limo_navigation
[0.510s] Level 1:colcon.colcon_core.environment:checking '/home/pretil/catkin_ws/src/limo_ros2/install/limo_navigation' for CMake config files
[0.510s] Level 1:colcon.colcon_core.shell:create_environment_hook('limo_navigation', 'cmake_prefix_path')
[0.510s] INFO:colcon.colcon_core.shell:Creating environment hook '/home/pretil/catkin_ws/src/limo_ros2/install/limo_navigation/share/limo_navigation/hook/cmake_prefix_path.ps1'
[0.511s] INFO:colcon.colcon_core.shell:Creating environment descriptor '/home/pretil/catkin_ws/src/limo_ros2/install/limo_navigation/share/limo_navigation/hook/cmake_prefix_path.dsv'
[0.511s] INFO:colcon.colcon_core.shell:Creating environment hook '/home/pretil/catkin_ws/src/limo_ros2/install/limo_navigation/share/limo_navigation/hook/cmake_prefix_path.sh'
[0.512s] Level 1:colcon.colcon_core.environment:checking '/home/pretil/catkin_ws/src/limo_ros2/install/limo_navigation/bin'
[0.512s] Level 1:colcon.colcon_core.environment:checking '/home/pretil/catkin_ws/src/limo_ros2/install/limo_navigation/lib/pkgconfig/limo_navigation.pc'
[0.512s] Level 1:colcon.colcon_core.environment:checking '/home/pretil/catkin_ws/src/limo_ros2/install/limo_navigation/lib/python3.10/site-packages'
[0.512s] Level 1:colcon.colcon_core.environment:checking '/home/pretil/catkin_ws/src/limo_ros2/install/limo_navigation/bin'
[0.513s] INFO:colcon.colcon_core.shell:Creating package script '/home/pretil/catkin_ws/src/limo_ros2/install/limo_navigation/share/limo_navigation/package.ps1'
[0.513s] INFO:colcon.colcon_core.shell:Creating package descriptor '/home/pretil/catkin_ws/src/limo_ros2/install/limo_navigation/share/limo_navigation/package.dsv'
[0.514s] INFO:colcon.colcon_core.shell:Creating package script '/home/pretil/catkin_ws/src/limo_ros2/install/limo_navigation/share/limo_navigation/package.sh'
[0.514s] INFO:colcon.colcon_core.shell:Creating package script '/home/pretil/catkin_ws/src/limo_ros2/install/limo_navigation/share/limo_navigation/package.bash'
[0.514s] INFO:colcon.colcon_core.shell:Creating package script '/home/pretil/catkin_ws/src/limo_ros2/install/limo_navigation/share/limo_navigation/package.zsh'
[0.515s] Level 1:colcon.colcon_core.environment:create_file_with_runtime_dependencies(/home/pretil/catkin_ws/src/limo_ros2/install/limo_navigation/share/colcon-core/packages/limo_navigation)
[0.515s] Level 1:colcon.colcon_core.environment:create_environment_scripts_only(limo_navigation)
[0.515s] Level 1:colcon.colcon_core.environment:checking '/home/pretil/catkin_ws/src/limo_ros2/install/limo_navigation' for CMake module files
[0.516s] Level 1:colcon.colcon_core.environment:checking '/home/pretil/catkin_ws/src/limo_ros2/install/limo_navigation' for CMake config files
[0.516s] Level 1:colcon.colcon_core.shell:create_environment_hook('limo_navigation', 'cmake_prefix_path')
[0.517s] INFO:colcon.colcon_core.shell:Creating environment hook '/home/pretil/catkin_ws/src/limo_ros2/install/limo_navigation/share/limo_navigation/hook/cmake_prefix_path.ps1'
[0.517s] INFO:colcon.colcon_core.shell:Creating environment descriptor '/home/pretil/catkin_ws/src/limo_ros2/install/limo_navigation/share/limo_navigation/hook/cmake_prefix_path.dsv'
[0.517s] INFO:colcon.colcon_core.shell:Creating environment hook '/home/pretil/catkin_ws/src/limo_ros2/install/limo_navigation/share/limo_navigation/hook/cmake_prefix_path.sh'
[0.518s] Level 1:colcon.colcon_core.environment:checking '/home/pretil/catkin_ws/src/limo_ros2/install/limo_navigation/bin'
[0.518s] Level 1:colcon.colcon_core.environment:checking '/home/pretil/catkin_ws/src/limo_ros2/install/limo_navigation/lib/pkgconfig/limo_navigation.pc'
[0.518s] Level 1:colcon.colcon_core.environment:checking '/home/pretil/catkin_ws/src/limo_ros2/install/limo_navigation/lib/python3.10/site-packages'
[0.518s] Level 1:colcon.colcon_core.environment:checking '/home/pretil/catkin_ws/src/limo_ros2/install/limo_navigation/bin'
[0.519s] INFO:colcon.colcon_core.shell:Creating package script '/home/pretil/catkin_ws/src/limo_ros2/install/limo_navigation/share/limo_navigation/package.ps1'
[0.519s] INFO:colcon.colcon_core.shell:Creating package descriptor '/home/pretil/catkin_ws/src/limo_ros2/install/limo_navigation/share/limo_navigation/package.dsv'
[0.520s] INFO:colcon.colcon_core.shell:Creating package script '/home/pretil/catkin_ws/src/limo_ros2/install/limo_navigation/share/limo_navigation/package.sh'
[0.520s] INFO:colcon.colcon_core.shell:Creating package script '/home/pretil/catkin_ws/src/limo_ros2/install/limo_navigation/share/limo_navigation/package.bash'
[0.521s] INFO:colcon.colcon_core.shell:Creating package script '/home/pretil/catkin_ws/src/limo_ros2/install/limo_navigation/share/limo_navigation/package.zsh'
[0.521s] Level 1:colcon.colcon_core.environment:create_file_with_runtime_dependencies(/home/pretil/catkin_ws/src/limo_ros2/install/limo_navigation/share/colcon-core/packages/limo_navigation)
[0.711s] DEBUG:colcon.colcon_core.event_handler.log_command:Invoked command in '/home/pretil/catkin_ws/src/limo_ros2/build/limo_msgs' returned '0': CMAKE_PREFIX_PATH=${CMAKE_PREFIX_PATH}:/opt/ros/humble /usr/bin/cmake --build /home/pretil/catkin_ws/src/limo_ros2/build/limo_msgs -- -j12 -l12
[0.712s] DEBUG:colcon.colcon_core.event_handler.log_command:Invoking command in '/home/pretil/catkin_ws/src/limo_ros2/build/limo_msgs': CMAKE_PREFIX_PATH=${CMAKE_PREFIX_PATH}:/opt/ros/humble /usr/bin/cmake --install /home/pretil/catkin_ws/src/limo_ros2/build/limo_msgs
[0.768s] Level 1:colcon.colcon_core.environment:create_environment_scripts_only(limo_msgs)
[0.768s] Level 1:colcon.colcon_core.environment:checking '/home/pretil/catkin_ws/src/limo_ros2/install/limo_msgs' for CMake module files
[0.769s] DEBUG:colcon.colcon_core.event_handler.log_command:Invoked command in '/home/pretil/catkin_ws/src/limo_ros2/build/limo_msgs' returned '0': CMAKE_PREFIX_PATH=${CMAKE_PREFIX_PATH}:/opt/ros/humble /usr/bin/cmake --install /home/pretil/catkin_ws/src/limo_ros2/build/limo_msgs
[0.769s] Level 1:colcon.colcon_core.environment:checking '/home/pretil/catkin_ws/src/limo_ros2/install/limo_msgs' for CMake config files
[0.770s] Level 1:colcon.colcon_core.shell:create_environment_hook('limo_msgs', 'cmake_prefix_path')
[0.770s] INFO:colcon.colcon_core.shell:Creating environment hook '/home/pretil/catkin_ws/src/limo_ros2/install/limo_msgs/share/limo_msgs/hook/cmake_prefix_path.ps1'
[0.771s] INFO:colcon.colcon_core.shell:Creating environment descriptor '/home/pretil/catkin_ws/src/limo_ros2/install/limo_msgs/share/limo_msgs/hook/cmake_prefix_path.dsv'
[0.771s] INFO:colcon.colcon_core.shell:Creating environment hook '/home/pretil/catkin_ws/src/limo_ros2/install/limo_msgs/share/limo_msgs/hook/cmake_prefix_path.sh'
[0.772s] Level 1:colcon.colcon_core.environment:checking '/home/pretil/catkin_ws/src/limo_ros2/install/limo_msgs/lib'
[0.772s] Level 1:colcon.colcon_core.shell:create_environment_hook('limo_msgs', 'ld_library_path_lib')
[0.772s] INFO:colcon.colcon_core.shell:Creating environment hook '/home/pretil/catkin_ws/src/limo_ros2/install/limo_msgs/share/limo_msgs/hook/ld_library_path_lib.ps1'
[0.773s] INFO:colcon.colcon_core.shell:Creating environment descriptor '/home/pretil/catkin_ws/src/limo_ros2/install/limo_msgs/share/limo_msgs/hook/ld_library_path_lib.dsv'
[0.773s] INFO:colcon.colcon_core.shell:Creating environment hook '/home/pretil/catkin_ws/src/limo_ros2/install/limo_msgs/share/limo_msgs/hook/ld_library_path_lib.sh'
[0.773s] Level 1:colcon.colcon_core.environment:checking '/home/pretil/catkin_ws/src/limo_ros2/install/limo_msgs/bin'
[0.774s] Level 1:colcon.colcon_core.environment:checking '/home/pretil/catkin_ws/src/limo_ros2/install/limo_msgs/lib/pkgconfig/limo_msgs.pc'
[0.774s] Level 1:colcon.colcon_core.environment:checking '/home/pretil/catkin_ws/src/limo_ros2/install/limo_msgs/lib/python3.10/site-packages'
[0.774s] Level 1:colcon.colcon_core.environment:checking '/home/pretil/catkin_ws/src/limo_ros2/install/limo_msgs/bin'
[0.774s] INFO:colcon.colcon_core.shell:Creating package script '/home/pretil/catkin_ws/src/limo_ros2/install/limo_msgs/share/limo_msgs/package.ps1'
[0.775s] INFO:colcon.colcon_core.shell:Creating package descriptor '/home/pretil/catkin_ws/src/limo_ros2/install/limo_msgs/share/limo_msgs/package.dsv'
[0.775s] INFO:colcon.colcon_core.shell:Creating package script '/home/pretil/catkin_ws/src/limo_ros2/install/limo_msgs/share/limo_msgs/package.sh'
[0.776s] INFO:colcon.colcon_core.shell:Creating package script '/home/pretil/catkin_ws/src/limo_ros2/install/limo_msgs/share/limo_msgs/package.bash'
[0.776s] INFO:colcon.colcon_core.shell:Creating package script '/home/pretil/catkin_ws/src/limo_ros2/install/limo_msgs/share/limo_msgs/package.zsh'
[0.776s] Level 1:colcon.colcon_core.environment:create_file_with_runtime_dependencies(/home/pretil/catkin_ws/src/limo_ros2/install/limo_msgs/share/colcon-core/packages/limo_msgs)
[0.777s] Level 1:colcon.colcon_core.environment:create_environment_scripts_only(limo_msgs)
[0.777s] Level 1:colcon.colcon_core.environment:checking '/home/pretil/catkin_ws/src/limo_ros2/install/limo_msgs' for CMake module files
[0.778s] Level 1:colcon.colcon_core.environment:checking '/home/pretil/catkin_ws/src/limo_ros2/install/limo_msgs' for CMake config files
[0.778s] Level 1:colcon.colcon_core.shell:create_environment_hook('limo_msgs', 'cmake_prefix_path')
[0.779s] INFO:colcon.colcon_core.shell:Creating environment hook '/home/pretil/catkin_ws/src/limo_ros2/install/limo_msgs/share/limo_msgs/hook/cmake_prefix_path.ps1'
[0.779s] INFO:colcon.colcon_core.shell:Creating environment descriptor '/home/pretil/catkin_ws/src/limo_ros2/install/limo_msgs/share/limo_msgs/hook/cmake_prefix_path.dsv'
[0.779s] INFO:colcon.colcon_core.shell:Creating environment hook '/home/pretil/catkin_ws/src/limo_ros2/install/limo_msgs/share/limo_msgs/hook/cmake_prefix_path.sh'
[0.780s] Level 1:colcon.colcon_core.environment:checking '/home/pretil/catkin_ws/src/limo_ros2/install/limo_msgs/lib'
[0.780s] Level 1:colcon.colcon_core.shell:create_environment_hook('limo_msgs', 'ld_library_path_lib')
[0.780s] INFO:colcon.colcon_core.shell:Creating environment hook '/home/pretil/catkin_ws/src/limo_ros2/install/limo_msgs/share/limo_msgs/hook/ld_library_path_lib.ps1'
[0.780s] INFO:colcon.colcon_core.shell:Creating environment descriptor '/home/pretil/catkin_ws/src/limo_ros2/install/limo_msgs/share/limo_msgs/hook/ld_library_path_lib.dsv'
[0.781s] INFO:colcon.colcon_core.shell:Creating environment hook '/home/pretil/catkin_ws/src/limo_ros2/install/limo_msgs/share/limo_msgs/hook/ld_library_path_lib.sh'
[0.781s] Level 1:colcon.colcon_core.environment:checking '/home/pretil/catkin_ws/src/limo_ros2/install/limo_msgs/bin'
[0.781s] Level 1:colcon.colcon_core.environment:checking '/home/pretil/catkin_ws/src/limo_ros2/install/limo_msgs/lib/pkgconfig/limo_msgs.pc'
[0.781s] Level 1:colcon.colcon_core.environment:checking '/home/pretil/catkin_ws/src/limo_ros2/install/limo_msgs/lib/python3.10/site-packages'
[0.782s] Level 1:colcon.colcon_core.environment:checking '/home/pretil/catkin_ws/src/limo_ros2/install/limo_msgs/bin'
[0.782s] INFO:colcon.colcon_core.shell:Creating package script '/home/pretil/catkin_ws/src/limo_ros2/install/limo_msgs/share/limo_msgs/package.ps1'
[0.782s] INFO:colcon.colcon_core.shell:Creating package descriptor '/home/pretil/catkin_ws/src/limo_ros2/install/limo_msgs/share/limo_msgs/package.dsv'
[0.783s] INFO:colcon.colcon_core.shell:Creating package script '/home/pretil/catkin_ws/src/limo_ros2/install/limo_msgs/share/limo_msgs/package.sh'
[0.783s] INFO:colcon.colcon_core.shell:Creating package script '/home/pretil/catkin_ws/src/limo_ros2/install/limo_msgs/share/limo_msgs/package.bash'
[0.784s] INFO:colcon.colcon_core.shell:Creating package script '/home/pretil/catkin_ws/src/limo_ros2/install/limo_msgs/share/limo_msgs/package.zsh'
[0.784s] Level 1:colcon.colcon_core.environment:create_file_with_runtime_dependencies(/home/pretil/catkin_ws/src/limo_ros2/install/limo_msgs/share/colcon-core/packages/limo_msgs)
[0.784s] INFO:colcon.colcon_ros.task.ament_cmake.build:Building ROS package in '/home/pretil/catkin_ws/src/limo_ros2/limo_base' with build type 'ament_cmake'
[0.784s] INFO:colcon.colcon_cmake.task.cmake.build:Building CMake package in '/home/pretil/catkin_ws/src/limo_ros2/limo_base'
[0.785s] INFO:colcon.colcon_core.shell:Skip shell extension 'powershell' for command environment: Not usable outside of PowerShell
[0.785s] DEBUG:colcon.colcon_core.shell:Skip shell extension 'dsv' for command environment
[0.789s] INFO:colcon.colcon_ros.task.ament_cmake.build:Building ROS package in '/home/pretil/catkin_ws/src/limo_ros2/limo_bringup' with build type 'ament_cmake'
[0.790s] INFO:colcon.colcon_cmake.task.cmake.build:Building CMake package in '/home/pretil/catkin_ws/src/limo_ros2/limo_bringup'
[0.790s] INFO:colcon.colcon_core.shell:Skip shell extension 'powershell' for command environment: Not usable outside of PowerShell
[0.790s] DEBUG:colcon.colcon_core.shell:Skip shell extension 'dsv' for command environment
[0.798s] DEBUG:colcon.colcon_core.event_handler.log_command:Invoking command in '/home/pretil/catkin_ws/src/limo_ros2/build/limo_base': CMAKE_PREFIX_PATH=/home/pretil/catkin_ws/src/limo_ros2/install/limo_msgs:/home/pretil/catkin_ws/src/limo_ros2/install/ydlidar_ros2_driver:/home/pretil/catkin_ws/src/limo_ros2/install/limo_navigation:/home/pretil/catkin_ws/src/limo_ros2/install/limo_bringup:/home/pretil/catkin_ws/src/limo_ros2/install/limo_base:/home/pretil/catkin_ws/src/limo_ros2/install/limo_gazebosim:/home/pretil/catkin_ws/src/limo_ros2/install/limo_description:/home/pretil/catkin_ws/src/limo_ros2/install/limo_car:/opt/ros/humble LD_LIBRARY_PATH=/home/pretil/catkin_ws/src/limo_ros2/install/limo_msgs/lib:/usr/lib/x86_64-linux-gnu/gazebo-11/plugins:/opt/ros/humble/opt/rviz_ogre_vendor/lib:/opt/ros/humble/lib/x86_64-linux-gnu:/opt/ros/humble/lib:/usr/lib/x86_64-linux-gnu/gazebo-11/plugins /usr/bin/cmake /home/pretil/catkin_ws/src/limo_ros2/limo_base -DCMAKE_INSTALL_PREFIX=/home/pretil/catkin_ws/src/limo_ros2/install/limo_base
[0.800s] DEBUG:colcon.colcon_core.event_handler.log_command:Invoking command in '/home/pretil/catkin_ws/src/limo_ros2/build/limo_bringup': CMAKE_PREFIX_PATH=/home/pretil/catkin_ws/src/limo_ros2/install/limo_msgs:/home/pretil/catkin_ws/src/limo_ros2/install/ydlidar_ros2_driver:/home/pretil/catkin_ws/src/limo_ros2/install/limo_navigation:/home/pretil/catkin_ws/src/limo_ros2/install/limo_bringup:/home/pretil/catkin_ws/src/limo_ros2/install/limo_base:/home/pretil/catkin_ws/src/limo_ros2/install/limo_gazebosim:/home/pretil/catkin_ws/src/limo_ros2/install/limo_description:/home/pretil/catkin_ws/src/limo_ros2/install/limo_car:/opt/ros/humble LD_LIBRARY_PATH=/home/pretil/catkin_ws/src/limo_ros2/install/limo_msgs/lib:/usr/lib/x86_64-linux-gnu/gazebo-11/plugins:/opt/ros/humble/opt/rviz_ogre_vendor/lib:/opt/ros/humble/lib/x86_64-linux-gnu:/opt/ros/humble/lib:/usr/lib/x86_64-linux-gnu/gazebo-11/plugins /usr/bin/cmake /home/pretil/catkin_ws/src/limo_ros2/limo_bringup -DCMAKE_INSTALL_PREFIX=/home/pretil/catkin_ws/src/limo_ros2/install/limo_bringup
[0.883s] DEBUG:colcon.colcon_core.event_handler.log_command:Invoked command in '/home/pretil/catkin_ws/src/limo_ros2/build/ydlidar_ros2_driver' returned '0': CMAKE_PREFIX_PATH=${CMAKE_PREFIX_PATH}:/opt/ros/humble /usr/bin/cmake /home/pretil/catkin_ws/src/limo_ros2/ydlidar_ros2 -DCMAKE_INSTALL_PREFIX=/home/pretil/catkin_ws/src/limo_ros2/install/ydlidar_ros2_driver
[0.884s] DEBUG:colcon.colcon_core.event_handler.log_command:Invoking command in '/home/pretil/catkin_ws/src/limo_ros2/build/ydlidar_ros2_driver': CMAKE_PREFIX_PATH=${CMAKE_PREFIX_PATH}:/opt/ros/humble /usr/bin/cmake --build /home/pretil/catkin_ws/src/limo_ros2/build/ydlidar_ros2_driver -- -j12 -l12
[1.005s] DEBUG:colcon.colcon_core.event_handler.log_command:Invoked command in '/home/pretil/catkin_ws/src/limo_ros2/build/limo_bringup' returned '0': CMAKE_PREFIX_PATH=/home/pretil/catkin_ws/src/limo_ros2/install/limo_msgs:/home/pretil/catkin_ws/src/limo_ros2/install/ydlidar_ros2_driver:/home/pretil/catkin_ws/src/limo_ros2/install/limo_navigation:/home/pretil/catkin_ws/src/limo_ros2/install/limo_bringup:/home/pretil/catkin_ws/src/limo_ros2/install/limo_base:/home/pretil/catkin_ws/src/limo_ros2/install/limo_gazebosim:/home/pretil/catkin_ws/src/limo_ros2/install/limo_description:/home/pretil/catkin_ws/src/limo_ros2/install/limo_car:/opt/ros/humble LD_LIBRARY_PATH=/home/pretil/catkin_ws/src/limo_ros2/install/limo_msgs/lib:/usr/lib/x86_64-linux-gnu/gazebo-11/plugins:/opt/ros/humble/opt/rviz_ogre_vendor/lib:/opt/ros/humble/lib/x86_64-linux-gnu:/opt/ros/humble/lib:/usr/lib/x86_64-linux-gnu/gazebo-11/plugins /usr/bin/cmake /home/pretil/catkin_ws/src/limo_ros2/limo_bringup -DCMAKE_INSTALL_PREFIX=/home/pretil/catkin_ws/src/limo_ros2/install/limo_bringup
[1.006s] DEBUG:colcon.colcon_core.event_handler.log_command:Invoking command in '/home/pretil/catkin_ws/src/limo_ros2/build/limo_bringup': CMAKE_PREFIX_PATH=/home/pretil/catkin_ws/src/limo_ros2/install/limo_msgs:/home/pretil/catkin_ws/src/limo_ros2/install/ydlidar_ros2_driver:/home/pretil/catkin_ws/src/limo_ros2/install/limo_navigation:/home/pretil/catkin_ws/src/limo_ros2/install/limo_bringup:/home/pretil/catkin_ws/src/limo_ros2/install/limo_base:/home/pretil/catkin_ws/src/limo_ros2/install/limo_gazebosim:/home/pretil/catkin_ws/src/limo_ros2/install/limo_description:/home/pretil/catkin_ws/src/limo_ros2/install/limo_car:/opt/ros/humble LD_LIBRARY_PATH=/home/pretil/catkin_ws/src/limo_ros2/install/limo_msgs/lib:/usr/lib/x86_64-linux-gnu/gazebo-11/plugins:/opt/ros/humble/opt/rviz_ogre_vendor/lib:/opt/ros/humble/lib/x86_64-linux-gnu:/opt/ros/humble/lib:/usr/lib/x86_64-linux-gnu/gazebo-11/plugins /usr/bin/cmake --build /home/pretil/catkin_ws/src/limo_ros2/build/limo_bringup -- -j12 -l12
[1.034s] DEBUG:colcon.colcon_core.event_handler.log_command:Invoked command in '/home/pretil/catkin_ws/src/limo_ros2/build/limo_bringup' returned '0': CMAKE_PREFIX_PATH=/home/pretil/catkin_ws/src/limo_ros2/install/limo_msgs:/home/pretil/catkin_ws/src/limo_ros2/install/ydlidar_ros2_driver:/home/pretil/catkin_ws/src/limo_ros2/install/limo_navigation:/home/pretil/catkin_ws/src/limo_ros2/install/limo_bringup:/home/pretil/catkin_ws/src/limo_ros2/install/limo_base:/home/pretil/catkin_ws/src/limo_ros2/install/limo_gazebosim:/home/pretil/catkin_ws/src/limo_ros2/install/limo_description:/home/pretil/catkin_ws/src/limo_ros2/install/limo_car:/opt/ros/humble LD_LIBRARY_PATH=/home/pretil/catkin_ws/src/limo_ros2/install/limo_msgs/lib:/usr/lib/x86_64-linux-gnu/gazebo-11/plugins:/opt/ros/humble/opt/rviz_ogre_vendor/lib:/opt/ros/humble/lib/x86_64-linux-gnu:/opt/ros/humble/lib:/usr/lib/x86_64-linux-gnu/gazebo-11/plugins /usr/bin/cmake --build /home/pretil/catkin_ws/src/limo_ros2/build/limo_bringup -- -j12 -l12
[1.036s] DEBUG:colcon.colcon_core.event_handler.log_command:Invoking command in '/home/pretil/catkin_ws/src/limo_ros2/build/limo_bringup': CMAKE_PREFIX_PATH=/home/pretil/catkin_ws/src/limo_ros2/install/limo_msgs:/home/pretil/catkin_ws/src/limo_ros2/install/ydlidar_ros2_driver:/home/pretil/catkin_ws/src/limo_ros2/install/limo_navigation:/home/pretil/catkin_ws/src/limo_ros2/install/limo_bringup:/home/pretil/catkin_ws/src/limo_ros2/install/limo_base:/home/pretil/catkin_ws/src/limo_ros2/install/limo_gazebosim:/home/pretil/catkin_ws/src/limo_ros2/install/limo_description:/home/pretil/catkin_ws/src/limo_ros2/install/limo_car:/opt/ros/humble LD_LIBRARY_PATH=/home/pretil/catkin_ws/src/limo_ros2/install/limo_msgs/lib:/usr/lib/x86_64-linux-gnu/gazebo-11/plugins:/opt/ros/humble/opt/rviz_ogre_vendor/lib:/opt/ros/humble/lib/x86_64-linux-gnu:/opt/ros/humble/lib:/usr/lib/x86_64-linux-gnu/gazebo-11/plugins /usr/bin/cmake --install /home/pretil/catkin_ws/src/limo_ros2/build/limo_bringup
[1.053s] Level 1:colcon.colcon_core.environment:create_environment_scripts_only(limo_bringup)
[1.053s] Level 1:colcon.colcon_core.environment:checking '/home/pretil/catkin_ws/src/limo_ros2/install/limo_bringup' for CMake module files
[1.054s] DEBUG:colcon.colcon_core.event_handler.log_command:Invoked command in '/home/pretil/catkin_ws/src/limo_ros2/build/limo_bringup' returned '0': CMAKE_PREFIX_PATH=/home/pretil/catkin_ws/src/limo_ros2/install/limo_msgs:/home/pretil/catkin_ws/src/limo_ros2/install/ydlidar_ros2_driver:/home/pretil/catkin_ws/src/limo_ros2/install/limo_navigation:/home/pretil/catkin_ws/src/limo_ros2/install/limo_bringup:/home/pretil/catkin_ws/src/limo_ros2/install/limo_base:/home/pretil/catkin_ws/src/limo_ros2/install/limo_gazebosim:/home/pretil/catkin_ws/src/limo_ros2/install/limo_description:/home/pretil/catkin_ws/src/limo_ros2/install/limo_car:/opt/ros/humble LD_LIBRARY_PATH=/home/pretil/catkin_ws/src/limo_ros2/install/limo_msgs/lib:/usr/lib/x86_64-linux-gnu/gazebo-11/plugins:/opt/ros/humble/opt/rviz_ogre_vendor/lib:/opt/ros/humble/lib/x86_64-linux-gnu:/opt/ros/humble/lib:/usr/lib/x86_64-linux-gnu/gazebo-11/plugins /usr/bin/cmake --install /home/pretil/catkin_ws/src/limo_ros2/build/limo_bringup
[1.054s] Level 1:colcon.colcon_core.environment:checking '/home/pretil/catkin_ws/src/limo_ros2/install/limo_bringup' for CMake config files
[1.055s] Level 1:colcon.colcon_core.shell:create_environment_hook('limo_bringup', 'cmake_prefix_path')
[1.055s] INFO:colcon.colcon_core.shell:Creating environment hook '/home/pretil/catkin_ws/src/limo_ros2/install/limo_bringup/share/limo_bringup/hook/cmake_prefix_path.ps1'
[1.055s] INFO:colcon.colcon_core.shell:Creating environment descriptor '/home/pretil/catkin_ws/src/limo_ros2/install/limo_bringup/share/limo_bringup/hook/cmake_prefix_path.dsv'
[1.056s] INFO:colcon.colcon_core.shell:Creating environment hook '/home/pretil/catkin_ws/src/limo_ros2/install/limo_bringup/share/limo_bringup/hook/cmake_prefix_path.sh'
[1.056s] Level 1:colcon.colcon_core.environment:checking '/home/pretil/catkin_ws/src/limo_ros2/install/limo_bringup/bin'
[1.056s] Level 1:colcon.colcon_core.environment:checking '/home/pretil/catkin_ws/src/limo_ros2/install/limo_bringup/lib/pkgconfig/limo_bringup.pc'
[1.056s] Level 1:colcon.colcon_core.environment:checking '/home/pretil/catkin_ws/src/limo_ros2/install/limo_bringup/lib/python3.10/site-packages'
[1.057s] Level 1:colcon.colcon_core.environment:checking '/home/pretil/catkin_ws/src/limo_ros2/install/limo_bringup/bin'
[1.057s] INFO:colcon.colcon_core.shell:Creating package script '/home/pretil/catkin_ws/src/limo_ros2/install/limo_bringup/share/limo_bringup/package.ps1'
[1.058s] INFO:colcon.colcon_core.shell:Creating package descriptor '/home/pretil/catkin_ws/src/limo_ros2/install/limo_bringup/share/limo_bringup/package.dsv'
[1.058s] INFO:colcon.colcon_core.shell:Creating package script '/home/pretil/catkin_ws/src/limo_ros2/install/limo_bringup/share/limo_bringup/package.sh'
[1.058s] INFO:colcon.colcon_core.shell:Creating package script '/home/pretil/catkin_ws/src/limo_ros2/install/limo_bringup/share/limo_bringup/package.bash'
[1.059s] INFO:colcon.colcon_core.shell:Creating package script '/home/pretil/catkin_ws/src/limo_ros2/install/limo_bringup/share/limo_bringup/package.zsh'
[1.059s] Level 1:colcon.colcon_core.environment:create_file_with_runtime_dependencies(/home/pretil/catkin_ws/src/limo_ros2/install/limo_bringup/share/colcon-core/packages/limo_bringup)
[1.059s] Level 1:colcon.colcon_core.environment:create_environment_scripts_only(limo_bringup)
[1.060s] Level 1:colcon.colcon_core.environment:checking '/home/pretil/catkin_ws/src/limo_ros2/install/limo_bringup' for CMake module files
[1.060s] Level 1:colcon.colcon_core.environment:checking '/home/pretil/catkin_ws/src/limo_ros2/install/limo_bringup' for CMake config files
[1.060s] Level 1:colcon.colcon_core.shell:create_environment_hook('limo_bringup', 'cmake_prefix_path')
[1.060s] INFO:colcon.colcon_core.shell:Creating environment hook '/home/pretil/catkin_ws/src/limo_ros2/install/limo_bringup/share/limo_bringup/hook/cmake_prefix_path.ps1'
[1.061s] INFO:colcon.colcon_core.shell:Creating environment descriptor '/home/pretil/catkin_ws/src/limo_ros2/install/limo_bringup/share/limo_bringup/hook/cmake_prefix_path.dsv'
[1.061s] INFO:colcon.colcon_core.shell:Creating environment hook '/home/pretil/catkin_ws/src/limo_ros2/install/limo_bringup/share/limo_bringup/hook/cmake_prefix_path.sh'
[1.061s] Level 1:colcon.colcon_core.environment:checking '/home/pretil/catkin_ws/src/limo_ros2/install/limo_bringup/bin'
[1.062s] Level 1:colcon.colcon_core.environment:checking '/home/pretil/catkin_ws/src/limo_ros2/install/limo_bringup/lib/pkgconfig/limo_bringup.pc'
[1.062s] Level 1:colcon.colcon_core.environment:checking '/home/pretil/catkin_ws/src/limo_ros2/install/limo_bringup/lib/python3.10/site-packages'
[1.062s] Level 1:colcon.colcon_core.environment:checking '/home/pretil/catkin_ws/src/limo_ros2/install/limo_bringup/bin'
[1.062s] INFO:colcon.colcon_core.shell:Creating package script '/home/pretil/catkin_ws/src/limo_ros2/install/limo_bringup/share/limo_bringup/package.ps1'
[1.063s] INFO:colcon.colcon_core.shell:Creating package descriptor '/home/pretil/catkin_ws/src/limo_ros2/install/limo_bringup/share/limo_bringup/package.dsv'
[1.063s] INFO:colcon.colcon_core.shell:Creating package script '/home/pretil/catkin_ws/src/limo_ros2/install/limo_bringup/share/limo_bringup/package.sh'
[1.064s] INFO:colcon.colcon_core.shell:Creating package script '/home/pretil/catkin_ws/src/limo_ros2/install/limo_bringup/share/limo_bringup/package.bash'
[1.064s] INFO:colcon.colcon_core.shell:Creating package script '/home/pretil/catkin_ws/src/limo_ros2/install/limo_bringup/share/limo_bringup/package.zsh'
[1.065s] Level 1:colcon.colcon_core.environment:create_file_with_runtime_dependencies(/home/pretil/catkin_ws/src/limo_ros2/install/limo_bringup/share/colcon-core/packages/limo_bringup)
[1.372s] DEBUG:colcon.colcon_core.event_handler.log_command:Invoked command in '/home/pretil/catkin_ws/src/limo_ros2/build/limo_base' returned '0': CMAKE_PREFIX_PATH=/home/pretil/catkin_ws/src/limo_ros2/install/limo_msgs:/home/pretil/catkin_ws/src/limo_ros2/install/ydlidar_ros2_driver:/home/pretil/catkin_ws/src/limo_ros2/install/limo_navigation:/home/pretil/catkin_ws/src/limo_ros2/install/limo_bringup:/home/pretil/catkin_ws/src/limo_ros2/install/limo_base:/home/pretil/catkin_ws/src/limo_ros2/install/limo_gazebosim:/home/pretil/catkin_ws/src/limo_ros2/install/limo_description:/home/pretil/catkin_ws/src/limo_ros2/install/limo_car:/opt/ros/humble LD_LIBRARY_PATH=/home/pretil/catkin_ws/src/limo_ros2/install/limo_msgs/lib:/usr/lib/x86_64-linux-gnu/gazebo-11/plugins:/opt/ros/humble/opt/rviz_ogre_vendor/lib:/opt/ros/humble/lib/x86_64-linux-gnu:/opt/ros/humble/lib:/usr/lib/x86_64-linux-gnu/gazebo-11/plugins /usr/bin/cmake /home/pretil/catkin_ws/src/limo_ros2/limo_base -DCMAKE_INSTALL_PREFIX=/home/pretil/catkin_ws/src/limo_ros2/install/limo_base
[1.373s] DEBUG:colcon.colcon_core.event_handler.log_command:Invoking command in '/home/pretil/catkin_ws/src/limo_ros2/build/limo_base': CMAKE_PREFIX_PATH=/home/pretil/catkin_ws/src/limo_ros2/install/limo_msgs:/home/pretil/catkin_ws/src/limo_ros2/install/ydlidar_ros2_driver:/home/pretil/catkin_ws/src/limo_ros2/install/limo_navigation:/home/pretil/catkin_ws/src/limo_ros2/install/limo_bringup:/home/pretil/catkin_ws/src/limo_ros2/install/limo_base:/home/pretil/catkin_ws/src/limo_ros2/install/limo_gazebosim:/home/pretil/catkin_ws/src/limo_ros2/install/limo_description:/home/pretil/catkin_ws/src/limo_ros2/install/limo_car:/opt/ros/humble LD_LIBRARY_PATH=/home/pretil/catkin_ws/src/limo_ros2/install/limo_msgs/lib:/usr/lib/x86_64-linux-gnu/gazebo-11/plugins:/opt/ros/humble/opt/rviz_ogre_vendor/lib:/opt/ros/humble/lib/x86_64-linux-gnu:/opt/ros/humble/lib:/usr/lib/x86_64-linux-gnu/gazebo-11/plugins /usr/bin/cmake --build /home/pretil/catkin_ws/src/limo_ros2/build/limo_base -- -j12 -l12
[1.434s] DEBUG:colcon.colcon_core.event_handler.log_command:Invoked command in '/home/pretil/catkin_ws/src/limo_ros2/build/limo_base' returned '0': CMAKE_PREFIX_PATH=/home/pretil/catkin_ws/src/limo_ros2/install/limo_msgs:/home/pretil/catkin_ws/src/limo_ros2/install/ydlidar_ros2_driver:/home/pretil/catkin_ws/src/limo_ros2/install/limo_navigation:/home/pretil/catkin_ws/src/limo_ros2/install/limo_bringup:/home/pretil/catkin_ws/src/limo_ros2/install/limo_base:/home/pretil/catkin_ws/src/limo_ros2/install/limo_gazebosim:/home/pretil/catkin_ws/src/limo_ros2/install/limo_description:/home/pretil/catkin_ws/src/limo_ros2/install/limo_car:/opt/ros/humble LD_LIBRARY_PATH=/home/pretil/catkin_ws/src/limo_ros2/install/limo_msgs/lib:/usr/lib/x86_64-linux-gnu/gazebo-11/plugins:/opt/ros/humble/opt/rviz_ogre_vendor/lib:/opt/ros/humble/lib/x86_64-linux-gnu:/opt/ros/humble/lib:/usr/lib/x86_64-linux-gnu/gazebo-11/plugins /usr/bin/cmake --build /home/pretil/catkin_ws/src/limo_ros2/build/limo_base -- -j12 -l12
[1.436s] DEBUG:colcon.colcon_core.event_handler.log_command:Invoking command in '/home/pretil/catkin_ws/src/limo_ros2/build/limo_base': CMAKE_PREFIX_PATH=/home/pretil/catkin_ws/src/limo_ros2/install/limo_msgs:/home/pretil/catkin_ws/src/limo_ros2/install/ydlidar_ros2_driver:/home/pretil/catkin_ws/src/limo_ros2/install/limo_navigation:/home/pretil/catkin_ws/src/limo_ros2/install/limo_bringup:/home/pretil/catkin_ws/src/limo_ros2/install/limo_base:/home/pretil/catkin_ws/src/limo_ros2/install/limo_gazebosim:/home/pretil/catkin_ws/src/limo_ros2/install/limo_description:/home/pretil/catkin_ws/src/limo_ros2/install/limo_car:/opt/ros/humble LD_LIBRARY_PATH=/home/pretil/catkin_ws/src/limo_ros2/install/limo_msgs/lib:/usr/lib/x86_64-linux-gnu/gazebo-11/plugins:/opt/ros/humble/opt/rviz_ogre_vendor/lib:/opt/ros/humble/lib/x86_64-linux-gnu:/opt/ros/humble/lib:/usr/lib/x86_64-linux-gnu/gazebo-11/plugins /usr/bin/cmake --install /home/pretil/catkin_ws/src/limo_ros2/build/limo_base
[1.456s] Level 1:colcon.colcon_core.environment:create_environment_scripts_only(limo_base)
[1.456s] Level 1:colcon.colcon_core.environment:checking '/home/pretil/catkin_ws/src/limo_ros2/install/limo_base' for CMake module files
[1.456s] DEBUG:colcon.colcon_core.event_handler.log_command:Invoked command in '/home/pretil/catkin_ws/src/limo_ros2/build/limo_base' returned '0': CMAKE_PREFIX_PATH=/home/pretil/catkin_ws/src/limo_ros2/install/limo_msgs:/home/pretil/catkin_ws/src/limo_ros2/install/ydlidar_ros2_driver:/home/pretil/catkin_ws/src/limo_ros2/install/limo_navigation:/home/pretil/catkin_ws/src/limo_ros2/install/limo_bringup:/home/pretil/catkin_ws/src/limo_ros2/install/limo_base:/home/pretil/catkin_ws/src/limo_ros2/install/limo_gazebosim:/home/pretil/catkin_ws/src/limo_ros2/install/limo_description:/home/pretil/catkin_ws/src/limo_ros2/install/limo_car:/opt/ros/humble LD_LIBRARY_PATH=/home/pretil/catkin_ws/src/limo_ros2/install/limo_msgs/lib:/usr/lib/x86_64-linux-gnu/gazebo-11/plugins:/opt/ros/humble/opt/rviz_ogre_vendor/lib:/opt/ros/humble/lib/x86_64-linux-gnu:/opt/ros/humble/lib:/usr/lib/x86_64-linux-gnu/gazebo-11/plugins /usr/bin/cmake --install /home/pretil/catkin_ws/src/limo_ros2/build/limo_base
[1.457s] Level 1:colcon.colcon_core.environment:checking '/home/pretil/catkin_ws/src/limo_ros2/install/limo_base' for CMake config files
[1.457s] Level 1:colcon.colcon_core.shell:create_environment_hook('limo_base', 'cmake_prefix_path')
[1.457s] INFO:colcon.colcon_core.shell:Creating environment hook '/home/pretil/catkin_ws/src/limo_ros2/install/limo_base/share/limo_base/hook/cmake_prefix_path.ps1'
[1.458s] INFO:colcon.colcon_core.shell:Creating environment descriptor '/home/pretil/catkin_ws/src/limo_ros2/install/limo_base/share/limo_base/hook/cmake_prefix_path.dsv'
[1.458s] INFO:colcon.colcon_core.shell:Creating environment hook '/home/pretil/catkin_ws/src/limo_ros2/install/limo_base/share/limo_base/hook/cmake_prefix_path.sh'
[1.459s] Level 1:colcon.colcon_core.environment:checking '/home/pretil/catkin_ws/src/limo_ros2/install/limo_base/lib'
[1.459s] Level 1:colcon.colcon_core.environment:checking '/home/pretil/catkin_ws/src/limo_ros2/install/limo_base/bin'
[1.459s] Level 1:colcon.colcon_core.environment:checking '/home/pretil/catkin_ws/src/limo_ros2/install/limo_base/lib/pkgconfig/limo_base.pc'
[1.459s] Level 1:colcon.colcon_core.environment:checking '/home/pretil/catkin_ws/src/limo_ros2/install/limo_base/lib/python3.10/site-packages'
[1.459s] Level 1:colcon.colcon_core.environment:checking '/home/pretil/catkin_ws/src/limo_ros2/install/limo_base/bin'
[1.460s] INFO:colcon.colcon_core.shell:Creating package script '/home/pretil/catkin_ws/src/limo_ros2/install/limo_base/share/limo_base/package.ps1'
[1.460s] INFO:colcon.colcon_core.shell:Creating package descriptor '/home/pretil/catkin_ws/src/limo_ros2/install/limo_base/share/limo_base/package.dsv'
[1.460s] INFO:colcon.colcon_core.shell:Creating package script '/home/pretil/catkin_ws/src/limo_ros2/install/limo_base/share/limo_base/package.sh'
[1.461s] INFO:colcon.colcon_core.shell:Creating package script '/home/pretil/catkin_ws/src/limo_ros2/install/limo_base/share/limo_base/package.bash'
[1.461s] INFO:colcon.colcon_core.shell:Creating package script '/home/pretil/catkin_ws/src/limo_ros2/install/limo_base/share/limo_base/package.zsh'
[1.462s] Level 1:colcon.colcon_core.environment:create_file_with_runtime_dependencies(/home/pretil/catkin_ws/src/limo_ros2/install/limo_base/share/colcon-core/packages/limo_base)
[1.462s] Level 1:colcon.colcon_core.environment:create_environment_scripts_only(limo_base)
[1.462s] Level 1:colcon.colcon_core.environment:checking '/home/pretil/catkin_ws/src/limo_ros2/install/limo_base' for CMake module files
[1.463s] Level 1:colcon.colcon_core.environment:checking '/home/pretil/catkin_ws/src/limo_ros2/install/limo_base' for CMake config files
[1.463s] Level 1:colcon.colcon_core.shell:create_environment_hook('limo_base', 'cmake_prefix_path')
[1.463s] INFO:colcon.colcon_core.shell:Creating environment hook '/home/pretil/catkin_ws/src/limo_ros2/install/limo_base/share/limo_base/hook/cmake_prefix_path.ps1'
[1.463s] INFO:colcon.colcon_core.shell:Creating environment descriptor '/home/pretil/catkin_ws/src/limo_ros2/install/limo_base/share/limo_base/hook/cmake_prefix_path.dsv'
[1.464s] INFO:colcon.colcon_core.shell:Creating environment hook '/home/pretil/catkin_ws/src/limo_ros2/install/limo_base/share/limo_base/hook/cmake_prefix_path.sh'
[1.464s] Level 1:colcon.colcon_core.environment:checking '/home/pretil/catkin_ws/src/limo_ros2/install/limo_base/lib'
[1.464s] Level 1:colcon.colcon_core.environment:checking '/home/pretil/catkin_ws/src/limo_ros2/install/limo_base/bin'
[1.464s] Level 1:colcon.colcon_core.environment:checking '/home/pretil/catkin_ws/src/limo_ros2/install/limo_base/lib/pkgconfig/limo_base.pc'
[1.465s] Level 1:colcon.colcon_core.environment:checking '/home/pretil/catkin_ws/src/limo_ros2/install/limo_base/lib/python3.10/site-packages'
[1.465s] Level 1:colcon.colcon_core.environment:checking '/home/pretil/catkin_ws/src/limo_ros2/install/limo_base/bin'
[1.466s] INFO:colcon.colcon_core.shell:Creating package script '/home/pretil/catkin_ws/src/limo_ros2/install/limo_base/share/limo_base/package.ps1'
[1.466s] INFO:colcon.colcon_core.shell:Creating package descriptor '/home/pretil/catkin_ws/src/limo_ros2/install/limo_base/share/limo_base/package.dsv'
[1.467s] INFO:colcon.colcon_core.shell:Creating package script '/home/pretil/catkin_ws/src/limo_ros2/install/limo_base/share/limo_base/package.sh'
[1.467s] INFO:colcon.colcon_core.shell:Creating package script '/home/pretil/catkin_ws/src/limo_ros2/install/limo_base/share/limo_base/package.bash'
[1.467s] INFO:colcon.colcon_core.shell:Creating package script '/home/pretil/catkin_ws/src/limo_ros2/install/limo_base/share/limo_base/package.zsh'
[1.468s] Level 1:colcon.colcon_core.environment:create_file_with_runtime_dependencies(/home/pretil/catkin_ws/src/limo_ros2/install/limo_base/share/colcon-core/packages/limo_base)
[5.647s] DEBUG:colcon.colcon_core.event_handler.log_command:Invoked command in '/home/pretil/catkin_ws/src/limo_ros2/build/ydlidar_ros2_driver' returned '0': CMAKE_PREFIX_PATH=${CMAKE_PREFIX_PATH}:/opt/ros/humble /usr/bin/cmake --build /home/pretil/catkin_ws/src/limo_ros2/build/ydlidar_ros2_driver -- -j12 -l12
[5.648s] DEBUG:colcon.colcon_core.event_handler.log_command:Invoking command in '/home/pretil/catkin_ws/src/limo_ros2/build/ydlidar_ros2_driver': CMAKE_PREFIX_PATH=${CMAKE_PREFIX_PATH}:/opt/ros/humble /usr/bin/cmake --install /home/pretil/catkin_ws/src/limo_ros2/build/ydlidar_ros2_driver
[5.666s] Level 1:colcon.colcon_core.environment:create_environment_scripts_only(ydlidar_ros2_driver)
[5.667s] DEBUG:colcon.colcon_core.event_handler.log_command:Invoked command in '/home/pretil/catkin_ws/src/limo_ros2/build/ydlidar_ros2_driver' returned '0': CMAKE_PREFIX_PATH=${CMAKE_PREFIX_PATH}:/opt/ros/humble /usr/bin/cmake --install /home/pretil/catkin_ws/src/limo_ros2/build/ydlidar_ros2_driver
[5.667s] Level 1:colcon.colcon_core.environment:checking '/home/pretil/catkin_ws/src/limo_ros2/install/ydlidar_ros2_driver' for CMake module files
[5.668s] Level 1:colcon.colcon_core.environment:checking '/home/pretil/catkin_ws/src/limo_ros2/install/ydlidar_ros2_driver' for CMake config files
[5.668s] Level 1:colcon.colcon_core.shell:create_environment_hook('ydlidar_ros2_driver', 'cmake_prefix_path')
[5.668s] INFO:colcon.colcon_core.shell:Creating environment hook '/home/pretil/catkin_ws/src/limo_ros2/install/ydlidar_ros2_driver/share/ydlidar_ros2_driver/hook/cmake_prefix_path.ps1'
[5.669s] INFO:colcon.colcon_core.shell:Creating environment descriptor '/home/pretil/catkin_ws/src/limo_ros2/install/ydlidar_ros2_driver/share/ydlidar_ros2_driver/hook/cmake_prefix_path.dsv'
[5.669s] INFO:colcon.colcon_core.shell:Creating environment hook '/home/pretil/catkin_ws/src/limo_ros2/install/ydlidar_ros2_driver/share/ydlidar_ros2_driver/hook/cmake_prefix_path.sh'
[5.669s] Level 1:colcon.colcon_core.environment:checking '/home/pretil/catkin_ws/src/limo_ros2/install/ydlidar_ros2_driver/lib'
[5.669s] Level 1:colcon.colcon_core.environment:checking '/home/pretil/catkin_ws/src/limo_ros2/install/ydlidar_ros2_driver/bin'
[5.669s] Level 1:colcon.colcon_core.environment:checking '/home/pretil/catkin_ws/src/limo_ros2/install/ydlidar_ros2_driver/lib/pkgconfig/ydlidar_ros2_driver.pc'
[5.670s] Level 1:colcon.colcon_core.environment:checking '/home/pretil/catkin_ws/src/limo_ros2/install/ydlidar_ros2_driver/lib/python3.10/site-packages'
[5.670s] Level 1:colcon.colcon_core.environment:checking '/home/pretil/catkin_ws/src/limo_ros2/install/ydlidar_ros2_driver/bin'
[5.670s] INFO:colcon.colcon_core.shell:Creating package script '/home/pretil/catkin_ws/src/limo_ros2/install/ydlidar_ros2_driver/share/ydlidar_ros2_driver/package.ps1'
[5.671s] INFO:colcon.colcon_core.shell:Creating package descriptor '/home/pretil/catkin_ws/src/limo_ros2/install/ydlidar_ros2_driver/share/ydlidar_ros2_driver/package.dsv'
[5.671s] INFO:colcon.colcon_core.shell:Creating package script '/home/pretil/catkin_ws/src/limo_ros2/install/ydlidar_ros2_driver/share/ydlidar_ros2_driver/package.sh'
[5.671s] INFO:colcon.colcon_core.shell:Creating package script '/home/pretil/catkin_ws/src/limo_ros2/install/ydlidar_ros2_driver/share/ydlidar_ros2_driver/package.bash'
[5.672s] INFO:colcon.colcon_core.shell:Creating package script '/home/pretil/catkin_ws/src/limo_ros2/install/ydlidar_ros2_driver/share/ydlidar_ros2_driver/package.zsh'
[5.672s] Level 1:colcon.colcon_core.environment:create_file_with_runtime_dependencies(/home/pretil/catkin_ws/src/limo_ros2/install/ydlidar_ros2_driver/share/colcon-core/packages/ydlidar_ros2_driver)
[5.672s] Level 1:colcon.colcon_core.environment:create_environment_scripts_only(ydlidar_ros2_driver)
[5.673s] Level 1:colcon.colcon_core.environment:checking '/home/pretil/catkin_ws/src/limo_ros2/install/ydlidar_ros2_driver' for CMake module files
[5.673s] Level 1:colcon.colcon_core.environment:checking '/home/pretil/catkin_ws/src/limo_ros2/install/ydlidar_ros2_driver' for CMake config files
[5.674s] Level 1:colcon.colcon_core.shell:create_environment_hook('ydlidar_ros2_driver', 'cmake_prefix_path')
[5.674s] INFO:colcon.colcon_core.shell:Creating environment hook '/home/pretil/catkin_ws/src/limo_ros2/install/ydlidar_ros2_driver/share/ydlidar_ros2_driver/hook/cmake_prefix_path.ps1'
[5.674s] INFO:colcon.colcon_core.shell:Creating environment descriptor '/home/pretil/catkin_ws/src/limo_ros2/install/ydlidar_ros2_driver/share/ydlidar_ros2_driver/hook/cmake_prefix_path.dsv'
[5.674s] INFO:colcon.colcon_core.shell:Creating environment hook '/home/pretil/catkin_ws/src/limo_ros2/install/ydlidar_ros2_driver/share/ydlidar_ros2_driver/hook/cmake_prefix_path.sh'
[5.675s] Level 1:colcon.colcon_core.environment:checking '/home/pretil/catkin_ws/src/limo_ros2/install/ydlidar_ros2_driver/lib'
[5.675s] Level 1:colcon.colcon_core.environment:checking '/home/pretil/catkin_ws/src/limo_ros2/install/ydlidar_ros2_driver/bin'
[5.675s] Level 1:colcon.colcon_core.environment:checking '/home/pretil/catkin_ws/src/limo_ros2/install/ydlidar_ros2_driver/lib/pkgconfig/ydlidar_ros2_driver.pc'
[5.675s] Level 1:colcon.colcon_core.environment:checking '/home/pretil/catkin_ws/src/limo_ros2/install/ydlidar_ros2_driver/lib/python3.10/site-packages'
[5.676s] Level 1:colcon.colcon_core.environment:checking '/home/pretil/catkin_ws/src/limo_ros2/install/ydlidar_ros2_driver/bin'
[5.676s] INFO:colcon.colcon_core.shell:Creating package script '/home/pretil/catkin_ws/src/limo_ros2/install/ydlidar_ros2_driver/share/ydlidar_ros2_driver/package.ps1'
[5.677s] INFO:colcon.colcon_core.shell:Creating package descriptor '/home/pretil/catkin_ws/src/limo_ros2/install/ydlidar_ros2_driver/share/ydlidar_ros2_driver/package.dsv'
[5.677s] INFO:colcon.colcon_core.shell:Creating package script '/home/pretil/catkin_ws/src/limo_ros2/install/ydlidar_ros2_driver/share/ydlidar_ros2_driver/package.sh'
[5.677s] INFO:colcon.colcon_core.shell:Creating package script '/home/pretil/catkin_ws/src/limo_ros2/install/ydlidar_ros2_driver/share/ydlidar_ros2_driver/package.bash'
[5.678s] INFO:colcon.colcon_core.shell:Creating package script '/home/pretil/catkin_ws/src/limo_ros2/install/ydlidar_ros2_driver/share/ydlidar_ros2_driver/package.zsh'
[5.678s] Level 1:colcon.colcon_core.environment:create_file_with_runtime_dependencies(/home/pretil/catkin_ws/src/limo_ros2/install/ydlidar_ros2_driver/share/colcon-core/packages/ydlidar_ros2_driver)
[5.678s] DEBUG:colcon.colcon_parallel_executor.executor.parallel:closing loop
[5.679s] DEBUG:colcon.colcon_parallel_executor.executor.parallel:loop closed
[5.679s] DEBUG:colcon.colcon_parallel_executor.executor.parallel:run_until_complete finished with '0'
[5.679s] DEBUG:colcon.colcon_core.event_reactor:joining thread
[5.684s] INFO:colcon.colcon_core.plugin_system:Skipping extension 'colcon_notification.desktop_notification.notify_send': Could not find 'notify-send'
[5.684s] INFO:colcon.colcon_core.plugin_system:Skipping extension 'colcon_notification.desktop_notification.terminal_notifier': Not used on non-Darwin systems
[5.684s] INFO:colcon.colcon_core.plugin_system:Skipping extension 'colcon_notification.desktop_notification.win32': Not used on non-Windows systems
[5.684s] INFO:colcon.colcon_notification.desktop_notification:Sending desktop notification using 'notify2'
[5.686s] DEBUG:colcon.colcon_notification.desktop_notification.notify2:Failed to initialize notify2: org.freedesktop.DBus.Error.Spawn.ExecFailed: /usr/bin/dbus-launch terminated abnormally without any error message
[5.686s] DEBUG:colcon.colcon_core.event_reactor:joined thread
[5.686s] INFO:colcon.colcon_core.shell:Creating prefix script '/home/pretil/catkin_ws/src/limo_ros2/install/local_setup.ps1'
[5.687s] INFO:colcon.colcon_core.shell:Creating prefix util module '/home/pretil/catkin_ws/src/limo_ros2/install/_local_setup_util_ps1.py'
[5.689s] INFO:colcon.colcon_core.shell:Creating prefix chain script '/home/pretil/catkin_ws/src/limo_ros2/install/setup.ps1'
[5.690s] INFO:colcon.colcon_core.shell:Creating prefix script '/home/pretil/catkin_ws/src/limo_ros2/install/local_setup.sh'
[5.690s] INFO:colcon.colcon_core.shell:Creating prefix util module '/home/pretil/catkin_ws/src/limo_ros2/install/_local_setup_util_sh.py'
[5.691s] INFO:colcon.colcon_core.shell:Creating prefix chain script '/home/pretil/catkin_ws/src/limo_ros2/install/setup.sh'
[5.693s] INFO:colcon.colcon_core.shell:Creating prefix script '/home/pretil/catkin_ws/src/limo_ros2/install/local_setup.bash'
[5.693s] INFO:colcon.colcon_core.shell:Creating prefix chain script '/home/pretil/catkin_ws/src/limo_ros2/install/setup.bash'
[5.694s] INFO:colcon.colcon_core.shell:Creating prefix script '/home/pretil/catkin_ws/src/limo_ros2/install/local_setup.zsh'
[5.695s] INFO:colcon.colcon_core.shell:Creating prefix chain script '/home/pretil/catkin_ws/src/limo_ros2/install/setup.zsh'
