[0.025s] Invoking command in '/home/pretil/catkin_ws/src/limo_ros2/build/limo_gazebosim': CMAKE_PREFIX_PATH=${CMAKE_PREFIX_PATH}:/opt/ros/humble /usr/bin/cmake /home/pretil/catkin_ws/src/limo_ros2/limo_gazebosim -DAMENT_CMAKE_SYMLINK_INSTALL=1 -DCMAKE_INSTALL_PREFIX=/home/pretil/catkin_ws/src/limo_ros2/install/limo_gazebosim
[0.093s] -- The C compiler identification is GNU 11.4.0
[0.157s] -- The CXX compiler identification is GNU 11.4.0
[0.166s] -- Detecting C compiler ABI info
[0.233s] -- Detecting C compiler ABI info - done
[0.246s] -- Check for working C compiler: /usr/bin/cc - skipped
[0.246s] -- Detecting C compile features
[0.247s] -- Detecting C compile features - done
[0.253s] -- Detecting CXX compiler ABI info
[0.318s] -- Detecting CXX compiler ABI info - done
[0.326s] -- Check for working CXX compiler: /usr/bin/c++ - skipped
[0.326s] -- Detecting CXX compile features
[0.327s] -- Detecting CXX compile features - done
[0.331s] -- Found ament_cmake: 1.3.14 (/opt/ros/humble/share/ament_cmake/cmake)
[0.484s] -- Found Python3: /usr/bin/python3 (found version "3.10.12") found components: Interpreter 
[0.554s] -- Override CMake install command with custom implementation using symlinks instead of copying resources
[0.601s] -- Found ament_lint_auto: 0.12.15 (/opt/ros/humble/share/ament_lint_auto/cmake)
[0.687s] -- Added test 'flake8' to check Python code syntax and style conventions
[0.687s] -- Added test 'lint_cmake' to check CMake code style
[0.688s] -- Added test 'pep257' to check Python code against some of the docstring style conventions in PEP 257
[0.689s] -- Added test 'xmllint' to check XML markup files
[0.690s] -- Configuring done
[0.693s] -- Generating done
[0.694s] -- Build files have been written to: /home/pretil/catkin_ws/src/limo_ros2/build/limo_gazebosim
[0.698s] Invoked command in '/home/pretil/catkin_ws/src/limo_ros2/build/limo_gazebosim' returned '0': CMAKE_PREFIX_PATH=${CMAKE_PREFIX_PATH}:/opt/ros/humble /usr/bin/cmake /home/pretil/catkin_ws/src/limo_ros2/limo_gazebosim -DAMENT_CMAKE_SYMLINK_INSTALL=1 -DCMAKE_INSTALL_PREFIX=/home/pretil/catkin_ws/src/limo_ros2/install/limo_gazebosim
[0.699s] Invoking command in '/home/pretil/catkin_ws/src/limo_ros2/build/limo_gazebosim': CMAKE_PREFIX_PATH=${CMAKE_PREFIX_PATH}:/opt/ros/humble /usr/bin/cmake --build /home/pretil/catkin_ws/src/limo_ros2/build/limo_gazebosim -- -j12 -l12
[0.732s] Invoked command in '/home/pretil/catkin_ws/src/limo_ros2/build/limo_gazebosim' returned '0': CMAKE_PREFIX_PATH=${CMAKE_PREFIX_PATH}:/opt/ros/humble /usr/bin/cmake --build /home/pretil/catkin_ws/src/limo_ros2/build/limo_gazebosim -- -j12 -l12
[0.733s] Invoking command in '/home/pretil/catkin_ws/src/limo_ros2/build/limo_gazebosim': CMAKE_PREFIX_PATH=${CMAKE_PREFIX_PATH}:/opt/ros/humble /usr/bin/cmake --install /home/pretil/catkin_ws/src/limo_ros2/build/limo_gazebosim
[0.739s] -- Install configuration: ""
[0.740s] -- Execute custom install script
[0.740s] -- Symlinking: /home/pretil/catkin_ws/src/limo_ros2/install/limo_gazebosim/share/limo_gazebosim/launch/limo_gazebo_diff.launch.py
[0.747s] -- Symlinking: /home/pretil/catkin_ws/src/limo_ros2/install/limo_gazebosim/share/limo_gazebosim/rviz/urdf.rviz
[0.754s] -- Symlinking: /home/pretil/catkin_ws/src/limo_ros2/install/limo_gazebosim/share/limo_gazebosim/worlds/simple.world
[0.761s] -- Symlinking: /home/pretil/catkin_ws/src/limo_ros2/install/limo_gazebosim/share/limo_gazebosim/models/simple.stl
[0.767s] -- Symlinking: /home/pretil/catkin_ws/src/limo_ros2/install/limo_gazebosim/share/ament_index/resource_index/package_run_dependencies/limo_gazebosim
[0.774s] -- Symlinking: /home/pretil/catkin_ws/src/limo_ros2/install/limo_gazebosim/share/ament_index/resource_index/parent_prefix_path/limo_gazebosim
[0.781s] -- Symlinking: /home/pretil/catkin_ws/src/limo_ros2/install/limo_gazebosim/share/limo_gazebosim/environment/ament_prefix_path.sh
[0.789s] -- Symlinking: /home/pretil/catkin_ws/src/limo_ros2/install/limo_gazebosim/share/limo_gazebosim/environment/ament_prefix_path.dsv
[0.796s] -- Symlinking: /home/pretil/catkin_ws/src/limo_ros2/install/limo_gazebosim/share/limo_gazebosim/environment/path.sh
[0.802s] -- Symlinking: /home/pretil/catkin_ws/src/limo_ros2/install/limo_gazebosim/share/limo_gazebosim/environment/path.dsv
[0.809s] -- Symlinking: /home/pretil/catkin_ws/src/limo_ros2/install/limo_gazebosim/share/limo_gazebosim/local_setup.bash
[0.816s] -- Symlinking: /home/pretil/catkin_ws/src/limo_ros2/install/limo_gazebosim/share/limo_gazebosim/local_setup.sh
[0.825s] -- Symlinking: /home/pretil/catkin_ws/src/limo_ros2/install/limo_gazebosim/share/limo_gazebosim/local_setup.zsh
[0.832s] -- Symlinking: /home/pretil/catkin_ws/src/limo_ros2/install/limo_gazebosim/share/limo_gazebosim/local_setup.dsv
[0.839s] -- Symlinking: /home/pretil/catkin_ws/src/limo_ros2/install/limo_gazebosim/share/limo_gazebosim/package.dsv
[0.846s] -- Symlinking: /home/pretil/catkin_ws/src/limo_ros2/install/limo_gazebosim/share/ament_index/resource_index/packages/limo_gazebosim
[0.853s] -- Symlinking: /home/pretil/catkin_ws/src/limo_ros2/install/limo_gazebosim/share/limo_gazebosim/cmake/limo_gazebosimConfig.cmake
[0.859s] -- Symlinking: /home/pretil/catkin_ws/src/limo_ros2/install/limo_gazebosim/share/limo_gazebosim/cmake/limo_gazebosimConfig-version.cmake
[0.866s] -- Symlinking: /home/pretil/catkin_ws/src/limo_ros2/install/limo_gazebosim/share/limo_gazebosim/package.xml
[0.874s] Invoked command in '/home/pretil/catkin_ws/src/limo_ros2/build/limo_gazebosim' returned '0': CMAKE_PREFIX_PATH=${CMAKE_PREFIX_PATH}:/opt/ros/humble /usr/bin/cmake --install /home/pretil/catkin_ws/src/limo_ros2/build/limo_gazebosim
