[0.024s] Invoking command in '/home/pretil/catkin_ws/build/limo_description': CMAKE_PREFIX_PATH=${CMAKE_PREFIX_PATH}:/opt/ros/humble /usr/bin/cmake /home/pretil/catkin_ws/src/limo_ros2/limo_description -DCMAKE_INSTALL_PREFIX=/home/pretil/catkin_ws/install/limo_description
[0.082s] -- The C compiler identification is GNU 11.4.0
[0.137s] -- The CXX compiler identification is GNU 11.4.0
[0.144s] -- Detecting C compiler ABI info
[0.210s] -- Detecting C compiler ABI info - done
[0.217s] -- Check for working C compiler: /usr/bin/cc - skipped
[0.218s] -- Detecting C compile features
[0.218s] -- Detecting C compile features - done
[0.220s] -- Detecting CXX compiler ABI info
[0.294s] -- Detecting CXX compiler ABI info - done
[0.303s] -- Check for working CXX compiler: /usr/bin/c++ - skipped
[0.303s] -- Detecting CXX compile features
[0.304s] -- Detecting CXX compile features - done
[0.308s] -- Found ament_cmake: 1.3.14 (/opt/ros/humble/share/ament_cmake/cmake)
[0.467s] -- Found Python3: /usr/bin/python3 (found version "3.10.12") found components: Interpreter 
[0.595s] -- Found ament_lint_auto: 0.12.15 (/opt/ros/humble/share/ament_lint_auto/cmake)
[0.692s] -- Added test 'copyright' to check source files copyright and LICENSE
[0.695s] -- Added test 'flake8' to check Python code syntax and style conventions
[0.696s] -- Added test 'lint_cmake' to check CMake code style
[0.696s] -- Added test 'pep257' to check Python code against some of the docstring style conventions in PEP 257
[0.698s] -- Added test 'xmllint' to check XML markup files
[0.699s] -- Configuring done
[0.702s] -- Generating done
[0.704s] -- Build files have been written to: /home/pretil/catkin_ws/build/limo_description
[0.707s] Invoked command in '/home/pretil/catkin_ws/build/limo_description' returned '0': CMAKE_PREFIX_PATH=${CMAKE_PREFIX_PATH}:/opt/ros/humble /usr/bin/cmake /home/pretil/catkin_ws/src/limo_ros2/limo_description -DCMAKE_INSTALL_PREFIX=/home/pretil/catkin_ws/install/limo_description
[0.708s] Invoking command in '/home/pretil/catkin_ws/build/limo_description': CMAKE_PREFIX_PATH=${CMAKE_PREFIX_PATH}:/opt/ros/humble /usr/bin/cmake --build /home/pretil/catkin_ws/build/limo_description -- -j12 -l12
[0.749s] Invoked command in '/home/pretil/catkin_ws/build/limo_description' returned '0': CMAKE_PREFIX_PATH=${CMAKE_PREFIX_PATH}:/opt/ros/humble /usr/bin/cmake --build /home/pretil/catkin_ws/build/limo_description -- -j12 -l12
[0.751s] Invoking command in '/home/pretil/catkin_ws/build/limo_description': CMAKE_PREFIX_PATH=${CMAKE_PREFIX_PATH}:/opt/ros/humble /usr/bin/cmake --install /home/pretil/catkin_ws/build/limo_description
[0.758s] -- Install configuration: ""
[0.758s] -- Installing: /home/pretil/catkin_ws/install/limo_description/share/limo_description/launch
[0.758s] -- Installing: /home/pretil/catkin_ws/install/limo_description/share/limo_description/launch/gazebo_models_diff.launch.py
[0.759s] -- Installing: /home/pretil/catkin_ws/install/limo_description/share/limo_description/launch/display_models_diff.launch.py
[0.759s] -- Installing: /home/pretil/catkin_ws/install/limo_description/share/limo_description/meshes
[0.759s] -- Installing: /home/pretil/catkin_ws/install/limo_description/share/limo_description/meshes/limo_wheel.dae
[0.779s] -- Installing: /home/pretil/catkin_ws/install/limo_description/share/limo_description/meshes/limo_base.dae
[0.873s] -- Installing: /home/pretil/catkin_ws/install/limo_description/share/limo_description/meshes/limo_base.stl
[1.104s] -- Installing: /home/pretil/catkin_ws/install/limo_description/share/limo_description/meshes/limo_wheel.stl
[1.116s] -- Installing: /home/pretil/catkin_ws/install/limo_description/share/limo_description/rviz
[1.116s] -- Installing: /home/pretil/catkin_ws/install/limo_description/share/limo_description/rviz/model_display.rviz
[1.116s] -- Installing: /home/pretil/catkin_ws/install/limo_description/share/limo_description/rviz/urdf.rviz
[1.116s] -- Installing: /home/pretil/catkin_ws/install/limo_description/share/limo_description/urdf
[1.116s] -- Installing: /home/pretil/catkin_ws/install/limo_description/share/limo_description/urdf/limo_xacro.xacro
[1.117s] -- Installing: /home/pretil/catkin_ws/install/limo_description/share/limo_description/urdf/limo_steering_hinge.xacro
[1.117s] -- Installing: /home/pretil/catkin_ws/install/limo_description/share/limo_description/urdf/limo_four_diff.gazebo
[1.117s] -- Installing: /home/pretil/catkin_ws/install/limo_description/share/limo_description/urdf/limo_ackerman.gazebo
[1.117s] -- Installing: /home/pretil/catkin_ws/install/limo_description/share/limo_description/urdf/limo_four_diff_2.gazebo
[1.118s] -- Installing: /home/pretil/catkin_ws/install/limo_description/share/limo_description/urdf/limo_gazebo.gazebo
[1.118s] -- Installing: /home/pretil/catkin_ws/install/limo_description/share/limo_description/urdf/limo_ackerman.xacro
[1.118s] -- Installing: /home/pretil/catkin_ws/install/limo_description/share/limo_description/urdf/limo_four_diff.xacro
[1.118s] -- Installing: /home/pretil/catkin_ws/install/limo_description/share/ament_index/resource_index/package_run_dependencies/limo_description
[1.118s] -- Installing: /home/pretil/catkin_ws/install/limo_description/share/ament_index/resource_index/parent_prefix_path/limo_description
[1.119s] -- Installing: /home/pretil/catkin_ws/install/limo_description/share/limo_description/environment/ament_prefix_path.sh
[1.119s] -- Installing: /home/pretil/catkin_ws/install/limo_description/share/limo_description/environment/ament_prefix_path.dsv
[1.119s] -- Installing: /home/pretil/catkin_ws/install/limo_description/share/limo_description/environment/path.sh
[1.119s] -- Installing: /home/pretil/catkin_ws/install/limo_description/share/limo_description/environment/path.dsv
[1.119s] -- Installing: /home/pretil/catkin_ws/install/limo_description/share/limo_description/local_setup.bash
[1.119s] -- Installing: /home/pretil/catkin_ws/install/limo_description/share/limo_description/local_setup.sh
[1.120s] -- Installing: /home/pretil/catkin_ws/install/limo_description/share/limo_description/local_setup.zsh
[1.120s] -- Installing: /home/pretil/catkin_ws/install/limo_description/share/limo_description/local_setup.dsv
[1.120s] -- Installing: /home/pretil/catkin_ws/install/limo_description/share/limo_description/package.dsv
[1.120s] -- Installing: /home/pretil/catkin_ws/install/limo_description/share/ament_index/resource_index/packages/limo_description
[1.120s] -- Installing: /home/pretil/catkin_ws/install/limo_description/share/limo_description/cmake/limo_descriptionConfig.cmake
[1.121s] -- Installing: /home/pretil/catkin_ws/install/limo_description/share/limo_description/cmake/limo_descriptionConfig-version.cmake
[1.121s] -- Installing: /home/pretil/catkin_ws/install/limo_description/share/limo_description/package.xml
[1.124s] Invoked command in '/home/pretil/catkin_ws/build/limo_description' returned '0': CMAKE_PREFIX_PATH=${CMAKE_PREFIX_PATH}:/opt/ros/humble /usr/bin/cmake --install /home/pretil/catkin_ws/build/limo_description
