[0.023s] Invoking command in '/home/pretil/catkin_ws/src/limo_ros2/build/ydlidar_ros2_driver': CMAKE_PREFIX_PATH=${CMAKE_PREFIX_PATH}:/opt/ros/humble /usr/bin/cmake --build /home/pretil/catkin_ws/src/limo_ros2/build/ydlidar_ros2_driver -- -j12 -l12
[0.084s] [ 50%] Built target ydlidar_ros2_driver_node
[0.098s] [100%] Built target ydlidar_ros2_driver_client
[0.117s] Invoked command in '/home/pretil/catkin_ws/src/limo_ros2/build/ydlidar_ros2_driver' returned '0': CMAKE_PREFIX_PATH=${CMAKE_PREFIX_PATH}:/opt/ros/humble /usr/bin/cmake --build /home/pretil/catkin_ws/src/limo_ros2/build/ydlidar_ros2_driver -- -j12 -l12
[0.118s] Invoking command in '/home/pretil/catkin_ws/src/limo_ros2/build/ydlidar_ros2_driver': CMAKE_PREFIX_PATH=${CMAKE_PREFIX_PATH}:/opt/ros/humble /usr/bin/cmake --install /home/pretil/catkin_ws/src/limo_ros2/build/ydlidar_ros2_driver
[0.160s] -- Install configuration: ""
[0.160s] -- Execute custom install script
[0.160s] -- Up-to-date symlink: /home/pretil/catkin_ws/src/limo_ros2/install/ydlidar_ros2_driver/lib/ydlidar_ros2_driver/ydlidar_ros2_driver_node
[0.160s] -- Up-to-date symlink: /home/pretil/catkin_ws/src/limo_ros2/install/ydlidar_ros2_driver/lib/ydlidar_ros2_driver/ydlidar_ros2_driver_client
[0.160s] -- Up-to-date symlink: /home/pretil/catkin_ws/src/limo_ros2/install/ydlidar_ros2_driver/share/ydlidar_ros2_driver/launch/open_ydlidar_launch.py
[0.160s] -- Up-to-date symlink: /home/pretil/catkin_ws/src/limo_ros2/install/ydlidar_ros2_driver/share/ydlidar_ros2_driver/params/ydlidar.yaml
[0.160s] -- Up-to-date symlink: /home/pretil/catkin_ws/src/limo_ros2/install/ydlidar_ros2_driver/share/ydlidar_ros2_driver/startup/initenv.sh
[0.160s] -- Up-to-date symlink: /home/pretil/catkin_ws/src/limo_ros2/install/ydlidar_ros2_driver/share/ydlidar_ros2_driver/config/ydlidar.rviz
[0.160s] -- Up-to-date symlink: /home/pretil/catkin_ws/src/limo_ros2/install/ydlidar_ros2_driver/share/ament_index/resource_index/package_run_dependencies/ydlidar_ros2_driver
[0.160s] -- Up-to-date symlink: /home/pretil/catkin_ws/src/limo_ros2/install/ydlidar_ros2_driver/share/ament_index/resource_index/parent_prefix_path/ydlidar_ros2_driver
[0.161s] -- Up-to-date symlink: /home/pretil/catkin_ws/src/limo_ros2/install/ydlidar_ros2_driver/share/ydlidar_ros2_driver/environment/ament_prefix_path.sh
[0.161s] -- Up-to-date symlink: /home/pretil/catkin_ws/src/limo_ros2/install/ydlidar_ros2_driver/share/ydlidar_ros2_driver/environment/ament_prefix_path.dsv
[0.161s] -- Up-to-date symlink: /home/pretil/catkin_ws/src/limo_ros2/install/ydlidar_ros2_driver/share/ydlidar_ros2_driver/environment/path.sh
[0.161s] -- Up-to-date symlink: /home/pretil/catkin_ws/src/limo_ros2/install/ydlidar_ros2_driver/share/ydlidar_ros2_driver/environment/path.dsv
[0.161s] -- Up-to-date symlink: /home/pretil/catkin_ws/src/limo_ros2/install/ydlidar_ros2_driver/share/ydlidar_ros2_driver/local_setup.bash
[0.161s] -- Up-to-date symlink: /home/pretil/catkin_ws/src/limo_ros2/install/ydlidar_ros2_driver/share/ydlidar_ros2_driver/local_setup.sh
[0.161s] -- Up-to-date symlink: /home/pretil/catkin_ws/src/limo_ros2/install/ydlidar_ros2_driver/share/ydlidar_ros2_driver/local_setup.zsh
[0.161s] -- Up-to-date symlink: /home/pretil/catkin_ws/src/limo_ros2/install/ydlidar_ros2_driver/share/ydlidar_ros2_driver/local_setup.dsv
[0.161s] -- Symlinking: /home/pretil/catkin_ws/src/limo_ros2/install/ydlidar_ros2_driver/share/ydlidar_ros2_driver/package.dsv
[0.161s] -- Up-to-date symlink: /home/pretil/catkin_ws/src/limo_ros2/install/ydlidar_ros2_driver/share/ament_index/resource_index/packages/ydlidar_ros2_driver
[0.161s] -- Up-to-date symlink: /home/pretil/catkin_ws/src/limo_ros2/install/ydlidar_ros2_driver/share/ydlidar_ros2_driver/cmake/ydlidar_ros2_driverConfig.cmake
[0.161s] -- Up-to-date symlink: /home/pretil/catkin_ws/src/limo_ros2/install/ydlidar_ros2_driver/share/ydlidar_ros2_driver/cmake/ydlidar_ros2_driverConfig-version.cmake
[0.161s] -- Up-to-date symlink: /home/pretil/catkin_ws/src/limo_ros2/install/ydlidar_ros2_driver/share/ydlidar_ros2_driver/package.xml
[0.161s] Invoked command in '/home/pretil/catkin_ws/src/limo_ros2/build/ydlidar_ros2_driver' returned '0': CMAKE_PREFIX_PATH=${CMAKE_PREFIX_PATH}:/opt/ros/humble /usr/bin/cmake --install /home/pretil/catkin_ws/src/limo_ros2/build/ydlidar_ros2_driver
